[2019-04-08 00:00:05,404]INFO:########Scanning Period Starts########
[2019-04-08 00:00:05,405]INFO:--------Reading Emails--------
[2019-04-08 00:00:06,342]INFO:Successfully fetched 0 emails
[2019-04-08 00:00:06,345]INFO:0 appointment(s) scraped from 0 email(s) in this period
[2019-04-08 00:00:06,346]INFO:--------Creating Events--------
[2019-04-08 00:00:06,346]INFO:No events to create in this period
[2019-04-08 00:00:06,347]INFO:########Scanning Period Ends########
[2019-04-08 00:10:05,659]INFO:########Scanning Period Starts########
[2019-04-08 00:10:05,659]INFO:--------Reading Emails--------
[2019-04-08 00:10:07,165]INFO:Successfully fetched 0 emails
[2019-04-08 00:10:07,179]INFO:0 appointment(s) scraped from 0 email(s) in this period
[2019-04-08 00:10:07,180]INFO:--------Creating Events--------
[2019-04-08 00:10:07,181]INFO:No events to create in this period
[2019-04-08 00:10:07,181]INFO:########Scanning Period Ends########
[2019-04-08 00:20:05,547]INFO:########Scanning Period Starts########
[2019-04-08 00:20:05,547]INFO:--------Reading Emails--------
[2019-04-08 00:20:06,456]INFO:Successfully fetched 0 emails
[2019-04-08 00:20:06,459]INFO:0 appointment(s) scraped from 0 email(s) in this period
[2019-04-08 00:20:06,460]INFO:--------Creating Events--------
[2019-04-08 00:20:06,461]INFO:No events to create in this period
[2019-04-08 00:20:06,461]INFO:########Scanning Period Ends########
[2019-04-08 00:30:05,830]INFO:########Scanning Period Starts########
[2019-04-08 00:30:05,831]INFO:--------Reading Emails--------
[2019-04-08 00:30:06,905]INFO:Successfully fetched 0 emails
[2019-04-08 00:30:06,909]INFO:0 appointment(s) scraped from 0 email(s) in this period
[2019-04-08 00:30:06,909]INFO:--------Creating Events--------
[2019-04-08 00:30:06,910]INFO:No events to create in this period
[2019-04-08 00:30:06,911]INFO:########Scanning Period Ends########
[2019-04-08 00:40:05,277]INFO:########Scanning Period Starts########
[2019-04-08 00:40:05,278]INFO:--------Reading Emails--------
[2019-04-08 00:40:06,594]INFO:Successfully fetched 0 emails
[2019-04-08 00:40:06,603]INFO:0 appointment(s) scraped from 0 email(s) in this period
[2019-04-08 00:40:06,605]INFO:--------Creating Events--------
[2019-04-08 00:40:06,605]INFO:No events to create in this period
[2019-04-08 00:40:06,606]INFO:########Scanning Period Ends########
[2019-04-08 00:50:04,999]INFO:########Scanning Period Starts########
[2019-04-08 00:50:04,999]INFO:--------Reading Emails--------
[2019-04-08 00:50:05,989]INFO:Successfully fetched 0 emails
[2019-04-08 00:50:05,993]INFO:0 appointment(s) scraped from 0 email(s) in this period
[2019-04-08 00:50:05,993]INFO:--------Creating Events--------
[2019-04-08 00:50:05,994]INFO:No events to create in this period
[2019-04-08 00:50:05,995]INFO:########Scanning Period Ends########
[2019-04-08 01:00:05,356]INFO:########Scanning Period Starts########
[2019-04-08 01:00:05,357]INFO:--------Reading Emails--------
[2019-04-08 01:00:06,477]INFO:Successfully fetched 0 emails
[2019-04-08 01:00:06,480]INFO:0 appointment(s) scraped from 0 email(s) in this period
[2019-04-08 01:00:06,481]INFO:--------Creating Events--------
[2019-04-08 01:00:06,482]INFO:No events to create in this period
[2019-04-08 01:00:06,482]INFO:########Scanning Period Ends########
[2019-04-08 01:10:05,786]INFO:########Scanning Period Starts########
[2019-04-08 01:10:05,787]INFO:--------Reading Emails--------
[2019-04-08 01:10:06,990]INFO:Successfully fetched 0 emails
[2019-04-08 01:10:06,994]INFO:0 appointment(s) scraped from 0 email(s) in this period
[2019-04-08 01:10:06,999]INFO:--------Creating Events--------
[2019-04-08 01:10:07,000]INFO:No events to create in this period
[2019-04-08 01:10:07,001]INFO:########Scanning Period Ends########
[2019-04-08 01:20:05,407]INFO:########Scanning Period Starts########
[2019-04-08 01:20:05,407]INFO:--------Reading Emails--------
[2019-04-08 01:20:06,406]INFO:Successfully fetched 0 emails
[2019-04-08 01:20:06,410]INFO:0 appointment(s) scraped from 0 email(s) in this period
[2019-04-08 01:20:06,410]INFO:--------Creating Events--------
[2019-04-08 01:20:06,411]INFO:No events to create in this period
[2019-04-08 01:20:06,412]INFO:########Scanning Period Ends########
[2019-04-08 01:30:05,779]INFO:########Scanning Period Starts########
[2019-04-08 01:30:05,780]INFO:--------Reading Emails--------
[2019-04-08 01:30:06,824]INFO:Successfully fetched 0 emails
[2019-04-08 01:30:06,827]INFO:0 appointment(s) scraped from 0 email(s) in this period
[2019-04-08 01:30:06,828]INFO:--------Creating Events--------
[2019-04-08 01:30:06,829]INFO:No events to create in this period
[2019-04-08 01:30:06,829]INFO:########Scanning Period Ends########
[2019-04-08 01:40:05,158]INFO:########Scanning Period Starts########
[2019-04-08 01:40:05,159]INFO:--------Reading Emails--------
[2019-04-08 01:40:05,968]INFO:Successfully fetched 0 emails
[2019-04-08 01:40:05,972]INFO:0 appointment(s) scraped from 0 email(s) in this period
[2019-04-08 01:40:05,973]INFO:--------Creating Events--------
[2019-04-08 01:40:05,973]INFO:No events to create in this period
[2019-04-08 01:40:05,974]INFO:########Scanning Period Ends########
[2019-04-08 01:50:05,274]INFO:########Scanning Period Starts########
[2019-04-08 01:50:05,275]INFO:--------Reading Emails--------
[2019-04-08 01:50:06,505]INFO:Successfully fetched 0 emails
[2019-04-08 01:50:06,514]INFO:0 appointment(s) scraped from 0 email(s) in this period
[2019-04-08 01:50:06,515]INFO:--------Creating Events--------
[2019-04-08 01:50:06,516]INFO:No events to create in this period
[2019-04-08 01:50:06,516]INFO:########Scanning Period Ends########
[2019-04-08 02:00:04,807]INFO:########Scanning Period Starts########
[2019-04-08 02:00:04,808]INFO:--------Reading Emails--------
[2019-04-08 02:00:05,815]INFO:Successfully fetched 0 emails
[2019-04-08 02:00:05,818]INFO:0 appointment(s) scraped from 0 email(s) in this period
[2019-04-08 02:00:05,819]INFO:--------Creating Events--------
[2019-04-08 02:00:05,820]INFO:No events to create in this period
[2019-04-08 02:00:05,820]INFO:########Scanning Period Ends########
[2019-04-08 02:10:05,093]INFO:########Scanning Period Starts########
[2019-04-08 02:10:05,094]INFO:--------Reading Emails--------
[2019-04-08 02:10:06,028]INFO:Successfully fetched 0 emails
[2019-04-08 02:10:06,031]INFO:0 appointment(s) scraped from 0 email(s) in this period
[2019-04-08 02:10:06,032]INFO:--------Creating Events--------
[2019-04-08 02:10:06,033]INFO:No events to create in this period
[2019-04-08 02:10:06,033]INFO:########Scanning Period Ends########
[2019-04-08 02:20:05,495]INFO:########Scanning Period Starts########
[2019-04-08 02:20:05,499]INFO:--------Reading Emails--------
[2019-04-08 02:20:06,357]INFO:Successfully fetched 0 emails
[2019-04-08 02:20:06,360]INFO:0 appointment(s) scraped from 0 email(s) in this period
[2019-04-08 02:20:06,361]INFO:--------Creating Events--------
[2019-04-08 02:20:06,362]INFO:No events to create in this period
[2019-04-08 02:20:06,362]INFO:########Scanning Period Ends########
[2019-04-08 02:30:05,620]INFO:########Scanning Period Starts########
[2019-04-08 02:30:05,620]INFO:--------Reading Emails--------
[2019-04-08 02:30:06,521]INFO:Successfully fetched 0 emails
[2019-04-08 02:30:06,525]INFO:0 appointment(s) scraped from 0 email(s) in this period
[2019-04-08 02:30:06,526]INFO:--------Creating Events--------
[2019-04-08 02:30:06,526]INFO:No events to create in this period
[2019-04-08 02:30:06,527]INFO:########Scanning Period Ends########
[2019-04-08 02:40:04,876]INFO:########Scanning Period Starts########
[2019-04-08 02:40:04,877]INFO:--------Reading Emails--------
[2019-04-08 02:40:05,730]INFO:Successfully fetched 0 emails
[2019-04-08 02:40:05,733]INFO:0 appointment(s) scraped from 0 email(s) in this period
[2019-04-08 02:40:05,734]INFO:--------Creating Events--------
[2019-04-08 02:40:05,735]INFO:No events to create in this period
[2019-04-08 02:40:05,735]INFO:########Scanning Period Ends########
[2019-04-08 02:50:05,042]INFO:########Scanning Period Starts########
[2019-04-08 02:50:05,043]INFO:--------Reading Emails--------
[2019-04-08 02:50:06,260]INFO:Successfully fetched 0 emails
[2019-04-08 02:50:06,264]INFO:0 appointment(s) scraped from 0 email(s) in this period
[2019-04-08 02:50:06,273]INFO:--------Creating Events--------
[2019-04-08 02:50:06,274]INFO:No events to create in this period
[2019-04-08 02:50:06,275]INFO:########Scanning Period Ends########
[2019-04-08 03:00:05,576]INFO:########Scanning Period Starts########
[2019-04-08 03:00:05,577]INFO:--------Reading Emails--------
[2019-04-08 03:00:06,886]INFO:Successfully fetched 0 emails
[2019-04-08 03:00:06,890]INFO:0 appointment(s) scraped from 0 email(s) in this period
[2019-04-08 03:00:06,896]INFO:--------Creating Events--------
[2019-04-08 03:00:06,897]INFO:No events to create in this period
[2019-04-08 03:00:06,898]INFO:########Scanning Period Ends########
[2019-04-08 03:10:05,263]INFO:########Scanning Period Starts########
[2019-04-08 03:10:05,263]INFO:--------Reading Emails--------
[2019-04-08 03:10:06,388]INFO:Successfully fetched 0 emails
[2019-04-08 03:10:06,392]INFO:0 appointment(s) scraped from 0 email(s) in this period
[2019-04-08 03:10:06,393]INFO:--------Creating Events--------
[2019-04-08 03:10:06,393]INFO:No events to create in this period
[2019-04-08 03:10:06,394]INFO:########Scanning Period Ends########
[2019-04-08 03:20:05,787]INFO:########Scanning Period Starts########
[2019-04-08 03:20:05,787]INFO:--------Reading Emails--------
[2019-04-08 03:20:06,856]INFO:Successfully fetched 0 emails
[2019-04-08 03:20:06,859]INFO:0 appointment(s) scraped from 0 email(s) in this period
[2019-04-08 03:20:06,860]INFO:--------Creating Events--------
[2019-04-08 03:20:06,860]INFO:No events to create in this period
[2019-04-08 03:20:06,861]INFO:########Scanning Period Ends########
[2019-04-08 03:30:05,171]INFO:########Scanning Period Starts########
[2019-04-08 03:30:05,172]INFO:--------Reading Emails--------
[2019-04-08 03:30:06,502]INFO:Successfully fetched 0 emails
[2019-04-08 03:30:06,506]INFO:0 appointment(s) scraped from 0 email(s) in this period
[2019-04-08 03:30:06,516]INFO:--------Creating Events--------
[2019-04-08 03:30:06,516]INFO:No events to create in this period
[2019-04-08 03:30:06,517]INFO:########Scanning Period Ends########
[2019-04-08 03:40:04,839]INFO:########Scanning Period Starts########
[2019-04-08 03:40:04,840]INFO:--------Reading Emails--------
[2019-04-08 03:40:05,985]INFO:Successfully fetched 0 emails
[2019-04-08 03:40:05,988]INFO:0 appointment(s) scraped from 0 email(s) in this period
[2019-04-08 03:40:05,989]INFO:--------Creating Events--------
[2019-04-08 03:40:05,990]INFO:No events to create in this period
[2019-04-08 03:40:05,990]INFO:########Scanning Period Ends########
[2019-04-08 03:50:05,360]INFO:########Scanning Period Starts########
[2019-04-08 03:50:05,361]INFO:--------Reading Emails--------
[2019-04-08 03:50:06,624]INFO:Successfully fetched 0 emails
[2019-04-08 03:50:06,628]INFO:0 appointment(s) scraped from 0 email(s) in this period
[2019-04-08 03:50:06,637]INFO:--------Creating Events--------
[2019-04-08 03:50:06,638]INFO:No events to create in this period
[2019-04-08 03:50:06,639]INFO:########Scanning Period Ends########
[2019-04-08 04:00:04,968]INFO:########Scanning Period Starts########
[2019-04-08 04:00:04,969]INFO:--------Reading Emails--------
[2019-04-08 04:00:05,830]INFO:Successfully fetched 0 emails
[2019-04-08 04:00:05,834]INFO:0 appointment(s) scraped from 0 email(s) in this period
[2019-04-08 04:00:05,834]INFO:--------Creating Events--------
[2019-04-08 04:00:05,835]INFO:No events to create in this period
[2019-04-08 04:00:05,836]INFO:########Scanning Period Ends########
[2019-04-08 04:10:05,174]INFO:########Scanning Period Starts########
[2019-04-08 04:10:05,174]INFO:--------Reading Emails--------
[2019-04-08 04:10:06,424]INFO:Successfully fetched 0 emails
[2019-04-08 04:10:06,438]INFO:0 appointment(s) scraped from 0 email(s) in this period
[2019-04-08 04:10:06,439]INFO:--------Creating Events--------
[2019-04-08 04:10:06,440]INFO:No events to create in this period
[2019-04-08 04:10:06,440]INFO:########Scanning Period Ends########
[2019-04-08 04:20:04,853]INFO:########Scanning Period Starts########
[2019-04-08 04:20:04,854]INFO:--------Reading Emails--------
[2019-04-08 04:20:05,665]INFO:Successfully fetched 0 emails
[2019-04-08 04:20:05,668]INFO:0 appointment(s) scraped from 0 email(s) in this period
[2019-04-08 04:20:05,669]INFO:--------Creating Events--------
[2019-04-08 04:20:05,670]INFO:No events to create in this period
[2019-04-08 04:20:05,670]INFO:########Scanning Period Ends########
[2019-04-08 04:30:04,987]INFO:########Scanning Period Starts########
[2019-04-08 04:30:04,988]INFO:--------Reading Emails--------
[2019-04-08 04:30:06,226]INFO:Successfully fetched 0 emails
[2019-04-08 04:30:06,229]INFO:0 appointment(s) scraped from 0 email(s) in this period
[2019-04-08 04:30:06,234]INFO:--------Creating Events--------
[2019-04-08 04:30:06,235]INFO:No events to create in this period
[2019-04-08 04:30:06,236]INFO:########Scanning Period Ends########
[2019-04-08 04:40:05,539]INFO:########Scanning Period Starts########
[2019-04-08 04:40:05,539]INFO:--------Reading Emails--------
[2019-04-08 04:40:06,571]INFO:Successfully fetched 0 emails
[2019-04-08 04:40:06,574]INFO:0 appointment(s) scraped from 0 email(s) in this period
[2019-04-08 04:40:06,575]INFO:--------Creating Events--------
[2019-04-08 04:40:06,576]INFO:No events to create in this period
[2019-04-08 04:40:06,576]INFO:########Scanning Period Ends########
[2019-04-08 04:50:04,905]INFO:########Scanning Period Starts########
[2019-04-08 04:50:04,905]INFO:--------Reading Emails--------
[2019-04-08 04:50:05,891]INFO:Successfully fetched 0 emails
[2019-04-08 04:50:05,894]INFO:0 appointment(s) scraped from 0 email(s) in this period
[2019-04-08 04:50:05,895]INFO:--------Creating Events--------
[2019-04-08 04:50:05,896]INFO:No events to create in this period
[2019-04-08 04:50:05,896]INFO:########Scanning Period Ends########
[2019-04-08 05:00:05,225]INFO:########Scanning Period Starts########
[2019-04-08 05:00:05,226]INFO:--------Reading Emails--------
[2019-04-08 05:00:06,358]INFO:Successfully fetched 0 emails
[2019-04-08 05:00:06,361]INFO:0 appointment(s) scraped from 0 email(s) in this period
[2019-04-08 05:00:06,362]INFO:--------Creating Events--------
[2019-04-08 05:00:06,363]INFO:No events to create in this period
[2019-04-08 05:00:06,363]INFO:########Scanning Period Ends########
[2019-04-08 05:10:05,664]INFO:########Scanning Period Starts########
[2019-04-08 05:10:05,665]INFO:--------Reading Emails--------
[2019-04-08 05:10:06,684]INFO:Successfully fetched 0 emails
[2019-04-08 05:10:06,688]INFO:0 appointment(s) scraped from 0 email(s) in this period
[2019-04-08 05:10:06,688]INFO:--------Creating Events--------
[2019-04-08 05:10:06,689]INFO:No events to create in this period
[2019-04-08 05:10:06,690]INFO:########Scanning Period Ends########
[2019-04-08 05:20:05,101]INFO:########Scanning Period Starts########
[2019-04-08 05:20:05,102]INFO:--------Reading Emails--------
[2019-04-08 05:20:06,135]INFO:Successfully fetched 0 emails
[2019-04-08 05:20:06,139]INFO:0 appointment(s) scraped from 0 email(s) in this period
[2019-04-08 05:20:06,139]INFO:--------Creating Events--------
[2019-04-08 05:20:06,140]INFO:No events to create in this period
[2019-04-08 05:20:06,141]INFO:########Scanning Period Ends########
[2019-04-08 05:30:05,483]INFO:########Scanning Period Starts########
[2019-04-08 05:30:05,484]INFO:--------Reading Emails--------
[2019-04-08 05:30:06,749]INFO:Successfully fetched 0 emails
[2019-04-08 05:30:06,762]INFO:0 appointment(s) scraped from 0 email(s) in this period
[2019-04-08 05:30:06,763]INFO:--------Creating Events--------
[2019-04-08 05:30:06,764]INFO:No events to create in this period
[2019-04-08 05:30:06,765]INFO:########Scanning Period Ends########
[2019-04-08 05:40:05,085]INFO:########Scanning Period Starts########
[2019-04-08 05:40:05,086]INFO:--------Reading Emails--------
[2019-04-08 05:40:05,955]INFO:Successfully fetched 0 emails
[2019-04-08 05:40:05,958]INFO:0 appointment(s) scraped from 0 email(s) in this period
[2019-04-08 05:40:05,959]INFO:--------Creating Events--------
[2019-04-08 05:40:05,959]INFO:No events to create in this period
[2019-04-08 05:40:05,960]INFO:########Scanning Period Ends########
[2019-04-08 05:50:05,291]INFO:########Scanning Period Starts########
[2019-04-08 05:50:05,292]INFO:--------Reading Emails--------
[2019-04-08 05:50:06,329]INFO:Successfully fetched 0 emails
[2019-04-08 05:50:06,333]INFO:0 appointment(s) scraped from 0 email(s) in this period
[2019-04-08 05:50:06,333]INFO:--------Creating Events--------
[2019-04-08 05:50:06,334]INFO:No events to create in this period
[2019-04-08 05:50:06,334]INFO:########Scanning Period Ends########
[2019-04-08 06:00:05,632]INFO:########Scanning Period Starts########
[2019-04-08 06:00:05,633]INFO:--------Reading Emails--------
[2019-04-08 06:00:06,662]INFO:Successfully fetched 0 emails
[2019-04-08 06:00:06,665]INFO:0 appointment(s) scraped from 0 email(s) in this period
[2019-04-08 06:00:06,666]INFO:--------Creating Events--------
[2019-04-08 06:00:06,667]INFO:No events to create in this period
[2019-04-08 06:00:06,667]INFO:########Scanning Period Ends########
[2019-04-08 06:10:04,990]INFO:########Scanning Period Starts########
[2019-04-08 06:10:04,991]INFO:--------Reading Emails--------
[2019-04-08 06:10:06,082]INFO:Successfully fetched 0 emails
[2019-04-08 06:10:06,086]INFO:0 appointment(s) scraped from 0 email(s) in this period
[2019-04-08 06:10:06,087]INFO:--------Creating Events--------
[2019-04-08 06:10:06,087]INFO:No events to create in this period
[2019-04-08 06:10:06,088]INFO:########Scanning Period Ends########
[2019-04-08 06:20:05,528]INFO:########Scanning Period Starts########
[2019-04-08 06:20:05,529]INFO:--------Reading Emails--------
[2019-04-08 06:20:06,681]INFO:Successfully fetched 0 emails
[2019-04-08 06:20:06,694]INFO:0 appointment(s) scraped from 0 email(s) in this period
[2019-04-08 06:20:06,696]INFO:--------Creating Events--------
[2019-04-08 06:20:06,696]INFO:No events to create in this period
[2019-04-08 06:20:06,697]INFO:########Scanning Period Ends########
[2019-04-08 06:30:05,070]INFO:########Scanning Period Starts########
[2019-04-08 06:30:05,071]INFO:--------Reading Emails--------
[2019-04-08 06:30:06,049]INFO:Successfully fetched 0 emails
[2019-04-08 06:30:06,053]INFO:0 appointment(s) scraped from 0 email(s) in this period
[2019-04-08 06:30:06,054]INFO:--------Creating Events--------
[2019-04-08 06:30:06,055]INFO:No events to create in this period
[2019-04-08 06:30:06,055]INFO:########Scanning Period Ends########
[2019-04-08 06:40:05,432]INFO:########Scanning Period Starts########
[2019-04-08 06:40:05,433]INFO:--------Reading Emails--------
[2019-04-08 06:40:06,476]INFO:Successfully fetched 0 emails
[2019-04-08 06:40:06,479]INFO:0 appointment(s) scraped from 0 email(s) in this period
[2019-04-08 06:40:06,480]INFO:--------Creating Events--------
[2019-04-08 06:40:06,481]INFO:No events to create in this period
[2019-04-08 06:40:06,481]INFO:########Scanning Period Ends########
[2019-04-08 06:50:05,872]INFO:########Scanning Period Starts########
[2019-04-08 06:50:05,873]INFO:--------Reading Emails--------
[2019-04-08 06:50:07,095]INFO:Successfully fetched 0 emails
[2019-04-08 06:50:07,108]INFO:0 appointment(s) scraped from 0 email(s) in this period
[2019-04-08 06:50:07,110]INFO:--------Creating Events--------
[2019-04-08 06:50:07,110]INFO:No events to create in this period
[2019-04-08 06:50:07,111]INFO:########Scanning Period Ends########
[2019-04-08 07:00:05,486]INFO:########Scanning Period Starts########
[2019-04-08 07:00:05,487]INFO:--------Reading Emails--------
[2019-04-08 07:00:06,672]INFO:Successfully fetched 0 emails
[2019-04-08 07:00:06,675]INFO:0 appointment(s) scraped from 0 email(s) in this period
[2019-04-08 07:00:06,681]INFO:--------Creating Events--------
[2019-04-08 07:00:06,682]INFO:No events to create in this period
[2019-04-08 07:00:06,682]INFO:########Scanning Period Ends########
[2019-04-08 07:10:05,038]INFO:########Scanning Period Starts########
[2019-04-08 07:10:05,039]INFO:--------Reading Emails--------
[2019-04-08 07:10:06,219]INFO:Successfully fetched 0 emails
[2019-04-08 07:10:06,232]INFO:0 appointment(s) scraped from 0 email(s) in this period
[2019-04-08 07:10:06,234]INFO:--------Creating Events--------
[2019-04-08 07:10:06,234]INFO:No events to create in this period
[2019-04-08 07:10:06,235]INFO:########Scanning Period Ends########
[2019-04-08 07:20:05,619]INFO:########Scanning Period Starts########
[2019-04-08 07:20:05,619]INFO:--------Reading Emails--------
[2019-04-08 07:20:06,465]INFO:Successfully fetched 0 emails
[2019-04-08 07:20:06,468]INFO:0 appointment(s) scraped from 0 email(s) in this period
[2019-04-08 07:20:06,469]INFO:--------Creating Events--------
[2019-04-08 07:20:06,469]INFO:No events to create in this period
[2019-04-08 07:20:06,470]INFO:########Scanning Period Ends########
[2019-04-08 07:30:04,779]INFO:########Scanning Period Starts########
[2019-04-08 07:30:04,780]INFO:--------Reading Emails--------
[2019-04-08 07:30:05,673]INFO:Successfully fetched 0 emails
[2019-04-08 07:30:05,677]INFO:0 appointment(s) scraped from 0 email(s) in this period
[2019-04-08 07:30:05,677]INFO:--------Creating Events--------
[2019-04-08 07:30:05,678]INFO:No events to create in this period
[2019-04-08 07:30:05,679]INFO:########Scanning Period Ends########
[2019-04-08 07:40:05,001]INFO:########Scanning Period Starts########
[2019-04-08 07:40:05,002]INFO:--------Reading Emails--------
[2019-04-08 07:40:06,152]INFO:Successfully fetched 0 emails
[2019-04-08 07:40:06,155]INFO:0 appointment(s) scraped from 0 email(s) in this period
[2019-04-08 07:40:06,156]INFO:--------Creating Events--------
[2019-04-08 07:40:06,157]INFO:No events to create in this period
[2019-04-08 07:40:06,157]INFO:########Scanning Period Ends########
[2019-04-08 07:50:05,550]INFO:########Scanning Period Starts########
[2019-04-08 07:50:05,550]INFO:--------Reading Emails--------
[2019-04-08 07:50:06,492]INFO:Successfully fetched 0 emails
[2019-04-08 07:50:06,496]INFO:0 appointment(s) scraped from 0 email(s) in this period
[2019-04-08 07:50:06,497]INFO:--------Creating Events--------
[2019-04-08 07:50:06,497]INFO:No events to create in this period
[2019-04-08 07:50:06,498]INFO:########Scanning Period Ends########
[2019-04-08 08:00:04,873]INFO:########Scanning Period Starts########
[2019-04-08 08:00:04,873]INFO:--------Reading Emails--------
[2019-04-08 08:00:05,851]INFO:Successfully fetched 0 emails
[2019-04-08 08:00:05,855]INFO:0 appointment(s) scraped from 0 email(s) in this period
[2019-04-08 08:00:05,856]INFO:--------Creating Events--------
[2019-04-08 08:00:05,856]INFO:No events to create in this period
[2019-04-08 08:00:05,857]INFO:########Scanning Period Ends########
[2019-04-08 08:10:05,262]INFO:########Scanning Period Starts########
[2019-04-08 08:10:05,263]INFO:--------Reading Emails--------
[2019-04-08 08:10:06,778]INFO:Successfully fetched 0 emails
[2019-04-08 08:10:06,791]INFO:0 appointment(s) scraped from 0 email(s) in this period
[2019-04-08 08:10:06,793]INFO:--------Creating Events--------
[2019-04-08 08:10:06,793]INFO:No events to create in this period
[2019-04-08 08:10:06,794]INFO:########Scanning Period Ends########
[2019-04-08 08:20:05,264]INFO:########Scanning Period Starts########
[2019-04-08 08:20:05,264]INFO:--------Reading Emails--------
[2019-04-08 08:20:06,643]INFO:Successfully fetched 0 emails
[2019-04-08 08:20:06,647]INFO:0 appointment(s) scraped from 0 email(s) in this period
[2019-04-08 08:20:06,652]INFO:--------Creating Events--------
[2019-04-08 08:20:06,653]INFO:No events to create in this period
[2019-04-08 08:20:06,654]INFO:########Scanning Period Ends########
[2019-04-08 08:30:05,020]INFO:########Scanning Period Starts########
[2019-04-08 08:30:05,021]INFO:--------Reading Emails--------
[2019-04-08 08:30:06,492]INFO:Successfully fetched 1 emails
[2019-04-08 08:30:06,583]INFO:1 appointment(s) scraped from 1 email(s) in this period
[2019-04-08 08:30:06,584]INFO:--------Creating Events--------
[2019-04-08 08:30:06,600]INFO:URL being requested: GET https://www.googleapis.com/discovery/v1/apis/calendar/v3/rest
[2019-04-08 08:30:06,915]INFO:URL being requested: POST https://www.googleapis.com/calendar/v3/calendars/primary/events?alt=json
[2019-04-08 08:30:06,970]INFO:Refreshing due to a 401 (attempt 1/2)
[2019-04-08 08:30:06,972]INFO:Refreshing access_token
[2019-04-08 08:30:07,517]INFO:Event created for [Jonathan Ketron] for course [Ordinary Differential Equations] from [2019-04-09 15:00:00] to [2019-04-09 15:30:00]
[2019-04-08 08:30:07,518]INFO:########Scanning Period Ends########
[2019-04-08 08:40:04,925]INFO:########Scanning Period Starts########
[2019-04-08 08:40:04,926]INFO:--------Reading Emails--------
[2019-04-08 08:40:05,813]INFO:Successfully fetched 0 emails
[2019-04-08 08:40:05,816]INFO:0 appointment(s) scraped from 0 email(s) in this period
[2019-04-08 08:40:05,817]INFO:--------Creating Events--------
[2019-04-08 08:40:05,818]INFO:No events to create in this period
[2019-04-08 08:40:05,819]INFO:########Scanning Period Ends########
[2019-04-08 08:50:05,177]INFO:########Scanning Period Starts########
[2019-04-08 08:50:05,178]INFO:--------Reading Emails--------
[2019-04-08 08:50:06,475]INFO:Successfully fetched 0 emails
[2019-04-08 08:50:06,479]INFO:0 appointment(s) scraped from 0 email(s) in this period
[2019-04-08 08:50:06,484]INFO:--------Creating Events--------
[2019-04-08 08:50:06,485]INFO:No events to create in this period
[2019-04-08 08:50:06,486]INFO:########Scanning Period Ends########
[2019-04-08 09:00:04,780]INFO:########Scanning Period Starts########
[2019-04-08 09:00:04,780]INFO:--------Reading Emails--------
[2019-04-08 09:00:05,684]INFO:Successfully fetched 0 emails
[2019-04-08 09:00:05,688]INFO:0 appointment(s) scraped from 0 email(s) in this period
[2019-04-08 09:00:05,688]INFO:--------Creating Events--------
[2019-04-08 09:00:05,689]INFO:No events to create in this period
[2019-04-08 09:00:05,690]INFO:########Scanning Period Ends########
[2019-04-08 09:10:05,019]INFO:########Scanning Period Starts########
[2019-04-08 09:10:05,020]INFO:--------Reading Emails--------
[2019-04-08 09:10:06,069]INFO:Successfully fetched 0 emails
[2019-04-08 09:10:06,073]INFO:0 appointment(s) scraped from 0 email(s) in this period
[2019-04-08 09:10:06,073]INFO:--------Creating Events--------
[2019-04-08 09:10:06,074]INFO:No events to create in this period
[2019-04-08 09:10:06,075]INFO:########Scanning Period Ends########
[2019-04-08 09:20:05,550]INFO:########Scanning Period Starts########
[2019-04-08 09:20:05,552]INFO:--------Reading Emails--------
[2019-04-08 09:20:06,711]INFO:Successfully fetched 0 emails
[2019-04-08 09:20:06,715]INFO:0 appointment(s) scraped from 0 email(s) in this period
[2019-04-08 09:20:06,720]INFO:--------Creating Events--------
[2019-04-08 09:20:06,721]INFO:No events to create in this period
[2019-04-08 09:20:06,722]INFO:########Scanning Period Ends########
[2019-04-08 09:30:05,098]INFO:########Scanning Period Starts########
[2019-04-08 09:30:05,099]INFO:--------Reading Emails--------
[2019-04-08 09:30:06,235]INFO:Successfully fetched 0 emails
[2019-04-08 09:30:06,239]INFO:0 appointment(s) scraped from 0 email(s) in this period
[2019-04-08 09:30:06,239]INFO:--------Creating Events--------
[2019-04-08 09:30:06,240]INFO:No events to create in this period
[2019-04-08 09:30:06,241]INFO:########Scanning Period Ends########
[2019-04-08 09:40:05,594]INFO:########Scanning Period Starts########
[2019-04-08 09:40:05,594]INFO:--------Reading Emails--------
[2019-04-08 09:40:06,921]INFO:Successfully fetched 0 emails
[2019-04-08 09:40:06,925]INFO:0 appointment(s) scraped from 0 email(s) in this period
[2019-04-08 09:40:06,926]INFO:--------Creating Events--------
[2019-04-08 09:40:06,926]INFO:No events to create in this period
[2019-04-08 09:40:06,927]INFO:########Scanning Period Ends########
[2019-04-08 09:50:05,279]INFO:########Scanning Period Starts########
[2019-04-08 09:50:05,280]INFO:--------Reading Emails--------
[2019-04-08 09:50:06,250]INFO:Successfully fetched 0 emails
[2019-04-08 09:50:06,254]INFO:0 appointment(s) scraped from 0 email(s) in this period
[2019-04-08 09:50:06,254]INFO:--------Creating Events--------
[2019-04-08 09:50:06,255]INFO:No events to create in this period
[2019-04-08 09:50:06,256]INFO:########Scanning Period Ends########
[2019-04-08 10:00:05,651]INFO:########Scanning Period Starts########
[2019-04-08 10:00:05,652]INFO:--------Reading Emails--------
[2019-04-08 10:00:06,533]INFO:Successfully fetched 0 emails
[2019-04-08 10:00:06,537]INFO:0 appointment(s) scraped from 0 email(s) in this period
[2019-04-08 10:00:06,538]INFO:--------Creating Events--------
[2019-04-08 10:00:06,539]INFO:No events to create in this period
[2019-04-08 10:00:06,539]INFO:########Scanning Period Ends########
[2019-04-08 10:10:04,934]INFO:########Scanning Period Starts########
[2019-04-08 10:10:04,935]INFO:--------Reading Emails--------
[2019-04-08 10:10:06,087]INFO:Successfully fetched 0 emails
[2019-04-08 10:10:06,096]INFO:0 appointment(s) scraped from 0 email(s) in this period
[2019-04-08 10:10:06,097]INFO:--------Creating Events--------
[2019-04-08 10:10:06,098]INFO:No events to create in this period
[2019-04-08 10:10:06,098]INFO:########Scanning Period Ends########
[2019-04-08 10:20:05,557]INFO:########Scanning Period Starts########
[2019-04-08 10:20:05,558]INFO:--------Reading Emails--------
[2019-04-08 10:20:07,484]INFO:Successfully fetched 0 emails
[2019-04-08 10:20:07,487]INFO:0 appointment(s) scraped from 0 email(s) in this period
[2019-04-08 10:20:07,488]INFO:--------Creating Events--------
[2019-04-08 10:20:07,489]INFO:No events to create in this period
[2019-04-08 10:20:07,489]INFO:########Scanning Period Ends########
[2019-04-08 10:30:04,899]INFO:########Scanning Period Starts########
[2019-04-08 10:30:04,901]INFO:--------Reading Emails--------
[2019-04-08 10:30:05,834]INFO:Successfully fetched 0 emails
[2019-04-08 10:30:05,838]INFO:0 appointment(s) scraped from 0 email(s) in this period
[2019-04-08 10:30:05,839]INFO:--------Creating Events--------
[2019-04-08 10:30:05,839]INFO:No events to create in this period
[2019-04-08 10:30:05,840]INFO:########Scanning Period Ends########
[2019-04-08 10:40:05,220]INFO:########Scanning Period Starts########
[2019-04-08 10:40:05,220]INFO:--------Reading Emails--------
[2019-04-08 10:40:06,653]INFO:Successfully fetched 0 emails
[2019-04-08 10:40:06,667]INFO:0 appointment(s) scraped from 0 email(s) in this period
[2019-04-08 10:40:06,668]INFO:--------Creating Events--------
[2019-04-08 10:40:06,669]INFO:No events to create in this period
[2019-04-08 10:40:06,670]INFO:########Scanning Period Ends########
[2019-04-08 10:50:05,036]INFO:########Scanning Period Starts########
[2019-04-08 10:50:05,037]INFO:--------Reading Emails--------
[2019-04-08 10:50:06,200]INFO:Successfully fetched 0 emails
[2019-04-08 10:50:06,204]INFO:0 appointment(s) scraped from 0 email(s) in this period
[2019-04-08 10:50:06,213]INFO:--------Creating Events--------
[2019-04-08 10:50:06,214]INFO:No events to create in this period
[2019-04-08 10:50:06,215]INFO:########Scanning Period Ends########
[2019-04-08 11:00:05,501]INFO:########Scanning Period Starts########
[2019-04-08 11:00:05,502]INFO:--------Reading Emails--------
[2019-04-08 11:00:06,758]INFO:Successfully fetched 0 emails
[2019-04-08 11:00:06,761]INFO:0 appointment(s) scraped from 0 email(s) in this period
[2019-04-08 11:00:06,771]INFO:--------Creating Events--------
[2019-04-08 11:00:06,772]INFO:No events to create in this period
[2019-04-08 11:00:06,773]INFO:########Scanning Period Ends########
[2019-04-08 11:10:05,078]INFO:########Scanning Period Starts########
[2019-04-08 11:10:05,079]INFO:--------Reading Emails--------
[2019-04-08 11:10:06,166]INFO:Successfully fetched 0 emails
[2019-04-08 11:10:06,170]INFO:0 appointment(s) scraped from 0 email(s) in this period
[2019-04-08 11:10:06,171]INFO:--------Creating Events--------
[2019-04-08 11:10:06,171]INFO:No events to create in this period
[2019-04-08 11:10:06,172]INFO:########Scanning Period Ends########
[2019-04-08 11:20:05,542]INFO:########Scanning Period Starts########
[2019-04-08 11:20:05,543]INFO:--------Reading Emails--------
[2019-04-08 11:20:06,594]INFO:Successfully fetched 0 emails
[2019-04-08 11:20:06,597]INFO:0 appointment(s) scraped from 0 email(s) in this period
[2019-04-08 11:20:06,598]INFO:--------Creating Events--------
[2019-04-08 11:20:06,599]INFO:No events to create in this period
[2019-04-08 11:20:06,599]INFO:########Scanning Period Ends########
[2019-04-08 11:30:04,912]INFO:########Scanning Period Starts########
[2019-04-08 11:30:04,913]INFO:--------Reading Emails--------
[2019-04-08 11:30:05,812]INFO:Successfully fetched 0 emails
[2019-04-08 11:30:05,815]INFO:0 appointment(s) scraped from 0 email(s) in this period
[2019-04-08 11:30:05,816]INFO:--------Creating Events--------
[2019-04-08 11:30:05,817]INFO:No events to create in this period
[2019-04-08 11:30:05,817]INFO:########Scanning Period Ends########
[2019-04-08 11:40:05,210]INFO:########Scanning Period Starts########
[2019-04-08 11:40:05,214]INFO:--------Reading Emails--------
[2019-04-08 11:40:06,379]INFO:Successfully fetched 1 emails
[2019-04-08 11:40:06,432]INFO:1 appointment(s) scraped from 1 email(s) in this period
[2019-04-08 11:40:06,433]INFO:--------Creating Events--------
[2019-04-08 11:40:06,447]INFO:URL being requested: GET https://www.googleapis.com/discovery/v1/apis/calendar/v3/rest
[2019-04-08 11:40:06,767]INFO:URL being requested: POST https://www.googleapis.com/calendar/v3/calendars/primary/events?alt=json
[2019-04-08 11:40:06,826]INFO:Refreshing due to a 401 (attempt 1/2)
[2019-04-08 11:40:06,828]INFO:Refreshing access_token
[2019-04-08 11:40:07,343]INFO:Event created for [Justin Reynolds] for course [College Algebra] from [2019-04-12 12:30:00] to [2019-04-12 13:00:00]
[2019-04-08 11:40:07,344]INFO:########Scanning Period Ends########
[2019-04-08 11:50:05,757]INFO:########Scanning Period Starts########
[2019-04-08 11:50:05,758]INFO:--------Reading Emails--------
[2019-04-08 11:50:07,083]INFO:Successfully fetched 0 emails
[2019-04-08 11:50:07,086]INFO:0 appointment(s) scraped from 0 email(s) in this period
[2019-04-08 11:50:07,096]INFO:--------Creating Events--------
[2019-04-08 11:50:07,096]INFO:No events to create in this period
[2019-04-08 11:50:07,097]INFO:########Scanning Period Ends########
[2019-04-08 12:00:05,460]INFO:########Scanning Period Starts########
[2019-04-08 12:00:05,461]INFO:--------Reading Emails--------
[2019-04-08 12:00:06,700]INFO:Successfully fetched 0 emails
[2019-04-08 12:00:06,704]INFO:0 appointment(s) scraped from 0 email(s) in this period
[2019-04-08 12:00:06,714]INFO:--------Creating Events--------
[2019-04-08 12:00:06,714]INFO:No events to create in this period
[2019-04-08 12:00:06,715]INFO:########Scanning Period Ends########
[2019-04-08 12:10:05,037]INFO:########Scanning Period Starts########
[2019-04-08 12:10:05,038]INFO:--------Reading Emails--------
[2019-04-08 12:10:06,314]INFO:Successfully fetched 0 emails
[2019-04-08 12:10:06,318]INFO:0 appointment(s) scraped from 0 email(s) in this period
[2019-04-08 12:10:06,327]INFO:--------Creating Events--------
[2019-04-08 12:10:06,328]INFO:No events to create in this period
[2019-04-08 12:10:06,329]INFO:########Scanning Period Ends########
[2019-04-08 12:20:05,726]INFO:########Scanning Period Starts########
[2019-04-08 12:20:05,727]INFO:--------Reading Emails--------
[2019-04-08 12:20:06,947]INFO:Successfully fetched 0 emails
[2019-04-08 12:20:06,950]INFO:0 appointment(s) scraped from 0 email(s) in this period
[2019-04-08 12:20:06,956]INFO:--------Creating Events--------
[2019-04-08 12:20:06,956]INFO:No events to create in this period
[2019-04-08 12:20:06,957]INFO:########Scanning Period Ends########
[2019-04-08 12:30:05,285]INFO:########Scanning Period Starts########
[2019-04-08 12:30:05,286]INFO:--------Reading Emails--------
[2019-04-08 12:30:06,148]INFO:Successfully fetched 0 emails
[2019-04-08 12:30:06,151]INFO:0 appointment(s) scraped from 0 email(s) in this period
[2019-04-08 12:30:06,152]INFO:--------Creating Events--------
[2019-04-08 12:30:06,153]INFO:No events to create in this period
[2019-04-08 12:30:06,153]INFO:########Scanning Period Ends########
[2019-04-08 12:40:05,485]INFO:########Scanning Period Starts########
[2019-04-08 12:40:05,486]INFO:--------Reading Emails--------
[2019-04-08 12:40:06,949]INFO:Successfully fetched 1 emails
[2019-04-08 12:40:07,002]INFO:1 appointment(s) scraped from 1 email(s) in this period
[2019-04-08 12:40:07,004]INFO:--------Creating Events--------
[2019-04-08 12:40:07,012]INFO:URL being requested: GET https://www.googleapis.com/discovery/v1/apis/calendar/v3/rest
[2019-04-08 12:40:07,331]INFO:URL being requested: POST https://www.googleapis.com/calendar/v3/calendars/primary/events?alt=json
[2019-04-08 12:40:07,383]INFO:Refreshing due to a 401 (attempt 1/2)
[2019-04-08 12:40:07,385]INFO:Refreshing access_token
[2019-04-08 12:40:07,930]INFO:Event created for [Ramitha Hansaja Herath] for course [Ordinary Differential Equations] from [2019-04-09 15:30:00] to [2019-04-09 17:00:00]
[2019-04-08 12:40:07,931]INFO:########Scanning Period Ends########
[2019-04-08 12:50:05,289]INFO:########Scanning Period Starts########
[2019-04-08 12:50:05,290]INFO:--------Reading Emails--------
[2019-04-08 12:50:06,059]INFO:Successfully fetched 0 emails
[2019-04-08 12:50:06,062]INFO:0 appointment(s) scraped from 0 email(s) in this period
[2019-04-08 12:50:06,063]INFO:--------Creating Events--------
[2019-04-08 12:50:06,064]INFO:No events to create in this period
[2019-04-08 12:50:06,064]INFO:########Scanning Period Ends########
[2019-04-08 13:00:05,397]INFO:########Scanning Period Starts########
[2019-04-08 13:00:05,398]INFO:--------Reading Emails--------
[2019-04-08 13:00:06,374]INFO:Successfully fetched 0 emails
[2019-04-08 13:00:06,377]INFO:0 appointment(s) scraped from 0 email(s) in this period
[2019-04-08 13:00:06,378]INFO:--------Creating Events--------
[2019-04-08 13:00:06,379]INFO:No events to create in this period
[2019-04-08 13:00:06,379]INFO:########Scanning Period Ends########
[2019-04-08 13:10:05,693]INFO:########Scanning Period Starts########
[2019-04-08 13:10:05,694]INFO:--------Reading Emails--------
[2019-04-08 13:10:06,791]INFO:Successfully fetched 0 emails
[2019-04-08 13:10:06,794]INFO:0 appointment(s) scraped from 0 email(s) in this period
[2019-04-08 13:10:06,795]INFO:--------Creating Events--------
[2019-04-08 13:10:06,796]INFO:No events to create in this period
[2019-04-08 13:10:06,796]INFO:########Scanning Period Ends########
[2019-04-08 13:20:05,203]INFO:########Scanning Period Starts########
[2019-04-08 13:20:05,204]INFO:--------Reading Emails--------
[2019-04-08 13:20:06,233]INFO:Successfully fetched 0 emails
[2019-04-08 13:20:06,237]INFO:0 appointment(s) scraped from 0 email(s) in this period
[2019-04-08 13:20:06,238]INFO:--------Creating Events--------
[2019-04-08 13:20:06,238]INFO:No events to create in this period
[2019-04-08 13:20:06,239]INFO:########Scanning Period Ends########
[2019-04-08 13:30:05,556]INFO:########Scanning Period Starts########
[2019-04-08 13:30:05,557]INFO:--------Reading Emails--------
[2019-04-08 13:30:06,515]INFO:Successfully fetched 0 emails
[2019-04-08 13:30:06,518]INFO:0 appointment(s) scraped from 0 email(s) in this period
[2019-04-08 13:30:06,519]INFO:--------Creating Events--------
[2019-04-08 13:30:06,520]INFO:No events to create in this period
[2019-04-08 13:30:06,520]INFO:########Scanning Period Ends########
[2019-04-08 13:40:04,914]INFO:########Scanning Period Starts########
[2019-04-08 13:40:04,914]INFO:--------Reading Emails--------
[2019-04-08 13:40:05,818]INFO:Successfully fetched 0 emails
[2019-04-08 13:40:05,822]INFO:0 appointment(s) scraped from 0 email(s) in this period
[2019-04-08 13:40:05,823]INFO:--------Creating Events--------
[2019-04-08 13:40:05,824]INFO:No events to create in this period
[2019-04-08 13:40:05,824]INFO:########Scanning Period Ends########
[2019-04-08 13:50:05,195]INFO:########Scanning Period Starts########
[2019-04-08 13:50:05,195]INFO:--------Reading Emails--------
[2019-04-08 13:50:06,410]INFO:Successfully fetched 0 emails
[2019-04-08 13:50:06,423]INFO:0 appointment(s) scraped from 0 email(s) in this period
[2019-04-08 13:50:06,424]INFO:--------Creating Events--------
[2019-04-08 13:50:06,425]INFO:No events to create in this period
[2019-04-08 13:50:06,426]INFO:########Scanning Period Ends########
[2019-04-08 14:00:05,769]INFO:########Scanning Period Starts########
[2019-04-08 14:00:05,769]INFO:--------Reading Emails--------
[2019-04-08 14:00:06,889]INFO:Successfully fetched 0 emails
[2019-04-08 14:00:06,892]INFO:0 appointment(s) scraped from 0 email(s) in this period
[2019-04-08 14:00:06,893]INFO:--------Creating Events--------
[2019-04-08 14:00:06,894]INFO:No events to create in this period
[2019-04-08 14:00:06,894]INFO:########Scanning Period Ends########
[2019-04-08 14:10:05,214]INFO:########Scanning Period Starts########
[2019-04-08 14:10:05,215]INFO:--------Reading Emails--------
[2019-04-08 14:10:06,917]INFO:Successfully fetched 0 emails
[2019-04-08 14:10:06,920]INFO:0 appointment(s) scraped from 0 email(s) in this period
[2019-04-08 14:10:06,926]INFO:--------Creating Events--------
[2019-04-08 14:10:06,926]INFO:No events to create in this period
[2019-04-08 14:10:06,927]INFO:########Scanning Period Ends########
[2019-04-08 14:20:05,368]INFO:########Scanning Period Starts########
[2019-04-08 14:20:05,369]INFO:--------Reading Emails--------
[2019-04-08 14:20:08,377]INFO:Successfully fetched 0 emails
[2019-04-08 14:20:08,381]INFO:0 appointment(s) scraped from 0 email(s) in this period
[2019-04-08 14:20:08,382]INFO:--------Creating Events--------
[2019-04-08 14:20:08,383]INFO:No events to create in this period
[2019-04-08 14:20:08,383]INFO:########Scanning Period Ends########
[2019-04-08 14:30:05,738]INFO:########Scanning Period Starts########
[2019-04-08 14:30:05,738]INFO:--------Reading Emails--------
[2019-04-08 14:30:06,843]INFO:Successfully fetched 0 emails
[2019-04-08 14:30:06,847]INFO:0 appointment(s) scraped from 0 email(s) in this period
[2019-04-08 14:30:06,847]INFO:--------Creating Events--------
[2019-04-08 14:30:06,848]INFO:No events to create in this period
[2019-04-08 14:30:06,849]INFO:########Scanning Period Ends########
[2019-04-08 14:40:05,158]INFO:########Scanning Period Starts########
[2019-04-08 14:40:05,159]INFO:--------Reading Emails--------
[2019-04-08 14:40:05,940]INFO:Successfully fetched 0 emails
[2019-04-08 14:40:05,944]INFO:0 appointment(s) scraped from 0 email(s) in this period
[2019-04-08 14:40:05,945]INFO:--------Creating Events--------
[2019-04-08 14:40:05,945]INFO:No events to create in this period
[2019-04-08 14:40:05,946]INFO:########Scanning Period Ends########
[2019-04-08 14:50:05,238]INFO:########Scanning Period Starts########
[2019-04-08 14:50:05,238]INFO:--------Reading Emails--------
[2019-04-08 14:50:06,248]INFO:Successfully fetched 0 emails
[2019-04-08 14:50:06,252]INFO:0 appointment(s) scraped from 0 email(s) in this period
[2019-04-08 14:50:06,253]INFO:--------Creating Events--------
[2019-04-08 14:50:06,253]INFO:No events to create in this period
[2019-04-08 14:50:06,254]INFO:########Scanning Period Ends########
[2019-04-08 15:00:05,582]INFO:########Scanning Period Starts########
[2019-04-08 15:00:05,582]INFO:--------Reading Emails--------
[2019-04-08 15:00:07,046]INFO:Successfully fetched 0 emails
[2019-04-08 15:00:07,049]INFO:0 appointment(s) scraped from 0 email(s) in this period
[2019-04-08 15:00:07,059]INFO:--------Creating Events--------
[2019-04-08 15:00:07,060]INFO:No events to create in this period
[2019-04-08 15:00:07,060]INFO:########Scanning Period Ends########
[2019-04-08 15:10:05,448]INFO:########Scanning Period Starts########
[2019-04-08 15:10:05,450]INFO:--------Reading Emails--------
[2019-04-08 15:10:06,613]INFO:Successfully fetched 0 emails
[2019-04-08 15:10:06,616]INFO:0 appointment(s) scraped from 0 email(s) in this period
[2019-04-08 15:10:06,626]INFO:--------Creating Events--------
[2019-04-08 15:10:06,627]INFO:No events to create in this period
[2019-04-08 15:10:06,627]INFO:########Scanning Period Ends########
