[2019-04-19 00:00:05,723]INFO:########Scanning Period Starts########
[2019-04-19 00:00:05,724]INFO:--------Reading Emails--------
[2019-04-19 00:00:06,836]INFO:Successfully fetched 0 emails
[2019-04-19 00:00:06,840]INFO:0 appointment(s) scraped from 0 email(s) in this period
[2019-04-19 00:00:06,841]INFO:--------Creating Events--------
[2019-04-19 00:00:06,841]INFO:No events to create in this period
[2019-04-19 00:00:06,842]INFO:########Scanning Period Ends########
[2019-04-19 00:10:05,209]INFO:########Scanning Period Starts########
[2019-04-19 00:10:05,210]INFO:--------Reading Emails--------
[2019-04-19 00:10:06,217]INFO:Successfully fetched 0 emails
[2019-04-19 00:10:06,220]INFO:0 appointment(s) scraped from 0 email(s) in this period
[2019-04-19 00:10:06,221]INFO:--------Creating Events--------
[2019-04-19 00:10:06,222]INFO:No events to create in this period
[2019-04-19 00:10:06,222]INFO:########Scanning Period Ends########
[2019-04-19 00:20:05,627]INFO:########Scanning Period Starts########
[2019-04-19 00:20:05,627]INFO:--------Reading Emails--------
[2019-04-19 00:20:06,812]INFO:Successfully fetched 0 emails
[2019-04-19 00:20:06,815]INFO:0 appointment(s) scraped from 0 email(s) in this period
[2019-04-19 00:20:06,816]INFO:--------Creating Events--------
[2019-04-19 00:20:06,817]INFO:No events to create in this period
[2019-04-19 00:20:06,817]INFO:########Scanning Period Ends########
[2019-04-19 00:30:05,164]INFO:########Scanning Period Starts########
[2019-04-19 00:30:05,164]INFO:--------Reading Emails--------
[2019-04-19 00:30:06,847]INFO:Successfully fetched 0 emails
[2019-04-19 00:30:06,851]INFO:0 appointment(s) scraped from 0 email(s) in this period
[2019-04-19 00:30:06,852]INFO:--------Creating Events--------
[2019-04-19 00:30:06,852]INFO:No events to create in this period
[2019-04-19 00:30:06,853]INFO:########Scanning Period Ends########
[2019-04-19 00:40:05,125]INFO:########Scanning Period Starts########
[2019-04-19 00:40:05,135]INFO:--------Reading Emails--------
[2019-04-19 00:40:06,115]INFO:Successfully fetched 0 emails
[2019-04-19 00:40:06,119]INFO:0 appointment(s) scraped from 0 email(s) in this period
[2019-04-19 00:40:06,120]INFO:--------Creating Events--------
[2019-04-19 00:40:06,120]INFO:No events to create in this period
[2019-04-19 00:40:06,121]INFO:########Scanning Period Ends########
[2019-04-19 00:50:05,446]INFO:########Scanning Period Starts########
[2019-04-19 00:50:05,448]INFO:--------Reading Emails--------
[2019-04-19 00:50:06,675]INFO:Successfully fetched 0 emails
[2019-04-19 00:50:06,678]INFO:0 appointment(s) scraped from 0 email(s) in this period
[2019-04-19 00:50:06,679]INFO:--------Creating Events--------
[2019-04-19 00:50:06,680]INFO:No events to create in this period
[2019-04-19 00:50:06,680]INFO:########Scanning Period Ends########
[2019-04-19 01:00:04,995]INFO:########Scanning Period Starts########
[2019-04-19 01:00:04,996]INFO:--------Reading Emails--------
[2019-04-19 01:00:06,006]INFO:Successfully fetched 0 emails
[2019-04-19 01:00:06,009]INFO:0 appointment(s) scraped from 0 email(s) in this period
[2019-04-19 01:00:06,010]INFO:--------Creating Events--------
[2019-04-19 01:00:06,011]INFO:No events to create in this period
[2019-04-19 01:00:06,011]INFO:########Scanning Period Ends########
[2019-04-19 01:10:05,354]INFO:########Scanning Period Starts########
[2019-04-19 01:10:05,356]INFO:--------Reading Emails--------
[2019-04-19 01:10:06,352]INFO:Successfully fetched 0 emails
[2019-04-19 01:10:06,356]INFO:0 appointment(s) scraped from 0 email(s) in this period
[2019-04-19 01:10:06,357]INFO:--------Creating Events--------
[2019-04-19 01:10:06,357]INFO:No events to create in this period
[2019-04-19 01:10:06,358]INFO:########Scanning Period Ends########
[2019-04-19 01:20:05,793]INFO:########Scanning Period Starts########
[2019-04-19 01:20:05,794]INFO:--------Reading Emails--------
[2019-04-19 01:20:07,097]INFO:Successfully fetched 0 emails
[2019-04-19 01:20:07,100]INFO:0 appointment(s) scraped from 0 email(s) in this period
[2019-04-19 01:20:07,101]INFO:--------Creating Events--------
[2019-04-19 01:20:07,102]INFO:No events to create in this period
[2019-04-19 01:20:07,102]INFO:########Scanning Period Ends########
[2019-04-19 01:30:05,434]INFO:########Scanning Period Starts########
[2019-04-19 01:30:05,434]INFO:--------Reading Emails--------
[2019-04-19 01:30:07,950]INFO:Successfully fetched 0 emails
[2019-04-19 01:30:07,953]INFO:0 appointment(s) scraped from 0 email(s) in this period
[2019-04-19 01:30:07,954]INFO:--------Creating Events--------
[2019-04-19 01:30:07,955]INFO:No events to create in this period
[2019-04-19 01:30:07,955]INFO:########Scanning Period Ends########
[2019-04-19 01:40:05,302]INFO:########Scanning Period Starts########
[2019-04-19 01:40:05,303]INFO:--------Reading Emails--------
[2019-04-19 01:40:07,089]INFO:Successfully fetched 0 emails
[2019-04-19 01:40:07,093]INFO:0 appointment(s) scraped from 0 email(s) in this period
[2019-04-19 01:40:07,093]INFO:--------Creating Events--------
[2019-04-19 01:40:07,094]INFO:No events to create in this period
[2019-04-19 01:40:07,095]INFO:########Scanning Period Ends########
[2019-04-19 01:50:05,469]INFO:########Scanning Period Starts########
[2019-04-19 01:50:05,474]INFO:--------Reading Emails--------
[2019-04-19 01:50:07,770]INFO:Successfully fetched 0 emails
[2019-04-19 01:50:07,774]INFO:0 appointment(s) scraped from 0 email(s) in this period
[2019-04-19 01:50:07,774]INFO:--------Creating Events--------
[2019-04-19 01:50:07,775]INFO:No events to create in this period
[2019-04-19 01:50:07,776]INFO:########Scanning Period Ends########
[2019-04-19 02:00:05,174]INFO:########Scanning Period Starts########
[2019-04-19 02:00:05,175]INFO:--------Reading Emails--------
[2019-04-19 02:00:06,310]INFO:Successfully fetched 0 emails
[2019-04-19 02:00:06,314]INFO:0 appointment(s) scraped from 0 email(s) in this period
[2019-04-19 02:00:06,315]INFO:--------Creating Events--------
[2019-04-19 02:00:06,315]INFO:No events to create in this period
[2019-04-19 02:00:06,316]INFO:########Scanning Period Ends########
[2019-04-19 02:10:05,640]INFO:########Scanning Period Starts########
[2019-04-19 02:10:05,641]INFO:--------Reading Emails--------
[2019-04-19 02:10:06,931]INFO:Successfully fetched 0 emails
[2019-04-19 02:10:06,934]INFO:0 appointment(s) scraped from 0 email(s) in this period
[2019-04-19 02:10:06,935]INFO:--------Creating Events--------
[2019-04-19 02:10:06,935]INFO:No events to create in this period
[2019-04-19 02:10:06,936]INFO:########Scanning Period Ends########
[2019-04-19 02:20:05,317]INFO:########Scanning Period Starts########
[2019-04-19 02:20:05,318]INFO:--------Reading Emails--------
[2019-04-19 02:20:06,444]INFO:Successfully fetched 0 emails
[2019-04-19 02:20:06,447]INFO:0 appointment(s) scraped from 0 email(s) in this period
[2019-04-19 02:20:06,448]INFO:--------Creating Events--------
[2019-04-19 02:20:06,449]INFO:No events to create in this period
[2019-04-19 02:20:06,449]INFO:########Scanning Period Ends########
[2019-04-19 02:30:05,802]INFO:########Scanning Period Starts########
[2019-04-19 02:30:05,803]INFO:--------Reading Emails--------
[2019-04-19 02:30:09,625]INFO:Successfully fetched 0 emails
[2019-04-19 02:30:09,632]INFO:0 appointment(s) scraped from 0 email(s) in this period
[2019-04-19 02:30:09,633]INFO:--------Creating Events--------
[2019-04-19 02:30:09,634]INFO:No events to create in this period
[2019-04-19 02:30:09,635]INFO:########Scanning Period Ends########
[2019-04-19 02:40:04,959]INFO:########Scanning Period Starts########
[2019-04-19 02:40:04,960]INFO:--------Reading Emails--------
[2019-04-19 02:40:07,675]INFO:Successfully fetched 0 emails
[2019-04-19 02:40:07,679]INFO:0 appointment(s) scraped from 0 email(s) in this period
[2019-04-19 02:40:07,680]INFO:--------Creating Events--------
[2019-04-19 02:40:07,680]INFO:No events to create in this period
[2019-04-19 02:40:07,681]INFO:########Scanning Period Ends########
[2019-04-19 02:50:05,091]INFO:########Scanning Period Starts########
[2019-04-19 02:50:05,095]INFO:--------Reading Emails--------
[2019-04-19 02:50:06,047]INFO:Successfully fetched 0 emails
[2019-04-19 02:50:06,051]INFO:0 appointment(s) scraped from 0 email(s) in this period
[2019-04-19 02:50:06,051]INFO:--------Creating Events--------
[2019-04-19 02:50:06,052]INFO:No events to create in this period
[2019-04-19 02:50:06,053]INFO:########Scanning Period Ends########
[2019-04-19 03:00:05,389]INFO:########Scanning Period Starts########
[2019-04-19 03:00:05,389]INFO:--------Reading Emails--------
[2019-04-19 03:00:06,755]INFO:Successfully fetched 0 emails
[2019-04-19 03:00:06,758]INFO:0 appointment(s) scraped from 0 email(s) in this period
[2019-04-19 03:00:06,759]INFO:--------Creating Events--------
[2019-04-19 03:00:06,760]INFO:No events to create in this period
[2019-04-19 03:00:06,760]INFO:########Scanning Period Ends########
[2019-04-19 03:10:05,149]INFO:########Scanning Period Starts########
[2019-04-19 03:10:05,151]INFO:--------Reading Emails--------
[2019-04-19 03:10:06,140]INFO:Successfully fetched 0 emails
[2019-04-19 03:10:06,143]INFO:0 appointment(s) scraped from 0 email(s) in this period
[2019-04-19 03:10:06,144]INFO:--------Creating Events--------
[2019-04-19 03:10:06,145]INFO:No events to create in this period
[2019-04-19 03:10:06,145]INFO:########Scanning Period Ends########
[2019-04-19 03:20:05,584]INFO:########Scanning Period Starts########
[2019-04-19 03:20:05,595]INFO:--------Reading Emails--------
[2019-04-19 03:20:07,294]INFO:Successfully fetched 0 emails
[2019-04-19 03:20:07,297]INFO:0 appointment(s) scraped from 0 email(s) in this period
[2019-04-19 03:20:07,298]INFO:--------Creating Events--------
[2019-04-19 03:20:07,299]INFO:No events to create in this period
[2019-04-19 03:20:07,300]INFO:########Scanning Period Ends########
[2019-04-19 03:30:05,671]INFO:########Scanning Period Starts########
[2019-04-19 03:30:05,675]INFO:--------Reading Emails--------
[2019-04-19 03:30:13,902]INFO:Successfully fetched 0 emails
[2019-04-19 03:30:13,905]INFO:0 appointment(s) scraped from 0 email(s) in this period
[2019-04-19 03:30:13,906]INFO:--------Creating Events--------
[2019-04-19 03:30:13,907]INFO:No events to create in this period
[2019-04-19 03:30:13,908]INFO:########Scanning Period Ends########
[2019-04-19 03:40:05,244]INFO:########Scanning Period Starts########
[2019-04-19 03:40:05,246]INFO:--------Reading Emails--------
[2019-04-19 03:40:06,776]INFO:Successfully fetched 0 emails
[2019-04-19 03:40:06,779]INFO:0 appointment(s) scraped from 0 email(s) in this period
[2019-04-19 03:40:06,780]INFO:--------Creating Events--------
[2019-04-19 03:40:06,781]INFO:No events to create in this period
[2019-04-19 03:40:06,781]INFO:########Scanning Period Ends########
[2019-04-19 03:50:05,140]INFO:########Scanning Period Starts########
[2019-04-19 03:50:05,141]INFO:--------Reading Emails--------
[2019-04-19 03:50:06,723]INFO:Successfully fetched 0 emails
[2019-04-19 03:50:06,727]INFO:0 appointment(s) scraped from 0 email(s) in this period
[2019-04-19 03:50:06,728]INFO:--------Creating Events--------
[2019-04-19 03:50:06,729]INFO:No events to create in this period
[2019-04-19 03:50:06,729]INFO:########Scanning Period Ends########
[2019-04-19 04:00:05,035]INFO:########Scanning Period Starts########
[2019-04-19 04:00:05,035]INFO:--------Reading Emails--------
[2019-04-19 04:00:06,219]INFO:Successfully fetched 0 emails
[2019-04-19 04:00:06,222]INFO:0 appointment(s) scraped from 0 email(s) in this period
[2019-04-19 04:00:06,223]INFO:--------Creating Events--------
[2019-04-19 04:00:06,224]INFO:No events to create in this period
[2019-04-19 04:00:06,224]INFO:########Scanning Period Ends########
[2019-04-19 04:10:05,602]INFO:########Scanning Period Starts########
[2019-04-19 04:10:05,612]INFO:--------Reading Emails--------
[2019-04-19 04:10:07,238]INFO:Successfully fetched 0 emails
[2019-04-19 04:10:07,241]INFO:0 appointment(s) scraped from 0 email(s) in this period
[2019-04-19 04:10:07,242]INFO:--------Creating Events--------
[2019-04-19 04:10:07,243]INFO:No events to create in this period
[2019-04-19 04:10:07,243]INFO:########Scanning Period Ends########
[2019-04-19 04:20:05,654]INFO:########Scanning Period Starts########
[2019-04-19 04:20:05,655]INFO:--------Reading Emails--------
[2019-04-19 04:20:07,142]INFO:Successfully fetched 0 emails
[2019-04-19 04:20:07,145]INFO:0 appointment(s) scraped from 0 email(s) in this period
[2019-04-19 04:20:07,146]INFO:--------Creating Events--------
[2019-04-19 04:20:07,146]INFO:No events to create in this period
[2019-04-19 04:20:07,147]INFO:########Scanning Period Ends########
[2019-04-19 04:30:05,443]INFO:########Scanning Period Starts########
[2019-04-19 04:30:05,447]INFO:--------Reading Emails--------
[2019-04-19 04:30:06,820]INFO:Successfully fetched 0 emails
[2019-04-19 04:30:06,823]INFO:0 appointment(s) scraped from 0 email(s) in this period
[2019-04-19 04:30:06,824]INFO:--------Creating Events--------
[2019-04-19 04:30:06,824]INFO:No events to create in this period
[2019-04-19 04:30:06,825]INFO:########Scanning Period Ends########
[2019-04-19 04:40:05,188]INFO:########Scanning Period Starts########
[2019-04-19 04:40:05,194]INFO:--------Reading Emails--------
[2019-04-19 04:40:06,252]INFO:Successfully fetched 0 emails
[2019-04-19 04:40:06,256]INFO:0 appointment(s) scraped from 0 email(s) in this period
[2019-04-19 04:40:06,257]INFO:--------Creating Events--------
[2019-04-19 04:40:06,257]INFO:No events to create in this period
[2019-04-19 04:40:06,258]INFO:########Scanning Period Ends########
[2019-04-19 04:50:05,654]INFO:########Scanning Period Starts########
[2019-04-19 04:50:05,658]INFO:--------Reading Emails--------
[2019-04-19 04:50:06,845]INFO:Successfully fetched 0 emails
[2019-04-19 04:50:06,849]INFO:0 appointment(s) scraped from 0 email(s) in this period
[2019-04-19 04:50:06,850]INFO:--------Creating Events--------
[2019-04-19 04:50:06,851]INFO:No events to create in this period
[2019-04-19 04:50:06,851]INFO:########Scanning Period Ends########
[2019-04-19 05:00:05,261]INFO:########Scanning Period Starts########
[2019-04-19 05:00:05,267]INFO:--------Reading Emails--------
[2019-04-19 05:00:06,433]INFO:Successfully fetched 0 emails
[2019-04-19 05:00:06,436]INFO:0 appointment(s) scraped from 0 email(s) in this period
[2019-04-19 05:00:06,437]INFO:--------Creating Events--------
[2019-04-19 05:00:06,438]INFO:No events to create in this period
[2019-04-19 05:00:06,438]INFO:########Scanning Period Ends########
[2019-04-19 05:10:05,855]INFO:########Scanning Period Starts########
[2019-04-19 05:10:05,856]INFO:--------Reading Emails--------
[2019-04-19 05:10:07,016]INFO:Successfully fetched 0 emails
[2019-04-19 05:10:07,020]INFO:0 appointment(s) scraped from 0 email(s) in this period
[2019-04-19 05:10:07,020]INFO:--------Creating Events--------
[2019-04-19 05:10:07,021]INFO:No events to create in this period
[2019-04-19 05:10:07,021]INFO:########Scanning Period Ends########
[2019-04-19 05:20:05,395]INFO:########Scanning Period Starts########
[2019-04-19 05:20:05,396]INFO:--------Reading Emails--------
[2019-04-19 05:20:06,451]INFO:Successfully fetched 0 emails
[2019-04-19 05:20:06,454]INFO:0 appointment(s) scraped from 0 email(s) in this period
[2019-04-19 05:20:06,455]INFO:--------Creating Events--------
[2019-04-19 05:20:06,455]INFO:No events to create in this period
[2019-04-19 05:20:06,456]INFO:########Scanning Period Ends########
[2019-04-19 05:30:05,816]INFO:########Scanning Period Starts########
[2019-04-19 05:30:05,822]INFO:--------Reading Emails--------
[2019-04-19 05:30:07,568]INFO:Successfully fetched 0 emails
[2019-04-19 05:30:07,572]INFO:0 appointment(s) scraped from 0 email(s) in this period
[2019-04-19 05:30:07,573]INFO:--------Creating Events--------
[2019-04-19 05:30:07,573]INFO:No events to create in this period
[2019-04-19 05:30:07,574]INFO:########Scanning Period Ends########
[2019-04-19 05:40:04,959]INFO:########Scanning Period Starts########
[2019-04-19 05:40:04,970]INFO:--------Reading Emails--------
[2019-04-19 05:40:06,170]INFO:Successfully fetched 0 emails
[2019-04-19 05:40:06,173]INFO:0 appointment(s) scraped from 0 email(s) in this period
[2019-04-19 05:40:06,174]INFO:--------Creating Events--------
[2019-04-19 05:40:06,175]INFO:No events to create in this period
[2019-04-19 05:40:06,175]INFO:########Scanning Period Ends########
[2019-04-19 05:50:05,534]INFO:########Scanning Period Starts########
[2019-04-19 05:50:05,535]INFO:--------Reading Emails--------
[2019-04-19 05:50:06,527]INFO:Successfully fetched 0 emails
[2019-04-19 05:50:06,531]INFO:0 appointment(s) scraped from 0 email(s) in this period
[2019-04-19 05:50:06,532]INFO:--------Creating Events--------
[2019-04-19 05:50:06,533]INFO:No events to create in this period
[2019-04-19 05:50:06,533]INFO:########Scanning Period Ends########
[2019-04-19 06:00:04,857]INFO:########Scanning Period Starts########
[2019-04-19 06:00:04,857]INFO:--------Reading Emails--------
[2019-04-19 06:00:06,367]INFO:Successfully fetched 0 emails
[2019-04-19 06:00:06,370]INFO:0 appointment(s) scraped from 0 email(s) in this period
[2019-04-19 06:00:06,371]INFO:--------Creating Events--------
[2019-04-19 06:00:06,372]INFO:No events to create in this period
[2019-04-19 06:00:06,372]INFO:########Scanning Period Ends########
[2019-04-19 06:10:05,737]INFO:########Scanning Period Starts########
[2019-04-19 06:10:05,737]INFO:--------Reading Emails--------
[2019-04-19 06:10:07,318]INFO:Successfully fetched 0 emails
[2019-04-19 06:10:07,322]INFO:0 appointment(s) scraped from 0 email(s) in this period
[2019-04-19 06:10:07,323]INFO:--------Creating Events--------
[2019-04-19 06:10:07,323]INFO:No events to create in this period
[2019-04-19 06:10:07,324]INFO:########Scanning Period Ends########
[2019-04-19 06:20:05,785]INFO:########Scanning Period Starts########
[2019-04-19 06:20:05,785]INFO:--------Reading Emails--------
[2019-04-19 06:20:07,041]INFO:Successfully fetched 0 emails
[2019-04-19 06:20:07,044]INFO:0 appointment(s) scraped from 0 email(s) in this period
[2019-04-19 06:20:07,045]INFO:--------Creating Events--------
[2019-04-19 06:20:07,046]INFO:No events to create in this period
[2019-04-19 06:20:07,046]INFO:########Scanning Period Ends########
[2019-04-19 06:30:05,432]INFO:########Scanning Period Starts########
[2019-04-19 06:30:05,432]INFO:--------Reading Emails--------
[2019-04-19 06:30:06,615]INFO:Successfully fetched 0 emails
[2019-04-19 06:30:06,618]INFO:0 appointment(s) scraped from 0 email(s) in this period
[2019-04-19 06:30:06,619]INFO:--------Creating Events--------
[2019-04-19 06:30:06,620]INFO:No events to create in this period
[2019-04-19 06:30:06,620]INFO:########Scanning Period Ends########
[2019-04-19 06:40:04,934]INFO:########Scanning Period Starts########
[2019-04-19 06:40:04,935]INFO:--------Reading Emails--------
[2019-04-19 06:40:06,243]INFO:Successfully fetched 0 emails
[2019-04-19 06:40:06,247]INFO:0 appointment(s) scraped from 0 email(s) in this period
[2019-04-19 06:40:06,247]INFO:--------Creating Events--------
[2019-04-19 06:40:06,248]INFO:No events to create in this period
[2019-04-19 06:40:06,249]INFO:########Scanning Period Ends########
[2019-04-19 06:50:05,567]INFO:########Scanning Period Starts########
[2019-04-19 06:50:05,568]INFO:--------Reading Emails--------
[2019-04-19 06:50:06,574]INFO:Successfully fetched 0 emails
[2019-04-19 06:50:06,577]INFO:0 appointment(s) scraped from 0 email(s) in this period
[2019-04-19 06:50:06,578]INFO:--------Creating Events--------
[2019-04-19 06:50:06,579]INFO:No events to create in this period
[2019-04-19 06:50:06,580]INFO:########Scanning Period Ends########
[2019-04-19 07:00:04,898]INFO:########Scanning Period Starts########
[2019-04-19 07:00:04,898]INFO:--------Reading Emails--------
[2019-04-19 07:00:06,142]INFO:Successfully fetched 0 emails
[2019-04-19 07:00:06,145]INFO:0 appointment(s) scraped from 0 email(s) in this period
[2019-04-19 07:00:06,146]INFO:--------Creating Events--------
[2019-04-19 07:00:06,146]INFO:No events to create in this period
[2019-04-19 07:00:06,147]INFO:########Scanning Period Ends########
[2019-04-19 07:10:05,523]INFO:########Scanning Period Starts########
[2019-04-19 07:10:05,524]INFO:--------Reading Emails--------
[2019-04-19 07:10:06,811]INFO:Successfully fetched 0 emails
[2019-04-19 07:10:06,814]INFO:0 appointment(s) scraped from 0 email(s) in this period
[2019-04-19 07:10:06,815]INFO:--------Creating Events--------
[2019-04-19 07:10:06,816]INFO:No events to create in this period
[2019-04-19 07:10:06,816]INFO:########Scanning Period Ends########
[2019-04-19 07:20:05,212]INFO:########Scanning Period Starts########
[2019-04-19 07:20:05,218]INFO:--------Reading Emails--------
[2019-04-19 07:20:06,364]INFO:Successfully fetched 0 emails
[2019-04-19 07:20:06,367]INFO:0 appointment(s) scraped from 0 email(s) in this period
[2019-04-19 07:20:06,368]INFO:--------Creating Events--------
[2019-04-19 07:20:06,369]INFO:No events to create in this period
[2019-04-19 07:20:06,369]INFO:########Scanning Period Ends########
[2019-04-19 07:30:05,695]INFO:########Scanning Period Starts########
[2019-04-19 07:30:05,695]INFO:--------Reading Emails--------
[2019-04-19 07:30:06,682]INFO:Successfully fetched 0 emails
[2019-04-19 07:30:06,685]INFO:0 appointment(s) scraped from 0 email(s) in this period
[2019-04-19 07:30:06,686]INFO:--------Creating Events--------
[2019-04-19 07:30:06,687]INFO:No events to create in this period
[2019-04-19 07:30:06,687]INFO:########Scanning Period Ends########
[2019-04-19 07:40:05,004]INFO:########Scanning Period Starts########
[2019-04-19 07:40:05,004]INFO:--------Reading Emails--------
[2019-04-19 07:40:06,073]INFO:Successfully fetched 0 emails
[2019-04-19 07:40:06,076]INFO:0 appointment(s) scraped from 0 email(s) in this period
[2019-04-19 07:40:06,077]INFO:--------Creating Events--------
[2019-04-19 07:40:06,078]INFO:No events to create in this period
[2019-04-19 07:40:06,078]INFO:########Scanning Period Ends########
[2019-04-19 07:50:05,395]INFO:########Scanning Period Starts########
[2019-04-19 07:50:05,396]INFO:--------Reading Emails--------
[2019-04-19 07:50:06,754]INFO:Successfully fetched 0 emails
[2019-04-19 07:50:06,758]INFO:0 appointment(s) scraped from 0 email(s) in this period
[2019-04-19 07:50:06,759]INFO:--------Creating Events--------
[2019-04-19 07:50:06,759]INFO:No events to create in this period
[2019-04-19 07:50:06,760]INFO:########Scanning Period Ends########
[2019-04-19 08:00:05,096]INFO:########Scanning Period Starts########
[2019-04-19 08:00:05,096]INFO:--------Reading Emails--------
[2019-04-19 08:00:08,346]INFO:Successfully fetched 0 emails
[2019-04-19 08:00:08,350]INFO:0 appointment(s) scraped from 0 email(s) in this period
[2019-04-19 08:00:08,351]INFO:--------Creating Events--------
[2019-04-19 08:00:08,351]INFO:No events to create in this period
[2019-04-19 08:00:08,352]INFO:########Scanning Period Ends########
[2019-04-19 08:10:05,748]INFO:########Scanning Period Starts########
[2019-04-19 08:10:05,758]INFO:--------Reading Emails--------
[2019-04-19 08:10:07,430]INFO:Successfully fetched 0 emails
[2019-04-19 08:10:07,433]INFO:0 appointment(s) scraped from 0 email(s) in this period
[2019-04-19 08:10:07,434]INFO:--------Creating Events--------
[2019-04-19 08:10:07,435]INFO:No events to create in this period
[2019-04-19 08:10:07,435]INFO:########Scanning Period Ends########
[2019-04-19 08:20:04,782]INFO:########Scanning Period Starts########
[2019-04-19 08:20:04,783]INFO:--------Reading Emails--------
[2019-04-19 08:20:06,112]INFO:Successfully fetched 0 emails
[2019-04-19 08:20:06,116]INFO:0 appointment(s) scraped from 0 email(s) in this period
[2019-04-19 08:20:06,117]INFO:--------Creating Events--------
[2019-04-19 08:20:06,117]INFO:No events to create in this period
[2019-04-19 08:20:06,118]INFO:########Scanning Period Ends########
[2019-04-19 08:30:05,443]INFO:########Scanning Period Starts########
[2019-04-19 08:30:05,443]INFO:--------Reading Emails--------
[2019-04-19 08:30:06,448]INFO:Successfully fetched 0 emails
[2019-04-19 08:30:06,452]INFO:0 appointment(s) scraped from 0 email(s) in this period
[2019-04-19 08:30:06,453]INFO:--------Creating Events--------
[2019-04-19 08:30:06,453]INFO:No events to create in this period
[2019-04-19 08:30:06,454]INFO:########Scanning Period Ends########
[2019-04-19 08:40:05,758]INFO:########Scanning Period Starts########
[2019-04-19 08:40:05,759]INFO:--------Reading Emails--------
[2019-04-19 08:40:07,147]INFO:Successfully fetched 0 emails
[2019-04-19 08:40:07,150]INFO:0 appointment(s) scraped from 0 email(s) in this period
[2019-04-19 08:40:07,151]INFO:--------Creating Events--------
[2019-04-19 08:40:07,152]INFO:No events to create in this period
[2019-04-19 08:40:07,152]INFO:########Scanning Period Ends########
[2019-04-19 08:50:05,505]INFO:########Scanning Period Starts########
[2019-04-19 08:50:05,511]INFO:--------Reading Emails--------
[2019-04-19 08:50:07,127]INFO:Successfully fetched 0 emails
[2019-04-19 08:50:07,131]INFO:0 appointment(s) scraped from 0 email(s) in this period
[2019-04-19 08:50:07,132]INFO:--------Creating Events--------
[2019-04-19 08:50:07,132]INFO:No events to create in this period
[2019-04-19 08:50:07,133]INFO:########Scanning Period Ends########
[2019-04-19 09:00:05,419]INFO:########Scanning Period Starts########
[2019-04-19 09:00:05,425]INFO:--------Reading Emails--------
[2019-04-19 09:00:08,560]INFO:Successfully fetched 0 emails
[2019-04-19 09:00:08,563]INFO:0 appointment(s) scraped from 0 email(s) in this period
[2019-04-19 09:00:08,564]INFO:--------Creating Events--------
[2019-04-19 09:00:08,565]INFO:No events to create in this period
[2019-04-19 09:00:08,565]INFO:########Scanning Period Ends########
[2019-04-19 09:10:04,962]INFO:########Scanning Period Starts########
[2019-04-19 09:10:04,972]INFO:--------Reading Emails--------
[2019-04-19 09:10:06,270]INFO:Successfully fetched 0 emails
[2019-04-19 09:10:06,274]INFO:0 appointment(s) scraped from 0 email(s) in this period
[2019-04-19 09:10:06,275]INFO:--------Creating Events--------
[2019-04-19 09:10:06,275]INFO:No events to create in this period
[2019-04-19 09:10:06,276]INFO:########Scanning Period Ends########
[2019-04-19 09:20:05,703]INFO:########Scanning Period Starts########
[2019-04-19 09:20:05,703]INFO:--------Reading Emails--------
[2019-04-19 09:20:06,946]INFO:Successfully fetched 0 emails
[2019-04-19 09:20:06,949]INFO:0 appointment(s) scraped from 0 email(s) in this period
[2019-04-19 09:20:06,950]INFO:--------Creating Events--------
[2019-04-19 09:20:06,951]INFO:No events to create in this period
[2019-04-19 09:20:06,951]INFO:########Scanning Period Ends########
[2019-04-19 09:30:05,256]INFO:########Scanning Period Starts########
[2019-04-19 09:30:05,257]INFO:--------Reading Emails--------
[2019-04-19 09:30:06,522]INFO:Successfully fetched 0 emails
[2019-04-19 09:30:06,531]INFO:0 appointment(s) scraped from 0 email(s) in this period
[2019-04-19 09:30:06,532]INFO:--------Creating Events--------
[2019-04-19 09:30:06,533]INFO:No events to create in this period
[2019-04-19 09:30:06,533]INFO:########Scanning Period Ends########
[2019-04-19 09:40:04,906]INFO:########Scanning Period Starts########
[2019-04-19 09:40:04,916]INFO:--------Reading Emails--------
[2019-04-19 09:40:07,941]INFO:Successfully fetched 0 emails
[2019-04-19 09:40:07,945]INFO:0 appointment(s) scraped from 0 email(s) in this period
[2019-04-19 09:40:07,946]INFO:--------Creating Events--------
[2019-04-19 09:40:07,946]INFO:No events to create in this period
[2019-04-19 09:40:07,947]INFO:########Scanning Period Ends########
[2019-04-19 09:50:05,277]INFO:########Scanning Period Starts########
[2019-04-19 09:50:05,278]INFO:--------Reading Emails--------
[2019-04-19 09:50:06,332]INFO:Successfully fetched 0 emails
[2019-04-19 09:50:06,336]INFO:0 appointment(s) scraped from 0 email(s) in this period
[2019-04-19 09:50:06,336]INFO:--------Creating Events--------
[2019-04-19 09:50:06,337]INFO:No events to create in this period
[2019-04-19 09:50:06,338]INFO:########Scanning Period Ends########
[2019-04-19 10:00:05,624]INFO:########Scanning Period Starts########
[2019-04-19 10:00:05,624]INFO:--------Reading Emails--------
[2019-04-19 10:00:07,310]INFO:Successfully fetched 0 emails
[2019-04-19 10:00:07,314]INFO:0 appointment(s) scraped from 0 email(s) in this period
[2019-04-19 10:00:07,315]INFO:--------Creating Events--------
[2019-04-19 10:00:07,315]INFO:No events to create in this period
[2019-04-19 10:00:07,316]INFO:########Scanning Period Ends########
[2019-04-19 10:10:05,633]INFO:########Scanning Period Starts########
[2019-04-19 10:10:05,633]INFO:--------Reading Emails--------
[2019-04-19 10:10:06,852]INFO:Successfully fetched 0 emails
[2019-04-19 10:10:06,856]INFO:0 appointment(s) scraped from 0 email(s) in this period
[2019-04-19 10:10:06,857]INFO:--------Creating Events--------
[2019-04-19 10:10:06,857]INFO:No events to create in this period
[2019-04-19 10:10:06,858]INFO:########Scanning Period Ends########
[2019-04-19 10:20:05,335]INFO:########Scanning Period Starts########
[2019-04-19 10:20:05,336]INFO:--------Reading Emails--------
[2019-04-19 10:20:06,267]INFO:Successfully fetched 0 emails
[2019-04-19 10:20:06,271]INFO:0 appointment(s) scraped from 0 email(s) in this period
[2019-04-19 10:20:06,272]INFO:--------Creating Events--------
[2019-04-19 10:20:06,272]INFO:No events to create in this period
[2019-04-19 10:20:06,273]INFO:########Scanning Period Ends########
[2019-04-19 10:30:05,664]INFO:########Scanning Period Starts########
[2019-04-19 10:30:05,665]INFO:--------Reading Emails--------
[2019-04-19 10:30:07,550]INFO:Successfully fetched 0 emails
[2019-04-19 10:30:07,554]INFO:0 appointment(s) scraped from 0 email(s) in this period
[2019-04-19 10:30:07,555]INFO:--------Creating Events--------
[2019-04-19 10:30:07,555]INFO:No events to create in this period
[2019-04-19 10:30:07,556]INFO:########Scanning Period Ends########
[2019-04-19 10:40:04,854]INFO:########Scanning Period Starts########
[2019-04-19 10:40:04,855]INFO:--------Reading Emails--------
[2019-04-19 10:40:06,096]INFO:Successfully fetched 0 emails
[2019-04-19 10:40:06,099]INFO:0 appointment(s) scraped from 0 email(s) in this period
[2019-04-19 10:40:06,100]INFO:--------Creating Events--------
[2019-04-19 10:40:06,101]INFO:No events to create in this period
[2019-04-19 10:40:06,101]INFO:########Scanning Period Ends########
[2019-04-19 10:50:05,436]INFO:########Scanning Period Starts########
[2019-04-19 10:50:05,437]INFO:--------Reading Emails--------
[2019-04-19 10:50:06,715]INFO:Successfully fetched 0 emails
[2019-04-19 10:50:06,719]INFO:0 appointment(s) scraped from 0 email(s) in this period
[2019-04-19 10:50:06,720]INFO:--------Creating Events--------
[2019-04-19 10:50:06,720]INFO:No events to create in this period
[2019-04-19 10:50:06,721]INFO:########Scanning Period Ends########
[2019-04-19 11:00:05,022]INFO:########Scanning Period Starts########
[2019-04-19 11:00:05,030]INFO:--------Reading Emails--------
[2019-04-19 11:00:06,312]INFO:Successfully fetched 0 emails
[2019-04-19 11:00:06,315]INFO:0 appointment(s) scraped from 0 email(s) in this period
[2019-04-19 11:00:06,316]INFO:--------Creating Events--------
[2019-04-19 11:00:06,317]INFO:No events to create in this period
[2019-04-19 11:00:06,317]INFO:########Scanning Period Ends########
[2019-04-19 11:10:05,687]INFO:########Scanning Period Starts########
[2019-04-19 11:10:05,693]INFO:--------Reading Emails--------
[2019-04-19 11:10:06,723]INFO:Successfully fetched 0 emails
[2019-04-19 11:10:06,726]INFO:0 appointment(s) scraped from 0 email(s) in this period
[2019-04-19 11:10:06,727]INFO:--------Creating Events--------
[2019-04-19 11:10:06,728]INFO:No events to create in this period
[2019-04-19 11:10:06,728]INFO:########Scanning Period Ends########
[2019-04-19 11:20:05,109]INFO:########Scanning Period Starts########
[2019-04-19 11:20:05,110]INFO:--------Reading Emails--------
[2019-04-19 11:20:06,078]INFO:Successfully fetched 0 emails
[2019-04-19 11:20:06,081]INFO:0 appointment(s) scraped from 0 email(s) in this period
[2019-04-19 11:20:06,082]INFO:--------Creating Events--------
[2019-04-19 11:20:06,083]INFO:No events to create in this period
[2019-04-19 11:20:06,083]INFO:########Scanning Period Ends########
[2019-04-19 11:30:05,379]INFO:########Scanning Period Starts########
[2019-04-19 11:30:05,379]INFO:--------Reading Emails--------
[2019-04-19 11:30:06,454]INFO:Successfully fetched 0 emails
[2019-04-19 11:30:06,457]INFO:0 appointment(s) scraped from 0 email(s) in this period
[2019-04-19 11:30:06,458]INFO:--------Creating Events--------
[2019-04-19 11:30:06,459]INFO:No events to create in this period
[2019-04-19 11:30:06,459]INFO:########Scanning Period Ends########
[2019-04-19 11:40:05,762]INFO:########Scanning Period Starts########
[2019-04-19 11:40:05,763]INFO:--------Reading Emails--------
[2019-04-19 11:40:07,011]INFO:Successfully fetched 0 emails
[2019-04-19 11:40:07,015]INFO:0 appointment(s) scraped from 0 email(s) in this period
[2019-04-19 11:40:07,015]INFO:--------Creating Events--------
[2019-04-19 11:40:07,016]INFO:No events to create in this period
[2019-04-19 11:40:07,017]INFO:########Scanning Period Ends########
[2019-04-19 11:50:05,345]INFO:########Scanning Period Starts########
[2019-04-19 11:50:05,346]INFO:--------Reading Emails--------
[2019-04-19 11:50:06,492]INFO:Successfully fetched 0 emails
[2019-04-19 11:50:06,496]INFO:0 appointment(s) scraped from 0 email(s) in this period
[2019-04-19 11:50:06,497]INFO:--------Creating Events--------
[2019-04-19 11:50:06,497]INFO:No events to create in this period
[2019-04-19 11:50:06,498]INFO:########Scanning Period Ends########
[2019-04-19 12:00:04,788]INFO:########Scanning Period Starts########
[2019-04-19 12:00:04,789]INFO:--------Reading Emails--------
[2019-04-19 12:00:06,011]INFO:Successfully fetched 0 emails
[2019-04-19 12:00:06,014]INFO:0 appointment(s) scraped from 0 email(s) in this period
[2019-04-19 12:00:06,015]INFO:--------Creating Events--------
[2019-04-19 12:00:06,016]INFO:No events to create in this period
[2019-04-19 12:00:06,016]INFO:########Scanning Period Ends########
[2019-04-19 12:10:05,318]INFO:########Scanning Period Starts########
[2019-04-19 12:10:05,319]INFO:--------Reading Emails--------
[2019-04-19 12:10:06,626]INFO:Successfully fetched 0 emails
[2019-04-19 12:10:06,630]INFO:0 appointment(s) scraped from 0 email(s) in this period
[2019-04-19 12:10:06,631]INFO:--------Creating Events--------
[2019-04-19 12:10:06,631]INFO:No events to create in this period
[2019-04-19 12:10:06,632]INFO:########Scanning Period Ends########
[2019-04-19 12:20:05,087]INFO:########Scanning Period Starts########
[2019-04-19 12:20:05,087]INFO:--------Reading Emails--------
[2019-04-19 12:20:06,026]INFO:Successfully fetched 0 emails
[2019-04-19 12:20:06,029]INFO:0 appointment(s) scraped from 0 email(s) in this period
[2019-04-19 12:20:06,030]INFO:--------Creating Events--------
[2019-04-19 12:20:06,030]INFO:No events to create in this period
[2019-04-19 12:20:06,031]INFO:########Scanning Period Ends########
[2019-04-19 12:30:05,433]INFO:########Scanning Period Starts########
[2019-04-19 12:30:05,434]INFO:--------Reading Emails--------
[2019-04-19 12:30:06,920]INFO:Successfully fetched 0 emails
[2019-04-19 12:30:06,924]INFO:0 appointment(s) scraped from 0 email(s) in this period
[2019-04-19 12:30:06,925]INFO:--------Creating Events--------
[2019-04-19 12:30:06,925]INFO:No events to create in this period
[2019-04-19 12:30:06,926]INFO:########Scanning Period Ends########
[2019-04-19 12:40:05,269]INFO:########Scanning Period Starts########
[2019-04-19 12:40:05,279]INFO:--------Reading Emails--------
[2019-04-19 12:40:06,314]INFO:Successfully fetched 0 emails
[2019-04-19 12:40:06,318]INFO:0 appointment(s) scraped from 0 email(s) in this period
[2019-04-19 12:40:06,318]INFO:--------Creating Events--------
[2019-04-19 12:40:06,320]INFO:No events to create in this period
[2019-04-19 12:40:06,320]INFO:########Scanning Period Ends########
[2019-04-19 12:50:05,658]INFO:########Scanning Period Starts########
[2019-04-19 12:50:05,659]INFO:--------Reading Emails--------
[2019-04-19 12:50:06,862]INFO:Successfully fetched 0 emails
[2019-04-19 12:50:06,865]INFO:0 appointment(s) scraped from 0 email(s) in this period
[2019-04-19 12:50:06,866]INFO:--------Creating Events--------
[2019-04-19 12:50:06,866]INFO:No events to create in this period
[2019-04-19 12:50:06,867]INFO:########Scanning Period Ends########
[2019-04-19 13:00:05,228]INFO:########Scanning Period Starts########
[2019-04-19 13:00:05,229]INFO:--------Reading Emails--------
[2019-04-19 13:00:06,226]INFO:Successfully fetched 0 emails
[2019-04-19 13:00:06,229]INFO:0 appointment(s) scraped from 0 email(s) in this period
[2019-04-19 13:00:06,230]INFO:--------Creating Events--------
[2019-04-19 13:00:06,231]INFO:No events to create in this period
[2019-04-19 13:00:06,231]INFO:########Scanning Period Ends########
[2019-04-19 13:10:05,571]INFO:########Scanning Period Starts########
[2019-04-19 13:10:05,571]INFO:--------Reading Emails--------
[2019-04-19 13:10:06,880]INFO:Successfully fetched 0 emails
[2019-04-19 13:10:06,883]INFO:0 appointment(s) scraped from 0 email(s) in this period
[2019-04-19 13:10:06,884]INFO:--------Creating Events--------
[2019-04-19 13:10:06,885]INFO:No events to create in this period
[2019-04-19 13:10:06,885]INFO:########Scanning Period Ends########
[2019-04-19 13:20:05,274]INFO:########Scanning Period Starts########
[2019-04-19 13:20:05,284]INFO:--------Reading Emails--------
[2019-04-19 13:20:06,244]INFO:Successfully fetched 0 emails
[2019-04-19 13:20:06,248]INFO:0 appointment(s) scraped from 0 email(s) in this period
[2019-04-19 13:20:06,248]INFO:--------Creating Events--------
[2019-04-19 13:20:06,249]INFO:No events to create in this period
[2019-04-19 13:20:06,250]INFO:########Scanning Period Ends########
[2019-04-19 13:30:05,547]INFO:########Scanning Period Starts########
[2019-04-19 13:30:05,558]INFO:--------Reading Emails--------
[2019-04-19 13:30:06,763]INFO:Successfully fetched 0 emails
[2019-04-19 13:30:06,766]INFO:0 appointment(s) scraped from 0 email(s) in this period
[2019-04-19 13:30:06,767]INFO:--------Creating Events--------
[2019-04-19 13:30:06,768]INFO:No events to create in this period
[2019-04-19 13:30:06,768]INFO:########Scanning Period Ends########
[2019-04-19 13:40:05,069]INFO:########Scanning Period Starts########
[2019-04-19 13:40:05,069]INFO:--------Reading Emails--------
[2019-04-19 13:40:06,133]INFO:Successfully fetched 0 emails
[2019-04-19 13:40:06,136]INFO:0 appointment(s) scraped from 0 email(s) in this period
[2019-04-19 13:40:06,137]INFO:--------Creating Events--------
[2019-04-19 13:40:06,137]INFO:No events to create in this period
[2019-04-19 13:40:06,138]INFO:########Scanning Period Ends########
[2019-04-19 13:50:05,443]INFO:########Scanning Period Starts########
[2019-04-19 13:50:05,443]INFO:--------Reading Emails--------
[2019-04-19 13:50:06,434]INFO:Successfully fetched 0 emails
[2019-04-19 13:50:06,437]INFO:0 appointment(s) scraped from 0 email(s) in this period
[2019-04-19 13:50:06,438]INFO:--------Creating Events--------
[2019-04-19 13:50:06,439]INFO:No events to create in this period
[2019-04-19 13:50:06,440]INFO:########Scanning Period Ends########
[2019-04-19 14:00:05,772]INFO:########Scanning Period Starts########
[2019-04-19 14:00:05,773]INFO:--------Reading Emails--------
[2019-04-19 14:00:06,998]INFO:Successfully fetched 0 emails
[2019-04-19 14:00:07,002]INFO:0 appointment(s) scraped from 0 email(s) in this period
[2019-04-19 14:00:07,003]INFO:--------Creating Events--------
[2019-04-19 14:00:07,004]INFO:No events to create in this period
[2019-04-19 14:00:07,004]INFO:########Scanning Period Ends########
[2019-04-19 14:10:05,310]INFO:########Scanning Period Starts########
[2019-04-19 14:10:05,310]INFO:--------Reading Emails--------
[2019-04-19 14:10:07,562]INFO:Successfully fetched 0 emails
[2019-04-19 14:10:07,566]INFO:0 appointment(s) scraped from 0 email(s) in this period
[2019-04-19 14:10:07,567]INFO:--------Creating Events--------
[2019-04-19 14:10:07,567]INFO:No events to create in this period
[2019-04-19 14:10:07,568]INFO:########Scanning Period Ends########
[2019-04-19 14:20:05,002]INFO:########Scanning Period Starts########
[2019-04-19 14:20:05,003]INFO:--------Reading Emails--------
[2019-04-19 14:20:06,126]INFO:Successfully fetched 0 emails
[2019-04-19 14:20:06,129]INFO:0 appointment(s) scraped from 0 email(s) in this period
[2019-04-19 14:20:06,130]INFO:--------Creating Events--------
[2019-04-19 14:20:06,131]INFO:No events to create in this period
[2019-04-19 14:20:06,131]INFO:########Scanning Period Ends########
[2019-04-19 14:30:05,484]INFO:########Scanning Period Starts########
[2019-04-19 14:30:05,494]INFO:--------Reading Emails--------
[2019-04-19 14:30:06,967]INFO:Successfully fetched 0 emails
[2019-04-19 14:30:06,970]INFO:0 appointment(s) scraped from 0 email(s) in this period
[2019-04-19 14:30:06,971]INFO:--------Creating Events--------
[2019-04-19 14:30:06,972]INFO:No events to create in this period
[2019-04-19 14:30:06,972]INFO:########Scanning Period Ends########
[2019-04-19 14:40:05,348]INFO:########Scanning Period Starts########
[2019-04-19 14:40:05,355]INFO:--------Reading Emails--------
[2019-04-19 14:40:06,724]INFO:Successfully fetched 0 emails
[2019-04-19 14:40:06,727]INFO:0 appointment(s) scraped from 0 email(s) in this period
[2019-04-19 14:40:06,728]INFO:--------Creating Events--------
[2019-04-19 14:40:06,729]INFO:No events to create in this period
[2019-04-19 14:40:06,729]INFO:########Scanning Period Ends########
[2019-04-19 14:50:05,065]INFO:########Scanning Period Starts########
[2019-04-19 14:50:05,066]INFO:--------Reading Emails--------
[2019-04-19 14:50:06,396]INFO:Successfully fetched 0 emails
[2019-04-19 14:50:06,399]INFO:0 appointment(s) scraped from 0 email(s) in this period
[2019-04-19 14:50:06,400]INFO:--------Creating Events--------
[2019-04-19 14:50:06,401]INFO:No events to create in this period
[2019-04-19 14:50:06,402]INFO:########Scanning Period Ends########
[2019-04-19 15:00:05,772]INFO:########Scanning Period Starts########
[2019-04-19 15:00:05,772]INFO:--------Reading Emails--------
[2019-04-19 15:00:06,943]INFO:Successfully fetched 0 emails
[2019-04-19 15:00:06,947]INFO:0 appointment(s) scraped from 0 email(s) in this period
[2019-04-19 15:00:06,948]INFO:--------Creating Events--------
[2019-04-19 15:00:06,948]INFO:No events to create in this period
[2019-04-19 15:00:06,949]INFO:########Scanning Period Ends########
[2019-04-19 15:10:05,332]INFO:########Scanning Period Starts########
[2019-04-19 15:10:05,342]INFO:--------Reading Emails--------
[2019-04-19 15:10:06,514]INFO:Successfully fetched 0 emails
[2019-04-19 15:10:06,518]INFO:0 appointment(s) scraped from 0 email(s) in this period
[2019-04-19 15:10:06,519]INFO:--------Creating Events--------
[2019-04-19 15:10:06,519]INFO:No events to create in this period
[2019-04-19 15:10:06,520]INFO:########Scanning Period Ends########
[2019-04-19 15:20:04,875]INFO:########Scanning Period Starts########
[2019-04-19 15:20:04,875]INFO:--------Reading Emails--------
[2019-04-19 15:20:05,795]INFO:Successfully fetched 0 emails
[2019-04-19 15:20:05,798]INFO:0 appointment(s) scraped from 0 email(s) in this period
[2019-04-19 15:20:05,799]INFO:--------Creating Events--------
[2019-04-19 15:20:05,800]INFO:No events to create in this period
[2019-04-19 15:20:05,800]INFO:########Scanning Period Ends########
[2019-04-19 15:30:05,100]INFO:########Scanning Period Starts########
[2019-04-19 15:30:05,101]INFO:--------Reading Emails--------
[2019-04-19 15:30:06,235]INFO:Successfully fetched 0 emails
[2019-04-19 15:30:06,239]INFO:0 appointment(s) scraped from 0 email(s) in this period
[2019-04-19 15:30:06,240]INFO:--------Creating Events--------
[2019-04-19 15:30:06,240]INFO:No events to create in this period
[2019-04-19 15:30:06,241]INFO:########Scanning Period Ends########
[2019-04-19 15:40:05,605]INFO:########Scanning Period Starts########
[2019-04-19 15:40:05,606]INFO:--------Reading Emails--------
[2019-04-19 15:40:06,653]INFO:Successfully fetched 0 emails
[2019-04-19 15:40:06,657]INFO:0 appointment(s) scraped from 0 email(s) in this period
[2019-04-19 15:40:06,658]INFO:--------Creating Events--------
[2019-04-19 15:40:06,658]INFO:No events to create in this period
[2019-04-19 15:40:06,659]INFO:########Scanning Period Ends########
[2019-04-19 15:50:04,993]INFO:########Scanning Period Starts########
[2019-04-19 15:50:04,993]INFO:--------Reading Emails--------
[2019-04-19 15:50:05,968]INFO:Successfully fetched 0 emails
[2019-04-19 15:50:05,972]INFO:0 appointment(s) scraped from 0 email(s) in this period
[2019-04-19 15:50:05,973]INFO:--------Creating Events--------
[2019-04-19 15:50:05,973]INFO:No events to create in this period
[2019-04-19 15:50:05,974]INFO:########Scanning Period Ends########
[2019-04-19 16:00:05,273]INFO:########Scanning Period Starts########
[2019-04-19 16:00:05,273]INFO:--------Reading Emails--------
[2019-04-19 16:00:06,543]INFO:Successfully fetched 0 emails
[2019-04-19 16:00:06,547]INFO:0 appointment(s) scraped from 0 email(s) in this period
[2019-04-19 16:00:06,548]INFO:--------Creating Events--------
[2019-04-19 16:00:06,548]INFO:No events to create in this period
[2019-04-19 16:00:06,549]INFO:########Scanning Period Ends########
[2019-04-19 16:10:04,842]INFO:########Scanning Period Starts########
[2019-04-19 16:10:04,842]INFO:--------Reading Emails--------
[2019-04-19 16:10:05,886]INFO:Successfully fetched 0 emails
[2019-04-19 16:10:05,889]INFO:0 appointment(s) scraped from 0 email(s) in this period
[2019-04-19 16:10:05,894]INFO:--------Creating Events--------
[2019-04-19 16:10:05,895]INFO:No events to create in this period
[2019-04-19 16:10:05,896]INFO:########Scanning Period Ends########
[2019-04-19 16:20:05,284]INFO:########Scanning Period Starts########
[2019-04-19 16:20:05,284]INFO:--------Reading Emails--------
[2019-04-19 16:20:06,246]INFO:Successfully fetched 0 emails
[2019-04-19 16:20:06,250]INFO:0 appointment(s) scraped from 0 email(s) in this period
[2019-04-19 16:20:06,250]INFO:--------Creating Events--------
[2019-04-19 16:20:06,251]INFO:No events to create in this period
[2019-04-19 16:20:06,252]INFO:########Scanning Period Ends########
[2019-04-19 16:30:05,603]INFO:########Scanning Period Starts########
[2019-04-19 16:30:05,608]INFO:--------Reading Emails--------
[2019-04-19 16:30:06,546]INFO:Successfully fetched 0 emails
[2019-04-19 16:30:06,549]INFO:0 appointment(s) scraped from 0 email(s) in this period
[2019-04-19 16:30:06,550]INFO:--------Creating Events--------
[2019-04-19 16:30:06,551]INFO:No events to create in this period
[2019-04-19 16:30:06,551]INFO:########Scanning Period Ends########
[2019-04-19 16:40:04,912]INFO:########Scanning Period Starts########
[2019-04-19 16:40:04,913]INFO:--------Reading Emails--------
[2019-04-19 16:40:05,840]INFO:Successfully fetched 0 emails
[2019-04-19 16:40:05,844]INFO:0 appointment(s) scraped from 0 email(s) in this period
[2019-04-19 16:40:05,845]INFO:--------Creating Events--------
[2019-04-19 16:40:05,845]INFO:No events to create in this period
[2019-04-19 16:40:05,846]INFO:########Scanning Period Ends########
[2019-04-19 16:50:05,164]INFO:########Scanning Period Starts########
[2019-04-19 16:50:05,164]INFO:--------Reading Emails--------
[2019-04-19 16:50:06,348]INFO:Successfully fetched 0 emails
[2019-04-19 16:50:06,352]INFO:0 appointment(s) scraped from 0 email(s) in this period
[2019-04-19 16:50:06,353]INFO:--------Creating Events--------
[2019-04-19 16:50:06,353]INFO:No events to create in this period
[2019-04-19 16:50:06,354]INFO:########Scanning Period Ends########
[2019-04-19 17:00:05,643]INFO:########Scanning Period Starts########
[2019-04-19 17:00:05,644]INFO:--------Reading Emails--------
[2019-04-19 17:00:06,871]INFO:Successfully fetched 0 emails
[2019-04-19 17:00:06,874]INFO:0 appointment(s) scraped from 0 email(s) in this period
[2019-04-19 17:00:06,875]INFO:--------Creating Events--------
[2019-04-19 17:00:06,876]INFO:No events to create in this period
[2019-04-19 17:00:06,876]INFO:########Scanning Period Ends########
[2019-04-19 17:10:05,248]INFO:########Scanning Period Starts########
[2019-04-19 17:10:05,248]INFO:--------Reading Emails--------
[2019-04-19 17:10:07,210]INFO:Successfully fetched 0 emails
[2019-04-19 17:10:07,213]INFO:0 appointment(s) scraped from 0 email(s) in this period
[2019-04-19 17:10:07,214]INFO:--------Creating Events--------
[2019-04-19 17:10:07,215]INFO:No events to create in this period
[2019-04-19 17:10:07,215]INFO:########Scanning Period Ends########
[2019-04-19 17:20:05,648]INFO:########Scanning Period Starts########
[2019-04-19 17:20:05,648]INFO:--------Reading Emails--------
[2019-04-19 17:20:06,836]INFO:Successfully fetched 0 emails
[2019-04-19 17:20:06,839]INFO:0 appointment(s) scraped from 0 email(s) in this period
[2019-04-19 17:20:06,840]INFO:--------Creating Events--------
[2019-04-19 17:20:06,841]INFO:No events to create in this period
[2019-04-19 17:20:06,841]INFO:########Scanning Period Ends########
[2019-04-19 17:30:05,215]INFO:########Scanning Period Starts########
[2019-04-19 17:30:05,220]INFO:--------Reading Emails--------
[2019-04-19 17:30:06,151]INFO:Successfully fetched 0 emails
[2019-04-19 17:30:06,155]INFO:0 appointment(s) scraped from 0 email(s) in this period
[2019-04-19 17:30:06,156]INFO:--------Creating Events--------
[2019-04-19 17:30:06,156]INFO:No events to create in this period
[2019-04-19 17:30:06,157]INFO:########Scanning Period Ends########
[2019-04-19 17:40:05,486]INFO:########Scanning Period Starts########
[2019-04-19 17:40:05,487]INFO:--------Reading Emails--------
[2019-04-19 17:40:12,850]INFO:Successfully fetched 0 emails
[2019-04-19 17:40:12,854]INFO:0 appointment(s) scraped from 0 email(s) in this period
[2019-04-19 17:40:12,855]INFO:--------Creating Events--------
[2019-04-19 17:40:12,856]INFO:No events to create in this period
[2019-04-19 17:40:12,857]INFO:########Scanning Period Ends########
[2019-04-19 17:50:05,217]INFO:########Scanning Period Starts########
[2019-04-19 17:50:05,218]INFO:--------Reading Emails--------
[2019-04-19 17:50:06,766]INFO:Successfully fetched 0 emails
[2019-04-19 17:50:06,770]INFO:0 appointment(s) scraped from 0 email(s) in this period
[2019-04-19 17:50:06,771]INFO:--------Creating Events--------
[2019-04-19 17:50:06,771]INFO:No events to create in this period
[2019-04-19 17:50:06,772]INFO:########Scanning Period Ends########
[2019-04-19 18:00:05,181]INFO:########Scanning Period Starts########
[2019-04-19 18:00:05,181]INFO:--------Reading Emails--------
[2019-04-19 18:00:08,444]INFO:Successfully fetched 0 emails
[2019-04-19 18:00:08,448]INFO:0 appointment(s) scraped from 0 email(s) in this period
[2019-04-19 18:00:08,448]INFO:--------Creating Events--------
[2019-04-19 18:00:08,449]INFO:No events to create in this period
[2019-04-19 18:00:08,450]INFO:########Scanning Period Ends########
[2019-04-19 18:10:05,811]INFO:########Scanning Period Starts########
[2019-04-19 18:10:05,812]INFO:--------Reading Emails--------
[2019-04-19 18:10:06,987]INFO:Successfully fetched 0 emails
[2019-04-19 18:10:06,991]INFO:0 appointment(s) scraped from 0 email(s) in this period
[2019-04-19 18:10:06,992]INFO:--------Creating Events--------
[2019-04-19 18:10:06,993]INFO:No events to create in this period
[2019-04-19 18:10:06,993]INFO:########Scanning Period Ends########
[2019-04-19 18:20:05,446]INFO:########Scanning Period Starts########
[2019-04-19 18:20:05,456]INFO:--------Reading Emails--------
[2019-04-19 18:20:06,741]INFO:Successfully fetched 0 emails
[2019-04-19 18:20:06,745]INFO:0 appointment(s) scraped from 0 email(s) in this period
[2019-04-19 18:20:06,745]INFO:--------Creating Events--------
[2019-04-19 18:20:06,746]INFO:No events to create in this period
[2019-04-19 18:20:06,747]INFO:########Scanning Period Ends########
[2019-04-19 18:30:05,157]INFO:########Scanning Period Starts########
[2019-04-19 18:30:05,157]INFO:--------Reading Emails--------
[2019-04-19 18:30:06,847]INFO:Successfully fetched 0 emails
[2019-04-19 18:30:06,851]INFO:0 appointment(s) scraped from 0 email(s) in this period
[2019-04-19 18:30:06,852]INFO:--------Creating Events--------
[2019-04-19 18:30:06,852]INFO:No events to create in this period
[2019-04-19 18:30:06,853]INFO:########Scanning Period Ends########
[2019-04-19 18:40:05,186]INFO:########Scanning Period Starts########
[2019-04-19 18:40:05,188]INFO:--------Reading Emails--------
[2019-04-19 18:40:06,143]INFO:Successfully fetched 0 emails
[2019-04-19 18:40:06,146]INFO:0 appointment(s) scraped from 0 email(s) in this period
[2019-04-19 18:40:06,147]INFO:--------Creating Events--------
[2019-04-19 18:40:06,148]INFO:No events to create in this period
[2019-04-19 18:40:06,148]INFO:########Scanning Period Ends########
[2019-04-19 18:50:05,468]INFO:########Scanning Period Starts########
[2019-04-19 18:50:05,469]INFO:--------Reading Emails--------
[2019-04-19 18:50:06,703]INFO:Successfully fetched 0 emails
[2019-04-19 18:50:06,706]INFO:0 appointment(s) scraped from 0 email(s) in this period
[2019-04-19 18:50:06,707]INFO:--------Creating Events--------
[2019-04-19 18:50:06,708]INFO:No events to create in this period
[2019-04-19 18:50:06,708]INFO:########Scanning Period Ends########
[2019-04-19 19:00:05,033]INFO:########Scanning Period Starts########
[2019-04-19 19:00:05,034]INFO:--------Reading Emails--------
[2019-04-19 19:00:18,823]INFO:Successfully fetched 0 emails
[2019-04-19 19:00:18,826]INFO:0 appointment(s) scraped from 0 email(s) in this period
[2019-04-19 19:00:18,828]INFO:--------Creating Events--------
[2019-04-19 19:00:18,829]INFO:No events to create in this period
[2019-04-19 19:00:18,830]INFO:########Scanning Period Ends########
[2019-04-19 19:10:05,181]INFO:########Scanning Period Starts########
[2019-04-19 19:10:05,182]INFO:--------Reading Emails--------
[2019-04-19 19:10:07,222]INFO:Successfully fetched 0 emails
[2019-04-19 19:10:07,226]INFO:0 appointment(s) scraped from 0 email(s) in this period
[2019-04-19 19:10:07,226]INFO:--------Creating Events--------
[2019-04-19 19:10:07,227]INFO:No events to create in this period
[2019-04-19 19:10:07,228]INFO:########Scanning Period Ends########
[2019-04-19 19:20:05,645]INFO:########Scanning Period Starts########
[2019-04-19 19:20:05,646]INFO:--------Reading Emails--------
[2019-04-19 19:20:06,654]INFO:Successfully fetched 0 emails
[2019-04-19 19:20:06,658]INFO:0 appointment(s) scraped from 0 email(s) in this period
[2019-04-19 19:20:06,658]INFO:--------Creating Events--------
[2019-04-19 19:20:06,659]INFO:No events to create in this period
[2019-04-19 19:20:06,660]INFO:########Scanning Period Ends########
[2019-04-19 19:30:05,006]INFO:########Scanning Period Starts########
[2019-04-19 19:30:05,007]INFO:--------Reading Emails--------
[2019-04-19 19:30:08,611]INFO:Successfully fetched 0 emails
[2019-04-19 19:30:08,614]INFO:0 appointment(s) scraped from 0 email(s) in this period
[2019-04-19 19:30:08,615]INFO:--------Creating Events--------
[2019-04-19 19:30:08,616]INFO:No events to create in this period
[2019-04-19 19:30:08,616]INFO:########Scanning Period Ends########
[2019-04-19 19:40:04,974]INFO:########Scanning Period Starts########
[2019-04-19 19:40:04,974]INFO:--------Reading Emails--------
[2019-04-19 19:40:06,151]INFO:Successfully fetched 0 emails
[2019-04-19 19:40:06,154]INFO:0 appointment(s) scraped from 0 email(s) in this period
[2019-04-19 19:40:06,155]INFO:--------Creating Events--------
[2019-04-19 19:40:06,156]INFO:No events to create in this period
[2019-04-19 19:40:06,156]INFO:########Scanning Period Ends########
[2019-04-19 19:50:05,536]INFO:########Scanning Period Starts########
[2019-04-19 19:50:05,537]INFO:--------Reading Emails--------
[2019-04-19 19:50:07,089]INFO:Successfully fetched 0 emails
[2019-04-19 19:50:07,093]INFO:0 appointment(s) scraped from 0 email(s) in this period
[2019-04-19 19:50:07,093]INFO:--------Creating Events--------
[2019-04-19 19:50:07,094]INFO:No events to create in this period
[2019-04-19 19:50:07,095]INFO:########Scanning Period Ends########
[2019-04-19 20:00:05,469]INFO:########Scanning Period Starts########
[2019-04-19 20:00:05,470]INFO:--------Reading Emails--------
[2019-04-19 20:00:06,480]INFO:Successfully fetched 0 emails
[2019-04-19 20:00:06,484]INFO:0 appointment(s) scraped from 0 email(s) in this period
[2019-04-19 20:00:06,485]INFO:--------Creating Events--------
[2019-04-19 20:00:06,485]INFO:No events to create in this period
[2019-04-19 20:00:06,486]INFO:########Scanning Period Ends########
[2019-04-19 20:10:04,776]INFO:########Scanning Period Starts########
[2019-04-19 20:10:04,777]INFO:--------Reading Emails--------
[2019-04-19 20:10:05,924]INFO:Successfully fetched 0 emails
[2019-04-19 20:10:05,928]INFO:0 appointment(s) scraped from 0 email(s) in this period
[2019-04-19 20:10:05,929]INFO:--------Creating Events--------
[2019-04-19 20:10:05,929]INFO:No events to create in this period
[2019-04-19 20:10:05,930]INFO:########Scanning Period Ends########
[2019-04-19 20:20:05,357]INFO:########Scanning Period Starts########
[2019-04-19 20:20:05,358]INFO:--------Reading Emails--------
[2019-04-19 20:20:06,240]INFO:Successfully fetched 0 emails
[2019-04-19 20:20:06,243]INFO:0 appointment(s) scraped from 0 email(s) in this period
[2019-04-19 20:20:06,244]INFO:--------Creating Events--------
[2019-04-19 20:20:06,244]INFO:No events to create in this period
[2019-04-19 20:20:06,245]INFO:########Scanning Period Ends########
[2019-04-19 20:30:05,619]INFO:########Scanning Period Starts########
[2019-04-19 20:30:05,620]INFO:--------Reading Emails--------
[2019-04-19 20:30:07,367]INFO:Successfully fetched 0 emails
[2019-04-19 20:30:07,375]INFO:0 appointment(s) scraped from 0 email(s) in this period
[2019-04-19 20:30:07,376]INFO:--------Creating Events--------
[2019-04-19 20:30:07,377]INFO:No events to create in this period
[2019-04-19 20:30:07,377]INFO:########Scanning Period Ends########
[2019-04-19 20:40:05,738]INFO:########Scanning Period Starts########
[2019-04-19 20:40:05,738]INFO:--------Reading Emails--------
[2019-04-19 20:40:07,173]INFO:Successfully fetched 0 emails
[2019-04-19 20:40:07,177]INFO:0 appointment(s) scraped from 0 email(s) in this period
[2019-04-19 20:40:07,178]INFO:--------Creating Events--------
[2019-04-19 20:40:07,178]INFO:No events to create in this period
[2019-04-19 20:40:07,179]INFO:########Scanning Period Ends########
[2019-04-19 20:50:05,526]INFO:########Scanning Period Starts########
[2019-04-19 20:50:05,527]INFO:--------Reading Emails--------
[2019-04-19 20:50:06,369]INFO:Successfully fetched 0 emails
[2019-04-19 20:50:06,372]INFO:0 appointment(s) scraped from 0 email(s) in this period
[2019-04-19 20:50:06,373]INFO:--------Creating Events--------
[2019-04-19 20:50:06,374]INFO:No events to create in this period
[2019-04-19 20:50:06,374]INFO:########Scanning Period Ends########
[2019-04-19 21:00:05,753]INFO:########Scanning Period Starts########
[2019-04-19 21:00:05,763]INFO:--------Reading Emails--------
[2019-04-19 21:00:06,970]INFO:Successfully fetched 0 emails
[2019-04-19 21:00:06,974]INFO:0 appointment(s) scraped from 0 email(s) in this period
[2019-04-19 21:00:06,975]INFO:--------Creating Events--------
[2019-04-19 21:00:06,976]INFO:No events to create in this period
[2019-04-19 21:00:06,976]INFO:########Scanning Period Ends########
[2019-04-19 21:10:05,333]INFO:########Scanning Period Starts########
[2019-04-19 21:10:05,334]INFO:--------Reading Emails--------
[2019-04-19 21:10:06,228]INFO:Successfully fetched 0 emails
[2019-04-19 21:10:06,232]INFO:0 appointment(s) scraped from 0 email(s) in this period
[2019-04-19 21:10:06,237]INFO:--------Creating Events--------
[2019-04-19 21:10:06,238]INFO:No events to create in this period
[2019-04-19 21:10:06,238]INFO:########Scanning Period Ends########
[2019-04-19 21:20:05,630]INFO:########Scanning Period Starts########
[2019-04-19 21:20:05,631]INFO:--------Reading Emails--------
[2019-04-19 21:20:06,909]INFO:Successfully fetched 0 emails
[2019-04-19 21:20:06,912]INFO:0 appointment(s) scraped from 0 email(s) in this period
[2019-04-19 21:20:06,913]INFO:--------Creating Events--------
[2019-04-19 21:20:06,914]INFO:No events to create in this period
[2019-04-19 21:20:06,914]INFO:########Scanning Period Ends########
[2019-04-19 21:30:05,278]INFO:########Scanning Period Starts########
[2019-04-19 21:30:05,280]INFO:--------Reading Emails--------
[2019-04-19 21:30:06,436]INFO:Successfully fetched 0 emails
[2019-04-19 21:30:06,440]INFO:0 appointment(s) scraped from 0 email(s) in this period
[2019-04-19 21:30:06,440]INFO:--------Creating Events--------
[2019-04-19 21:30:06,441]INFO:No events to create in this period
[2019-04-19 21:30:06,442]INFO:########Scanning Period Ends########
[2019-04-19 21:40:05,756]INFO:########Scanning Period Starts########
[2019-04-19 21:40:05,756]INFO:--------Reading Emails--------
[2019-04-19 21:40:06,998]INFO:Successfully fetched 0 emails
[2019-04-19 21:40:07,001]INFO:0 appointment(s) scraped from 0 email(s) in this period
[2019-04-19 21:40:07,006]INFO:--------Creating Events--------
[2019-04-19 21:40:07,006]INFO:No events to create in this period
[2019-04-19 21:40:07,007]INFO:########Scanning Period Ends########
[2019-04-19 21:50:05,349]INFO:########Scanning Period Starts########
[2019-04-19 21:50:05,351]INFO:--------Reading Emails--------
[2019-04-19 21:50:06,422]INFO:Successfully fetched 0 emails
[2019-04-19 21:50:06,431]INFO:0 appointment(s) scraped from 0 email(s) in this period
[2019-04-19 21:50:06,432]INFO:--------Creating Events--------
[2019-04-19 21:50:06,433]INFO:No events to create in this period
[2019-04-19 21:50:06,433]INFO:########Scanning Period Ends########
[2019-04-19 22:00:05,819]INFO:########Scanning Period Starts########
[2019-04-19 22:00:05,819]INFO:--------Reading Emails--------
[2019-04-19 22:00:07,080]INFO:Successfully fetched 0 emails
[2019-04-19 22:00:07,083]INFO:0 appointment(s) scraped from 0 email(s) in this period
[2019-04-19 22:00:07,084]INFO:--------Creating Events--------
[2019-04-19 22:00:07,085]INFO:No events to create in this period
[2019-04-19 22:00:07,085]INFO:########Scanning Period Ends########
[2019-04-19 22:10:05,416]INFO:########Scanning Period Starts########
[2019-04-19 22:10:05,417]INFO:--------Reading Emails--------
[2019-04-19 22:10:06,433]INFO:Successfully fetched 0 emails
[2019-04-19 22:10:06,446]INFO:0 appointment(s) scraped from 0 email(s) in this period
[2019-04-19 22:10:06,447]INFO:--------Creating Events--------
[2019-04-19 22:10:06,448]INFO:No events to create in this period
[2019-04-19 22:10:06,448]INFO:########Scanning Period Ends########
[2019-04-19 22:20:04,853]INFO:########Scanning Period Starts########
[2019-04-19 22:20:04,853]INFO:--------Reading Emails--------
[2019-04-19 22:20:05,918]INFO:Successfully fetched 0 emails
[2019-04-19 22:20:05,921]INFO:0 appointment(s) scraped from 0 email(s) in this period
[2019-04-19 22:20:05,931]INFO:--------Creating Events--------
[2019-04-19 22:20:05,932]INFO:No events to create in this period
[2019-04-19 22:20:05,933]INFO:########Scanning Period Ends########
[2019-04-19 22:30:05,283]INFO:########Scanning Period Starts########
[2019-04-19 22:30:05,284]INFO:--------Reading Emails--------
[2019-04-19 22:30:06,394]INFO:Successfully fetched 0 emails
[2019-04-19 22:30:06,397]INFO:0 appointment(s) scraped from 0 email(s) in this period
[2019-04-19 22:30:06,402]INFO:--------Creating Events--------
[2019-04-19 22:30:06,403]INFO:No events to create in this period
[2019-04-19 22:30:06,404]INFO:########Scanning Period Ends########
[2019-04-19 22:40:05,689]INFO:########Scanning Period Starts########
[2019-04-19 22:40:05,690]INFO:--------Reading Emails--------
[2019-04-19 22:40:07,007]INFO:Successfully fetched 0 emails
[2019-04-19 22:40:07,010]INFO:0 appointment(s) scraped from 0 email(s) in this period
[2019-04-19 22:40:07,011]INFO:--------Creating Events--------
[2019-04-19 22:40:07,012]INFO:No events to create in this period
[2019-04-19 22:40:07,012]INFO:########Scanning Period Ends########
[2019-04-19 22:50:05,364]INFO:########Scanning Period Starts########
[2019-04-19 22:50:05,365]INFO:--------Reading Emails--------
[2019-04-19 22:50:06,736]INFO:Successfully fetched 0 emails
[2019-04-19 22:50:06,740]INFO:0 appointment(s) scraped from 0 email(s) in this period
[2019-04-19 22:50:06,741]INFO:--------Creating Events--------
[2019-04-19 22:50:06,741]INFO:No events to create in this period
[2019-04-19 22:50:06,742]INFO:########Scanning Period Ends########
[2019-04-19 23:00:05,133]INFO:########Scanning Period Starts########
[2019-04-19 23:00:05,134]INFO:--------Reading Emails--------
[2019-04-19 23:00:07,911]INFO:Successfully fetched 0 emails
[2019-04-19 23:00:07,915]INFO:0 appointment(s) scraped from 0 email(s) in this period
[2019-04-19 23:00:07,916]INFO:--------Creating Events--------
[2019-04-19 23:00:07,916]INFO:No events to create in this period
[2019-04-19 23:00:07,917]INFO:########Scanning Period Ends########
[2019-04-19 23:10:05,275]INFO:########Scanning Period Starts########
[2019-04-19 23:10:05,276]INFO:--------Reading Emails--------
[2019-04-19 23:10:06,317]INFO:Successfully fetched 0 emails
[2019-04-19 23:10:06,326]INFO:0 appointment(s) scraped from 0 email(s) in this period
[2019-04-19 23:10:06,327]INFO:--------Creating Events--------
[2019-04-19 23:10:06,328]INFO:No events to create in this period
[2019-04-19 23:10:06,328]INFO:########Scanning Period Ends########
[2019-04-19 23:20:05,698]INFO:########Scanning Period Starts########
[2019-04-19 23:20:05,698]INFO:--------Reading Emails--------
[2019-04-19 23:20:07,583]INFO:Successfully fetched 0 emails
[2019-04-19 23:20:07,587]INFO:0 appointment(s) scraped from 0 email(s) in this period
[2019-04-19 23:20:07,588]INFO:--------Creating Events--------
[2019-04-19 23:20:07,588]INFO:No events to create in this period
[2019-04-19 23:20:07,589]INFO:########Scanning Period Ends########
[2019-04-19 23:30:04,907]INFO:########Scanning Period Starts########
[2019-04-19 23:30:04,908]INFO:--------Reading Emails--------
[2019-04-19 23:30:06,011]INFO:Successfully fetched 0 emails
[2019-04-19 23:30:06,014]INFO:0 appointment(s) scraped from 0 email(s) in this period
[2019-04-19 23:30:06,024]INFO:--------Creating Events--------
[2019-04-19 23:30:06,025]INFO:No events to create in this period
[2019-04-19 23:30:06,025]INFO:########Scanning Period Ends########
[2019-04-19 23:40:05,294]INFO:########Scanning Period Starts########
[2019-04-19 23:40:05,295]INFO:--------Reading Emails--------
[2019-04-19 23:40:06,616]INFO:Successfully fetched 0 emails
[2019-04-19 23:40:06,620]INFO:0 appointment(s) scraped from 0 email(s) in this period
[2019-04-19 23:40:06,625]INFO:--------Creating Events--------
[2019-04-19 23:40:06,626]INFO:No events to create in this period
[2019-04-19 23:40:06,626]INFO:########Scanning Period Ends########
[2019-04-19 23:50:04,982]INFO:########Scanning Period Starts########
[2019-04-19 23:50:04,983]INFO:--------Reading Emails--------
[2019-04-19 23:50:06,917]INFO:Successfully fetched 0 emails
[2019-04-19 23:50:06,920]INFO:0 appointment(s) scraped from 0 email(s) in this period
[2019-04-19 23:50:06,921]INFO:--------Creating Events--------
[2019-04-19 23:50:06,922]INFO:No events to create in this period
[2019-04-19 23:50:06,922]INFO:########Scanning Period Ends########
