[2019-05-01 00:00:05,757]INFO:########Scanning Period Starts########
[2019-05-01 00:00:05,758]INFO:--------Reading Emails--------
[2019-05-01 00:00:07,146]INFO:Successfully fetched 0 emails
[2019-05-01 00:00:07,160]INFO:0 appointment(s) scraped from 0 email(s) in this period
[2019-05-01 00:00:07,161]INFO:--------Creating Events--------
[2019-05-01 00:00:07,162]INFO:No events to create in this period
[2019-05-01 00:00:07,162]INFO:########Scanning Period Ends########
[2019-05-01 00:10:05,550]INFO:########Scanning Period Starts########
[2019-05-01 00:10:05,551]INFO:--------Reading Emails--------
[2019-05-01 00:10:06,667]INFO:Successfully fetched 0 emails
[2019-05-01 00:10:06,671]INFO:0 appointment(s) scraped from 0 email(s) in this period
[2019-05-01 00:10:06,672]INFO:--------Creating Events--------
[2019-05-01 00:10:06,673]INFO:No events to create in this period
[2019-05-01 00:10:06,673]INFO:########Scanning Period Ends########
[2019-05-01 00:20:05,039]INFO:########Scanning Period Starts########
[2019-05-01 00:20:05,040]INFO:--------Reading Emails--------
[2019-05-01 00:20:06,173]INFO:Successfully fetched 0 emails
[2019-05-01 00:20:06,176]INFO:0 appointment(s) scraped from 0 email(s) in this period
[2019-05-01 00:20:06,177]INFO:--------Creating Events--------
[2019-05-01 00:20:06,178]INFO:No events to create in this period
[2019-05-01 00:20:06,178]INFO:########Scanning Period Ends########
[2019-05-01 00:30:05,477]INFO:########Scanning Period Starts########
[2019-05-01 00:30:05,478]INFO:--------Reading Emails--------
[2019-05-01 00:30:06,740]INFO:Successfully fetched 0 emails
[2019-05-01 00:30:06,744]INFO:0 appointment(s) scraped from 0 email(s) in this period
[2019-05-01 00:30:06,749]INFO:--------Creating Events--------
[2019-05-01 00:30:06,749]INFO:No events to create in this period
[2019-05-01 00:30:06,750]INFO:########Scanning Period Ends########
[2019-05-01 00:40:05,078]INFO:########Scanning Period Starts########
[2019-05-01 00:40:05,078]INFO:--------Reading Emails--------
[2019-05-01 00:40:06,168]INFO:Successfully fetched 0 emails
[2019-05-01 00:40:06,171]INFO:0 appointment(s) scraped from 0 email(s) in this period
[2019-05-01 00:40:06,172]INFO:--------Creating Events--------
[2019-05-01 00:40:06,172]INFO:No events to create in this period
[2019-05-01 00:40:06,173]INFO:########Scanning Period Ends########
[2019-05-01 00:50:05,481]INFO:########Scanning Period Starts########
[2019-05-01 00:50:05,481]INFO:--------Reading Emails--------
[2019-05-01 00:50:06,770]INFO:Successfully fetched 0 emails
[2019-05-01 00:50:06,773]INFO:0 appointment(s) scraped from 0 email(s) in this period
[2019-05-01 00:50:06,783]INFO:--------Creating Events--------
[2019-05-01 00:50:06,783]INFO:No events to create in this period
[2019-05-01 00:50:06,784]INFO:########Scanning Period Ends########
[2019-05-01 01:00:05,087]INFO:########Scanning Period Starts########
[2019-05-01 01:00:05,088]INFO:--------Reading Emails--------
[2019-05-01 01:00:06,456]INFO:Successfully fetched 0 emails
[2019-05-01 01:00:06,460]INFO:0 appointment(s) scraped from 0 email(s) in this period
[2019-05-01 01:00:06,469]INFO:--------Creating Events--------
[2019-05-01 01:00:06,470]INFO:No events to create in this period
[2019-05-01 01:00:06,471]INFO:########Scanning Period Ends########
[2019-05-01 01:10:05,779]INFO:########Scanning Period Starts########
[2019-05-01 01:10:05,781]INFO:--------Reading Emails--------
[2019-05-01 01:10:07,391]INFO:Successfully fetched 0 emails
[2019-05-01 01:10:07,395]INFO:0 appointment(s) scraped from 0 email(s) in this period
[2019-05-01 01:10:07,400]INFO:--------Creating Events--------
[2019-05-01 01:10:07,401]INFO:No events to create in this period
[2019-05-01 01:10:07,401]INFO:########Scanning Period Ends########
[2019-05-01 01:20:04,824]INFO:########Scanning Period Starts########
[2019-05-01 01:20:04,825]INFO:--------Reading Emails--------
[2019-05-01 01:20:05,910]INFO:Successfully fetched 0 emails
[2019-05-01 01:20:05,913]INFO:0 appointment(s) scraped from 0 email(s) in this period
[2019-05-01 01:20:05,914]INFO:--------Creating Events--------
[2019-05-01 01:20:05,915]INFO:No events to create in this period
[2019-05-01 01:20:05,915]INFO:########Scanning Period Ends########
[2019-05-01 01:30:05,231]INFO:########Scanning Period Starts########
[2019-05-01 01:30:05,231]INFO:--------Reading Emails--------
[2019-05-01 01:30:06,503]INFO:Successfully fetched 0 emails
[2019-05-01 01:30:06,506]INFO:0 appointment(s) scraped from 0 email(s) in this period
[2019-05-01 01:30:06,511]INFO:--------Creating Events--------
[2019-05-01 01:30:06,512]INFO:No events to create in this period
[2019-05-01 01:30:06,513]INFO:########Scanning Period Ends########
[2019-05-01 01:40:04,846]INFO:########Scanning Period Starts########
[2019-05-01 01:40:04,847]INFO:--------Reading Emails--------
[2019-05-01 01:40:06,133]INFO:Successfully fetched 0 emails
[2019-05-01 01:40:06,136]INFO:0 appointment(s) scraped from 0 email(s) in this period
[2019-05-01 01:40:06,171]INFO:--------Creating Events--------
[2019-05-01 01:40:06,172]INFO:No events to create in this period
[2019-05-01 01:40:06,172]INFO:########Scanning Period Ends########
[2019-05-01 01:50:05,486]INFO:########Scanning Period Starts########
[2019-05-01 01:50:05,487]INFO:--------Reading Emails--------
[2019-05-01 01:50:06,749]INFO:Successfully fetched 0 emails
[2019-05-01 01:50:06,752]INFO:0 appointment(s) scraped from 0 email(s) in this period
[2019-05-01 01:50:06,762]INFO:--------Creating Events--------
[2019-05-01 01:50:06,762]INFO:No events to create in this period
[2019-05-01 01:50:06,763]INFO:########Scanning Period Ends########
[2019-05-01 02:00:05,097]INFO:########Scanning Period Starts########
[2019-05-01 02:00:05,097]INFO:--------Reading Emails--------
[2019-05-01 02:00:07,461]INFO:Successfully fetched 0 emails
[2019-05-01 02:00:07,464]INFO:0 appointment(s) scraped from 0 email(s) in this period
[2019-05-01 02:00:07,465]INFO:--------Creating Events--------
[2019-05-01 02:00:07,466]INFO:No events to create in this period
[2019-05-01 02:00:07,466]INFO:########Scanning Period Ends########
[2019-05-01 02:10:05,762]INFO:########Scanning Period Starts########
[2019-05-01 02:10:05,763]INFO:--------Reading Emails--------
[2019-05-01 02:10:06,946]INFO:Successfully fetched 0 emails
[2019-05-01 02:10:06,950]INFO:0 appointment(s) scraped from 0 email(s) in this period
[2019-05-01 02:10:06,950]INFO:--------Creating Events--------
[2019-05-01 02:10:06,951]INFO:No events to create in this period
[2019-05-01 02:10:06,952]INFO:########Scanning Period Ends########
[2019-05-01 02:20:05,366]INFO:########Scanning Period Starts########
[2019-05-01 02:20:05,367]INFO:--------Reading Emails--------
[2019-05-01 02:20:06,376]INFO:Successfully fetched 0 emails
[2019-05-01 02:20:06,379]INFO:0 appointment(s) scraped from 0 email(s) in this period
[2019-05-01 02:20:06,380]INFO:--------Creating Events--------
[2019-05-01 02:20:06,381]INFO:No events to create in this period
[2019-05-01 02:20:06,381]INFO:########Scanning Period Ends########
[2019-05-01 02:30:05,686]INFO:########Scanning Period Starts########
[2019-05-01 02:30:05,687]INFO:--------Reading Emails--------
[2019-05-01 02:30:06,806]INFO:Successfully fetched 0 emails
[2019-05-01 02:30:06,810]INFO:0 appointment(s) scraped from 0 email(s) in this period
[2019-05-01 02:30:06,811]INFO:--------Creating Events--------
[2019-05-01 02:30:06,811]INFO:No events to create in this period
[2019-05-01 02:30:06,812]INFO:########Scanning Period Ends########
[2019-05-01 02:40:05,192]INFO:########Scanning Period Starts########
[2019-05-01 02:40:05,193]INFO:--------Reading Emails--------
[2019-05-01 02:40:06,612]INFO:Successfully fetched 0 emails
[2019-05-01 02:40:06,625]INFO:0 appointment(s) scraped from 0 email(s) in this period
[2019-05-01 02:40:06,626]INFO:--------Creating Events--------
[2019-05-01 02:40:06,627]INFO:No events to create in this period
[2019-05-01 02:40:06,627]INFO:########Scanning Period Ends########
[2019-05-01 02:50:04,976]INFO:########Scanning Period Starts########
[2019-05-01 02:50:04,977]INFO:--------Reading Emails--------
[2019-05-01 02:50:06,143]INFO:Successfully fetched 0 emails
[2019-05-01 02:50:06,146]INFO:0 appointment(s) scraped from 0 email(s) in this period
[2019-05-01 02:50:06,156]INFO:--------Creating Events--------
[2019-05-01 02:50:06,156]INFO:No events to create in this period
[2019-05-01 02:50:06,157]INFO:########Scanning Period Ends########
[2019-05-01 03:00:05,473]INFO:########Scanning Period Starts########
[2019-05-01 03:00:05,474]INFO:--------Reading Emails--------
[2019-05-01 03:00:06,601]INFO:Successfully fetched 0 emails
[2019-05-01 03:00:06,605]INFO:0 appointment(s) scraped from 0 email(s) in this period
[2019-05-01 03:00:06,606]INFO:--------Creating Events--------
[2019-05-01 03:00:06,606]INFO:No events to create in this period
[2019-05-01 03:00:06,607]INFO:########Scanning Period Ends########
[2019-05-01 03:10:04,979]INFO:########Scanning Period Starts########
[2019-05-01 03:10:04,979]INFO:--------Reading Emails--------
[2019-05-01 03:10:06,020]INFO:Successfully fetched 0 emails
[2019-05-01 03:10:06,023]INFO:0 appointment(s) scraped from 0 email(s) in this period
[2019-05-01 03:10:06,024]INFO:--------Creating Events--------
[2019-05-01 03:10:06,025]INFO:No events to create in this period
[2019-05-01 03:10:06,026]INFO:########Scanning Period Ends########
[2019-05-01 03:20:05,403]INFO:########Scanning Period Starts########
[2019-05-01 03:20:05,404]INFO:--------Reading Emails--------
[2019-05-01 03:20:06,608]INFO:Successfully fetched 0 emails
[2019-05-01 03:20:06,612]INFO:0 appointment(s) scraped from 0 email(s) in this period
[2019-05-01 03:20:06,613]INFO:--------Creating Events--------
[2019-05-01 03:20:06,613]INFO:No events to create in this period
[2019-05-01 03:20:06,614]INFO:########Scanning Period Ends########
[2019-05-01 03:30:04,904]INFO:########Scanning Period Starts########
[2019-05-01 03:30:04,904]INFO:--------Reading Emails--------
[2019-05-01 03:30:06,146]INFO:Successfully fetched 0 emails
[2019-05-01 03:30:06,149]INFO:0 appointment(s) scraped from 0 email(s) in this period
[2019-05-01 03:30:06,159]INFO:--------Creating Events--------
[2019-05-01 03:30:06,159]INFO:No events to create in this period
[2019-05-01 03:30:06,160]INFO:########Scanning Period Ends########
[2019-05-01 03:40:05,479]INFO:########Scanning Period Starts########
[2019-05-01 03:40:05,480]INFO:--------Reading Emails--------
[2019-05-01 03:40:06,848]INFO:Successfully fetched 0 emails
[2019-05-01 03:40:06,851]INFO:0 appointment(s) scraped from 0 email(s) in this period
[2019-05-01 03:40:06,861]INFO:--------Creating Events--------
[2019-05-01 03:40:06,861]INFO:No events to create in this period
[2019-05-01 03:40:06,862]INFO:########Scanning Period Ends########
[2019-05-01 03:50:05,191]INFO:########Scanning Period Starts########
[2019-05-01 03:50:05,191]INFO:--------Reading Emails--------
[2019-05-01 03:50:06,466]INFO:Successfully fetched 0 emails
[2019-05-01 03:50:06,470]INFO:0 appointment(s) scraped from 0 email(s) in this period
[2019-05-01 03:50:06,475]INFO:--------Creating Events--------
[2019-05-01 03:50:06,476]INFO:No events to create in this period
[2019-05-01 03:50:06,476]INFO:########Scanning Period Ends########
[2019-05-01 04:00:05,769]INFO:########Scanning Period Starts########
[2019-05-01 04:00:05,770]INFO:--------Reading Emails--------
[2019-05-01 04:00:07,174]INFO:Successfully fetched 0 emails
[2019-05-01 04:00:07,178]INFO:0 appointment(s) scraped from 0 email(s) in this period
[2019-05-01 04:00:07,187]INFO:--------Creating Events--------
[2019-05-01 04:00:07,188]INFO:No events to create in this period
[2019-05-01 04:00:07,188]INFO:########Scanning Period Ends########
[2019-05-01 04:10:05,484]INFO:########Scanning Period Starts########
[2019-05-01 04:10:05,484]INFO:--------Reading Emails--------
[2019-05-01 04:10:06,496]INFO:Successfully fetched 0 emails
[2019-05-01 04:10:06,499]INFO:0 appointment(s) scraped from 0 email(s) in this period
[2019-05-01 04:10:06,500]INFO:--------Creating Events--------
[2019-05-01 04:10:06,501]INFO:No events to create in this period
[2019-05-01 04:10:06,501]INFO:########Scanning Period Ends########
[2019-05-01 04:20:04,900]INFO:########Scanning Period Starts########
[2019-05-01 04:20:04,901]INFO:--------Reading Emails--------
[2019-05-01 04:20:06,148]INFO:Successfully fetched 0 emails
[2019-05-01 04:20:06,152]INFO:0 appointment(s) scraped from 0 email(s) in this period
[2019-05-01 04:20:06,162]INFO:--------Creating Events--------
[2019-05-01 04:20:06,162]INFO:No events to create in this period
[2019-05-01 04:20:06,163]INFO:########Scanning Period Ends########
[2019-05-01 04:30:05,521]INFO:########Scanning Period Starts########
[2019-05-01 04:30:05,523]INFO:--------Reading Emails--------
[2019-05-01 04:30:06,833]INFO:Successfully fetched 0 emails
[2019-05-01 04:30:06,842]INFO:0 appointment(s) scraped from 0 email(s) in this period
[2019-05-01 04:30:06,843]INFO:--------Creating Events--------
[2019-05-01 04:30:06,844]INFO:No events to create in this period
[2019-05-01 04:30:06,845]INFO:########Scanning Period Ends########
[2019-05-01 04:40:05,139]INFO:########Scanning Period Starts########
[2019-05-01 04:40:05,140]INFO:--------Reading Emails--------
[2019-05-01 04:40:06,529]INFO:Successfully fetched 0 emails
[2019-05-01 04:40:06,532]INFO:0 appointment(s) scraped from 0 email(s) in this period
[2019-05-01 04:40:06,542]INFO:--------Creating Events--------
[2019-05-01 04:40:06,542]INFO:No events to create in this period
[2019-05-01 04:40:06,543]INFO:########Scanning Period Ends########
[2019-05-01 04:50:04,875]INFO:########Scanning Period Starts########
[2019-05-01 04:50:04,876]INFO:--------Reading Emails--------
[2019-05-01 04:50:06,003]INFO:Successfully fetched 0 emails
[2019-05-01 04:50:06,006]INFO:0 appointment(s) scraped from 0 email(s) in this period
[2019-05-01 04:50:06,007]INFO:--------Creating Events--------
[2019-05-01 04:50:06,008]INFO:No events to create in this period
[2019-05-01 04:50:06,008]INFO:########Scanning Period Ends########
[2019-05-01 05:00:05,314]INFO:########Scanning Period Starts########
[2019-05-01 05:00:05,314]INFO:--------Reading Emails--------
[2019-05-01 05:00:06,497]INFO:Successfully fetched 0 emails
[2019-05-01 05:00:06,501]INFO:0 appointment(s) scraped from 0 email(s) in this period
[2019-05-01 05:00:06,501]INFO:--------Creating Events--------
[2019-05-01 05:00:06,502]INFO:No events to create in this period
[2019-05-01 05:00:06,503]INFO:########Scanning Period Ends########
[2019-05-01 05:10:04,825]INFO:########Scanning Period Starts########
[2019-05-01 05:10:04,826]INFO:--------Reading Emails--------
[2019-05-01 05:10:05,843]INFO:Successfully fetched 0 emails
[2019-05-01 05:10:05,846]INFO:0 appointment(s) scraped from 0 email(s) in this period
[2019-05-01 05:10:05,847]INFO:--------Creating Events--------
[2019-05-01 05:10:05,848]INFO:No events to create in this period
[2019-05-01 05:10:05,848]INFO:########Scanning Period Ends########
[2019-05-01 05:20:05,263]INFO:########Scanning Period Starts########
[2019-05-01 05:20:05,263]INFO:--------Reading Emails--------
[2019-05-01 05:20:06,499]INFO:Successfully fetched 0 emails
[2019-05-01 05:20:06,503]INFO:0 appointment(s) scraped from 0 email(s) in this period
[2019-05-01 05:20:06,508]INFO:--------Creating Events--------
[2019-05-01 05:20:06,509]INFO:No events to create in this period
[2019-05-01 05:20:06,509]INFO:########Scanning Period Ends########
[2019-05-01 05:30:04,793]INFO:########Scanning Period Starts########
[2019-05-01 05:30:04,793]INFO:--------Reading Emails--------
[2019-05-01 05:30:06,042]INFO:Successfully fetched 0 emails
[2019-05-01 05:30:06,055]INFO:0 appointment(s) scraped from 0 email(s) in this period
[2019-05-01 05:30:06,056]INFO:--------Creating Events--------
[2019-05-01 05:30:06,057]INFO:No events to create in this period
[2019-05-01 05:30:06,057]INFO:########Scanning Period Ends########
[2019-05-01 05:40:05,372]INFO:########Scanning Period Starts########
[2019-05-01 05:40:05,372]INFO:--------Reading Emails--------
[2019-05-01 05:40:06,448]INFO:Successfully fetched 0 emails
[2019-05-01 05:40:06,451]INFO:0 appointment(s) scraped from 0 email(s) in this period
[2019-05-01 05:40:06,452]INFO:--------Creating Events--------
[2019-05-01 05:40:06,453]INFO:No events to create in this period
[2019-05-01 05:40:06,453]INFO:########Scanning Period Ends########
[2019-05-01 05:50:05,780]INFO:########Scanning Period Starts########
[2019-05-01 05:50:05,781]INFO:--------Reading Emails--------
[2019-05-01 05:50:07,018]INFO:Successfully fetched 0 emails
[2019-05-01 05:50:07,022]INFO:0 appointment(s) scraped from 0 email(s) in this period
[2019-05-01 05:50:07,027]INFO:--------Creating Events--------
[2019-05-01 05:50:07,028]INFO:No events to create in this period
[2019-05-01 05:50:07,028]INFO:########Scanning Period Ends########
[2019-05-01 06:00:05,327]INFO:########Scanning Period Starts########
[2019-05-01 06:00:05,328]INFO:--------Reading Emails--------
[2019-05-01 06:00:06,626]INFO:Successfully fetched 0 emails
[2019-05-01 06:00:06,629]INFO:0 appointment(s) scraped from 0 email(s) in this period
[2019-05-01 06:00:06,639]INFO:--------Creating Events--------
[2019-05-01 06:00:06,640]INFO:No events to create in this period
[2019-05-01 06:00:06,640]INFO:########Scanning Period Ends########
[2019-05-01 06:10:04,906]INFO:########Scanning Period Starts########
[2019-05-01 06:10:04,908]INFO:--------Reading Emails--------
[2019-05-01 06:10:06,306]INFO:Successfully fetched 0 emails
[2019-05-01 06:10:06,310]INFO:0 appointment(s) scraped from 0 email(s) in this period
[2019-05-01 06:10:06,319]INFO:--------Creating Events--------
[2019-05-01 06:10:06,320]INFO:No events to create in this period
[2019-05-01 06:10:06,321]INFO:########Scanning Period Ends########
[2019-05-01 06:20:05,701]INFO:########Scanning Period Starts########
[2019-05-01 06:20:05,701]INFO:--------Reading Emails--------
[2019-05-01 06:20:06,875]INFO:Successfully fetched 0 emails
[2019-05-01 06:20:06,879]INFO:0 appointment(s) scraped from 0 email(s) in this period
[2019-05-01 06:20:06,879]INFO:--------Creating Events--------
[2019-05-01 06:20:06,880]INFO:No events to create in this period
[2019-05-01 06:20:06,881]INFO:########Scanning Period Ends########
[2019-05-01 06:30:05,264]INFO:########Scanning Period Starts########
[2019-05-01 06:30:05,265]INFO:--------Reading Emails--------
[2019-05-01 06:30:07,448]INFO:Successfully fetched 0 emails
[2019-05-01 06:30:07,451]INFO:0 appointment(s) scraped from 0 email(s) in this period
[2019-05-01 06:30:07,452]INFO:--------Creating Events--------
[2019-05-01 06:30:07,453]INFO:No events to create in this period
[2019-05-01 06:30:07,453]INFO:########Scanning Period Ends########
[2019-05-01 06:40:05,777]INFO:########Scanning Period Starts########
[2019-05-01 06:40:05,778]INFO:--------Reading Emails--------
[2019-05-01 06:40:06,889]INFO:Successfully fetched 0 emails
[2019-05-01 06:40:06,892]INFO:0 appointment(s) scraped from 0 email(s) in this period
[2019-05-01 06:40:06,893]INFO:--------Creating Events--------
[2019-05-01 06:40:06,894]INFO:No events to create in this period
[2019-05-01 06:40:06,895]INFO:########Scanning Period Ends########
[2019-05-01 06:50:05,248]INFO:########Scanning Period Starts########
[2019-05-01 06:50:05,249]INFO:--------Reading Emails--------
[2019-05-01 06:50:06,431]INFO:Successfully fetched 0 emails
[2019-05-01 06:50:06,435]INFO:0 appointment(s) scraped from 0 email(s) in this period
[2019-05-01 06:50:06,467]INFO:--------Creating Events--------
[2019-05-01 06:50:06,468]INFO:No events to create in this period
[2019-05-01 06:50:06,469]INFO:########Scanning Period Ends########
[2019-05-01 07:00:04,837]INFO:########Scanning Period Starts########
[2019-05-01 07:00:04,838]INFO:--------Reading Emails--------
[2019-05-01 07:00:05,844]INFO:Successfully fetched 0 emails
[2019-05-01 07:00:05,847]INFO:0 appointment(s) scraped from 0 email(s) in this period
[2019-05-01 07:00:05,848]INFO:--------Creating Events--------
[2019-05-01 07:00:05,849]INFO:No events to create in this period
[2019-05-01 07:00:05,849]INFO:########Scanning Period Ends########
[2019-05-01 07:10:05,144]INFO:########Scanning Period Starts########
[2019-05-01 07:10:05,145]INFO:--------Reading Emails--------
[2019-05-01 07:10:06,157]INFO:Successfully fetched 0 emails
[2019-05-01 07:10:06,161]INFO:0 appointment(s) scraped from 0 email(s) in this period
[2019-05-01 07:10:06,161]INFO:--------Creating Events--------
[2019-05-01 07:10:06,162]INFO:No events to create in this period
[2019-05-01 07:10:06,163]INFO:########Scanning Period Ends########
[2019-05-01 07:20:05,535]INFO:########Scanning Period Starts########
[2019-05-01 07:20:05,536]INFO:--------Reading Emails--------
[2019-05-01 07:20:06,905]INFO:Successfully fetched 0 emails
[2019-05-01 07:20:06,908]INFO:0 appointment(s) scraped from 0 email(s) in this period
[2019-05-01 07:20:06,909]INFO:--------Creating Events--------
[2019-05-01 07:20:06,910]INFO:No events to create in this period
[2019-05-01 07:20:06,910]INFO:########Scanning Period Ends########
[2019-05-01 07:30:05,248]INFO:########Scanning Period Starts########
[2019-05-01 07:30:05,248]INFO:--------Reading Emails--------
[2019-05-01 07:30:06,177]INFO:Successfully fetched 0 emails
[2019-05-01 07:30:06,180]INFO:0 appointment(s) scraped from 0 email(s) in this period
[2019-05-01 07:30:06,181]INFO:--------Creating Events--------
[2019-05-01 07:30:06,182]INFO:No events to create in this period
[2019-05-01 07:30:06,182]INFO:########Scanning Period Ends########
[2019-05-01 07:40:05,565]INFO:########Scanning Period Starts########
[2019-05-01 07:40:05,565]INFO:--------Reading Emails--------
[2019-05-01 07:40:06,653]INFO:Successfully fetched 0 emails
[2019-05-01 07:40:06,657]INFO:0 appointment(s) scraped from 0 email(s) in this period
[2019-05-01 07:40:06,658]INFO:--------Creating Events--------
[2019-05-01 07:40:06,658]INFO:No events to create in this period
[2019-05-01 07:40:06,659]INFO:########Scanning Period Ends########
[2019-05-01 07:50:05,018]INFO:########Scanning Period Starts########
[2019-05-01 07:50:05,019]INFO:--------Reading Emails--------
[2019-05-01 07:50:06,248]INFO:Successfully fetched 0 emails
[2019-05-01 07:50:06,252]INFO:0 appointment(s) scraped from 0 email(s) in this period
[2019-05-01 07:50:06,262]INFO:--------Creating Events--------
[2019-05-01 07:50:06,263]INFO:No events to create in this period
[2019-05-01 07:50:06,263]INFO:########Scanning Period Ends########
[2019-05-01 08:00:05,668]INFO:########Scanning Period Starts########
[2019-05-01 08:00:05,668]INFO:--------Reading Emails--------
[2019-05-01 08:00:07,164]INFO:Successfully fetched 0 emails
[2019-05-01 08:00:07,167]INFO:0 appointment(s) scraped from 0 email(s) in this period
[2019-05-01 08:00:07,168]INFO:--------Creating Events--------
[2019-05-01 08:00:07,169]INFO:No events to create in this period
[2019-05-01 08:00:07,169]INFO:########Scanning Period Ends########
[2019-05-01 08:10:05,540]INFO:########Scanning Period Starts########
[2019-05-01 08:10:05,541]INFO:--------Reading Emails--------
[2019-05-01 08:10:06,768]INFO:Successfully fetched 0 emails
[2019-05-01 08:10:06,772]INFO:0 appointment(s) scraped from 0 email(s) in this period
[2019-05-01 08:10:06,781]INFO:--------Creating Events--------
[2019-05-01 08:10:06,782]INFO:No events to create in this period
[2019-05-01 08:10:06,783]INFO:########Scanning Period Ends########
[2019-05-01 08:20:05,242]INFO:########Scanning Period Starts########
[2019-05-01 08:20:05,243]INFO:--------Reading Emails--------
[2019-05-01 08:20:06,388]INFO:Successfully fetched 0 emails
[2019-05-01 08:20:06,392]INFO:0 appointment(s) scraped from 0 email(s) in this period
[2019-05-01 08:20:06,397]INFO:--------Creating Events--------
[2019-05-01 08:20:06,397]INFO:No events to create in this period
[2019-05-01 08:20:06,398]INFO:########Scanning Period Ends########
[2019-05-01 08:30:05,715]INFO:########Scanning Period Starts########
[2019-05-01 08:30:05,715]INFO:--------Reading Emails--------
[2019-05-01 08:30:07,010]INFO:Successfully fetched 0 emails
[2019-05-01 08:30:07,014]INFO:0 appointment(s) scraped from 0 email(s) in this period
[2019-05-01 08:30:07,023]INFO:--------Creating Events--------
[2019-05-01 08:30:07,024]INFO:No events to create in this period
[2019-05-01 08:30:07,025]INFO:########Scanning Period Ends########
[2019-05-01 08:40:05,404]INFO:########Scanning Period Starts########
[2019-05-01 08:40:05,404]INFO:--------Reading Emails--------
[2019-05-01 08:40:06,385]INFO:Successfully fetched 0 emails
[2019-05-01 08:40:06,389]INFO:0 appointment(s) scraped from 0 email(s) in this period
[2019-05-01 08:40:06,390]INFO:--------Creating Events--------
[2019-05-01 08:40:06,390]INFO:No events to create in this period
[2019-05-01 08:40:06,391]INFO:########Scanning Period Ends########
[2019-05-01 08:50:05,678]INFO:########Scanning Period Starts########
[2019-05-01 08:50:05,679]INFO:--------Reading Emails--------
[2019-05-01 08:50:07,340]INFO:Successfully fetched 0 emails
[2019-05-01 08:50:07,344]INFO:0 appointment(s) scraped from 0 email(s) in this period
[2019-05-01 08:50:07,344]INFO:--------Creating Events--------
[2019-05-01 08:50:07,345]INFO:No events to create in this period
[2019-05-01 08:50:07,346]INFO:########Scanning Period Ends########
[2019-05-01 09:00:05,744]INFO:########Scanning Period Starts########
[2019-05-01 09:00:05,745]INFO:--------Reading Emails--------
[2019-05-01 09:00:06,864]INFO:Successfully fetched 0 emails
[2019-05-01 09:00:06,867]INFO:0 appointment(s) scraped from 0 email(s) in this period
[2019-05-01 09:00:06,872]INFO:--------Creating Events--------
[2019-05-01 09:00:06,873]INFO:No events to create in this period
[2019-05-01 09:00:06,874]INFO:########Scanning Period Ends########
[2019-05-01 09:10:05,281]INFO:########Scanning Period Starts########
[2019-05-01 09:10:05,281]INFO:--------Reading Emails--------
[2019-05-01 09:10:06,655]INFO:Successfully fetched 0 emails
[2019-05-01 09:10:06,669]INFO:0 appointment(s) scraped from 0 email(s) in this period
[2019-05-01 09:10:06,670]INFO:--------Creating Events--------
[2019-05-01 09:10:06,671]INFO:No events to create in this period
[2019-05-01 09:10:06,671]INFO:########Scanning Period Ends########
[2019-05-01 09:20:05,067]INFO:########Scanning Period Starts########
[2019-05-01 09:20:05,067]INFO:--------Reading Emails--------
[2019-05-01 09:20:06,191]INFO:Successfully fetched 0 emails
[2019-05-01 09:20:06,195]INFO:0 appointment(s) scraped from 0 email(s) in this period
[2019-05-01 09:20:06,196]INFO:--------Creating Events--------
[2019-05-01 09:20:06,196]INFO:No events to create in this period
[2019-05-01 09:20:06,197]INFO:########Scanning Period Ends########
[2019-05-01 09:30:05,574]INFO:########Scanning Period Starts########
[2019-05-01 09:30:05,574]INFO:--------Reading Emails--------
[2019-05-01 09:30:06,607]INFO:Successfully fetched 0 emails
[2019-05-01 09:30:06,611]INFO:0 appointment(s) scraped from 0 email(s) in this period
[2019-05-01 09:30:06,611]INFO:--------Creating Events--------
[2019-05-01 09:30:06,612]INFO:No events to create in this period
[2019-05-01 09:30:06,613]INFO:########Scanning Period Ends########
[2019-05-01 09:40:04,929]INFO:########Scanning Period Starts########
[2019-05-01 09:40:04,930]INFO:--------Reading Emails--------
[2019-05-01 09:40:06,253]INFO:Successfully fetched 0 emails
[2019-05-01 09:40:06,256]INFO:0 appointment(s) scraped from 0 email(s) in this period
[2019-05-01 09:40:06,261]INFO:--------Creating Events--------
[2019-05-01 09:40:06,262]INFO:No events to create in this period
[2019-05-01 09:40:06,262]INFO:########Scanning Period Ends########
[2019-05-01 09:50:05,574]INFO:########Scanning Period Starts########
[2019-05-01 09:50:05,574]INFO:--------Reading Emails--------
[2019-05-01 09:50:06,855]INFO:Successfully fetched 0 emails
[2019-05-01 09:50:06,859]INFO:0 appointment(s) scraped from 0 email(s) in this period
[2019-05-01 09:50:06,860]INFO:--------Creating Events--------
[2019-05-01 09:50:06,860]INFO:No events to create in this period
[2019-05-01 09:50:06,861]INFO:########Scanning Period Ends########
[2019-05-01 10:00:05,198]INFO:########Scanning Period Starts########
[2019-05-01 10:00:05,198]INFO:--------Reading Emails--------
[2019-05-01 10:00:06,247]INFO:Successfully fetched 0 emails
[2019-05-01 10:00:06,251]INFO:0 appointment(s) scraped from 0 email(s) in this period
[2019-05-01 10:00:06,252]INFO:--------Creating Events--------
[2019-05-01 10:00:06,252]INFO:No events to create in this period
[2019-05-01 10:00:06,253]INFO:########Scanning Period Ends########
[2019-05-01 10:10:05,557]INFO:########Scanning Period Starts########
[2019-05-01 10:10:05,558]INFO:--------Reading Emails--------
[2019-05-01 10:10:06,632]INFO:Successfully fetched 0 emails
[2019-05-01 10:10:06,636]INFO:0 appointment(s) scraped from 0 email(s) in this period
[2019-05-01 10:10:06,636]INFO:--------Creating Events--------
[2019-05-01 10:10:06,637]INFO:No events to create in this period
[2019-05-01 10:10:06,638]INFO:########Scanning Period Ends########
[2019-05-01 10:20:05,013]INFO:########Scanning Period Starts########
[2019-05-01 10:20:05,014]INFO:--------Reading Emails--------
[2019-05-01 10:20:06,356]INFO:Successfully fetched 0 emails
[2019-05-01 10:20:06,360]INFO:0 appointment(s) scraped from 0 email(s) in this period
[2019-05-01 10:20:06,377]INFO:--------Creating Events--------
[2019-05-01 10:20:06,377]INFO:No events to create in this period
[2019-05-01 10:20:06,378]INFO:########Scanning Period Ends########
[2019-05-01 10:30:05,660]INFO:########Scanning Period Starts########
[2019-05-01 10:30:05,661]INFO:--------Reading Emails--------
[2019-05-01 10:30:07,114]INFO:Successfully fetched 0 emails
[2019-05-01 10:30:07,118]INFO:0 appointment(s) scraped from 0 email(s) in this period
[2019-05-01 10:30:07,127]INFO:--------Creating Events--------
[2019-05-01 10:30:07,128]INFO:No events to create in this period
[2019-05-01 10:30:07,129]INFO:########Scanning Period Ends########
[2019-05-01 10:40:05,499]INFO:########Scanning Period Starts########
[2019-05-01 10:40:05,500]INFO:--------Reading Emails--------
[2019-05-01 10:40:06,705]INFO:Successfully fetched 0 emails
[2019-05-01 10:40:06,708]INFO:0 appointment(s) scraped from 0 email(s) in this period
[2019-05-01 10:40:06,714]INFO:--------Creating Events--------
[2019-05-01 10:40:06,714]INFO:No events to create in this period
[2019-05-01 10:40:06,715]INFO:########Scanning Period Ends########
[2019-05-01 10:50:05,030]INFO:########Scanning Period Starts########
[2019-05-01 10:50:05,030]INFO:--------Reading Emails--------
[2019-05-01 10:50:06,257]INFO:Successfully fetched 0 emails
[2019-05-01 10:50:06,261]INFO:0 appointment(s) scraped from 0 email(s) in this period
[2019-05-01 10:50:06,266]INFO:--------Creating Events--------
[2019-05-01 10:50:06,267]INFO:No events to create in this period
[2019-05-01 10:50:06,267]INFO:########Scanning Period Ends########
[2019-05-01 11:00:05,563]INFO:########Scanning Period Starts########
[2019-05-01 11:00:05,564]INFO:--------Reading Emails--------
[2019-05-01 11:00:06,796]INFO:Successfully fetched 0 emails
[2019-05-01 11:00:06,800]INFO:0 appointment(s) scraped from 0 email(s) in this period
[2019-05-01 11:00:06,805]INFO:--------Creating Events--------
[2019-05-01 11:00:06,805]INFO:No events to create in this period
[2019-05-01 11:00:06,806]INFO:########Scanning Period Ends########
[2019-05-01 11:10:05,102]INFO:########Scanning Period Starts########
[2019-05-01 11:10:05,102]INFO:--------Reading Emails--------
[2019-05-01 11:10:06,338]INFO:Successfully fetched 0 emails
[2019-05-01 11:10:06,341]INFO:0 appointment(s) scraped from 0 email(s) in this period
[2019-05-01 11:10:06,356]INFO:--------Creating Events--------
[2019-05-01 11:10:06,356]INFO:No events to create in this period
[2019-05-01 11:10:06,357]INFO:########Scanning Period Ends########
[2019-05-01 11:20:05,749]INFO:########Scanning Period Starts########
[2019-05-01 11:20:05,751]INFO:--------Reading Emails--------
[2019-05-01 11:20:07,543]INFO:Successfully fetched 0 emails
[2019-05-01 11:20:07,547]INFO:0 appointment(s) scraped from 0 email(s) in this period
[2019-05-01 11:20:07,556]INFO:--------Creating Events--------
[2019-05-01 11:20:07,557]INFO:No events to create in this period
[2019-05-01 11:20:07,557]INFO:########Scanning Period Ends########
[2019-05-01 11:30:04,940]INFO:########Scanning Period Starts########
[2019-05-01 11:30:04,946]INFO:--------Reading Emails--------
[2019-05-01 11:30:06,025]INFO:Successfully fetched 0 emails
[2019-05-01 11:30:06,028]INFO:0 appointment(s) scraped from 0 email(s) in this period
[2019-05-01 11:30:06,029]INFO:--------Creating Events--------
[2019-05-01 11:30:06,030]INFO:No events to create in this period
[2019-05-01 11:30:06,030]INFO:########Scanning Period Ends########
[2019-05-01 11:40:05,386]INFO:########Scanning Period Starts########
[2019-05-01 11:40:05,387]INFO:--------Reading Emails--------
[2019-05-01 11:40:06,226]INFO:Successfully fetched 0 emails
[2019-05-01 11:40:06,230]INFO:0 appointment(s) scraped from 0 email(s) in this period
[2019-05-01 11:40:06,231]INFO:--------Creating Events--------
[2019-05-01 11:40:06,231]INFO:No events to create in this period
[2019-05-01 11:40:06,232]INFO:########Scanning Period Ends########
[2019-05-01 11:50:05,553]INFO:########Scanning Period Starts########
[2019-05-01 11:50:05,554]INFO:--------Reading Emails--------
[2019-05-01 11:50:07,097]INFO:Successfully fetched 0 emails
[2019-05-01 11:50:07,101]INFO:0 appointment(s) scraped from 0 email(s) in this period
[2019-05-01 11:50:07,102]INFO:--------Creating Events--------
[2019-05-01 11:50:07,102]INFO:No events to create in this period
[2019-05-01 11:50:07,103]INFO:########Scanning Period Ends########
[2019-05-01 12:00:05,395]INFO:########Scanning Period Starts########
[2019-05-01 12:00:05,396]INFO:--------Reading Emails--------
[2019-05-01 12:00:06,604]INFO:Successfully fetched 0 emails
[2019-05-01 12:00:06,608]INFO:0 appointment(s) scraped from 0 email(s) in this period
[2019-05-01 12:00:06,608]INFO:--------Creating Events--------
[2019-05-01 12:00:06,609]INFO:No events to create in this period
[2019-05-01 12:00:06,610]INFO:########Scanning Period Ends########
[2019-05-01 12:10:04,875]INFO:########Scanning Period Starts########
[2019-05-01 12:10:04,876]INFO:--------Reading Emails--------
[2019-05-01 12:10:06,241]INFO:Successfully fetched 0 emails
[2019-05-01 12:10:06,249]INFO:0 appointment(s) scraped from 0 email(s) in this period
[2019-05-01 12:10:06,250]INFO:--------Creating Events--------
[2019-05-01 12:10:06,251]INFO:No events to create in this period
[2019-05-01 12:10:06,252]INFO:########Scanning Period Ends########
[2019-05-01 12:20:05,620]INFO:########Scanning Period Starts########
[2019-05-01 12:20:05,621]INFO:--------Reading Emails--------
[2019-05-01 12:20:06,590]INFO:Successfully fetched 0 emails
[2019-05-01 12:20:06,593]INFO:0 appointment(s) scraped from 0 email(s) in this period
[2019-05-01 12:20:06,594]INFO:--------Creating Events--------
[2019-05-01 12:20:06,595]INFO:No events to create in this period
[2019-05-01 12:20:06,595]INFO:########Scanning Period Ends########
[2019-05-01 12:30:04,896]INFO:########Scanning Period Starts########
[2019-05-01 12:30:04,897]INFO:--------Reading Emails--------
[2019-05-01 12:30:05,929]INFO:Successfully fetched 0 emails
[2019-05-01 12:30:05,933]INFO:0 appointment(s) scraped from 0 email(s) in this period
[2019-05-01 12:30:05,934]INFO:--------Creating Events--------
[2019-05-01 12:30:05,935]INFO:No events to create in this period
[2019-05-01 12:30:05,935]INFO:########Scanning Period Ends########
[2019-05-01 12:40:05,287]INFO:########Scanning Period Starts########
[2019-05-01 12:40:05,287]INFO:--------Reading Emails--------
[2019-05-01 12:40:06,562]INFO:Successfully fetched 0 emails
[2019-05-01 12:40:06,566]INFO:0 appointment(s) scraped from 0 email(s) in this period
[2019-05-01 12:40:06,571]INFO:--------Creating Events--------
[2019-05-01 12:40:06,571]INFO:No events to create in this period
[2019-05-01 12:40:06,572]INFO:########Scanning Period Ends########
[2019-05-01 12:50:04,890]INFO:########Scanning Period Starts########
[2019-05-01 12:50:04,891]INFO:--------Reading Emails--------
[2019-05-01 12:50:06,119]INFO:Successfully fetched 0 emails
[2019-05-01 12:50:06,122]INFO:0 appointment(s) scraped from 0 email(s) in this period
[2019-05-01 12:50:06,132]INFO:--------Creating Events--------
[2019-05-01 12:50:06,132]INFO:No events to create in this period
[2019-05-01 12:50:06,133]INFO:########Scanning Period Ends########
[2019-05-01 13:00:05,472]INFO:########Scanning Period Starts########
[2019-05-01 13:00:05,473]INFO:--------Reading Emails--------
[2019-05-01 13:00:08,589]INFO:Successfully fetched 0 emails
[2019-05-01 13:00:08,593]INFO:0 appointment(s) scraped from 0 email(s) in this period
[2019-05-01 13:00:08,594]INFO:--------Creating Events--------
[2019-05-01 13:00:08,595]INFO:No events to create in this period
[2019-05-01 13:00:08,595]INFO:########Scanning Period Ends########
[2019-05-01 13:10:04,886]INFO:########Scanning Period Starts########
[2019-05-01 13:10:04,887]INFO:--------Reading Emails--------
[2019-05-01 13:10:06,149]INFO:Successfully fetched 0 emails
[2019-05-01 13:10:06,153]INFO:0 appointment(s) scraped from 0 email(s) in this period
[2019-05-01 13:10:06,158]INFO:--------Creating Events--------
[2019-05-01 13:10:06,159]INFO:No events to create in this period
[2019-05-01 13:10:06,159]INFO:########Scanning Period Ends########
[2019-05-01 13:20:05,562]INFO:########Scanning Period Starts########
[2019-05-01 13:20:05,563]INFO:--------Reading Emails--------
[2019-05-01 13:20:07,025]INFO:Successfully fetched 0 emails
[2019-05-01 13:20:07,029]INFO:0 appointment(s) scraped from 0 email(s) in this period
[2019-05-01 13:20:07,038]INFO:--------Creating Events--------
[2019-05-01 13:20:07,039]INFO:No events to create in this period
[2019-05-01 13:20:07,039]INFO:########Scanning Period Ends########
[2019-05-01 13:30:05,317]INFO:########Scanning Period Starts########
[2019-05-01 13:30:05,318]INFO:--------Reading Emails--------
[2019-05-01 13:30:06,419]INFO:Successfully fetched 0 emails
[2019-05-01 13:30:06,422]INFO:0 appointment(s) scraped from 0 email(s) in this period
[2019-05-01 13:30:06,423]INFO:--------Creating Events--------
[2019-05-01 13:30:06,424]INFO:No events to create in this period
[2019-05-01 13:30:06,424]INFO:########Scanning Period Ends########
[2019-05-01 13:40:05,775]INFO:########Scanning Period Starts########
[2019-05-01 13:40:05,776]INFO:--------Reading Emails--------
[2019-05-01 13:40:07,016]INFO:Successfully fetched 0 emails
[2019-05-01 13:40:07,025]INFO:0 appointment(s) scraped from 0 email(s) in this period
[2019-05-01 13:40:07,026]INFO:--------Creating Events--------
[2019-05-01 13:40:07,027]INFO:No events to create in this period
[2019-05-01 13:40:07,027]INFO:########Scanning Period Ends########
[2019-05-01 13:50:05,380]INFO:########Scanning Period Starts########
[2019-05-01 13:50:05,381]INFO:--------Reading Emails--------
[2019-05-01 13:50:07,134]INFO:Successfully fetched 0 emails
[2019-05-01 13:50:07,137]INFO:0 appointment(s) scraped from 0 email(s) in this period
[2019-05-01 13:50:07,138]INFO:--------Creating Events--------
[2019-05-01 13:50:07,139]INFO:No events to create in this period
[2019-05-01 13:50:07,139]INFO:########Scanning Period Ends########
[2019-05-01 14:00:05,440]INFO:########Scanning Period Starts########
[2019-05-01 14:00:05,441]INFO:--------Reading Emails--------
[2019-05-01 14:00:07,178]INFO:Successfully fetched 0 emails
[2019-05-01 14:00:07,182]INFO:0 appointment(s) scraped from 0 email(s) in this period
[2019-05-01 14:00:07,187]INFO:--------Creating Events--------
[2019-05-01 14:00:07,188]INFO:No events to create in this period
[2019-05-01 14:00:07,188]INFO:########Scanning Period Ends########
[2019-05-01 14:10:05,516]INFO:########Scanning Period Starts########
[2019-05-01 14:10:05,517]INFO:--------Reading Emails--------
[2019-05-01 14:10:08,521]INFO:Successfully fetched 0 emails
[2019-05-01 14:10:08,524]INFO:0 appointment(s) scraped from 0 email(s) in this period
[2019-05-01 14:10:08,525]INFO:--------Creating Events--------
[2019-05-01 14:10:08,525]INFO:No events to create in this period
[2019-05-01 14:10:08,526]INFO:########Scanning Period Ends########
[2019-05-01 14:20:04,917]INFO:########Scanning Period Starts########
[2019-05-01 14:20:04,917]INFO:--------Reading Emails--------
[2019-05-01 14:20:06,208]INFO:Successfully fetched 0 emails
[2019-05-01 14:20:06,212]INFO:0 appointment(s) scraped from 0 email(s) in this period
[2019-05-01 14:20:06,217]INFO:--------Creating Events--------
[2019-05-01 14:20:06,218]INFO:No events to create in this period
[2019-05-01 14:20:06,218]INFO:########Scanning Period Ends########
[2019-05-01 14:30:05,530]INFO:########Scanning Period Starts########
[2019-05-01 14:30:05,531]INFO:--------Reading Emails--------
[2019-05-01 14:30:08,034]INFO:Successfully fetched 0 emails
[2019-05-01 14:30:08,038]INFO:0 appointment(s) scraped from 0 email(s) in this period
[2019-05-01 14:30:08,038]INFO:--------Creating Events--------
[2019-05-01 14:30:08,039]INFO:No events to create in this period
[2019-05-01 14:30:08,040]INFO:########Scanning Period Ends########
[2019-05-01 14:40:05,344]INFO:########Scanning Period Starts########
[2019-05-01 14:40:05,345]INFO:--------Reading Emails--------
[2019-05-01 14:40:06,633]INFO:Successfully fetched 0 emails
[2019-05-01 14:40:06,647]INFO:0 appointment(s) scraped from 0 email(s) in this period
[2019-05-01 14:40:06,648]INFO:--------Creating Events--------
[2019-05-01 14:40:06,649]INFO:No events to create in this period
[2019-05-01 14:40:06,649]INFO:########Scanning Period Ends########
[2019-05-01 14:50:05,005]INFO:########Scanning Period Starts########
[2019-05-01 14:50:05,006]INFO:--------Reading Emails--------
[2019-05-01 14:50:07,620]INFO:Successfully fetched 0 emails
[2019-05-01 14:50:07,624]INFO:0 appointment(s) scraped from 0 email(s) in this period
[2019-05-01 14:50:07,625]INFO:--------Creating Events--------
[2019-05-01 14:50:07,625]INFO:No events to create in this period
[2019-05-01 14:50:07,626]INFO:########Scanning Period Ends########
[2019-05-01 15:00:04,946]INFO:########Scanning Period Starts########
[2019-05-01 15:00:04,947]INFO:--------Reading Emails--------
[2019-05-01 15:00:06,199]INFO:Successfully fetched 0 emails
[2019-05-01 15:00:06,202]INFO:0 appointment(s) scraped from 0 email(s) in this period
[2019-05-01 15:00:06,207]INFO:--------Creating Events--------
[2019-05-01 15:00:06,208]INFO:No events to create in this period
[2019-05-01 15:00:06,209]INFO:########Scanning Period Ends########
[2019-05-01 15:10:05,560]INFO:########Scanning Period Starts########
[2019-05-01 15:10:05,561]INFO:--------Reading Emails--------
[2019-05-01 15:10:07,043]INFO:Successfully fetched 0 emails
[2019-05-01 15:10:07,046]INFO:0 appointment(s) scraped from 0 email(s) in this period
[2019-05-01 15:10:07,047]INFO:--------Creating Events--------
[2019-05-01 15:10:07,048]INFO:No events to create in this period
[2019-05-01 15:10:07,048]INFO:########Scanning Period Ends########
[2019-05-01 15:20:05,427]INFO:########Scanning Period Starts########
[2019-05-01 15:20:05,428]INFO:--------Reading Emails--------
[2019-05-01 15:20:06,693]INFO:Successfully fetched 0 emails
[2019-05-01 15:20:06,697]INFO:0 appointment(s) scraped from 0 email(s) in this period
[2019-05-01 15:20:06,707]INFO:--------Creating Events--------
[2019-05-01 15:20:06,707]INFO:No events to create in this period
[2019-05-01 15:20:06,708]INFO:########Scanning Period Ends########
[2019-05-01 15:30:04,990]INFO:########Scanning Period Starts########
[2019-05-01 15:30:04,991]INFO:--------Reading Emails--------
[2019-05-01 15:30:06,527]INFO:Successfully fetched 0 emails
[2019-05-01 15:30:06,530]INFO:0 appointment(s) scraped from 0 email(s) in this period
[2019-05-01 15:30:06,539]INFO:--------Creating Events--------
[2019-05-01 15:30:06,540]INFO:No events to create in this period
[2019-05-01 15:30:06,541]INFO:########Scanning Period Ends########
[2019-05-01 15:40:04,922]INFO:########Scanning Period Starts########
[2019-05-01 15:40:04,923]INFO:--------Reading Emails--------
[2019-05-01 15:40:05,937]INFO:Successfully fetched 0 emails
[2019-05-01 15:40:05,941]INFO:0 appointment(s) scraped from 0 email(s) in this period
[2019-05-01 15:40:05,942]INFO:--------Creating Events--------
[2019-05-01 15:40:05,942]INFO:No events to create in this period
[2019-05-01 15:40:05,943]INFO:########Scanning Period Ends########
[2019-05-01 15:50:05,240]INFO:########Scanning Period Starts########
[2019-05-01 15:50:05,241]INFO:--------Reading Emails--------
[2019-05-01 15:50:06,580]INFO:Successfully fetched 0 emails
[2019-05-01 15:50:06,583]INFO:0 appointment(s) scraped from 0 email(s) in this period
[2019-05-01 15:50:06,588]INFO:--------Creating Events--------
[2019-05-01 15:50:06,589]INFO:No events to create in this period
[2019-05-01 15:50:06,589]INFO:########Scanning Period Ends########
[2019-05-01 16:00:04,908]INFO:########Scanning Period Starts########
[2019-05-01 16:00:04,909]INFO:--------Reading Emails--------
[2019-05-01 16:00:06,338]INFO:Successfully fetched 0 emails
[2019-05-01 16:00:06,341]INFO:0 appointment(s) scraped from 0 email(s) in this period
[2019-05-01 16:00:06,351]INFO:--------Creating Events--------
[2019-05-01 16:00:06,352]INFO:No events to create in this period
[2019-05-01 16:00:06,352]INFO:########Scanning Period Ends########
[2019-05-01 16:10:05,692]INFO:########Scanning Period Starts########
[2019-05-01 16:10:05,692]INFO:--------Reading Emails--------
[2019-05-01 16:10:06,857]INFO:Successfully fetched 0 emails
[2019-05-01 16:10:06,860]INFO:0 appointment(s) scraped from 0 email(s) in this period
[2019-05-01 16:10:06,861]INFO:--------Creating Events--------
[2019-05-01 16:10:06,861]INFO:No events to create in this period
[2019-05-01 16:10:06,862]INFO:########Scanning Period Ends########
[2019-05-01 16:20:05,265]INFO:########Scanning Period Starts########
[2019-05-01 16:20:05,266]INFO:--------Reading Emails--------
[2019-05-01 16:20:06,418]INFO:Successfully fetched 0 emails
[2019-05-01 16:20:06,421]INFO:0 appointment(s) scraped from 0 email(s) in this period
[2019-05-01 16:20:06,422]INFO:--------Creating Events--------
[2019-05-01 16:20:06,423]INFO:No events to create in this period
[2019-05-01 16:20:06,423]INFO:########Scanning Period Ends########
[2019-05-01 16:30:05,711]INFO:########Scanning Period Starts########
[2019-05-01 16:30:05,712]INFO:--------Reading Emails--------
[2019-05-01 16:30:07,005]INFO:Successfully fetched 0 emails
[2019-05-01 16:30:07,008]INFO:0 appointment(s) scraped from 0 email(s) in this period
[2019-05-01 16:30:07,013]INFO:--------Creating Events--------
[2019-05-01 16:30:07,014]INFO:No events to create in this period
[2019-05-01 16:30:07,015]INFO:########Scanning Period Ends########
[2019-05-01 16:40:05,349]INFO:########Scanning Period Starts########
[2019-05-01 16:40:05,349]INFO:--------Reading Emails--------
[2019-05-01 16:40:06,675]INFO:Successfully fetched 0 emails
[2019-05-01 16:40:06,678]INFO:0 appointment(s) scraped from 0 email(s) in this period
[2019-05-01 16:40:06,683]INFO:--------Creating Events--------
[2019-05-01 16:40:06,684]INFO:No events to create in this period
[2019-05-01 16:40:06,685]INFO:########Scanning Period Ends########
[2019-05-01 16:50:04,998]INFO:########Scanning Period Starts########
[2019-05-01 16:50:04,998]INFO:--------Reading Emails--------
[2019-05-01 16:50:06,358]INFO:Successfully fetched 0 emails
[2019-05-01 16:50:06,362]INFO:0 appointment(s) scraped from 0 email(s) in this period
[2019-05-01 16:50:06,367]INFO:--------Creating Events--------
[2019-05-01 16:50:06,367]INFO:No events to create in this period
[2019-05-01 16:50:06,368]INFO:########Scanning Period Ends########
[2019-05-01 17:00:05,683]INFO:########Scanning Period Starts########
[2019-05-01 17:00:05,684]INFO:--------Reading Emails--------
[2019-05-01 17:00:07,125]INFO:Successfully fetched 0 emails
[2019-05-01 17:00:07,129]INFO:0 appointment(s) scraped from 0 email(s) in this period
[2019-05-01 17:00:07,138]INFO:--------Creating Events--------
[2019-05-01 17:00:07,139]INFO:No events to create in this period
[2019-05-01 17:00:07,140]INFO:########Scanning Period Ends########
[2019-05-01 17:10:05,495]INFO:########Scanning Period Starts########
[2019-05-01 17:10:05,495]INFO:--------Reading Emails--------
[2019-05-01 17:10:06,643]INFO:Successfully fetched 0 emails
[2019-05-01 17:10:06,646]INFO:0 appointment(s) scraped from 0 email(s) in this period
[2019-05-01 17:10:06,647]INFO:--------Creating Events--------
[2019-05-01 17:10:06,648]INFO:No events to create in this period
[2019-05-01 17:10:06,648]INFO:########Scanning Period Ends########
[2019-05-01 17:20:05,034]INFO:########Scanning Period Starts########
[2019-05-01 17:20:05,035]INFO:--------Reading Emails--------
[2019-05-01 17:20:05,934]INFO:Successfully fetched 0 emails
[2019-05-01 17:20:05,938]INFO:0 appointment(s) scraped from 0 email(s) in this period
[2019-05-01 17:20:05,939]INFO:--------Creating Events--------
[2019-05-01 17:20:05,939]INFO:No events to create in this period
[2019-05-01 17:20:05,940]INFO:########Scanning Period Ends########
[2019-05-01 17:30:05,258]INFO:########Scanning Period Starts########
[2019-05-01 17:30:05,258]INFO:--------Reading Emails--------
[2019-05-01 17:30:06,577]INFO:Successfully fetched 0 emails
[2019-05-01 17:30:06,580]INFO:0 appointment(s) scraped from 0 email(s) in this period
[2019-05-01 17:30:06,585]INFO:--------Creating Events--------
[2019-05-01 17:30:06,586]INFO:No events to create in this period
[2019-05-01 17:30:06,586]INFO:########Scanning Period Ends########
[2019-05-01 17:40:04,880]INFO:########Scanning Period Starts########
[2019-05-01 17:40:04,881]INFO:--------Reading Emails--------
[2019-05-01 17:40:05,834]INFO:Successfully fetched 0 emails
[2019-05-01 17:40:05,837]INFO:0 appointment(s) scraped from 0 email(s) in this period
[2019-05-01 17:40:05,838]INFO:--------Creating Events--------
[2019-05-01 17:40:05,839]INFO:No events to create in this period
[2019-05-01 17:40:05,839]INFO:########Scanning Period Ends########
[2019-05-01 17:50:05,097]INFO:########Scanning Period Starts########
[2019-05-01 17:50:05,098]INFO:--------Reading Emails--------
[2019-05-01 17:50:06,304]INFO:Successfully fetched 0 emails
[2019-05-01 17:50:06,307]INFO:0 appointment(s) scraped from 0 email(s) in this period
[2019-05-01 17:50:06,308]INFO:--------Creating Events--------
[2019-05-01 17:50:06,309]INFO:No events to create in this period
[2019-05-01 17:50:06,309]INFO:########Scanning Period Ends########
[2019-05-01 18:00:05,636]INFO:########Scanning Period Starts########
[2019-05-01 18:00:05,636]INFO:--------Reading Emails--------
[2019-05-01 18:00:06,890]INFO:Successfully fetched 0 emails
[2019-05-01 18:00:06,894]INFO:0 appointment(s) scraped from 0 email(s) in this period
[2019-05-01 18:00:06,904]INFO:--------Creating Events--------
[2019-05-01 18:00:06,904]INFO:No events to create in this period
[2019-05-01 18:00:06,905]INFO:########Scanning Period Ends########
[2019-05-01 18:10:05,230]INFO:########Scanning Period Starts########
[2019-05-01 18:10:05,231]INFO:--------Reading Emails--------
[2019-05-01 18:10:06,181]INFO:Successfully fetched 0 emails
[2019-05-01 18:10:06,184]INFO:0 appointment(s) scraped from 0 email(s) in this period
[2019-05-01 18:10:06,185]INFO:--------Creating Events--------
[2019-05-01 18:10:06,186]INFO:No events to create in this period
[2019-05-01 18:10:06,186]INFO:########Scanning Period Ends########
[2019-05-01 18:20:05,579]INFO:########Scanning Period Starts########
[2019-05-01 18:20:05,580]INFO:--------Reading Emails--------
[2019-05-01 18:20:07,050]INFO:Successfully fetched 0 emails
[2019-05-01 18:20:07,054]INFO:0 appointment(s) scraped from 0 email(s) in this period
[2019-05-01 18:20:07,064]INFO:--------Creating Events--------
[2019-05-01 18:20:07,064]INFO:No events to create in this period
[2019-05-01 18:20:07,065]INFO:########Scanning Period Ends########
[2019-05-01 18:30:05,385]INFO:########Scanning Period Starts########
[2019-05-01 18:30:05,385]INFO:--------Reading Emails--------
[2019-05-01 18:30:06,326]INFO:Successfully fetched 0 emails
[2019-05-01 18:30:06,330]INFO:0 appointment(s) scraped from 0 email(s) in this period
[2019-05-01 18:30:06,331]INFO:--------Creating Events--------
[2019-05-01 18:30:06,331]INFO:No events to create in this period
[2019-05-01 18:30:06,332]INFO:########Scanning Period Ends########
[2019-05-01 18:40:05,673]INFO:########Scanning Period Starts########
[2019-05-01 18:40:05,673]INFO:--------Reading Emails--------
[2019-05-01 18:40:06,984]INFO:Successfully fetched 0 emails
[2019-05-01 18:40:06,988]INFO:0 appointment(s) scraped from 0 email(s) in this period
[2019-05-01 18:40:06,988]INFO:--------Creating Events--------
[2019-05-01 18:40:06,989]INFO:No events to create in this period
[2019-05-01 18:40:06,989]INFO:########Scanning Period Ends########
[2019-05-01 18:50:05,254]INFO:########Scanning Period Starts########
[2019-05-01 18:50:05,254]INFO:--------Reading Emails--------
[2019-05-01 18:50:06,488]INFO:Successfully fetched 0 emails
[2019-05-01 18:50:06,491]INFO:0 appointment(s) scraped from 0 email(s) in this period
[2019-05-01 18:50:06,492]INFO:--------Creating Events--------
[2019-05-01 18:50:06,493]INFO:No events to create in this period
[2019-05-01 18:50:06,493]INFO:########Scanning Period Ends########
[2019-05-01 19:00:05,833]INFO:########Scanning Period Starts########
[2019-05-01 19:00:05,834]INFO:--------Reading Emails--------
[2019-05-01 19:00:07,658]INFO:Successfully fetched 0 emails
[2019-05-01 19:00:07,674]INFO:0 appointment(s) scraped from 0 email(s) in this period
[2019-05-01 19:00:07,676]INFO:--------Creating Events--------
[2019-05-01 19:00:07,676]INFO:No events to create in this period
[2019-05-01 19:00:07,677]INFO:########Scanning Period Ends########
[2019-05-01 19:10:04,987]INFO:########Scanning Period Starts########
[2019-05-01 19:10:04,988]INFO:--------Reading Emails--------
[2019-05-01 19:10:06,387]INFO:Successfully fetched 0 emails
[2019-05-01 19:10:06,391]INFO:0 appointment(s) scraped from 0 email(s) in this period
[2019-05-01 19:10:06,396]INFO:--------Creating Events--------
[2019-05-01 19:10:06,397]INFO:No events to create in this period
[2019-05-01 19:10:06,397]INFO:########Scanning Period Ends########
[2019-05-01 19:20:05,791]INFO:########Scanning Period Starts########
[2019-05-01 19:20:05,792]INFO:--------Reading Emails--------
[2019-05-01 19:20:12,316]INFO:Successfully fetched 0 emails
[2019-05-01 19:20:12,319]INFO:0 appointment(s) scraped from 0 email(s) in this period
[2019-05-01 19:20:12,320]INFO:--------Creating Events--------
[2019-05-01 19:20:12,321]INFO:No events to create in this period
[2019-05-01 19:20:12,321]INFO:########Scanning Period Ends########
[2019-05-01 19:30:05,607]INFO:########Scanning Period Starts########
[2019-05-01 19:30:05,608]INFO:--------Reading Emails--------
[2019-05-01 19:30:08,266]INFO:Successfully fetched 0 emails
[2019-05-01 19:30:08,269]INFO:0 appointment(s) scraped from 0 email(s) in this period
[2019-05-01 19:30:08,270]INFO:--------Creating Events--------
[2019-05-01 19:30:08,271]INFO:No events to create in this period
[2019-05-01 19:30:08,271]INFO:########Scanning Period Ends########
[2019-05-01 19:40:05,640]INFO:########Scanning Period Starts########
[2019-05-01 19:40:05,640]INFO:--------Reading Emails--------
[2019-05-01 19:40:06,915]INFO:Successfully fetched 0 emails
[2019-05-01 19:40:06,919]INFO:0 appointment(s) scraped from 0 email(s) in this period
[2019-05-01 19:40:06,929]INFO:--------Creating Events--------
[2019-05-01 19:40:06,930]INFO:No events to create in this period
[2019-05-01 19:40:06,930]INFO:########Scanning Period Ends########
[2019-05-01 19:50:05,243]INFO:########Scanning Period Starts########
[2019-05-01 19:50:05,243]INFO:--------Reading Emails--------
[2019-05-01 19:50:06,194]INFO:Successfully fetched 0 emails
[2019-05-01 19:50:06,198]INFO:0 appointment(s) scraped from 0 email(s) in this period
[2019-05-01 19:50:06,199]INFO:--------Creating Events--------
[2019-05-01 19:50:06,199]INFO:No events to create in this period
[2019-05-01 19:50:06,200]INFO:########Scanning Period Ends########
[2019-05-01 20:00:05,527]INFO:########Scanning Period Starts########
[2019-05-01 20:00:05,528]INFO:--------Reading Emails--------
[2019-05-01 20:00:06,769]INFO:Successfully fetched 0 emails
[2019-05-01 20:00:06,773]INFO:0 appointment(s) scraped from 0 email(s) in this period
[2019-05-01 20:00:06,782]INFO:--------Creating Events--------
[2019-05-01 20:00:06,783]INFO:No events to create in this period
[2019-05-01 20:00:06,784]INFO:########Scanning Period Ends########
[2019-05-01 20:10:05,052]INFO:########Scanning Period Starts########
[2019-05-01 20:10:05,052]INFO:--------Reading Emails--------
[2019-05-01 20:10:05,983]INFO:Successfully fetched 0 emails
[2019-05-01 20:10:05,986]INFO:0 appointment(s) scraped from 0 email(s) in this period
[2019-05-01 20:10:05,987]INFO:--------Creating Events--------
[2019-05-01 20:10:05,988]INFO:No events to create in this period
[2019-05-01 20:10:05,988]INFO:########Scanning Period Ends########
[2019-05-01 20:20:05,401]INFO:########Scanning Period Starts########
[2019-05-01 20:20:05,402]INFO:--------Reading Emails--------
[2019-05-01 20:20:06,782]INFO:Successfully fetched 0 emails
[2019-05-01 20:20:06,786]INFO:0 appointment(s) scraped from 0 email(s) in this period
[2019-05-01 20:20:06,795]INFO:--------Creating Events--------
[2019-05-01 20:20:06,796]INFO:No events to create in this period
[2019-05-01 20:20:06,796]INFO:########Scanning Period Ends########
[2019-05-01 20:30:05,107]INFO:########Scanning Period Starts########
[2019-05-01 20:30:05,107]INFO:--------Reading Emails--------
[2019-05-01 20:30:06,159]INFO:Successfully fetched 0 emails
[2019-05-01 20:30:06,162]INFO:0 appointment(s) scraped from 0 email(s) in this period
[2019-05-01 20:30:06,163]INFO:--------Creating Events--------
[2019-05-01 20:30:06,164]INFO:No events to create in this period
[2019-05-01 20:30:06,164]INFO:########Scanning Period Ends########
[2019-05-01 20:40:05,467]INFO:########Scanning Period Starts########
[2019-05-01 20:40:05,468]INFO:--------Reading Emails--------
[2019-05-01 20:40:06,818]INFO:Successfully fetched 0 emails
[2019-05-01 20:40:06,821]INFO:0 appointment(s) scraped from 0 email(s) in this period
[2019-05-01 20:40:06,831]INFO:--------Creating Events--------
[2019-05-01 20:40:06,832]INFO:No events to create in this period
[2019-05-01 20:40:06,833]INFO:########Scanning Period Ends########
[2019-05-01 20:50:05,113]INFO:########Scanning Period Starts########
[2019-05-01 20:50:05,114]INFO:--------Reading Emails--------
[2019-05-01 20:50:06,115]INFO:Successfully fetched 0 emails
[2019-05-01 20:50:06,118]INFO:0 appointment(s) scraped from 0 email(s) in this period
[2019-05-01 20:50:06,119]INFO:--------Creating Events--------
[2019-05-01 20:50:06,119]INFO:No events to create in this period
[2019-05-01 20:50:06,120]INFO:########Scanning Period Ends########
[2019-05-01 21:00:05,466]INFO:########Scanning Period Starts########
[2019-05-01 21:00:05,466]INFO:--------Reading Emails--------
[2019-05-01 21:00:06,505]INFO:Successfully fetched 0 emails
[2019-05-01 21:00:06,508]INFO:0 appointment(s) scraped from 0 email(s) in this period
[2019-05-01 21:00:06,509]INFO:--------Creating Events--------
[2019-05-01 21:00:06,510]INFO:No events to create in this period
[2019-05-01 21:00:06,510]INFO:########Scanning Period Ends########
[2019-05-01 21:10:04,851]INFO:########Scanning Period Starts########
[2019-05-01 21:10:04,852]INFO:--------Reading Emails--------
[2019-05-01 21:10:05,869]INFO:Successfully fetched 0 emails
[2019-05-01 21:10:05,873]INFO:0 appointment(s) scraped from 0 email(s) in this period
[2019-05-01 21:10:05,874]INFO:--------Creating Events--------
[2019-05-01 21:10:05,874]INFO:No events to create in this period
[2019-05-01 21:10:05,875]INFO:########Scanning Period Ends########
[2019-05-01 21:20:05,253]INFO:########Scanning Period Starts########
[2019-05-01 21:20:05,253]INFO:--------Reading Emails--------
[2019-05-01 21:20:06,398]INFO:Successfully fetched 0 emails
[2019-05-01 21:20:06,402]INFO:0 appointment(s) scraped from 0 email(s) in this period
[2019-05-01 21:20:06,402]INFO:--------Creating Events--------
[2019-05-01 21:20:06,403]INFO:No events to create in this period
[2019-05-01 21:20:06,404]INFO:########Scanning Period Ends########
[2019-05-01 21:30:05,703]INFO:########Scanning Period Starts########
[2019-05-01 21:30:05,703]INFO:--------Reading Emails--------
[2019-05-01 21:30:06,911]INFO:Successfully fetched 0 emails
[2019-05-01 21:30:06,915]INFO:0 appointment(s) scraped from 0 email(s) in this period
[2019-05-01 21:30:06,916]INFO:--------Creating Events--------
[2019-05-01 21:30:06,916]INFO:No events to create in this period
[2019-05-01 21:30:06,917]INFO:########Scanning Period Ends########
[2019-05-01 21:40:05,253]INFO:########Scanning Period Starts########
[2019-05-01 21:40:05,253]INFO:--------Reading Emails--------
[2019-05-01 21:40:06,358]INFO:Successfully fetched 0 emails
[2019-05-01 21:40:06,362]INFO:0 appointment(s) scraped from 0 email(s) in this period
[2019-05-01 21:40:06,363]INFO:--------Creating Events--------
[2019-05-01 21:40:06,363]INFO:No events to create in this period
[2019-05-01 21:40:06,364]INFO:########Scanning Period Ends########
[2019-05-01 21:50:05,732]INFO:########Scanning Period Starts########
[2019-05-01 21:50:05,733]INFO:--------Reading Emails--------
[2019-05-01 21:50:06,869]INFO:Successfully fetched 0 emails
[2019-05-01 21:50:06,873]INFO:0 appointment(s) scraped from 0 email(s) in this period
[2019-05-01 21:50:06,874]INFO:--------Creating Events--------
[2019-05-01 21:50:06,874]INFO:No events to create in this period
[2019-05-01 21:50:06,875]INFO:########Scanning Period Ends########
[2019-05-01 22:00:05,224]INFO:########Scanning Period Starts########
[2019-05-01 22:00:05,224]INFO:--------Reading Emails--------
[2019-05-01 22:00:06,499]INFO:Successfully fetched 0 emails
[2019-05-01 22:00:06,503]INFO:0 appointment(s) scraped from 0 email(s) in this period
[2019-05-01 22:00:06,512]INFO:--------Creating Events--------
[2019-05-01 22:00:06,513]INFO:No events to create in this period
[2019-05-01 22:00:06,513]INFO:########Scanning Period Ends########
[2019-05-01 22:10:04,857]INFO:########Scanning Period Starts########
[2019-05-01 22:10:04,857]INFO:--------Reading Emails--------
[2019-05-01 22:10:06,066]INFO:Successfully fetched 0 emails
[2019-05-01 22:10:06,070]INFO:0 appointment(s) scraped from 0 email(s) in this period
[2019-05-01 22:10:06,079]INFO:--------Creating Events--------
[2019-05-01 22:10:06,080]INFO:No events to create in this period
[2019-05-01 22:10:06,081]INFO:########Scanning Period Ends########
[2019-05-01 22:20:05,494]INFO:########Scanning Period Starts########
[2019-05-01 22:20:05,495]INFO:--------Reading Emails--------
[2019-05-01 22:20:06,764]INFO:Successfully fetched 0 emails
[2019-05-01 22:20:06,768]INFO:0 appointment(s) scraped from 0 email(s) in this period
[2019-05-01 22:20:06,777]INFO:--------Creating Events--------
[2019-05-01 22:20:06,778]INFO:No events to create in this period
[2019-05-01 22:20:06,779]INFO:########Scanning Period Ends########
[2019-05-01 22:30:05,046]INFO:########Scanning Period Starts########
[2019-05-01 22:30:05,046]INFO:--------Reading Emails--------
[2019-05-01 22:30:05,925]INFO:Successfully fetched 0 emails
[2019-05-01 22:30:05,929]INFO:0 appointment(s) scraped from 0 email(s) in this period
[2019-05-01 22:30:05,930]INFO:--------Creating Events--------
[2019-05-01 22:30:05,930]INFO:No events to create in this period
[2019-05-01 22:30:05,931]INFO:########Scanning Period Ends########
[2019-05-01 22:40:05,242]INFO:########Scanning Period Starts########
[2019-05-01 22:40:05,243]INFO:--------Reading Emails--------
[2019-05-01 22:40:06,563]INFO:Successfully fetched 0 emails
[2019-05-01 22:40:06,566]INFO:0 appointment(s) scraped from 0 email(s) in this period
[2019-05-01 22:40:06,571]INFO:--------Creating Events--------
[2019-05-01 22:40:06,572]INFO:No events to create in this period
[2019-05-01 22:40:06,572]INFO:########Scanning Period Ends########
[2019-05-01 22:50:04,859]INFO:########Scanning Period Starts########
[2019-05-01 22:50:04,859]INFO:--------Reading Emails--------
[2019-05-01 22:50:05,745]INFO:Successfully fetched 0 emails
[2019-05-01 22:50:05,749]INFO:0 appointment(s) scraped from 0 email(s) in this period
[2019-05-01 22:50:05,749]INFO:--------Creating Events--------
[2019-05-01 22:50:05,750]INFO:No events to create in this period
[2019-05-01 22:50:05,751]INFO:########Scanning Period Ends########
[2019-05-01 23:00:05,047]INFO:########Scanning Period Starts########
[2019-05-01 23:00:05,048]INFO:--------Reading Emails--------
[2019-05-01 23:00:06,567]INFO:Successfully fetched 0 emails
[2019-05-01 23:00:06,570]INFO:0 appointment(s) scraped from 0 email(s) in this period
[2019-05-01 23:00:06,575]INFO:--------Creating Events--------
[2019-05-01 23:00:06,576]INFO:No events to create in this period
[2019-05-01 23:00:06,577]INFO:########Scanning Period Ends########
[2019-05-01 23:10:04,890]INFO:########Scanning Period Starts########
[2019-05-01 23:10:04,891]INFO:--------Reading Emails--------
[2019-05-01 23:10:06,218]INFO:Successfully fetched 0 emails
[2019-05-01 23:10:06,221]INFO:0 appointment(s) scraped from 0 email(s) in this period
[2019-05-01 23:10:06,231]INFO:--------Creating Events--------
[2019-05-01 23:10:06,232]INFO:No events to create in this period
[2019-05-01 23:10:06,232]INFO:########Scanning Period Ends########
[2019-05-01 23:20:05,619]INFO:########Scanning Period Starts########
[2019-05-01 23:20:05,620]INFO:--------Reading Emails--------
[2019-05-01 23:20:06,758]INFO:Successfully fetched 0 emails
[2019-05-01 23:20:06,762]INFO:0 appointment(s) scraped from 0 email(s) in this period
[2019-05-01 23:20:06,762]INFO:--------Creating Events--------
[2019-05-01 23:20:06,763]INFO:No events to create in this period
[2019-05-01 23:20:06,764]INFO:########Scanning Period Ends########
[2019-05-01 23:30:05,087]INFO:########Scanning Period Starts########
[2019-05-01 23:30:05,088]INFO:--------Reading Emails--------
[2019-05-01 23:30:06,373]INFO:Successfully fetched 0 emails
[2019-05-01 23:30:06,377]INFO:0 appointment(s) scraped from 0 email(s) in this period
[2019-05-01 23:30:06,382]INFO:--------Creating Events--------
[2019-05-01 23:30:06,382]INFO:No events to create in this period
[2019-05-01 23:30:06,383]INFO:########Scanning Period Ends########
[2019-05-01 23:40:05,680]INFO:########Scanning Period Starts########
[2019-05-01 23:40:05,681]INFO:--------Reading Emails--------
[2019-05-01 23:40:06,795]INFO:Successfully fetched 0 emails
[2019-05-01 23:40:06,799]INFO:0 appointment(s) scraped from 0 email(s) in this period
[2019-05-01 23:40:06,800]INFO:--------Creating Events--------
[2019-05-01 23:40:06,800]INFO:No events to create in this period
[2019-05-01 23:40:06,801]INFO:########Scanning Period Ends########
[2019-05-01 23:50:05,176]INFO:########Scanning Period Starts########
[2019-05-01 23:50:05,177]INFO:--------Reading Emails--------
[2019-05-01 23:50:06,326]INFO:Successfully fetched 0 emails
[2019-05-01 23:50:06,335]INFO:0 appointment(s) scraped from 0 email(s) in this period
[2019-05-01 23:50:06,336]INFO:--------Creating Events--------
[2019-05-01 23:50:06,336]INFO:No events to create in this period
[2019-05-01 23:50:06,337]INFO:########Scanning Period Ends########
