[2019-04-28 00:00:05,133]INFO:########Scanning Period Starts########
[2019-04-28 00:00:05,133]INFO:--------Reading Emails--------
[2019-04-28 00:00:06,212]INFO:Successfully fetched 0 emails
[2019-04-28 00:00:06,216]INFO:0 appointment(s) scraped from 0 email(s) in this period
[2019-04-28 00:00:06,217]INFO:--------Creating Events--------
[2019-04-28 00:00:06,217]INFO:No events to create in this period
[2019-04-28 00:00:06,218]INFO:########Scanning Period Ends########
[2019-04-28 00:10:05,504]INFO:########Scanning Period Starts########
[2019-04-28 00:10:05,504]INFO:--------Reading Emails--------
[2019-04-28 00:10:06,828]INFO:Successfully fetched 0 emails
[2019-04-28 00:10:06,841]INFO:0 appointment(s) scraped from 0 email(s) in this period
[2019-04-28 00:10:06,842]INFO:--------Creating Events--------
[2019-04-28 00:10:06,842]INFO:No events to create in this period
[2019-04-28 00:10:06,843]INFO:########Scanning Period Ends########
[2019-04-28 00:20:05,289]INFO:########Scanning Period Starts########
[2019-04-28 00:20:05,290]INFO:--------Reading Emails--------
[2019-04-28 00:20:06,454]INFO:Successfully fetched 0 emails
[2019-04-28 00:20:06,467]INFO:0 appointment(s) scraped from 0 email(s) in this period
[2019-04-28 00:20:06,468]INFO:--------Creating Events--------
[2019-04-28 00:20:06,469]INFO:No events to create in this period
[2019-04-28 00:20:06,469]INFO:########Scanning Period Ends########
[2019-04-28 00:30:05,758]INFO:########Scanning Period Starts########
[2019-04-28 00:30:05,759]INFO:--------Reading Emails--------
[2019-04-28 00:30:07,055]INFO:Successfully fetched 0 emails
[2019-04-28 00:30:07,059]INFO:0 appointment(s) scraped from 0 email(s) in this period
[2019-04-28 00:30:07,064]INFO:--------Creating Events--------
[2019-04-28 00:30:07,065]INFO:No events to create in this period
[2019-04-28 00:30:07,065]INFO:########Scanning Period Ends########
[2019-04-28 00:40:05,358]INFO:########Scanning Period Starts########
[2019-04-28 00:40:05,359]INFO:--------Reading Emails--------
[2019-04-28 00:40:06,550]INFO:Successfully fetched 0 emails
[2019-04-28 00:40:06,554]INFO:0 appointment(s) scraped from 0 email(s) in this period
[2019-04-28 00:40:06,555]INFO:--------Creating Events--------
[2019-04-28 00:40:06,555]INFO:No events to create in this period
[2019-04-28 00:40:06,556]INFO:########Scanning Period Ends########
[2019-04-28 00:50:04,856]INFO:########Scanning Period Starts########
[2019-04-28 00:50:04,857]INFO:--------Reading Emails--------
[2019-04-28 00:50:05,773]INFO:Successfully fetched 0 emails
[2019-04-28 00:50:05,777]INFO:0 appointment(s) scraped from 0 email(s) in this period
[2019-04-28 00:50:05,777]INFO:--------Creating Events--------
[2019-04-28 00:50:05,778]INFO:No events to create in this period
[2019-04-28 00:50:05,779]INFO:########Scanning Period Ends########
[2019-04-28 01:00:05,092]INFO:########Scanning Period Starts########
[2019-04-28 01:00:05,092]INFO:--------Reading Emails--------
[2019-04-28 01:00:06,199]INFO:Successfully fetched 0 emails
[2019-04-28 01:00:06,202]INFO:0 appointment(s) scraped from 0 email(s) in this period
[2019-04-28 01:00:06,203]INFO:--------Creating Events--------
[2019-04-28 01:00:06,204]INFO:No events to create in this period
[2019-04-28 01:00:06,204]INFO:########Scanning Period Ends########
[2019-04-28 01:10:05,550]INFO:########Scanning Period Starts########
[2019-04-28 01:10:05,551]INFO:--------Reading Emails--------
[2019-04-28 01:10:06,904]INFO:Successfully fetched 0 emails
[2019-04-28 01:10:06,908]INFO:0 appointment(s) scraped from 0 email(s) in this period
[2019-04-28 01:10:06,917]INFO:--------Creating Events--------
[2019-04-28 01:10:06,918]INFO:No events to create in this period
[2019-04-28 01:10:06,919]INFO:########Scanning Period Ends########
[2019-04-28 01:20:05,370]INFO:########Scanning Period Starts########
[2019-04-28 01:20:05,370]INFO:--------Reading Emails--------
[2019-04-28 01:20:06,603]INFO:Successfully fetched 0 emails
[2019-04-28 01:20:06,612]INFO:0 appointment(s) scraped from 0 email(s) in this period
[2019-04-28 01:20:06,613]INFO:--------Creating Events--------
[2019-04-28 01:20:06,614]INFO:No events to create in this period
[2019-04-28 01:20:06,614]INFO:########Scanning Period Ends########
[2019-04-28 01:30:04,941]INFO:########Scanning Period Starts########
[2019-04-28 01:30:04,942]INFO:--------Reading Emails--------
[2019-04-28 01:30:06,097]INFO:Successfully fetched 0 emails
[2019-04-28 01:30:06,101]INFO:0 appointment(s) scraped from 0 email(s) in this period
[2019-04-28 01:30:06,102]INFO:--------Creating Events--------
[2019-04-28 01:30:06,102]INFO:No events to create in this period
[2019-04-28 01:30:06,103]INFO:########Scanning Period Ends########
[2019-04-28 01:40:05,411]INFO:########Scanning Period Starts########
[2019-04-28 01:40:05,411]INFO:--------Reading Emails--------
[2019-04-28 01:40:06,622]INFO:Successfully fetched 0 emails
[2019-04-28 01:40:06,625]INFO:0 appointment(s) scraped from 0 email(s) in this period
[2019-04-28 01:40:06,626]INFO:--------Creating Events--------
[2019-04-28 01:40:06,627]INFO:No events to create in this period
[2019-04-28 01:40:06,627]INFO:########Scanning Period Ends########
[2019-04-28 01:50:04,980]INFO:########Scanning Period Starts########
[2019-04-28 01:50:04,981]INFO:--------Reading Emails--------
[2019-04-28 01:50:05,969]INFO:Successfully fetched 0 emails
[2019-04-28 01:50:05,972]INFO:0 appointment(s) scraped from 0 email(s) in this period
[2019-04-28 01:50:05,973]INFO:--------Creating Events--------
[2019-04-28 01:50:05,974]INFO:No events to create in this period
[2019-04-28 01:50:05,974]INFO:########Scanning Period Ends########
[2019-04-28 02:00:05,271]INFO:########Scanning Period Starts########
[2019-04-28 02:00:05,272]INFO:--------Reading Emails--------
[2019-04-28 02:00:06,479]INFO:Successfully fetched 0 emails
[2019-04-28 02:00:06,482]INFO:0 appointment(s) scraped from 0 email(s) in this period
[2019-04-28 02:00:06,483]INFO:--------Creating Events--------
[2019-04-28 02:00:06,484]INFO:No events to create in this period
[2019-04-28 02:00:06,494]INFO:########Scanning Period Ends########
[2019-04-28 02:10:04,806]INFO:########Scanning Period Starts########
[2019-04-28 02:10:04,806]INFO:--------Reading Emails--------
[2019-04-28 02:10:05,860]INFO:Successfully fetched 0 emails
[2019-04-28 02:10:05,864]INFO:0 appointment(s) scraped from 0 email(s) in this period
[2019-04-28 02:10:05,865]INFO:--------Creating Events--------
[2019-04-28 02:10:05,865]INFO:No events to create in this period
[2019-04-28 02:10:05,866]INFO:########Scanning Period Ends########
[2019-04-28 02:20:05,257]INFO:########Scanning Period Starts########
[2019-04-28 02:20:05,259]INFO:--------Reading Emails--------
[2019-04-28 02:20:06,287]INFO:Successfully fetched 0 emails
[2019-04-28 02:20:06,291]INFO:0 appointment(s) scraped from 0 email(s) in this period
[2019-04-28 02:20:06,292]INFO:--------Creating Events--------
[2019-04-28 02:20:06,292]INFO:No events to create in this period
[2019-04-28 02:20:06,293]INFO:########Scanning Period Ends########
[2019-04-28 02:30:05,637]INFO:########Scanning Period Starts########
[2019-04-28 02:30:05,637]INFO:--------Reading Emails--------
[2019-04-28 02:30:06,606]INFO:Successfully fetched 0 emails
[2019-04-28 02:30:06,609]INFO:0 appointment(s) scraped from 0 email(s) in this period
[2019-04-28 02:30:06,610]INFO:--------Creating Events--------
[2019-04-28 02:30:06,611]INFO:No events to create in this period
[2019-04-28 02:30:06,611]INFO:########Scanning Period Ends########
[2019-04-28 02:40:04,910]INFO:########Scanning Period Starts########
[2019-04-28 02:40:04,910]INFO:--------Reading Emails--------
[2019-04-28 02:40:06,030]INFO:Successfully fetched 0 emails
[2019-04-28 02:40:06,034]INFO:0 appointment(s) scraped from 0 email(s) in this period
[2019-04-28 02:40:06,035]INFO:--------Creating Events--------
[2019-04-28 02:40:06,035]INFO:No events to create in this period
[2019-04-28 02:40:06,036]INFO:########Scanning Period Ends########
[2019-04-28 02:50:05,392]INFO:########Scanning Period Starts########
[2019-04-28 02:50:05,392]INFO:--------Reading Emails--------
[2019-04-28 02:50:06,428]INFO:Successfully fetched 0 emails
[2019-04-28 02:50:06,431]INFO:0 appointment(s) scraped from 0 email(s) in this period
[2019-04-28 02:50:06,432]INFO:--------Creating Events--------
[2019-04-28 02:50:06,433]INFO:No events to create in this period
[2019-04-28 02:50:06,434]INFO:########Scanning Period Ends########
[2019-04-28 03:00:05,754]INFO:########Scanning Period Starts########
[2019-04-28 03:00:05,754]INFO:--------Reading Emails--------
[2019-04-28 03:00:06,785]INFO:Successfully fetched 0 emails
[2019-04-28 03:00:06,788]INFO:0 appointment(s) scraped from 0 email(s) in this period
[2019-04-28 03:00:06,789]INFO:--------Creating Events--------
[2019-04-28 03:00:06,790]INFO:No events to create in this period
[2019-04-28 03:00:06,790]INFO:########Scanning Period Ends########
[2019-04-28 03:10:05,102]INFO:########Scanning Period Starts########
[2019-04-28 03:10:05,102]INFO:--------Reading Emails--------
[2019-04-28 03:10:06,306]INFO:Successfully fetched 0 emails
[2019-04-28 03:10:06,309]INFO:0 appointment(s) scraped from 0 email(s) in this period
[2019-04-28 03:10:06,314]INFO:--------Creating Events--------
[2019-04-28 03:10:06,315]INFO:No events to create in this period
[2019-04-28 03:10:06,315]INFO:########Scanning Period Ends########
[2019-04-28 03:20:05,711]INFO:########Scanning Period Starts########
[2019-04-28 03:20:05,711]INFO:--------Reading Emails--------
[2019-04-28 03:20:06,650]INFO:Successfully fetched 0 emails
[2019-04-28 03:20:06,654]INFO:0 appointment(s) scraped from 0 email(s) in this period
[2019-04-28 03:20:06,655]INFO:--------Creating Events--------
[2019-04-28 03:20:06,655]INFO:No events to create in this period
[2019-04-28 03:20:06,656]INFO:########Scanning Period Ends########
[2019-04-28 03:30:05,013]INFO:########Scanning Period Starts########
[2019-04-28 03:30:05,014]INFO:--------Reading Emails--------
[2019-04-28 03:30:06,299]INFO:Successfully fetched 0 emails
[2019-04-28 03:30:06,302]INFO:0 appointment(s) scraped from 0 email(s) in this period
[2019-04-28 03:30:06,307]INFO:--------Creating Events--------
[2019-04-28 03:30:06,308]INFO:No events to create in this period
[2019-04-28 03:30:06,309]INFO:########Scanning Period Ends########
[2019-04-28 03:40:05,601]INFO:########Scanning Period Starts########
[2019-04-28 03:40:05,601]INFO:--------Reading Emails--------
[2019-04-28 03:40:06,652]INFO:Successfully fetched 0 emails
[2019-04-28 03:40:06,656]INFO:0 appointment(s) scraped from 0 email(s) in this period
[2019-04-28 03:40:06,656]INFO:--------Creating Events--------
[2019-04-28 03:40:06,657]INFO:No events to create in this period
[2019-04-28 03:40:06,658]INFO:########Scanning Period Ends########
[2019-04-28 03:50:04,979]INFO:########Scanning Period Starts########
[2019-04-28 03:50:04,980]INFO:--------Reading Emails--------
[2019-04-28 03:50:06,088]INFO:Successfully fetched 0 emails
[2019-04-28 03:50:06,091]INFO:0 appointment(s) scraped from 0 email(s) in this period
[2019-04-28 03:50:06,092]INFO:--------Creating Events--------
[2019-04-28 03:50:06,093]INFO:No events to create in this period
[2019-04-28 03:50:06,093]INFO:########Scanning Period Ends########
[2019-04-28 04:00:05,377]INFO:########Scanning Period Starts########
[2019-04-28 04:00:05,378]INFO:--------Reading Emails--------
[2019-04-28 04:00:06,385]INFO:Successfully fetched 0 emails
[2019-04-28 04:00:06,388]INFO:0 appointment(s) scraped from 0 email(s) in this period
[2019-04-28 04:00:06,389]INFO:--------Creating Events--------
[2019-04-28 04:00:06,390]INFO:No events to create in this period
[2019-04-28 04:00:06,390]INFO:########Scanning Period Ends########
[2019-04-28 04:10:05,729]INFO:########Scanning Period Starts########
[2019-04-28 04:10:05,730]INFO:--------Reading Emails--------
[2019-04-28 04:10:07,108]INFO:Successfully fetched 0 emails
[2019-04-28 04:10:07,112]INFO:0 appointment(s) scraped from 0 email(s) in this period
[2019-04-28 04:10:07,117]INFO:--------Creating Events--------
[2019-04-28 04:10:07,117]INFO:No events to create in this period
[2019-04-28 04:10:07,118]INFO:########Scanning Period Ends########
[2019-04-28 04:20:05,536]INFO:########Scanning Period Starts########
[2019-04-28 04:20:05,536]INFO:--------Reading Emails--------
[2019-04-28 04:20:06,462]INFO:Successfully fetched 0 emails
[2019-04-28 04:20:06,466]INFO:0 appointment(s) scraped from 0 email(s) in this period
[2019-04-28 04:20:06,467]INFO:--------Creating Events--------
[2019-04-28 04:20:06,467]INFO:No events to create in this period
[2019-04-28 04:20:06,468]INFO:########Scanning Period Ends########
[2019-04-28 04:30:05,761]INFO:########Scanning Period Starts########
[2019-04-28 04:30:05,761]INFO:--------Reading Emails--------
[2019-04-28 04:30:06,868]INFO:Successfully fetched 0 emails
[2019-04-28 04:30:06,872]INFO:0 appointment(s) scraped from 0 email(s) in this period
[2019-04-28 04:30:06,872]INFO:--------Creating Events--------
[2019-04-28 04:30:06,873]INFO:No events to create in this period
[2019-04-28 04:30:06,874]INFO:########Scanning Period Ends########
[2019-04-28 04:40:05,159]INFO:########Scanning Period Starts########
[2019-04-28 04:40:05,160]INFO:--------Reading Emails--------
[2019-04-28 04:40:06,183]INFO:Successfully fetched 0 emails
[2019-04-28 04:40:06,187]INFO:0 appointment(s) scraped from 0 email(s) in this period
[2019-04-28 04:40:06,188]INFO:--------Creating Events--------
[2019-04-28 04:40:06,188]INFO:No events to create in this period
[2019-04-28 04:40:06,189]INFO:########Scanning Period Ends########
[2019-04-28 04:50:05,527]INFO:########Scanning Period Starts########
[2019-04-28 04:50:05,528]INFO:--------Reading Emails--------
[2019-04-28 04:50:06,513]INFO:Successfully fetched 0 emails
[2019-04-28 04:50:06,517]INFO:0 appointment(s) scraped from 0 email(s) in this period
[2019-04-28 04:50:06,517]INFO:--------Creating Events--------
[2019-04-28 04:50:06,518]INFO:No events to create in this period
[2019-04-28 04:50:06,518]INFO:########Scanning Period Ends########
[2019-04-28 05:00:04,852]INFO:########Scanning Period Starts########
[2019-04-28 05:00:04,853]INFO:--------Reading Emails--------
[2019-04-28 05:00:05,976]INFO:Successfully fetched 0 emails
[2019-04-28 05:00:05,979]INFO:0 appointment(s) scraped from 0 email(s) in this period
[2019-04-28 05:00:05,980]INFO:--------Creating Events--------
[2019-04-28 05:00:05,981]INFO:No events to create in this period
[2019-04-28 05:00:05,981]INFO:########Scanning Period Ends########
[2019-04-28 05:10:05,288]INFO:########Scanning Period Starts########
[2019-04-28 05:10:05,289]INFO:--------Reading Emails--------
[2019-04-28 05:10:08,928]INFO:Successfully fetched 0 emails
[2019-04-28 05:10:08,932]INFO:0 appointment(s) scraped from 0 email(s) in this period
[2019-04-28 05:10:08,932]INFO:--------Creating Events--------
[2019-04-28 05:10:08,933]INFO:No events to create in this period
[2019-04-28 05:10:08,934]INFO:########Scanning Period Ends########
[2019-04-28 05:20:05,372]INFO:########Scanning Period Starts########
[2019-04-28 05:20:05,372]INFO:--------Reading Emails--------
[2019-04-28 05:20:06,617]INFO:Successfully fetched 0 emails
[2019-04-28 05:20:06,620]INFO:0 appointment(s) scraped from 0 email(s) in this period
[2019-04-28 05:20:06,630]INFO:--------Creating Events--------
[2019-04-28 05:20:06,631]INFO:No events to create in this period
[2019-04-28 05:20:06,632]INFO:########Scanning Period Ends########
[2019-04-28 05:30:04,921]INFO:########Scanning Period Starts########
[2019-04-28 05:30:04,921]INFO:--------Reading Emails--------
[2019-04-28 05:30:05,795]INFO:Successfully fetched 0 emails
[2019-04-28 05:30:05,798]INFO:0 appointment(s) scraped from 0 email(s) in this period
[2019-04-28 05:30:05,799]INFO:--------Creating Events--------
[2019-04-28 05:30:05,799]INFO:No events to create in this period
[2019-04-28 05:30:05,800]INFO:########Scanning Period Ends########
[2019-04-28 05:40:05,114]INFO:########Scanning Period Starts########
[2019-04-28 05:40:05,114]INFO:--------Reading Emails--------
[2019-04-28 05:40:06,151]INFO:Successfully fetched 0 emails
[2019-04-28 05:40:06,154]INFO:0 appointment(s) scraped from 0 email(s) in this period
[2019-04-28 05:40:06,155]INFO:--------Creating Events--------
[2019-04-28 05:40:06,156]INFO:No events to create in this period
[2019-04-28 05:40:06,156]INFO:########Scanning Period Ends########
[2019-04-28 05:50:05,503]INFO:########Scanning Period Starts########
[2019-04-28 05:50:05,504]INFO:--------Reading Emails--------
[2019-04-28 05:50:06,764]INFO:Successfully fetched 0 emails
[2019-04-28 05:50:06,768]INFO:0 appointment(s) scraped from 0 email(s) in this period
[2019-04-28 05:50:06,772]INFO:--------Creating Events--------
[2019-04-28 05:50:06,773]INFO:No events to create in this period
[2019-04-28 05:50:06,774]INFO:########Scanning Period Ends########
[2019-04-28 06:00:05,084]INFO:########Scanning Period Starts########
[2019-04-28 06:00:05,084]INFO:--------Reading Emails--------
[2019-04-28 06:00:06,401]INFO:Successfully fetched 0 emails
[2019-04-28 06:00:06,405]INFO:0 appointment(s) scraped from 0 email(s) in this period
[2019-04-28 06:00:06,414]INFO:--------Creating Events--------
[2019-04-28 06:00:06,415]INFO:No events to create in this period
[2019-04-28 06:00:06,415]INFO:########Scanning Period Ends########
[2019-04-28 06:10:05,728]INFO:########Scanning Period Starts########
[2019-04-28 06:10:05,729]INFO:--------Reading Emails--------
[2019-04-28 06:10:06,913]INFO:Successfully fetched 0 emails
[2019-04-28 06:10:06,917]INFO:0 appointment(s) scraped from 0 email(s) in this period
[2019-04-28 06:10:06,926]INFO:--------Creating Events--------
[2019-04-28 06:10:06,927]INFO:No events to create in this period
[2019-04-28 06:10:06,927]INFO:########Scanning Period Ends########
[2019-04-28 06:20:05,336]INFO:########Scanning Period Starts########
[2019-04-28 06:20:05,337]INFO:--------Reading Emails--------
[2019-04-28 06:20:06,247]INFO:Successfully fetched 0 emails
[2019-04-28 06:20:06,250]INFO:0 appointment(s) scraped from 0 email(s) in this period
[2019-04-28 06:20:06,251]INFO:--------Creating Events--------
[2019-04-28 06:20:06,252]INFO:No events to create in this period
[2019-04-28 06:20:06,252]INFO:########Scanning Period Ends########
[2019-04-28 06:30:05,646]INFO:########Scanning Period Starts########
[2019-04-28 06:30:05,647]INFO:--------Reading Emails--------
[2019-04-28 06:30:06,743]INFO:Successfully fetched 0 emails
[2019-04-28 06:30:06,747]INFO:0 appointment(s) scraped from 0 email(s) in this period
[2019-04-28 06:30:06,747]INFO:--------Creating Events--------
[2019-04-28 06:30:06,748]INFO:No events to create in this period
[2019-04-28 06:30:06,749]INFO:########Scanning Period Ends########
[2019-04-28 06:40:05,068]INFO:########Scanning Period Starts########
[2019-04-28 06:40:05,069]INFO:--------Reading Emails--------
[2019-04-28 06:40:05,997]INFO:Successfully fetched 0 emails
[2019-04-28 06:40:06,000]INFO:0 appointment(s) scraped from 0 email(s) in this period
[2019-04-28 06:40:06,001]INFO:--------Creating Events--------
[2019-04-28 06:40:06,002]INFO:No events to create in this period
[2019-04-28 06:40:06,002]INFO:########Scanning Period Ends########
[2019-04-28 06:50:05,389]INFO:########Scanning Period Starts########
[2019-04-28 06:50:05,389]INFO:--------Reading Emails--------
[2019-04-28 06:50:08,413]INFO:Successfully fetched 0 emails
[2019-04-28 06:50:08,416]INFO:0 appointment(s) scraped from 0 email(s) in this period
[2019-04-28 06:50:08,417]INFO:--------Creating Events--------
[2019-04-28 06:50:08,418]INFO:No events to create in this period
[2019-04-28 06:50:08,418]INFO:########Scanning Period Ends########
[2019-04-28 07:00:05,755]INFO:########Scanning Period Starts########
[2019-04-28 07:00:05,756]INFO:--------Reading Emails--------
[2019-04-28 07:00:06,708]INFO:Successfully fetched 0 emails
[2019-04-28 07:00:06,711]INFO:0 appointment(s) scraped from 0 email(s) in this period
[2019-04-28 07:00:06,712]INFO:--------Creating Events--------
[2019-04-28 07:00:06,713]INFO:No events to create in this period
[2019-04-28 07:00:06,713]INFO:########Scanning Period Ends########
[2019-04-28 07:10:05,010]INFO:########Scanning Period Starts########
[2019-04-28 07:10:05,010]INFO:--------Reading Emails--------
[2019-04-28 07:10:06,084]INFO:Successfully fetched 0 emails
[2019-04-28 07:10:06,088]INFO:0 appointment(s) scraped from 0 email(s) in this period
[2019-04-28 07:10:06,089]INFO:--------Creating Events--------
[2019-04-28 07:10:06,089]INFO:No events to create in this period
[2019-04-28 07:10:06,090]INFO:########Scanning Period Ends########
[2019-04-28 07:20:05,549]INFO:########Scanning Period Starts########
[2019-04-28 07:20:05,550]INFO:--------Reading Emails--------
[2019-04-28 07:20:06,568]INFO:Successfully fetched 0 emails
[2019-04-28 07:20:06,571]INFO:0 appointment(s) scraped from 0 email(s) in this period
[2019-04-28 07:20:06,572]INFO:--------Creating Events--------
[2019-04-28 07:20:06,573]INFO:No events to create in this period
[2019-04-28 07:20:06,573]INFO:########Scanning Period Ends########
[2019-04-28 07:30:04,951]INFO:########Scanning Period Starts########
[2019-04-28 07:30:04,952]INFO:--------Reading Emails--------
[2019-04-28 07:30:06,317]INFO:Successfully fetched 0 emails
[2019-04-28 07:30:06,330]INFO:0 appointment(s) scraped from 0 email(s) in this period
[2019-04-28 07:30:06,332]INFO:--------Creating Events--------
[2019-04-28 07:30:06,332]INFO:No events to create in this period
[2019-04-28 07:30:06,333]INFO:########Scanning Period Ends########
[2019-04-28 07:40:05,705]INFO:########Scanning Period Starts########
[2019-04-28 07:40:05,706]INFO:--------Reading Emails--------
[2019-04-28 07:40:06,915]INFO:Successfully fetched 0 emails
[2019-04-28 07:40:06,924]INFO:0 appointment(s) scraped from 0 email(s) in this period
[2019-04-28 07:40:06,925]INFO:--------Creating Events--------
[2019-04-28 07:40:06,926]INFO:No events to create in this period
[2019-04-28 07:40:06,926]INFO:########Scanning Period Ends########
[2019-04-28 07:50:05,273]INFO:########Scanning Period Starts########
[2019-04-28 07:50:05,274]INFO:--------Reading Emails--------
[2019-04-28 07:50:06,239]INFO:Successfully fetched 0 emails
[2019-04-28 07:50:06,243]INFO:0 appointment(s) scraped from 0 email(s) in this period
[2019-04-28 07:50:06,244]INFO:--------Creating Events--------
[2019-04-28 07:50:06,244]INFO:No events to create in this period
[2019-04-28 07:50:06,245]INFO:########Scanning Period Ends########
[2019-04-28 08:00:05,545]INFO:########Scanning Period Starts########
[2019-04-28 08:00:05,545]INFO:--------Reading Emails--------
[2019-04-28 08:00:06,770]INFO:Successfully fetched 0 emails
[2019-04-28 08:00:06,774]INFO:0 appointment(s) scraped from 0 email(s) in this period
[2019-04-28 08:00:06,779]INFO:--------Creating Events--------
[2019-04-28 08:00:06,780]INFO:No events to create in this period
[2019-04-28 08:00:06,780]INFO:########Scanning Period Ends########
[2019-04-28 08:10:05,055]INFO:########Scanning Period Starts########
[2019-04-28 08:10:05,056]INFO:--------Reading Emails--------
[2019-04-28 08:10:06,424]INFO:Successfully fetched 0 emails
[2019-04-28 08:10:06,427]INFO:0 appointment(s) scraped from 0 email(s) in this period
[2019-04-28 08:10:06,436]INFO:--------Creating Events--------
[2019-04-28 08:10:06,437]INFO:No events to create in this period
[2019-04-28 08:10:06,437]INFO:########Scanning Period Ends########
[2019-04-28 08:20:04,832]INFO:########Scanning Period Starts########
[2019-04-28 08:20:04,833]INFO:--------Reading Emails--------
[2019-04-28 08:20:05,987]INFO:Successfully fetched 0 emails
[2019-04-28 08:20:05,990]INFO:0 appointment(s) scraped from 0 email(s) in this period
[2019-04-28 08:20:05,991]INFO:--------Creating Events--------
[2019-04-28 08:20:05,992]INFO:No events to create in this period
[2019-04-28 08:20:05,992]INFO:########Scanning Period Ends########
[2019-04-28 08:30:05,329]INFO:########Scanning Period Starts########
[2019-04-28 08:30:05,330]INFO:--------Reading Emails--------
[2019-04-28 08:30:06,712]INFO:Successfully fetched 0 emails
[2019-04-28 08:30:06,715]INFO:0 appointment(s) scraped from 0 email(s) in this period
[2019-04-28 08:30:06,725]INFO:--------Creating Events--------
[2019-04-28 08:30:06,726]INFO:No events to create in this period
[2019-04-28 08:30:06,726]INFO:########Scanning Period Ends########
[2019-04-28 08:40:05,034]INFO:########Scanning Period Starts########
[2019-04-28 08:40:05,034]INFO:--------Reading Emails--------
[2019-04-28 08:40:06,034]INFO:Successfully fetched 0 emails
[2019-04-28 08:40:06,038]INFO:0 appointment(s) scraped from 0 email(s) in this period
[2019-04-28 08:40:06,039]INFO:--------Creating Events--------
[2019-04-28 08:40:06,039]INFO:No events to create in this period
[2019-04-28 08:40:06,040]INFO:########Scanning Period Ends########
[2019-04-28 08:50:05,345]INFO:########Scanning Period Starts########
[2019-04-28 08:50:05,346]INFO:--------Reading Emails--------
[2019-04-28 08:50:06,523]INFO:Successfully fetched 0 emails
[2019-04-28 08:50:06,527]INFO:0 appointment(s) scraped from 0 email(s) in this period
[2019-04-28 08:50:06,527]INFO:--------Creating Events--------
[2019-04-28 08:50:06,528]INFO:No events to create in this period
[2019-04-28 08:50:06,529]INFO:########Scanning Period Ends########
[2019-04-28 09:00:04,898]INFO:########Scanning Period Starts########
[2019-04-28 09:00:04,898]INFO:--------Reading Emails--------
[2019-04-28 09:00:05,794]INFO:Successfully fetched 0 emails
[2019-04-28 09:00:05,798]INFO:0 appointment(s) scraped from 0 email(s) in this period
[2019-04-28 09:00:05,798]INFO:--------Creating Events--------
[2019-04-28 09:00:05,799]INFO:No events to create in this period
[2019-04-28 09:00:05,800]INFO:########Scanning Period Ends########
[2019-04-28 09:10:05,079]INFO:########Scanning Period Starts########
[2019-04-28 09:10:05,081]INFO:--------Reading Emails--------
[2019-04-28 09:10:06,251]INFO:Successfully fetched 0 emails
[2019-04-28 09:10:06,255]INFO:0 appointment(s) scraped from 0 email(s) in this period
[2019-04-28 09:10:06,255]INFO:--------Creating Events--------
[2019-04-28 09:10:06,256]INFO:No events to create in this period
[2019-04-28 09:10:06,257]INFO:########Scanning Period Ends########
[2019-04-28 09:20:05,688]INFO:########Scanning Period Starts########
[2019-04-28 09:20:05,688]INFO:--------Reading Emails--------
[2019-04-28 09:20:06,949]INFO:Successfully fetched 0 emails
[2019-04-28 09:20:06,953]INFO:0 appointment(s) scraped from 0 email(s) in this period
[2019-04-28 09:20:06,962]INFO:--------Creating Events--------
[2019-04-28 09:20:06,963]INFO:No events to create in this period
[2019-04-28 09:20:06,964]INFO:########Scanning Period Ends########
[2019-04-28 09:30:05,246]INFO:########Scanning Period Starts########
[2019-04-28 09:30:05,247]INFO:--------Reading Emails--------
[2019-04-28 09:30:06,432]INFO:Successfully fetched 0 emails
[2019-04-28 09:30:06,435]INFO:0 appointment(s) scraped from 0 email(s) in this period
[2019-04-28 09:30:06,436]INFO:--------Creating Events--------
[2019-04-28 09:30:06,437]INFO:No events to create in this period
[2019-04-28 09:30:06,437]INFO:########Scanning Period Ends########
[2019-04-28 09:40:05,783]INFO:########Scanning Period Starts########
[2019-04-28 09:40:05,785]INFO:--------Reading Emails--------
[2019-04-28 09:40:09,773]INFO:Successfully fetched 0 emails
[2019-04-28 09:40:09,777]INFO:0 appointment(s) scraped from 0 email(s) in this period
[2019-04-28 09:40:09,778]INFO:--------Creating Events--------
[2019-04-28 09:40:09,778]INFO:No events to create in this period
[2019-04-28 09:40:09,779]INFO:########Scanning Period Ends########
[2019-04-28 09:50:05,069]INFO:########Scanning Period Starts########
[2019-04-28 09:50:05,070]INFO:--------Reading Emails--------
[2019-04-28 09:50:06,297]INFO:Successfully fetched 0 emails
[2019-04-28 09:50:06,301]INFO:0 appointment(s) scraped from 0 email(s) in this period
[2019-04-28 09:50:06,310]INFO:--------Creating Events--------
[2019-04-28 09:50:06,311]INFO:No events to create in this period
[2019-04-28 09:50:06,311]INFO:########Scanning Period Ends########
[2019-04-28 10:00:05,639]INFO:########Scanning Period Starts########
[2019-04-28 10:00:05,640]INFO:--------Reading Emails--------
[2019-04-28 10:00:07,795]INFO:Successfully fetched 0 emails
[2019-04-28 10:00:07,799]INFO:0 appointment(s) scraped from 0 email(s) in this period
[2019-04-28 10:00:07,800]INFO:--------Creating Events--------
[2019-04-28 10:00:07,800]INFO:No events to create in this period
[2019-04-28 10:00:07,801]INFO:########Scanning Period Ends########
[2019-04-28 10:10:05,130]INFO:########Scanning Period Starts########
[2019-04-28 10:10:05,131]INFO:--------Reading Emails--------
[2019-04-28 10:10:06,475]INFO:Successfully fetched 0 emails
[2019-04-28 10:10:06,478]INFO:0 appointment(s) scraped from 0 email(s) in this period
[2019-04-28 10:10:06,488]INFO:--------Creating Events--------
[2019-04-28 10:10:06,488]INFO:No events to create in this period
[2019-04-28 10:10:06,489]INFO:########Scanning Period Ends########
[2019-04-28 10:20:04,852]INFO:########Scanning Period Starts########
[2019-04-28 10:20:04,853]INFO:--------Reading Emails--------
[2019-04-28 10:20:05,952]INFO:Successfully fetched 0 emails
[2019-04-28 10:20:05,955]INFO:0 appointment(s) scraped from 0 email(s) in this period
[2019-04-28 10:20:05,956]INFO:--------Creating Events--------
[2019-04-28 10:20:05,957]INFO:No events to create in this period
[2019-04-28 10:20:05,957]INFO:########Scanning Period Ends########
[2019-04-28 10:30:05,332]INFO:########Scanning Period Starts########
[2019-04-28 10:30:05,333]INFO:--------Reading Emails--------
[2019-04-28 10:30:06,719]INFO:Successfully fetched 0 emails
[2019-04-28 10:30:06,723]INFO:0 appointment(s) scraped from 0 email(s) in this period
[2019-04-28 10:30:06,728]INFO:--------Creating Events--------
[2019-04-28 10:30:06,729]INFO:No events to create in this period
[2019-04-28 10:30:06,729]INFO:########Scanning Period Ends########
[2019-04-28 10:40:05,039]INFO:########Scanning Period Starts########
[2019-04-28 10:40:05,040]INFO:--------Reading Emails--------
[2019-04-28 10:40:06,025]INFO:Successfully fetched 0 emails
[2019-04-28 10:40:06,028]INFO:0 appointment(s) scraped from 0 email(s) in this period
[2019-04-28 10:40:06,029]INFO:--------Creating Events--------
[2019-04-28 10:40:06,030]INFO:No events to create in this period
[2019-04-28 10:40:06,030]INFO:########Scanning Period Ends########
[2019-04-28 10:50:05,384]INFO:########Scanning Period Starts########
[2019-04-28 10:50:05,384]INFO:--------Reading Emails--------
[2019-04-28 10:50:06,489]INFO:Successfully fetched 0 emails
[2019-04-28 10:50:06,493]INFO:0 appointment(s) scraped from 0 email(s) in this period
[2019-04-28 10:50:06,494]INFO:--------Creating Events--------
[2019-04-28 10:50:06,494]INFO:No events to create in this period
[2019-04-28 10:50:06,495]INFO:########Scanning Period Ends########
[2019-04-28 11:00:05,774]INFO:########Scanning Period Starts########
[2019-04-28 11:00:05,774]INFO:--------Reading Emails--------
[2019-04-28 11:00:07,327]INFO:Successfully fetched 0 emails
[2019-04-28 11:00:07,331]INFO:0 appointment(s) scraped from 0 email(s) in this period
[2019-04-28 11:00:07,336]INFO:--------Creating Events--------
[2019-04-28 11:00:07,336]INFO:No events to create in this period
[2019-04-28 11:00:07,337]INFO:########Scanning Period Ends########
[2019-04-28 11:10:05,693]INFO:########Scanning Period Starts########
[2019-04-28 11:10:05,693]INFO:--------Reading Emails--------
[2019-04-28 11:10:06,941]INFO:Successfully fetched 0 emails
[2019-04-28 11:10:06,950]INFO:0 appointment(s) scraped from 0 email(s) in this period
[2019-04-28 11:10:06,951]INFO:--------Creating Events--------
[2019-04-28 11:10:06,952]INFO:No events to create in this period
[2019-04-28 11:10:06,952]INFO:########Scanning Period Ends########
[2019-04-28 11:20:05,394]INFO:########Scanning Period Starts########
[2019-04-28 11:20:05,395]INFO:--------Reading Emails--------
[2019-04-28 11:20:06,673]INFO:Successfully fetched 0 emails
[2019-04-28 11:20:06,677]INFO:0 appointment(s) scraped from 0 email(s) in this period
[2019-04-28 11:20:06,686]INFO:--------Creating Events--------
[2019-04-28 11:20:06,687]INFO:No events to create in this period
[2019-04-28 11:20:06,688]INFO:########Scanning Period Ends########
[2019-04-28 11:30:04,983]INFO:########Scanning Period Starts########
[2019-04-28 11:30:04,984]INFO:--------Reading Emails--------
[2019-04-28 11:30:06,224]INFO:Successfully fetched 0 emails
[2019-04-28 11:30:06,227]INFO:0 appointment(s) scraped from 0 email(s) in this period
[2019-04-28 11:30:06,232]INFO:--------Creating Events--------
[2019-04-28 11:30:06,233]INFO:No events to create in this period
[2019-04-28 11:30:06,234]INFO:########Scanning Period Ends########
[2019-04-28 11:40:05,495]INFO:########Scanning Period Starts########
[2019-04-28 11:40:05,496]INFO:--------Reading Emails--------
[2019-04-28 11:40:06,675]INFO:Successfully fetched 0 emails
[2019-04-28 11:40:06,679]INFO:0 appointment(s) scraped from 0 email(s) in this period
[2019-04-28 11:40:06,680]INFO:--------Creating Events--------
[2019-04-28 11:40:06,680]INFO:No events to create in this period
[2019-04-28 11:40:06,681]INFO:########Scanning Period Ends########
[2019-04-28 11:50:05,005]INFO:########Scanning Period Starts########
[2019-04-28 11:50:05,006]INFO:--------Reading Emails--------
[2019-04-28 11:50:06,293]INFO:Successfully fetched 0 emails
[2019-04-28 11:50:06,297]INFO:0 appointment(s) scraped from 0 email(s) in this period
[2019-04-28 11:50:06,302]INFO:--------Creating Events--------
[2019-04-28 11:50:06,303]INFO:No events to create in this period
[2019-04-28 11:50:06,303]INFO:########Scanning Period Ends########
[2019-04-28 12:00:05,639]INFO:########Scanning Period Starts########
[2019-04-28 12:00:05,639]INFO:--------Reading Emails--------
[2019-04-28 12:00:06,527]INFO:Successfully fetched 0 emails
[2019-04-28 12:00:06,531]INFO:0 appointment(s) scraped from 0 email(s) in this period
[2019-04-28 12:00:06,532]INFO:--------Creating Events--------
[2019-04-28 12:00:06,532]INFO:No events to create in this period
[2019-04-28 12:00:06,533]INFO:########Scanning Period Ends########
[2019-04-28 12:10:04,804]INFO:########Scanning Period Starts########
[2019-04-28 12:10:04,804]INFO:--------Reading Emails--------
[2019-04-28 12:10:06,079]INFO:Successfully fetched 0 emails
[2019-04-28 12:10:06,082]INFO:0 appointment(s) scraped from 0 email(s) in this period
[2019-04-28 12:10:06,092]INFO:--------Creating Events--------
[2019-04-28 12:10:06,093]INFO:No events to create in this period
[2019-04-28 12:10:06,094]INFO:########Scanning Period Ends########
[2019-04-28 12:20:05,468]INFO:########Scanning Period Starts########
[2019-04-28 12:20:05,469]INFO:--------Reading Emails--------
[2019-04-28 12:20:06,376]INFO:Successfully fetched 0 emails
[2019-04-28 12:20:06,379]INFO:0 appointment(s) scraped from 0 email(s) in this period
[2019-04-28 12:20:06,380]INFO:--------Creating Events--------
[2019-04-28 12:20:06,380]INFO:No events to create in this period
[2019-04-28 12:20:06,381]INFO:########Scanning Period Ends########
[2019-04-28 12:30:05,711]INFO:########Scanning Period Starts########
[2019-04-28 12:30:05,712]INFO:--------Reading Emails--------
[2019-04-28 12:30:07,055]INFO:Successfully fetched 0 emails
[2019-04-28 12:30:07,058]INFO:0 appointment(s) scraped from 0 email(s) in this period
[2019-04-28 12:30:07,068]INFO:--------Creating Events--------
[2019-04-28 12:30:07,069]INFO:No events to create in this period
[2019-04-28 12:30:07,069]INFO:########Scanning Period Ends########
[2019-04-28 12:40:05,399]INFO:########Scanning Period Starts########
[2019-04-28 12:40:05,400]INFO:--------Reading Emails--------
[2019-04-28 12:40:06,630]INFO:Successfully fetched 0 emails
[2019-04-28 12:40:06,633]INFO:0 appointment(s) scraped from 0 email(s) in this period
[2019-04-28 12:40:06,638]INFO:--------Creating Events--------
[2019-04-28 12:40:06,639]INFO:No events to create in this period
[2019-04-28 12:40:06,640]INFO:########Scanning Period Ends########
[2019-04-28 12:50:05,007]INFO:########Scanning Period Starts########
[2019-04-28 12:50:05,008]INFO:--------Reading Emails--------
[2019-04-28 12:50:06,146]INFO:Successfully fetched 0 emails
[2019-04-28 12:50:06,150]INFO:0 appointment(s) scraped from 0 email(s) in this period
[2019-04-28 12:50:06,151]INFO:--------Creating Events--------
[2019-04-28 12:50:06,151]INFO:No events to create in this period
[2019-04-28 12:50:06,152]INFO:########Scanning Period Ends########
[2019-04-28 13:00:05,477]INFO:########Scanning Period Starts########
[2019-04-28 13:00:05,478]INFO:--------Reading Emails--------
[2019-04-28 13:00:07,184]INFO:Successfully fetched 0 emails
[2019-04-28 13:00:07,188]INFO:0 appointment(s) scraped from 0 email(s) in this period
[2019-04-28 13:00:07,193]INFO:--------Creating Events--------
[2019-04-28 13:00:07,194]INFO:No events to create in this period
[2019-04-28 13:00:07,194]INFO:########Scanning Period Ends########
[2019-04-28 13:10:05,483]INFO:########Scanning Period Starts########
[2019-04-28 13:10:05,483]INFO:--------Reading Emails--------
[2019-04-28 13:10:06,670]INFO:Successfully fetched 0 emails
[2019-04-28 13:10:06,673]INFO:0 appointment(s) scraped from 0 email(s) in this period
[2019-04-28 13:10:06,674]INFO:--------Creating Events--------
[2019-04-28 13:10:06,674]INFO:No events to create in this period
[2019-04-28 13:10:06,675]INFO:########Scanning Period Ends########
[2019-04-28 13:20:05,058]INFO:########Scanning Period Starts########
[2019-04-28 13:20:05,059]INFO:--------Reading Emails--------
[2019-04-28 13:20:06,178]INFO:Successfully fetched 0 emails
[2019-04-28 13:20:06,181]INFO:0 appointment(s) scraped from 0 email(s) in this period
[2019-04-28 13:20:06,182]INFO:--------Creating Events--------
[2019-04-28 13:20:06,183]INFO:No events to create in this period
[2019-04-28 13:20:06,184]INFO:########Scanning Period Ends########
[2019-04-28 13:30:05,501]INFO:########Scanning Period Starts########
[2019-04-28 13:30:05,502]INFO:--------Reading Emails--------
[2019-04-28 13:30:06,777]INFO:Successfully fetched 0 emails
[2019-04-28 13:30:06,781]INFO:0 appointment(s) scraped from 0 email(s) in this period
[2019-04-28 13:30:06,782]INFO:--------Creating Events--------
[2019-04-28 13:30:06,782]INFO:No events to create in this period
[2019-04-28 13:30:06,783]INFO:########Scanning Period Ends########
[2019-04-28 13:40:05,108]INFO:########Scanning Period Starts########
[2019-04-28 13:40:05,109]INFO:--------Reading Emails--------
[2019-04-28 13:40:06,097]INFO:Successfully fetched 0 emails
[2019-04-28 13:40:06,100]INFO:0 appointment(s) scraped from 0 email(s) in this period
[2019-04-28 13:40:06,101]INFO:--------Creating Events--------
[2019-04-28 13:40:06,102]INFO:No events to create in this period
[2019-04-28 13:40:06,102]INFO:########Scanning Period Ends########
[2019-04-28 13:50:05,435]INFO:########Scanning Period Starts########
[2019-04-28 13:50:05,436]INFO:--------Reading Emails--------
[2019-04-28 13:50:06,701]INFO:Successfully fetched 0 emails
[2019-04-28 13:50:06,705]INFO:0 appointment(s) scraped from 0 email(s) in this period
[2019-04-28 13:50:06,715]INFO:--------Creating Events--------
[2019-04-28 13:50:06,716]INFO:No events to create in this period
[2019-04-28 13:50:06,716]INFO:########Scanning Period Ends########
[2019-04-28 14:00:05,044]INFO:########Scanning Period Starts########
[2019-04-28 14:00:05,045]INFO:--------Reading Emails--------
[2019-04-28 14:00:06,167]INFO:Successfully fetched 0 emails
[2019-04-28 14:00:06,171]INFO:0 appointment(s) scraped from 0 email(s) in this period
[2019-04-28 14:00:06,172]INFO:--------Creating Events--------
[2019-04-28 14:00:06,172]INFO:No events to create in this period
[2019-04-28 14:00:06,173]INFO:########Scanning Period Ends########
[2019-04-28 14:10:05,535]INFO:########Scanning Period Starts########
[2019-04-28 14:10:05,536]INFO:--------Reading Emails--------
[2019-04-28 14:10:06,825]INFO:Successfully fetched 0 emails
[2019-04-28 14:10:06,829]INFO:0 appointment(s) scraped from 0 email(s) in this period
[2019-04-28 14:10:06,830]INFO:--------Creating Events--------
[2019-04-28 14:10:06,830]INFO:No events to create in this period
[2019-04-28 14:10:06,831]INFO:########Scanning Period Ends########
[2019-04-28 14:20:05,242]INFO:########Scanning Period Starts########
[2019-04-28 14:20:05,243]INFO:--------Reading Emails--------
[2019-04-28 14:20:06,332]INFO:Successfully fetched 0 emails
[2019-04-28 14:20:06,336]INFO:0 appointment(s) scraped from 0 email(s) in this period
[2019-04-28 14:20:06,337]INFO:--------Creating Events--------
[2019-04-28 14:20:06,338]INFO:No events to create in this period
[2019-04-28 14:20:06,338]INFO:########Scanning Period Ends########
[2019-04-28 14:30:05,667]INFO:########Scanning Period Starts########
[2019-04-28 14:30:05,669]INFO:--------Reading Emails--------
[2019-04-28 14:30:06,798]INFO:Successfully fetched 0 emails
[2019-04-28 14:30:06,802]INFO:0 appointment(s) scraped from 0 email(s) in this period
[2019-04-28 14:30:06,803]INFO:--------Creating Events--------
[2019-04-28 14:30:06,803]INFO:No events to create in this period
[2019-04-28 14:30:06,804]INFO:########Scanning Period Ends########
[2019-04-28 14:40:05,099]INFO:########Scanning Period Starts########
[2019-04-28 14:40:05,100]INFO:--------Reading Emails--------
[2019-04-28 14:40:05,978]INFO:Successfully fetched 0 emails
[2019-04-28 14:40:05,982]INFO:0 appointment(s) scraped from 0 email(s) in this period
[2019-04-28 14:40:05,982]INFO:--------Creating Events--------
[2019-04-28 14:40:05,983]INFO:No events to create in this period
[2019-04-28 14:40:05,984]INFO:########Scanning Period Ends########
[2019-04-28 14:50:05,288]INFO:########Scanning Period Starts########
[2019-04-28 14:50:05,288]INFO:--------Reading Emails--------
[2019-04-28 14:50:06,205]INFO:Successfully fetched 0 emails
[2019-04-28 14:50:06,208]INFO:0 appointment(s) scraped from 0 email(s) in this period
[2019-04-28 14:50:06,209]INFO:--------Creating Events--------
[2019-04-28 14:50:06,210]INFO:No events to create in this period
[2019-04-28 14:50:06,210]INFO:########Scanning Period Ends########
[2019-04-28 15:00:05,516]INFO:########Scanning Period Starts########
[2019-04-28 15:00:05,516]INFO:--------Reading Emails--------
[2019-04-28 15:00:06,720]INFO:Successfully fetched 0 emails
[2019-04-28 15:00:06,723]INFO:0 appointment(s) scraped from 0 email(s) in this period
[2019-04-28 15:00:06,724]INFO:--------Creating Events--------
[2019-04-28 15:00:06,725]INFO:No events to create in this period
[2019-04-28 15:00:06,725]INFO:########Scanning Period Ends########
[2019-04-28 15:10:05,010]INFO:########Scanning Period Starts########
[2019-04-28 15:10:05,010]INFO:--------Reading Emails--------
[2019-04-28 15:10:06,255]INFO:Successfully fetched 0 emails
[2019-04-28 15:10:06,259]INFO:0 appointment(s) scraped from 0 email(s) in this period
[2019-04-28 15:10:06,268]INFO:--------Creating Events--------
[2019-04-28 15:10:06,269]INFO:No events to create in this period
[2019-04-28 15:10:06,270]INFO:########Scanning Period Ends########
[2019-04-28 15:20:05,633]INFO:########Scanning Period Starts########
[2019-04-28 15:20:05,634]INFO:--------Reading Emails--------
[2019-04-28 15:20:06,596]INFO:Successfully fetched 0 emails
[2019-04-28 15:20:06,600]INFO:0 appointment(s) scraped from 0 email(s) in this period
[2019-04-28 15:20:06,600]INFO:--------Creating Events--------
[2019-04-28 15:20:06,601]INFO:No events to create in this period
[2019-04-28 15:20:06,602]INFO:########Scanning Period Ends########
[2019-04-28 15:30:04,925]INFO:########Scanning Period Starts########
[2019-04-28 15:30:04,926]INFO:--------Reading Emails--------
[2019-04-28 15:30:06,202]INFO:Successfully fetched 0 emails
[2019-04-28 15:30:06,205]INFO:0 appointment(s) scraped from 0 email(s) in this period
[2019-04-28 15:30:06,210]INFO:--------Creating Events--------
[2019-04-28 15:30:06,211]INFO:No events to create in this period
[2019-04-28 15:30:06,211]INFO:########Scanning Period Ends########
[2019-04-28 15:40:05,566]INFO:########Scanning Period Starts########
[2019-04-28 15:40:05,567]INFO:--------Reading Emails--------
[2019-04-28 15:40:06,884]INFO:Successfully fetched 0 emails
[2019-04-28 15:40:06,897]INFO:0 appointment(s) scraped from 0 email(s) in this period
[2019-04-28 15:40:06,898]INFO:--------Creating Events--------
[2019-04-28 15:40:06,899]INFO:No events to create in this period
[2019-04-28 15:40:06,899]INFO:########Scanning Period Ends########
[2019-04-28 15:50:05,218]INFO:########Scanning Period Starts########
[2019-04-28 15:50:05,219]INFO:--------Reading Emails--------
[2019-04-28 15:50:06,396]INFO:Successfully fetched 0 emails
[2019-04-28 15:50:06,399]INFO:0 appointment(s) scraped from 0 email(s) in this period
[2019-04-28 15:50:06,400]INFO:--------Creating Events--------
[2019-04-28 15:50:06,401]INFO:No events to create in this period
[2019-04-28 15:50:06,401]INFO:########Scanning Period Ends########
[2019-04-28 16:00:05,728]INFO:########Scanning Period Starts########
[2019-04-28 16:00:05,729]INFO:--------Reading Emails--------
[2019-04-28 16:00:06,860]INFO:Successfully fetched 0 emails
[2019-04-28 16:00:06,864]INFO:0 appointment(s) scraped from 0 email(s) in this period
[2019-04-28 16:00:06,865]INFO:--------Creating Events--------
[2019-04-28 16:00:06,865]INFO:No events to create in this period
[2019-04-28 16:00:06,866]INFO:########Scanning Period Ends########
[2019-04-28 16:10:05,227]INFO:########Scanning Period Starts########
[2019-04-28 16:10:05,228]INFO:--------Reading Emails--------
[2019-04-28 16:10:06,388]INFO:Successfully fetched 0 emails
[2019-04-28 16:10:06,392]INFO:0 appointment(s) scraped from 0 email(s) in this period
[2019-04-28 16:10:06,397]INFO:--------Creating Events--------
[2019-04-28 16:10:06,398]INFO:No events to create in this period
[2019-04-28 16:10:06,398]INFO:########Scanning Period Ends########
[2019-04-28 16:20:04,805]INFO:########Scanning Period Starts########
[2019-04-28 16:20:04,806]INFO:--------Reading Emails--------
[2019-04-28 16:20:06,075]INFO:Successfully fetched 0 emails
[2019-04-28 16:20:06,079]INFO:0 appointment(s) scraped from 0 email(s) in this period
[2019-04-28 16:20:06,088]INFO:--------Creating Events--------
[2019-04-28 16:20:06,089]INFO:No events to create in this period
[2019-04-28 16:20:06,089]INFO:########Scanning Period Ends########
[2019-04-28 16:30:05,363]INFO:########Scanning Period Starts########
[2019-04-28 16:30:05,364]INFO:--------Reading Emails--------
[2019-04-28 16:30:06,752]INFO:Successfully fetched 0 emails
[2019-04-28 16:30:06,755]INFO:0 appointment(s) scraped from 0 email(s) in this period
[2019-04-28 16:30:06,765]INFO:--------Creating Events--------
[2019-04-28 16:30:06,765]INFO:No events to create in this period
[2019-04-28 16:30:06,766]INFO:########Scanning Period Ends########
[2019-04-28 16:40:05,057]INFO:########Scanning Period Starts########
[2019-04-28 16:40:05,057]INFO:--------Reading Emails--------
[2019-04-28 16:40:05,968]INFO:Successfully fetched 0 emails
[2019-04-28 16:40:05,972]INFO:0 appointment(s) scraped from 0 email(s) in this period
[2019-04-28 16:40:05,973]INFO:--------Creating Events--------
[2019-04-28 16:40:05,974]INFO:No events to create in this period
[2019-04-28 16:40:05,974]INFO:########Scanning Period Ends########
[2019-04-28 16:50:05,288]INFO:########Scanning Period Starts########
[2019-04-28 16:50:05,289]INFO:--------Reading Emails--------
[2019-04-28 16:50:06,475]INFO:Successfully fetched 0 emails
[2019-04-28 16:50:06,479]INFO:0 appointment(s) scraped from 0 email(s) in this period
[2019-04-28 16:50:06,480]INFO:--------Creating Events--------
[2019-04-28 16:50:06,480]INFO:No events to create in this period
[2019-04-28 16:50:06,481]INFO:########Scanning Period Ends########
[2019-04-28 17:00:05,789]INFO:########Scanning Period Starts########
[2019-04-28 17:00:05,790]INFO:--------Reading Emails--------
[2019-04-28 17:00:06,939]INFO:Successfully fetched 0 emails
[2019-04-28 17:00:06,943]INFO:0 appointment(s) scraped from 0 email(s) in this period
[2019-04-28 17:00:06,944]INFO:--------Creating Events--------
[2019-04-28 17:00:06,944]INFO:No events to create in this period
[2019-04-28 17:00:06,945]INFO:########Scanning Period Ends########
[2019-04-28 17:10:05,235]INFO:########Scanning Period Starts########
[2019-04-28 17:10:05,236]INFO:--------Reading Emails--------
[2019-04-28 17:10:06,438]INFO:Successfully fetched 0 emails
[2019-04-28 17:10:06,442]INFO:0 appointment(s) scraped from 0 email(s) in this period
[2019-04-28 17:10:06,451]INFO:--------Creating Events--------
[2019-04-28 17:10:06,452]INFO:No events to create in this period
[2019-04-28 17:10:06,453]INFO:########Scanning Period Ends########
[2019-04-28 17:20:04,890]INFO:########Scanning Period Starts########
[2019-04-28 17:20:04,890]INFO:--------Reading Emails--------
[2019-04-28 17:20:05,858]INFO:Successfully fetched 0 emails
[2019-04-28 17:20:05,861]INFO:0 appointment(s) scraped from 0 email(s) in this period
[2019-04-28 17:20:05,862]INFO:--------Creating Events--------
[2019-04-28 17:20:05,863]INFO:No events to create in this period
[2019-04-28 17:20:05,863]INFO:########Scanning Period Ends########
[2019-04-28 17:30:05,191]INFO:########Scanning Period Starts########
[2019-04-28 17:30:05,192]INFO:--------Reading Emails--------
[2019-04-28 17:30:06,195]INFO:Successfully fetched 0 emails
[2019-04-28 17:30:06,198]INFO:0 appointment(s) scraped from 0 email(s) in this period
[2019-04-28 17:30:06,199]INFO:--------Creating Events--------
[2019-04-28 17:30:06,200]INFO:No events to create in this period
[2019-04-28 17:30:06,200]INFO:########Scanning Period Ends########
[2019-04-28 17:40:05,507]INFO:########Scanning Period Starts########
[2019-04-28 17:40:05,508]INFO:--------Reading Emails--------
[2019-04-28 17:40:06,852]INFO:Successfully fetched 0 emails
[2019-04-28 17:40:06,856]INFO:0 appointment(s) scraped from 0 email(s) in this period
[2019-04-28 17:40:06,856]INFO:--------Creating Events--------
[2019-04-28 17:40:06,857]INFO:No events to create in this period
[2019-04-28 17:40:06,857]INFO:########Scanning Period Ends########
[2019-04-28 17:50:05,171]INFO:########Scanning Period Starts########
[2019-04-28 17:50:05,172]INFO:--------Reading Emails--------
[2019-04-28 17:50:05,998]INFO:Successfully fetched 0 emails
[2019-04-28 17:50:06,001]INFO:0 appointment(s) scraped from 0 email(s) in this period
[2019-04-28 17:50:06,002]INFO:--------Creating Events--------
[2019-04-28 17:50:06,003]INFO:No events to create in this period
[2019-04-28 17:50:06,003]INFO:########Scanning Period Ends########
[2019-04-28 18:00:05,309]INFO:########Scanning Period Starts########
[2019-04-28 18:00:05,310]INFO:--------Reading Emails--------
[2019-04-28 18:00:06,386]INFO:Successfully fetched 0 emails
[2019-04-28 18:00:06,389]INFO:0 appointment(s) scraped from 0 email(s) in this period
[2019-04-28 18:00:06,390]INFO:--------Creating Events--------
[2019-04-28 18:00:06,391]INFO:No events to create in this period
[2019-04-28 18:00:06,391]INFO:########Scanning Period Ends########
[2019-04-28 18:10:05,693]INFO:########Scanning Period Starts########
[2019-04-28 18:10:05,694]INFO:--------Reading Emails--------
[2019-04-28 18:10:07,270]INFO:Successfully fetched 0 emails
[2019-04-28 18:10:07,273]INFO:0 appointment(s) scraped from 0 email(s) in this period
[2019-04-28 18:10:07,282]INFO:--------Creating Events--------
[2019-04-28 18:10:07,283]INFO:No events to create in this period
[2019-04-28 18:10:07,284]INFO:########Scanning Period Ends########
[2019-04-28 18:20:05,674]INFO:########Scanning Period Starts########
[2019-04-28 18:20:05,675]INFO:--------Reading Emails--------
[2019-04-28 18:20:06,883]INFO:Successfully fetched 0 emails
[2019-04-28 18:20:06,886]INFO:0 appointment(s) scraped from 0 email(s) in this period
[2019-04-28 18:20:06,895]INFO:--------Creating Events--------
[2019-04-28 18:20:06,896]INFO:No events to create in this period
[2019-04-28 18:20:06,896]INFO:########Scanning Period Ends########
[2019-04-28 18:30:05,275]INFO:########Scanning Period Starts########
[2019-04-28 18:30:05,276]INFO:--------Reading Emails--------
[2019-04-28 18:30:06,340]INFO:Successfully fetched 0 emails
[2019-04-28 18:30:06,343]INFO:0 appointment(s) scraped from 0 email(s) in this period
[2019-04-28 18:30:06,344]INFO:--------Creating Events--------
[2019-04-28 18:30:06,345]INFO:No events to create in this period
[2019-04-28 18:30:06,346]INFO:########Scanning Period Ends########
[2019-04-28 18:40:05,668]INFO:########Scanning Period Starts########
[2019-04-28 18:40:05,669]INFO:--------Reading Emails--------
[2019-04-28 18:40:07,052]INFO:Successfully fetched 0 emails
[2019-04-28 18:40:07,055]INFO:0 appointment(s) scraped from 0 email(s) in this period
[2019-04-28 18:40:07,056]INFO:--------Creating Events--------
[2019-04-28 18:40:07,056]INFO:No events to create in this period
[2019-04-28 18:40:07,057]INFO:########Scanning Period Ends########
[2019-04-28 18:50:05,338]INFO:########Scanning Period Starts########
[2019-04-28 18:50:05,339]INFO:--------Reading Emails--------
[2019-04-28 18:50:06,403]INFO:Successfully fetched 0 emails
[2019-04-28 18:50:06,406]INFO:0 appointment(s) scraped from 0 email(s) in this period
[2019-04-28 18:50:06,407]INFO:--------Creating Events--------
[2019-04-28 18:50:06,408]INFO:No events to create in this period
[2019-04-28 18:50:06,408]INFO:########Scanning Period Ends########
[2019-04-28 19:00:05,694]INFO:########Scanning Period Starts########
[2019-04-28 19:00:05,694]INFO:--------Reading Emails--------
[2019-04-28 19:00:07,063]INFO:Successfully fetched 0 emails
[2019-04-28 19:00:07,066]INFO:0 appointment(s) scraped from 0 email(s) in this period
[2019-04-28 19:00:07,071]INFO:--------Creating Events--------
[2019-04-28 19:00:07,072]INFO:No events to create in this period
[2019-04-28 19:00:07,073]INFO:########Scanning Period Ends########
[2019-04-28 19:10:05,381]INFO:########Scanning Period Starts########
[2019-04-28 19:10:05,382]INFO:--------Reading Emails--------
[2019-04-28 19:10:06,447]INFO:Successfully fetched 0 emails
[2019-04-28 19:10:06,450]INFO:0 appointment(s) scraped from 0 email(s) in this period
[2019-04-28 19:10:06,451]INFO:--------Creating Events--------
[2019-04-28 19:10:06,451]INFO:No events to create in this period
[2019-04-28 19:10:06,452]INFO:########Scanning Period Ends########
[2019-04-28 19:20:04,834]INFO:########Scanning Period Starts########
[2019-04-28 19:20:04,835]INFO:--------Reading Emails--------
[2019-04-28 19:20:06,069]INFO:Successfully fetched 0 emails
[2019-04-28 19:20:06,072]INFO:0 appointment(s) scraped from 0 email(s) in this period
[2019-04-28 19:20:06,077]INFO:--------Creating Events--------
[2019-04-28 19:20:06,078]INFO:No events to create in this period
[2019-04-28 19:20:06,078]INFO:########Scanning Period Ends########
[2019-04-28 19:30:05,402]INFO:########Scanning Period Starts########
[2019-04-28 19:30:05,402]INFO:--------Reading Emails--------
[2019-04-28 19:30:06,770]INFO:Successfully fetched 0 emails
[2019-04-28 19:30:06,774]INFO:0 appointment(s) scraped from 0 email(s) in this period
[2019-04-28 19:30:06,779]INFO:--------Creating Events--------
[2019-04-28 19:30:06,780]INFO:No events to create in this period
[2019-04-28 19:30:06,780]INFO:########Scanning Period Ends########
[2019-04-28 19:40:05,085]INFO:########Scanning Period Starts########
[2019-04-28 19:40:05,085]INFO:--------Reading Emails--------
[2019-04-28 19:40:05,975]INFO:Successfully fetched 0 emails
[2019-04-28 19:40:05,978]INFO:0 appointment(s) scraped from 0 email(s) in this period
[2019-04-28 19:40:05,979]INFO:--------Creating Events--------
[2019-04-28 19:40:05,980]INFO:No events to create in this period
[2019-04-28 19:40:05,980]INFO:########Scanning Period Ends########
[2019-04-28 19:50:05,275]INFO:########Scanning Period Starts########
[2019-04-28 19:50:05,275]INFO:--------Reading Emails--------
[2019-04-28 19:50:06,600]INFO:Successfully fetched 0 emails
[2019-04-28 19:50:06,603]INFO:0 appointment(s) scraped from 0 email(s) in this period
[2019-04-28 19:50:06,608]INFO:--------Creating Events--------
[2019-04-28 19:50:06,609]INFO:No events to create in this period
[2019-04-28 19:50:06,609]INFO:########Scanning Period Ends########
[2019-04-28 20:00:04,939]INFO:########Scanning Period Starts########
[2019-04-28 20:00:04,940]INFO:--------Reading Emails--------
[2019-04-28 20:00:06,135]INFO:Successfully fetched 0 emails
[2019-04-28 20:00:06,139]INFO:0 appointment(s) scraped from 0 email(s) in this period
[2019-04-28 20:00:06,144]INFO:--------Creating Events--------
[2019-04-28 20:00:06,145]INFO:No events to create in this period
[2019-04-28 20:00:06,146]INFO:########Scanning Period Ends########
[2019-04-28 20:10:05,551]INFO:########Scanning Period Starts########
[2019-04-28 20:10:05,552]INFO:--------Reading Emails--------
[2019-04-28 20:10:06,778]INFO:Successfully fetched 0 emails
[2019-04-28 20:10:06,792]INFO:0 appointment(s) scraped from 0 email(s) in this period
[2019-04-28 20:10:06,793]INFO:--------Creating Events--------
[2019-04-28 20:10:06,794]INFO:No events to create in this period
[2019-04-28 20:10:06,794]INFO:########Scanning Period Ends########
[2019-04-28 20:20:05,157]INFO:########Scanning Period Starts########
[2019-04-28 20:20:05,157]INFO:--------Reading Emails--------
[2019-04-28 20:20:06,246]INFO:Successfully fetched 0 emails
[2019-04-28 20:20:06,249]INFO:0 appointment(s) scraped from 0 email(s) in this period
[2019-04-28 20:20:06,250]INFO:--------Creating Events--------
[2019-04-28 20:20:06,251]INFO:No events to create in this period
[2019-04-28 20:20:06,251]INFO:########Scanning Period Ends########
[2019-04-28 20:30:05,514]INFO:########Scanning Period Starts########
[2019-04-28 20:30:05,514]INFO:--------Reading Emails--------
[2019-04-28 20:30:06,527]INFO:Successfully fetched 0 emails
[2019-04-28 20:30:06,530]INFO:0 appointment(s) scraped from 0 email(s) in this period
[2019-04-28 20:30:06,531]INFO:--------Creating Events--------
[2019-04-28 20:30:06,532]INFO:No events to create in this period
[2019-04-28 20:30:06,532]INFO:########Scanning Period Ends########
[2019-04-28 20:40:04,884]INFO:########Scanning Period Starts########
[2019-04-28 20:40:04,885]INFO:--------Reading Emails--------
[2019-04-28 20:40:06,091]INFO:Successfully fetched 0 emails
[2019-04-28 20:40:06,094]INFO:0 appointment(s) scraped from 0 email(s) in this period
[2019-04-28 20:40:06,104]INFO:--------Creating Events--------
[2019-04-28 20:40:06,105]INFO:No events to create in this period
[2019-04-28 20:40:06,105]INFO:########Scanning Period Ends########
[2019-04-28 20:50:05,469]INFO:########Scanning Period Starts########
[2019-04-28 20:50:05,470]INFO:--------Reading Emails--------
[2019-04-28 20:50:06,643]INFO:Successfully fetched 0 emails
[2019-04-28 20:50:06,657]INFO:0 appointment(s) scraped from 0 email(s) in this period
[2019-04-28 20:50:06,658]INFO:--------Creating Events--------
[2019-04-28 20:50:06,658]INFO:No events to create in this period
[2019-04-28 20:50:06,659]INFO:########Scanning Period Ends########
[2019-04-28 21:00:05,013]INFO:########Scanning Period Starts########
[2019-04-28 21:00:05,013]INFO:--------Reading Emails--------
[2019-04-28 21:00:06,227]INFO:Successfully fetched 0 emails
[2019-04-28 21:00:06,230]INFO:0 appointment(s) scraped from 0 email(s) in this period
[2019-04-28 21:00:06,240]INFO:--------Creating Events--------
[2019-04-28 21:00:06,241]INFO:No events to create in this period
[2019-04-28 21:00:06,242]INFO:########Scanning Period Ends########
[2019-04-28 21:10:05,525]INFO:########Scanning Period Starts########
[2019-04-28 21:10:05,525]INFO:--------Reading Emails--------
[2019-04-28 21:10:06,667]INFO:Successfully fetched 0 emails
[2019-04-28 21:10:06,671]INFO:0 appointment(s) scraped from 0 email(s) in this period
[2019-04-28 21:10:06,672]INFO:--------Creating Events--------
[2019-04-28 21:10:06,672]INFO:No events to create in this period
[2019-04-28 21:10:06,673]INFO:########Scanning Period Ends########
[2019-04-28 21:20:05,029]INFO:########Scanning Period Starts########
[2019-04-28 21:20:05,030]INFO:--------Reading Emails--------
[2019-04-28 21:20:07,965]INFO:Successfully fetched 0 emails
[2019-04-28 21:20:07,968]INFO:0 appointment(s) scraped from 0 email(s) in this period
[2019-04-28 21:20:07,969]INFO:--------Creating Events--------
[2019-04-28 21:20:07,970]INFO:No events to create in this period
[2019-04-28 21:20:07,970]INFO:########Scanning Period Ends########
[2019-04-28 21:30:05,310]INFO:########Scanning Period Starts########
[2019-04-28 21:30:05,310]INFO:--------Reading Emails--------
[2019-04-28 21:30:06,347]INFO:Successfully fetched 0 emails
[2019-04-28 21:30:06,351]INFO:0 appointment(s) scraped from 0 email(s) in this period
[2019-04-28 21:30:06,352]INFO:--------Creating Events--------
[2019-04-28 21:30:06,352]INFO:No events to create in this period
[2019-04-28 21:30:06,353]INFO:########Scanning Period Ends########
[2019-04-28 21:40:05,657]INFO:########Scanning Period Starts########
[2019-04-28 21:40:05,657]INFO:--------Reading Emails--------
[2019-04-28 21:40:06,889]INFO:Successfully fetched 0 emails
[2019-04-28 21:40:06,892]INFO:0 appointment(s) scraped from 0 email(s) in this period
[2019-04-28 21:40:06,902]INFO:--------Creating Events--------
[2019-04-28 21:40:06,903]INFO:No events to create in this period
[2019-04-28 21:40:06,904]INFO:########Scanning Period Ends########
[2019-04-28 21:50:05,274]INFO:########Scanning Period Starts########
[2019-04-28 21:50:05,275]INFO:--------Reading Emails--------
[2019-04-28 21:50:06,442]INFO:Successfully fetched 0 emails
[2019-04-28 21:50:06,456]INFO:0 appointment(s) scraped from 0 email(s) in this period
[2019-04-28 21:50:06,457]INFO:--------Creating Events--------
[2019-04-28 21:50:06,457]INFO:No events to create in this period
[2019-04-28 21:50:06,458]INFO:########Scanning Period Ends########
[2019-04-28 22:00:05,842]INFO:########Scanning Period Starts########
[2019-04-28 22:00:05,842]INFO:--------Reading Emails--------
[2019-04-28 22:00:07,510]INFO:Successfully fetched 0 emails
[2019-04-28 22:00:07,514]INFO:0 appointment(s) scraped from 0 email(s) in this period
[2019-04-28 22:00:07,519]INFO:--------Creating Events--------
[2019-04-28 22:00:07,520]INFO:No events to create in this period
[2019-04-28 22:00:07,520]INFO:########Scanning Period Ends########
[2019-04-28 22:10:04,833]INFO:########Scanning Period Starts########
[2019-04-28 22:10:04,833]INFO:--------Reading Emails--------
[2019-04-28 22:10:06,011]INFO:Successfully fetched 0 emails
[2019-04-28 22:10:06,015]INFO:0 appointment(s) scraped from 0 email(s) in this period
[2019-04-28 22:10:06,016]INFO:--------Creating Events--------
[2019-04-28 22:10:06,016]INFO:No events to create in this period
[2019-04-28 22:10:06,017]INFO:########Scanning Period Ends########
[2019-04-28 22:20:05,400]INFO:########Scanning Period Starts########
[2019-04-28 22:20:05,401]INFO:--------Reading Emails--------
[2019-04-28 22:20:06,639]INFO:Successfully fetched 0 emails
[2019-04-28 22:20:06,642]INFO:0 appointment(s) scraped from 0 email(s) in this period
[2019-04-28 22:20:06,647]INFO:--------Creating Events--------
[2019-04-28 22:20:06,648]INFO:No events to create in this period
[2019-04-28 22:20:06,649]INFO:########Scanning Period Ends########
[2019-04-28 22:30:05,021]INFO:########Scanning Period Starts########
[2019-04-28 22:30:05,021]INFO:--------Reading Emails--------
[2019-04-28 22:30:06,989]INFO:Successfully fetched 0 emails
[2019-04-28 22:30:06,997]INFO:0 appointment(s) scraped from 0 email(s) in this period
[2019-04-28 22:30:06,998]INFO:--------Creating Events--------
[2019-04-28 22:30:06,999]INFO:No events to create in this period
[2019-04-28 22:30:07,000]INFO:########Scanning Period Ends########
[2019-04-28 22:40:05,370]INFO:########Scanning Period Starts########
[2019-04-28 22:40:05,371]INFO:--------Reading Emails--------
[2019-04-28 22:40:06,842]INFO:Successfully fetched 0 emails
[2019-04-28 22:40:06,851]INFO:0 appointment(s) scraped from 0 email(s) in this period
[2019-04-28 22:40:06,852]INFO:--------Creating Events--------
[2019-04-28 22:40:06,853]INFO:No events to create in this period
[2019-04-28 22:40:06,853]INFO:########Scanning Period Ends########
[2019-04-28 22:50:05,181]INFO:########Scanning Period Starts########
[2019-04-28 22:50:05,182]INFO:--------Reading Emails--------
[2019-04-28 22:50:06,072]INFO:Successfully fetched 0 emails
[2019-04-28 22:50:06,076]INFO:0 appointment(s) scraped from 0 email(s) in this period
[2019-04-28 22:50:06,077]INFO:--------Creating Events--------
[2019-04-28 22:50:06,077]INFO:No events to create in this period
[2019-04-28 22:50:06,078]INFO:########Scanning Period Ends########
[2019-04-28 23:00:05,389]INFO:########Scanning Period Starts########
[2019-04-28 23:00:05,389]INFO:--------Reading Emails--------
[2019-04-28 23:00:09,840]INFO:Successfully fetched 0 emails
[2019-04-28 23:00:09,843]INFO:0 appointment(s) scraped from 0 email(s) in this period
[2019-04-28 23:00:09,844]INFO:--------Creating Events--------
[2019-04-28 23:00:09,845]INFO:No events to create in this period
[2019-04-28 23:00:09,845]INFO:########Scanning Period Ends########
[2019-04-28 23:10:05,205]INFO:########Scanning Period Starts########
[2019-04-28 23:10:05,206]INFO:--------Reading Emails--------
[2019-04-28 23:10:07,840]INFO:Successfully fetched 0 emails
[2019-04-28 23:10:07,844]INFO:0 appointment(s) scraped from 0 email(s) in this period
[2019-04-28 23:10:07,845]INFO:--------Creating Events--------
[2019-04-28 23:10:07,845]INFO:No events to create in this period
[2019-04-28 23:10:07,846]INFO:########Scanning Period Ends########
[2019-04-28 23:20:05,239]INFO:########Scanning Period Starts########
[2019-04-28 23:20:05,240]INFO:--------Reading Emails--------
[2019-04-28 23:20:06,916]INFO:Successfully fetched 0 emails
[2019-04-28 23:20:06,919]INFO:0 appointment(s) scraped from 0 email(s) in this period
[2019-04-28 23:20:06,929]INFO:--------Creating Events--------
[2019-04-28 23:20:06,930]INFO:No events to create in this period
[2019-04-28 23:20:06,930]INFO:########Scanning Period Ends########
[2019-04-28 23:30:05,265]INFO:########Scanning Period Starts########
[2019-04-28 23:30:05,266]INFO:--------Reading Emails--------
[2019-04-28 23:30:06,695]INFO:Successfully fetched 0 emails
[2019-04-28 23:30:06,699]INFO:0 appointment(s) scraped from 0 email(s) in this period
[2019-04-28 23:30:06,704]INFO:--------Creating Events--------
[2019-04-28 23:30:06,704]INFO:No events to create in this period
[2019-04-28 23:30:06,705]INFO:########Scanning Period Ends########
[2019-04-28 23:40:05,018]INFO:########Scanning Period Starts########
[2019-04-28 23:40:05,018]INFO:--------Reading Emails--------
[2019-04-28 23:40:22,530]INFO:Successfully fetched 0 emails
[2019-04-28 23:40:22,535]INFO:0 appointment(s) scraped from 0 email(s) in this period
[2019-04-28 23:40:22,536]INFO:--------Creating Events--------
[2019-04-28 23:40:22,537]INFO:No events to create in this period
[2019-04-28 23:40:22,537]INFO:########Scanning Period Ends########
[2019-04-28 23:50:04,831]INFO:########Scanning Period Starts########
[2019-04-28 23:50:04,831]INFO:--------Reading Emails--------
[2019-04-28 23:50:06,126]INFO:Successfully fetched 0 emails
[2019-04-28 23:50:06,129]INFO:0 appointment(s) scraped from 0 email(s) in this period
[2019-04-28 23:50:06,134]INFO:--------Creating Events--------
[2019-04-28 23:50:06,135]INFO:No events to create in this period
[2019-04-28 23:50:06,136]INFO:########Scanning Period Ends########
