[2019-04-30 00:00:05,108]INFO:########Scanning Period Starts########
[2019-04-30 00:00:05,109]INFO:--------Reading Emails--------
[2019-04-30 00:00:06,108]INFO:Successfully fetched 0 emails
[2019-04-30 00:00:06,111]INFO:0 appointment(s) scraped from 0 email(s) in this period
[2019-04-30 00:00:06,112]INFO:--------Creating Events--------
[2019-04-30 00:00:06,113]INFO:No events to create in this period
[2019-04-30 00:00:06,114]INFO:########Scanning Period Ends########
[2019-04-30 00:10:05,465]INFO:########Scanning Period Starts########
[2019-04-30 00:10:05,465]INFO:--------Reading Emails--------
[2019-04-30 00:10:06,634]INFO:Successfully fetched 0 emails
[2019-04-30 00:10:06,642]INFO:0 appointment(s) scraped from 0 email(s) in this period
[2019-04-30 00:10:06,644]INFO:--------Creating Events--------
[2019-04-30 00:10:06,644]INFO:No events to create in this period
[2019-04-30 00:10:06,645]INFO:########Scanning Period Ends########
[2019-04-30 00:20:05,011]INFO:########Scanning Period Starts########
[2019-04-30 00:20:05,012]INFO:--------Reading Emails--------
[2019-04-30 00:20:06,227]INFO:Successfully fetched 0 emails
[2019-04-30 00:20:06,230]INFO:0 appointment(s) scraped from 0 email(s) in this period
[2019-04-30 00:20:06,240]INFO:--------Creating Events--------
[2019-04-30 00:20:06,240]INFO:No events to create in this period
[2019-04-30 00:20:06,241]INFO:########Scanning Period Ends########
[2019-04-30 00:30:05,614]INFO:########Scanning Period Starts########
[2019-04-30 00:30:05,615]INFO:--------Reading Emails--------
[2019-04-30 00:30:06,614]INFO:Successfully fetched 0 emails
[2019-04-30 00:30:06,617]INFO:0 appointment(s) scraped from 0 email(s) in this period
[2019-04-30 00:30:06,618]INFO:--------Creating Events--------
[2019-04-30 00:30:06,619]INFO:No events to create in this period
[2019-04-30 00:30:06,619]INFO:########Scanning Period Ends########
[2019-04-30 00:40:04,947]INFO:########Scanning Period Starts########
[2019-04-30 00:40:04,948]INFO:--------Reading Emails--------
[2019-04-30 00:40:06,035]INFO:Successfully fetched 0 emails
[2019-04-30 00:40:06,039]INFO:0 appointment(s) scraped from 0 email(s) in this period
[2019-04-30 00:40:06,039]INFO:--------Creating Events--------
[2019-04-30 00:40:06,040]INFO:No events to create in this period
[2019-04-30 00:40:06,040]INFO:########Scanning Period Ends########
[2019-04-30 00:50:05,373]INFO:########Scanning Period Starts########
[2019-04-30 00:50:05,374]INFO:--------Reading Emails--------
[2019-04-30 00:50:06,478]INFO:Successfully fetched 0 emails
[2019-04-30 00:50:06,482]INFO:0 appointment(s) scraped from 0 email(s) in this period
[2019-04-30 00:50:06,483]INFO:--------Creating Events--------
[2019-04-30 00:50:06,483]INFO:No events to create in this period
[2019-04-30 00:50:06,484]INFO:########Scanning Period Ends########
[2019-04-30 01:00:04,835]INFO:########Scanning Period Starts########
[2019-04-30 01:00:04,836]INFO:--------Reading Emails--------
[2019-04-30 01:00:06,573]INFO:Successfully fetched 0 emails
[2019-04-30 01:00:06,577]INFO:0 appointment(s) scraped from 0 email(s) in this period
[2019-04-30 01:00:06,582]INFO:--------Creating Events--------
[2019-04-30 01:00:06,582]INFO:No events to create in this period
[2019-04-30 01:00:06,583]INFO:########Scanning Period Ends########
[2019-04-30 01:10:04,892]INFO:########Scanning Period Starts########
[2019-04-30 01:10:04,893]INFO:--------Reading Emails--------
[2019-04-30 01:10:06,112]INFO:Successfully fetched 0 emails
[2019-04-30 01:10:06,115]INFO:0 appointment(s) scraped from 0 email(s) in this period
[2019-04-30 01:10:06,120]INFO:--------Creating Events--------
[2019-04-30 01:10:06,121]INFO:No events to create in this period
[2019-04-30 01:10:06,121]INFO:########Scanning Period Ends########
[2019-04-30 01:20:05,507]INFO:########Scanning Period Starts########
[2019-04-30 01:20:05,508]INFO:--------Reading Emails--------
[2019-04-30 01:20:06,514]INFO:Successfully fetched 0 emails
[2019-04-30 01:20:06,518]INFO:0 appointment(s) scraped from 0 email(s) in this period
[2019-04-30 01:20:06,519]INFO:--------Creating Events--------
[2019-04-30 01:20:06,519]INFO:No events to create in this period
[2019-04-30 01:20:06,520]INFO:########Scanning Period Ends########
[2019-04-30 01:30:04,908]INFO:########Scanning Period Starts########
[2019-04-30 01:30:04,908]INFO:--------Reading Emails--------
[2019-04-30 01:30:05,984]INFO:Successfully fetched 0 emails
[2019-04-30 01:30:05,988]INFO:0 appointment(s) scraped from 0 email(s) in this period
[2019-04-30 01:30:05,989]INFO:--------Creating Events--------
[2019-04-30 01:30:05,989]INFO:No events to create in this period
[2019-04-30 01:30:05,990]INFO:########Scanning Period Ends########
[2019-04-30 01:40:05,316]INFO:########Scanning Period Starts########
[2019-04-30 01:40:05,317]INFO:--------Reading Emails--------
[2019-04-30 01:40:06,705]INFO:Successfully fetched 0 emails
[2019-04-30 01:40:06,708]INFO:0 appointment(s) scraped from 0 email(s) in this period
[2019-04-30 01:40:06,717]INFO:--------Creating Events--------
[2019-04-30 01:40:06,718]INFO:No events to create in this period
[2019-04-30 01:40:06,719]INFO:########Scanning Period Ends########
[2019-04-30 01:50:05,013]INFO:########Scanning Period Starts########
[2019-04-30 01:50:05,013]INFO:--------Reading Emails--------
[2019-04-30 01:50:05,943]INFO:Successfully fetched 0 emails
[2019-04-30 01:50:05,947]INFO:0 appointment(s) scraped from 0 email(s) in this period
[2019-04-30 01:50:05,947]INFO:--------Creating Events--------
[2019-04-30 01:50:05,948]INFO:No events to create in this period
[2019-04-30 01:50:05,948]INFO:########Scanning Period Ends########
[2019-04-30 02:00:05,238]INFO:########Scanning Period Starts########
[2019-04-30 02:00:05,238]INFO:--------Reading Emails--------
[2019-04-30 02:00:06,271]INFO:Successfully fetched 0 emails
[2019-04-30 02:00:06,274]INFO:0 appointment(s) scraped from 0 email(s) in this period
[2019-04-30 02:00:06,275]INFO:--------Creating Events--------
[2019-04-30 02:00:06,275]INFO:No events to create in this period
[2019-04-30 02:00:06,276]INFO:########Scanning Period Ends########
[2019-04-30 02:10:05,628]INFO:########Scanning Period Starts########
[2019-04-30 02:10:05,628]INFO:--------Reading Emails--------
[2019-04-30 02:10:06,878]INFO:Successfully fetched 0 emails
[2019-04-30 02:10:06,887]INFO:0 appointment(s) scraped from 0 email(s) in this period
[2019-04-30 02:10:06,888]INFO:--------Creating Events--------
[2019-04-30 02:10:06,889]INFO:No events to create in this period
[2019-04-30 02:10:06,889]INFO:########Scanning Period Ends########
[2019-04-30 02:20:05,299]INFO:########Scanning Period Starts########
[2019-04-30 02:20:05,300]INFO:--------Reading Emails--------
[2019-04-30 02:20:06,416]INFO:Successfully fetched 0 emails
[2019-04-30 02:20:06,419]INFO:0 appointment(s) scraped from 0 email(s) in this period
[2019-04-30 02:20:06,420]INFO:--------Creating Events--------
[2019-04-30 02:20:06,421]INFO:No events to create in this period
[2019-04-30 02:20:06,421]INFO:########Scanning Period Ends########
[2019-04-30 02:30:05,755]INFO:########Scanning Period Starts########
[2019-04-30 02:30:05,756]INFO:--------Reading Emails--------
[2019-04-30 02:30:07,109]INFO:Successfully fetched 0 emails
[2019-04-30 02:30:07,113]INFO:0 appointment(s) scraped from 0 email(s) in this period
[2019-04-30 02:30:07,123]INFO:--------Creating Events--------
[2019-04-30 02:30:07,123]INFO:No events to create in this period
[2019-04-30 02:30:07,124]INFO:########Scanning Period Ends########
[2019-04-30 02:40:05,387]INFO:########Scanning Period Starts########
[2019-04-30 02:40:05,388]INFO:--------Reading Emails--------
[2019-04-30 02:40:06,250]INFO:Successfully fetched 0 emails
[2019-04-30 02:40:06,253]INFO:0 appointment(s) scraped from 0 email(s) in this period
[2019-04-30 02:40:06,254]INFO:--------Creating Events--------
[2019-04-30 02:40:06,255]INFO:No events to create in this period
[2019-04-30 02:40:06,255]INFO:########Scanning Period Ends########
[2019-04-30 02:50:05,550]INFO:########Scanning Period Starts########
[2019-04-30 02:50:05,550]INFO:--------Reading Emails--------
[2019-04-30 02:50:06,745]INFO:Successfully fetched 0 emails
[2019-04-30 02:50:06,749]INFO:0 appointment(s) scraped from 0 email(s) in this period
[2019-04-30 02:50:06,750]INFO:--------Creating Events--------
[2019-04-30 02:50:06,750]INFO:No events to create in this period
[2019-04-30 02:50:06,751]INFO:########Scanning Period Ends########
[2019-04-30 03:00:05,103]INFO:########Scanning Period Starts########
[2019-04-30 03:00:05,104]INFO:--------Reading Emails--------
[2019-04-30 03:00:06,315]INFO:Successfully fetched 0 emails
[2019-04-30 03:00:06,328]INFO:0 appointment(s) scraped from 0 email(s) in this period
[2019-04-30 03:00:06,329]INFO:--------Creating Events--------
[2019-04-30 03:00:06,330]INFO:No events to create in this period
[2019-04-30 03:00:06,330]INFO:########Scanning Period Ends########
[2019-04-30 03:10:05,688]INFO:########Scanning Period Starts########
[2019-04-30 03:10:05,689]INFO:--------Reading Emails--------
[2019-04-30 03:10:06,748]INFO:Successfully fetched 0 emails
[2019-04-30 03:10:06,752]INFO:0 appointment(s) scraped from 0 email(s) in this period
[2019-04-30 03:10:06,752]INFO:--------Creating Events--------
[2019-04-30 03:10:06,753]INFO:No events to create in this period
[2019-04-30 03:10:06,754]INFO:########Scanning Period Ends########
[2019-04-30 03:20:05,189]INFO:########Scanning Period Starts########
[2019-04-30 03:20:05,190]INFO:--------Reading Emails--------
[2019-04-30 03:20:06,208]INFO:Successfully fetched 0 emails
[2019-04-30 03:20:06,211]INFO:0 appointment(s) scraped from 0 email(s) in this period
[2019-04-30 03:20:06,212]INFO:--------Creating Events--------
[2019-04-30 03:20:06,213]INFO:No events to create in this period
[2019-04-30 03:20:06,213]INFO:########Scanning Period Ends########
[2019-04-30 03:30:05,500]INFO:########Scanning Period Starts########
[2019-04-30 03:30:05,500]INFO:--------Reading Emails--------
[2019-04-30 03:30:06,696]INFO:Successfully fetched 0 emails
[2019-04-30 03:30:06,699]INFO:0 appointment(s) scraped from 0 email(s) in this period
[2019-04-30 03:30:06,700]INFO:--------Creating Events--------
[2019-04-30 03:30:06,701]INFO:No events to create in this period
[2019-04-30 03:30:06,701]INFO:########Scanning Period Ends########
[2019-04-30 03:40:05,024]INFO:########Scanning Period Starts########
[2019-04-30 03:40:05,025]INFO:--------Reading Emails--------
[2019-04-30 03:40:06,466]INFO:Successfully fetched 0 emails
[2019-04-30 03:40:06,480]INFO:0 appointment(s) scraped from 0 email(s) in this period
[2019-04-30 03:40:06,481]INFO:--------Creating Events--------
[2019-04-30 03:40:06,482]INFO:No events to create in this period
[2019-04-30 03:40:06,482]INFO:########Scanning Period Ends########
[2019-04-30 03:50:04,801]INFO:########Scanning Period Starts########
[2019-04-30 03:50:04,801]INFO:--------Reading Emails--------
[2019-04-30 03:50:06,056]INFO:Successfully fetched 0 emails
[2019-04-30 03:50:06,059]INFO:0 appointment(s) scraped from 0 email(s) in this period
[2019-04-30 03:50:06,064]INFO:--------Creating Events--------
[2019-04-30 03:50:06,065]INFO:No events to create in this period
[2019-04-30 03:50:06,066]INFO:########Scanning Period Ends########
[2019-04-30 04:00:05,356]INFO:########Scanning Period Starts########
[2019-04-30 04:00:05,357]INFO:--------Reading Emails--------
[2019-04-30 04:00:06,698]INFO:Successfully fetched 0 emails
[2019-04-30 04:00:06,701]INFO:0 appointment(s) scraped from 0 email(s) in this period
[2019-04-30 04:00:06,706]INFO:--------Creating Events--------
[2019-04-30 04:00:06,707]INFO:No events to create in this period
[2019-04-30 04:00:06,708]INFO:########Scanning Period Ends########
[2019-04-30 04:10:05,023]INFO:########Scanning Period Starts########
[2019-04-30 04:10:05,023]INFO:--------Reading Emails--------
[2019-04-30 04:10:06,117]INFO:Successfully fetched 0 emails
[2019-04-30 04:10:06,120]INFO:0 appointment(s) scraped from 0 email(s) in this period
[2019-04-30 04:10:06,121]INFO:--------Creating Events--------
[2019-04-30 04:10:06,122]INFO:No events to create in this period
[2019-04-30 04:10:06,122]INFO:########Scanning Period Ends########
[2019-04-30 04:20:05,510]INFO:########Scanning Period Starts########
[2019-04-30 04:20:05,511]INFO:--------Reading Emails--------
[2019-04-30 04:20:06,723]INFO:Successfully fetched 0 emails
[2019-04-30 04:20:06,726]INFO:0 appointment(s) scraped from 0 email(s) in this period
[2019-04-30 04:20:06,735]INFO:--------Creating Events--------
[2019-04-30 04:20:06,736]INFO:No events to create in this period
[2019-04-30 04:20:06,737]INFO:########Scanning Period Ends########
[2019-04-30 04:30:05,038]INFO:########Scanning Period Starts########
[2019-04-30 04:30:05,038]INFO:--------Reading Emails--------
[2019-04-30 04:30:06,187]INFO:Successfully fetched 0 emails
[2019-04-30 04:30:06,191]INFO:0 appointment(s) scraped from 0 email(s) in this period
[2019-04-30 04:30:06,191]INFO:--------Creating Events--------
[2019-04-30 04:30:06,192]INFO:No events to create in this period
[2019-04-30 04:30:06,192]INFO:########Scanning Period Ends########
[2019-04-30 04:40:05,540]INFO:########Scanning Period Starts########
[2019-04-30 04:40:05,541]INFO:--------Reading Emails--------
[2019-04-30 04:40:06,917]INFO:Successfully fetched 0 emails
[2019-04-30 04:40:06,921]INFO:0 appointment(s) scraped from 0 email(s) in this period
[2019-04-30 04:40:06,930]INFO:--------Creating Events--------
[2019-04-30 04:40:06,931]INFO:No events to create in this period
[2019-04-30 04:40:06,932]INFO:########Scanning Period Ends########
[2019-04-30 04:50:05,239]INFO:########Scanning Period Starts########
[2019-04-30 04:50:05,240]INFO:--------Reading Emails--------
[2019-04-30 04:50:06,392]INFO:Successfully fetched 0 emails
[2019-04-30 04:50:06,395]INFO:0 appointment(s) scraped from 0 email(s) in this period
[2019-04-30 04:50:06,396]INFO:--------Creating Events--------
[2019-04-30 04:50:06,397]INFO:No events to create in this period
[2019-04-30 04:50:06,397]INFO:########Scanning Period Ends########
[2019-04-30 05:00:05,744]INFO:########Scanning Period Starts########
[2019-04-30 05:00:05,745]INFO:--------Reading Emails--------
[2019-04-30 05:00:07,098]INFO:Successfully fetched 0 emails
[2019-04-30 05:00:07,102]INFO:0 appointment(s) scraped from 0 email(s) in this period
[2019-04-30 05:00:07,111]INFO:--------Creating Events--------
[2019-04-30 05:00:07,112]INFO:No events to create in this period
[2019-04-30 05:00:07,113]INFO:########Scanning Period Ends########
[2019-04-30 05:10:05,421]INFO:########Scanning Period Starts########
[2019-04-30 05:10:05,422]INFO:--------Reading Emails--------
[2019-04-30 05:10:06,643]INFO:Successfully fetched 0 emails
[2019-04-30 05:10:06,647]INFO:0 appointment(s) scraped from 0 email(s) in this period
[2019-04-30 05:10:06,656]INFO:--------Creating Events--------
[2019-04-30 05:10:06,657]INFO:No events to create in this period
[2019-04-30 05:10:06,657]INFO:########Scanning Period Ends########
[2019-04-30 05:20:05,001]INFO:########Scanning Period Starts########
[2019-04-30 05:20:05,002]INFO:--------Reading Emails--------
[2019-04-30 05:20:06,430]INFO:Successfully fetched 0 emails
[2019-04-30 05:20:06,434]INFO:0 appointment(s) scraped from 0 email(s) in this period
[2019-04-30 05:20:06,444]INFO:--------Creating Events--------
[2019-04-30 05:20:06,444]INFO:No events to create in this period
[2019-04-30 05:20:06,445]INFO:########Scanning Period Ends########
[2019-04-30 05:30:05,721]INFO:########Scanning Period Starts########
[2019-04-30 05:30:05,722]INFO:--------Reading Emails--------
[2019-04-30 05:30:08,924]INFO:Successfully fetched 0 emails
[2019-04-30 05:30:08,927]INFO:0 appointment(s) scraped from 0 email(s) in this period
[2019-04-30 05:30:08,928]INFO:--------Creating Events--------
[2019-04-30 05:30:08,928]INFO:No events to create in this period
[2019-04-30 05:30:08,929]INFO:########Scanning Period Ends########
[2019-04-30 05:40:05,262]INFO:########Scanning Period Starts########
[2019-04-30 05:40:05,262]INFO:--------Reading Emails--------
[2019-04-30 05:40:06,192]INFO:Successfully fetched 0 emails
[2019-04-30 05:40:06,195]INFO:0 appointment(s) scraped from 0 email(s) in this period
[2019-04-30 05:40:06,196]INFO:--------Creating Events--------
[2019-04-30 05:40:06,197]INFO:No events to create in this period
[2019-04-30 05:40:06,197]INFO:########Scanning Period Ends########
[2019-04-30 05:50:05,494]INFO:########Scanning Period Starts########
[2019-04-30 05:50:05,494]INFO:--------Reading Emails--------
[2019-04-30 05:50:06,714]INFO:Successfully fetched 0 emails
[2019-04-30 05:50:06,717]INFO:0 appointment(s) scraped from 0 email(s) in this period
[2019-04-30 05:50:06,718]INFO:--------Creating Events--------
[2019-04-30 05:50:06,719]INFO:No events to create in this period
[2019-04-30 05:50:06,719]INFO:########Scanning Period Ends########
[2019-04-30 06:00:05,007]INFO:########Scanning Period Starts########
[2019-04-30 06:00:05,008]INFO:--------Reading Emails--------
[2019-04-30 06:00:06,217]INFO:Successfully fetched 0 emails
[2019-04-30 06:00:06,221]INFO:0 appointment(s) scraped from 0 email(s) in this period
[2019-04-30 06:00:06,222]INFO:--------Creating Events--------
[2019-04-30 06:00:06,222]INFO:No events to create in this period
[2019-04-30 06:00:06,223]INFO:########Scanning Period Ends########
[2019-04-30 06:10:05,573]INFO:########Scanning Period Starts########
[2019-04-30 06:10:05,573]INFO:--------Reading Emails--------
[2019-04-30 06:10:06,647]INFO:Successfully fetched 0 emails
[2019-04-30 06:10:06,650]INFO:0 appointment(s) scraped from 0 email(s) in this period
[2019-04-30 06:10:06,651]INFO:--------Creating Events--------
[2019-04-30 06:10:06,651]INFO:No events to create in this period
[2019-04-30 06:10:06,652]INFO:########Scanning Period Ends########
[2019-04-30 06:20:05,023]INFO:########Scanning Period Starts########
[2019-04-30 06:20:05,023]INFO:--------Reading Emails--------
[2019-04-30 06:20:06,003]INFO:Successfully fetched 0 emails
[2019-04-30 06:20:06,006]INFO:0 appointment(s) scraped from 0 email(s) in this period
[2019-04-30 06:20:06,007]INFO:--------Creating Events--------
[2019-04-30 06:20:06,008]INFO:No events to create in this period
[2019-04-30 06:20:06,008]INFO:########Scanning Period Ends########
[2019-04-30 06:30:05,395]INFO:########Scanning Period Starts########
[2019-04-30 06:30:05,396]INFO:--------Reading Emails--------
[2019-04-30 06:30:06,683]INFO:Successfully fetched 0 emails
[2019-04-30 06:30:06,687]INFO:0 appointment(s) scraped from 0 email(s) in this period
[2019-04-30 06:30:06,716]INFO:--------Creating Events--------
[2019-04-30 06:30:06,716]INFO:No events to create in this period
[2019-04-30 06:30:06,717]INFO:########Scanning Period Ends########
[2019-04-30 06:40:05,003]INFO:########Scanning Period Starts########
[2019-04-30 06:40:05,004]INFO:--------Reading Emails--------
[2019-04-30 06:40:06,539]INFO:Successfully fetched 0 emails
[2019-04-30 06:40:06,542]INFO:0 appointment(s) scraped from 0 email(s) in this period
[2019-04-30 06:40:06,547]INFO:--------Creating Events--------
[2019-04-30 06:40:06,548]INFO:No events to create in this period
[2019-04-30 06:40:06,548]INFO:########Scanning Period Ends########
[2019-04-30 06:50:04,838]INFO:########Scanning Period Starts########
[2019-04-30 06:50:04,839]INFO:--------Reading Emails--------
[2019-04-30 06:50:06,063]INFO:Successfully fetched 0 emails
[2019-04-30 06:50:06,066]INFO:0 appointment(s) scraped from 0 email(s) in this period
[2019-04-30 06:50:06,075]INFO:--------Creating Events--------
[2019-04-30 06:50:06,076]INFO:No events to create in this period
[2019-04-30 06:50:06,077]INFO:########Scanning Period Ends########
[2019-04-30 07:00:05,452]INFO:########Scanning Period Starts########
[2019-04-30 07:00:05,453]INFO:--------Reading Emails--------
[2019-04-30 07:00:06,875]INFO:Successfully fetched 0 emails
[2019-04-30 07:00:06,878]INFO:0 appointment(s) scraped from 0 email(s) in this period
[2019-04-30 07:00:06,883]INFO:--------Creating Events--------
[2019-04-30 07:00:06,884]INFO:No events to create in this period
[2019-04-30 07:00:06,885]INFO:########Scanning Period Ends########
[2019-04-30 07:10:05,170]INFO:########Scanning Period Starts########
[2019-04-30 07:10:05,171]INFO:--------Reading Emails--------
[2019-04-30 07:10:06,278]INFO:Successfully fetched 0 emails
[2019-04-30 07:10:06,282]INFO:0 appointment(s) scraped from 0 email(s) in this period
[2019-04-30 07:10:06,283]INFO:--------Creating Events--------
[2019-04-30 07:10:06,283]INFO:No events to create in this period
[2019-04-30 07:10:06,284]INFO:########Scanning Period Ends########
[2019-04-30 07:20:05,669]INFO:########Scanning Period Starts########
[2019-04-30 07:20:05,670]INFO:--------Reading Emails--------
[2019-04-30 07:20:06,660]INFO:Successfully fetched 0 emails
[2019-04-30 07:20:06,663]INFO:0 appointment(s) scraped from 0 email(s) in this period
[2019-04-30 07:20:06,664]INFO:--------Creating Events--------
[2019-04-30 07:20:06,664]INFO:No events to create in this period
[2019-04-30 07:20:06,665]INFO:########Scanning Period Ends########
[2019-04-30 07:30:05,028]INFO:########Scanning Period Starts########
[2019-04-30 07:30:05,029]INFO:--------Reading Emails--------
[2019-04-30 07:30:06,226]INFO:Successfully fetched 0 emails
[2019-04-30 07:30:06,230]INFO:0 appointment(s) scraped from 0 email(s) in this period
[2019-04-30 07:30:06,235]INFO:--------Creating Events--------
[2019-04-30 07:30:06,236]INFO:No events to create in this period
[2019-04-30 07:30:06,236]INFO:########Scanning Period Ends########
[2019-04-30 07:40:05,555]INFO:########Scanning Period Starts########
[2019-04-30 07:40:05,555]INFO:--------Reading Emails--------
[2019-04-30 07:40:06,625]INFO:Successfully fetched 0 emails
[2019-04-30 07:40:06,629]INFO:0 appointment(s) scraped from 0 email(s) in this period
[2019-04-30 07:40:06,630]INFO:--------Creating Events--------
[2019-04-30 07:40:06,630]INFO:No events to create in this period
[2019-04-30 07:40:06,631]INFO:########Scanning Period Ends########
[2019-04-30 07:50:04,930]INFO:########Scanning Period Starts########
[2019-04-30 07:50:04,931]INFO:--------Reading Emails--------
[2019-04-30 07:50:05,826]INFO:Successfully fetched 0 emails
[2019-04-30 07:50:05,830]INFO:0 appointment(s) scraped from 0 email(s) in this period
[2019-04-30 07:50:05,830]INFO:--------Creating Events--------
[2019-04-30 07:50:05,831]INFO:No events to create in this period
[2019-04-30 07:50:05,832]INFO:########Scanning Period Ends########
[2019-04-30 08:00:05,162]INFO:########Scanning Period Starts########
[2019-04-30 08:00:05,162]INFO:--------Reading Emails--------
[2019-04-30 08:00:06,524]INFO:Successfully fetched 0 emails
[2019-04-30 08:00:06,528]INFO:0 appointment(s) scraped from 0 email(s) in this period
[2019-04-30 08:00:06,533]INFO:--------Creating Events--------
[2019-04-30 08:00:06,534]INFO:No events to create in this period
[2019-04-30 08:00:06,534]INFO:########Scanning Period Ends########
[2019-04-30 08:10:04,886]INFO:########Scanning Period Starts########
[2019-04-30 08:10:04,887]INFO:--------Reading Emails--------
[2019-04-30 08:10:05,815]INFO:Successfully fetched 0 emails
[2019-04-30 08:10:05,819]INFO:0 appointment(s) scraped from 0 email(s) in this period
[2019-04-30 08:10:05,820]INFO:--------Creating Events--------
[2019-04-30 08:10:05,820]INFO:No events to create in this period
[2019-04-30 08:10:05,821]INFO:########Scanning Period Ends########
[2019-04-30 08:20:05,234]INFO:########Scanning Period Starts########
[2019-04-30 08:20:05,234]INFO:--------Reading Emails--------
[2019-04-30 08:20:06,585]INFO:Successfully fetched 0 emails
[2019-04-30 08:20:06,594]INFO:0 appointment(s) scraped from 0 email(s) in this period
[2019-04-30 08:20:06,595]INFO:--------Creating Events--------
[2019-04-30 08:20:06,596]INFO:No events to create in this period
[2019-04-30 08:20:06,596]INFO:########Scanning Period Ends########
[2019-04-30 08:30:04,887]INFO:########Scanning Period Starts########
[2019-04-30 08:30:04,889]INFO:--------Reading Emails--------
[2019-04-30 08:30:06,069]INFO:Successfully fetched 0 emails
[2019-04-30 08:30:06,072]INFO:0 appointment(s) scraped from 0 email(s) in this period
[2019-04-30 08:30:06,073]INFO:--------Creating Events--------
[2019-04-30 08:30:06,074]INFO:No events to create in this period
[2019-04-30 08:30:06,074]INFO:########Scanning Period Ends########
[2019-04-30 08:40:05,370]INFO:########Scanning Period Starts########
[2019-04-30 08:40:05,371]INFO:--------Reading Emails--------
[2019-04-30 08:40:06,647]INFO:Successfully fetched 0 emails
[2019-04-30 08:40:06,650]INFO:0 appointment(s) scraped from 0 email(s) in this period
[2019-04-30 08:40:06,651]INFO:--------Creating Events--------
[2019-04-30 08:40:06,652]INFO:No events to create in this period
[2019-04-30 08:40:06,652]INFO:########Scanning Period Ends########
[2019-04-30 08:50:04,971]INFO:########Scanning Period Starts########
[2019-04-30 08:50:04,972]INFO:--------Reading Emails--------
[2019-04-30 08:50:06,196]INFO:Successfully fetched 0 emails
[2019-04-30 08:50:06,200]INFO:0 appointment(s) scraped from 0 email(s) in this period
[2019-04-30 08:50:06,205]INFO:--------Creating Events--------
[2019-04-30 08:50:06,206]INFO:No events to create in this period
[2019-04-30 08:50:06,206]INFO:########Scanning Period Ends########
[2019-04-30 09:00:05,488]INFO:########Scanning Period Starts########
[2019-04-30 09:00:05,489]INFO:--------Reading Emails--------
[2019-04-30 09:00:06,955]INFO:Successfully fetched 0 emails
[2019-04-30 09:00:06,958]INFO:0 appointment(s) scraped from 0 email(s) in this period
[2019-04-30 09:00:06,991]INFO:--------Creating Events--------
[2019-04-30 09:00:06,992]INFO:No events to create in this period
[2019-04-30 09:00:06,993]INFO:########Scanning Period Ends########
[2019-04-30 09:10:05,285]INFO:########Scanning Period Starts########
[2019-04-30 09:10:05,285]INFO:--------Reading Emails--------
[2019-04-30 09:10:06,494]INFO:Successfully fetched 0 emails
[2019-04-30 09:10:06,498]INFO:0 appointment(s) scraped from 0 email(s) in this period
[2019-04-30 09:10:06,499]INFO:--------Creating Events--------
[2019-04-30 09:10:06,499]INFO:No events to create in this period
[2019-04-30 09:10:06,500]INFO:########Scanning Period Ends########
[2019-04-30 09:20:04,851]INFO:########Scanning Period Starts########
[2019-04-30 09:20:04,852]INFO:--------Reading Emails--------
[2019-04-30 09:20:06,124]INFO:Successfully fetched 0 emails
[2019-04-30 09:20:06,127]INFO:0 appointment(s) scraped from 0 email(s) in this period
[2019-04-30 09:20:06,137]INFO:--------Creating Events--------
[2019-04-30 09:20:06,138]INFO:No events to create in this period
[2019-04-30 09:20:06,138]INFO:########Scanning Period Ends########
[2019-04-30 09:30:05,466]INFO:########Scanning Period Starts########
[2019-04-30 09:30:05,467]INFO:--------Reading Emails--------
[2019-04-30 09:30:06,725]INFO:Successfully fetched 0 emails
[2019-04-30 09:30:06,728]INFO:0 appointment(s) scraped from 0 email(s) in this period
[2019-04-30 09:30:06,733]INFO:--------Creating Events--------
[2019-04-30 09:30:06,734]INFO:No events to create in this period
[2019-04-30 09:30:06,734]INFO:########Scanning Period Ends########
[2019-04-30 09:40:05,059]INFO:########Scanning Period Starts########
[2019-04-30 09:40:05,060]INFO:--------Reading Emails--------
[2019-04-30 09:40:05,944]INFO:Successfully fetched 0 emails
[2019-04-30 09:40:05,947]INFO:0 appointment(s) scraped from 0 email(s) in this period
[2019-04-30 09:40:05,948]INFO:--------Creating Events--------
[2019-04-30 09:40:05,949]INFO:No events to create in this period
[2019-04-30 09:40:05,949]INFO:########Scanning Period Ends########
[2019-04-30 09:50:05,261]INFO:########Scanning Period Starts########
[2019-04-30 09:50:05,261]INFO:--------Reading Emails--------
[2019-04-30 09:50:06,335]INFO:Successfully fetched 0 emails
[2019-04-30 09:50:06,338]INFO:0 appointment(s) scraped from 0 email(s) in this period
[2019-04-30 09:50:06,339]INFO:--------Creating Events--------
[2019-04-30 09:50:06,340]INFO:No events to create in this period
[2019-04-30 09:50:06,340]INFO:########Scanning Period Ends########
[2019-04-30 10:00:05,623]INFO:########Scanning Period Starts########
[2019-04-30 10:00:05,624]INFO:--------Reading Emails--------
[2019-04-30 10:00:06,851]INFO:Successfully fetched 0 emails
[2019-04-30 10:00:06,854]INFO:0 appointment(s) scraped from 0 email(s) in this period
[2019-04-30 10:00:06,863]INFO:--------Creating Events--------
[2019-04-30 10:00:06,864]INFO:No events to create in this period
[2019-04-30 10:00:06,865]INFO:########Scanning Period Ends########
[2019-04-30 10:10:05,190]INFO:########Scanning Period Starts########
[2019-04-30 10:10:05,191]INFO:--------Reading Emails--------
[2019-04-30 10:10:06,207]INFO:Successfully fetched 0 emails
[2019-04-30 10:10:06,211]INFO:0 appointment(s) scraped from 0 email(s) in this period
[2019-04-30 10:10:06,212]INFO:--------Creating Events--------
[2019-04-30 10:10:06,212]INFO:No events to create in this period
[2019-04-30 10:10:06,213]INFO:########Scanning Period Ends########
[2019-04-30 10:20:05,623]INFO:########Scanning Period Starts########
[2019-04-30 10:20:05,624]INFO:--------Reading Emails--------
[2019-04-30 10:20:06,992]INFO:Successfully fetched 0 emails
[2019-04-30 10:20:06,995]INFO:0 appointment(s) scraped from 0 email(s) in this period
[2019-04-30 10:20:07,000]INFO:--------Creating Events--------
[2019-04-30 10:20:07,001]INFO:No events to create in this period
[2019-04-30 10:20:07,001]INFO:########Scanning Period Ends########
[2019-04-30 10:30:05,318]INFO:########Scanning Period Starts########
[2019-04-30 10:30:05,319]INFO:--------Reading Emails--------
[2019-04-30 10:30:06,734]INFO:Successfully fetched 0 emails
[2019-04-30 10:30:06,738]INFO:0 appointment(s) scraped from 0 email(s) in this period
[2019-04-30 10:30:06,747]INFO:--------Creating Events--------
[2019-04-30 10:30:06,748]INFO:No events to create in this period
[2019-04-30 10:30:06,749]INFO:########Scanning Period Ends########
[2019-04-30 10:40:05,068]INFO:########Scanning Period Starts########
[2019-04-30 10:40:05,069]INFO:--------Reading Emails--------
[2019-04-30 10:40:06,209]INFO:Successfully fetched 0 emails
[2019-04-30 10:40:06,213]INFO:0 appointment(s) scraped from 0 email(s) in this period
[2019-04-30 10:40:06,214]INFO:--------Creating Events--------
[2019-04-30 10:40:06,215]INFO:No events to create in this period
[2019-04-30 10:40:06,215]INFO:########Scanning Period Ends########
[2019-04-30 10:50:05,542]INFO:########Scanning Period Starts########
[2019-04-30 10:50:05,543]INFO:--------Reading Emails--------
[2019-04-30 10:50:06,964]INFO:Successfully fetched 0 emails
[2019-04-30 10:50:06,968]INFO:0 appointment(s) scraped from 0 email(s) in this period
[2019-04-30 10:50:06,973]INFO:--------Creating Events--------
[2019-04-30 10:50:06,974]INFO:No events to create in this period
[2019-04-30 10:50:06,974]INFO:########Scanning Period Ends########
[2019-04-30 11:00:05,266]INFO:########Scanning Period Starts########
[2019-04-30 11:00:05,267]INFO:--------Reading Emails--------
[2019-04-30 11:00:06,423]INFO:Successfully fetched 0 emails
[2019-04-30 11:00:06,427]INFO:0 appointment(s) scraped from 0 email(s) in this period
[2019-04-30 11:00:06,428]INFO:--------Creating Events--------
[2019-04-30 11:00:06,428]INFO:No events to create in this period
[2019-04-30 11:00:06,429]INFO:########Scanning Period Ends########
[2019-04-30 11:10:05,726]INFO:########Scanning Period Starts########
[2019-04-30 11:10:05,727]INFO:--------Reading Emails--------
[2019-04-30 11:10:06,763]INFO:Successfully fetched 0 emails
[2019-04-30 11:10:06,766]INFO:0 appointment(s) scraped from 0 email(s) in this period
[2019-04-30 11:10:06,767]INFO:--------Creating Events--------
[2019-04-30 11:10:06,768]INFO:No events to create in this period
[2019-04-30 11:10:06,768]INFO:########Scanning Period Ends########
[2019-04-30 11:20:05,157]INFO:########Scanning Period Starts########
[2019-04-30 11:20:05,159]INFO:--------Reading Emails--------
[2019-04-30 11:20:06,427]INFO:Successfully fetched 0 emails
[2019-04-30 11:20:06,431]INFO:0 appointment(s) scraped from 0 email(s) in this period
[2019-04-30 11:20:06,436]INFO:--------Creating Events--------
[2019-04-30 11:20:06,437]INFO:No events to create in this period
[2019-04-30 11:20:06,437]INFO:########Scanning Period Ends########
[2019-04-30 11:30:05,696]INFO:########Scanning Period Starts########
[2019-04-30 11:30:05,696]INFO:--------Reading Emails--------
[2019-04-30 11:30:06,939]INFO:Successfully fetched 0 emails
[2019-04-30 11:30:06,942]INFO:0 appointment(s) scraped from 0 email(s) in this period
[2019-04-30 11:30:06,943]INFO:--------Creating Events--------
[2019-04-30 11:30:06,944]INFO:No events to create in this period
[2019-04-30 11:30:06,953]INFO:########Scanning Period Ends########
[2019-04-30 11:40:05,273]INFO:########Scanning Period Starts########
[2019-04-30 11:40:05,274]INFO:--------Reading Emails--------
[2019-04-30 11:40:06,357]INFO:Successfully fetched 0 emails
[2019-04-30 11:40:06,360]INFO:0 appointment(s) scraped from 0 email(s) in this period
[2019-04-30 11:40:06,361]INFO:--------Creating Events--------
[2019-04-30 11:40:06,362]INFO:No events to create in this period
[2019-04-30 11:40:06,362]INFO:########Scanning Period Ends########
[2019-04-30 11:50:05,695]INFO:########Scanning Period Starts########
[2019-04-30 11:50:05,695]INFO:--------Reading Emails--------
[2019-04-30 11:50:07,211]INFO:Successfully fetched 0 emails
[2019-04-30 11:50:07,214]INFO:0 appointment(s) scraped from 0 email(s) in this period
[2019-04-30 11:50:07,224]INFO:--------Creating Events--------
[2019-04-30 11:50:07,225]INFO:No events to create in this period
[2019-04-30 11:50:07,225]INFO:########Scanning Period Ends########
[2019-04-30 12:00:05,543]INFO:########Scanning Period Starts########
[2019-04-30 12:00:05,544]INFO:--------Reading Emails--------
[2019-04-30 12:00:06,586]INFO:Successfully fetched 0 emails
[2019-04-30 12:00:06,590]INFO:0 appointment(s) scraped from 0 email(s) in this period
[2019-04-30 12:00:06,591]INFO:--------Creating Events--------
[2019-04-30 12:00:06,591]INFO:No events to create in this period
[2019-04-30 12:00:06,592]INFO:########Scanning Period Ends########
[2019-04-30 12:10:04,905]INFO:########Scanning Period Starts########
[2019-04-30 12:10:04,906]INFO:--------Reading Emails--------
[2019-04-30 12:10:05,964]INFO:Successfully fetched 0 emails
[2019-04-30 12:10:05,968]INFO:0 appointment(s) scraped from 0 email(s) in this period
[2019-04-30 12:10:05,969]INFO:--------Creating Events--------
[2019-04-30 12:10:05,969]INFO:No events to create in this period
[2019-04-30 12:10:05,970]INFO:########Scanning Period Ends########
[2019-04-30 12:20:05,359]INFO:########Scanning Period Starts########
[2019-04-30 12:20:05,359]INFO:--------Reading Emails--------
[2019-04-30 12:20:06,613]INFO:Successfully fetched 0 emails
[2019-04-30 12:20:06,616]INFO:0 appointment(s) scraped from 0 email(s) in this period
[2019-04-30 12:20:06,626]INFO:--------Creating Events--------
[2019-04-30 12:20:06,627]INFO:No events to create in this period
[2019-04-30 12:20:06,627]INFO:########Scanning Period Ends########
[2019-04-30 12:30:04,897]INFO:########Scanning Period Starts########
[2019-04-30 12:30:04,897]INFO:--------Reading Emails--------
[2019-04-30 12:30:05,905]INFO:Successfully fetched 0 emails
[2019-04-30 12:30:05,908]INFO:0 appointment(s) scraped from 0 email(s) in this period
[2019-04-30 12:30:05,909]INFO:--------Creating Events--------
[2019-04-30 12:30:05,909]INFO:No events to create in this period
[2019-04-30 12:30:05,910]INFO:########Scanning Period Ends########
[2019-04-30 12:40:05,213]INFO:########Scanning Period Starts########
[2019-04-30 12:40:05,214]INFO:--------Reading Emails--------
[2019-04-30 12:40:06,239]INFO:Successfully fetched 0 emails
[2019-04-30 12:40:06,242]INFO:0 appointment(s) scraped from 0 email(s) in this period
[2019-04-30 12:40:06,243]INFO:--------Creating Events--------
[2019-04-30 12:40:06,243]INFO:No events to create in this period
[2019-04-30 12:40:06,244]INFO:########Scanning Period Ends########
[2019-04-30 12:50:05,531]INFO:########Scanning Period Starts########
[2019-04-30 12:50:05,531]INFO:--------Reading Emails--------
[2019-04-30 12:50:06,812]INFO:Successfully fetched 0 emails
[2019-04-30 12:50:06,816]INFO:0 appointment(s) scraped from 0 email(s) in this period
[2019-04-30 12:50:06,825]INFO:--------Creating Events--------
[2019-04-30 12:50:06,826]INFO:No events to create in this period
[2019-04-30 12:50:06,827]INFO:########Scanning Period Ends########
[2019-04-30 13:00:05,114]INFO:########Scanning Period Starts########
[2019-04-30 13:00:05,115]INFO:--------Reading Emails--------
[2019-04-30 13:00:06,149]INFO:Successfully fetched 0 emails
[2019-04-30 13:00:06,152]INFO:0 appointment(s) scraped from 0 email(s) in this period
[2019-04-30 13:00:06,153]INFO:--------Creating Events--------
[2019-04-30 13:00:06,154]INFO:No events to create in this period
[2019-04-30 13:00:06,155]INFO:########Scanning Period Ends########
[2019-04-30 13:10:05,469]INFO:########Scanning Period Starts########
[2019-04-30 13:10:05,471]INFO:--------Reading Emails--------
[2019-04-30 13:10:06,723]INFO:Successfully fetched 0 emails
[2019-04-30 13:10:06,727]INFO:0 appointment(s) scraped from 0 email(s) in this period
[2019-04-30 13:10:06,736]INFO:--------Creating Events--------
[2019-04-30 13:10:06,737]INFO:No events to create in this period
[2019-04-30 13:10:06,738]INFO:########Scanning Period Ends########
[2019-04-30 13:20:05,174]INFO:########Scanning Period Starts########
[2019-04-30 13:20:05,175]INFO:--------Reading Emails--------
[2019-04-30 13:20:06,127]INFO:Successfully fetched 0 emails
[2019-04-30 13:20:06,131]INFO:0 appointment(s) scraped from 0 email(s) in this period
[2019-04-30 13:20:06,132]INFO:--------Creating Events--------
[2019-04-30 13:20:06,132]INFO:No events to create in this period
[2019-04-30 13:20:06,133]INFO:########Scanning Period Ends########
[2019-04-30 13:30:05,483]INFO:########Scanning Period Starts########
[2019-04-30 13:30:05,483]INFO:--------Reading Emails--------
[2019-04-30 13:30:06,640]INFO:Successfully fetched 0 emails
[2019-04-30 13:30:06,643]INFO:0 appointment(s) scraped from 0 email(s) in this period
[2019-04-30 13:30:06,644]INFO:--------Creating Events--------
[2019-04-30 13:30:06,645]INFO:No events to create in this period
[2019-04-30 13:30:06,645]INFO:########Scanning Period Ends########
[2019-04-30 13:40:04,977]INFO:########Scanning Period Starts########
[2019-04-30 13:40:04,978]INFO:--------Reading Emails--------
[2019-04-30 13:40:06,087]INFO:Successfully fetched 0 emails
[2019-04-30 13:40:06,091]INFO:0 appointment(s) scraped from 0 email(s) in this period
[2019-04-30 13:40:06,092]INFO:--------Creating Events--------
[2019-04-30 13:40:06,092]INFO:No events to create in this period
[2019-04-30 13:40:06,093]INFO:########Scanning Period Ends########
[2019-04-30 13:50:05,387]INFO:########Scanning Period Starts########
[2019-04-30 13:50:05,388]INFO:--------Reading Emails--------
[2019-04-30 13:50:06,633]INFO:Successfully fetched 0 emails
[2019-04-30 13:50:06,637]INFO:0 appointment(s) scraped from 0 email(s) in this period
[2019-04-30 13:50:06,646]INFO:--------Creating Events--------
[2019-04-30 13:50:06,647]INFO:No events to create in this period
[2019-04-30 13:50:06,648]INFO:########Scanning Period Ends########
[2019-04-30 14:00:04,976]INFO:########Scanning Period Starts########
[2019-04-30 14:00:04,976]INFO:--------Reading Emails--------
[2019-04-30 14:00:06,281]INFO:Successfully fetched 0 emails
[2019-04-30 14:00:06,284]INFO:0 appointment(s) scraped from 0 email(s) in this period
[2019-04-30 14:00:06,289]INFO:--------Creating Events--------
[2019-04-30 14:00:06,290]INFO:No events to create in this period
[2019-04-30 14:00:06,290]INFO:########Scanning Period Ends########
[2019-04-30 14:10:05,619]INFO:########Scanning Period Starts########
[2019-04-30 14:10:05,620]INFO:--------Reading Emails--------
[2019-04-30 14:10:06,567]INFO:Successfully fetched 0 emails
[2019-04-30 14:10:06,570]INFO:0 appointment(s) scraped from 0 email(s) in this period
[2019-04-30 14:10:06,571]INFO:--------Creating Events--------
[2019-04-30 14:10:06,572]INFO:No events to create in this period
[2019-04-30 14:10:06,572]INFO:########Scanning Period Ends########
[2019-04-30 14:20:04,945]INFO:########Scanning Period Starts########
[2019-04-30 14:20:04,946]INFO:--------Reading Emails--------
[2019-04-30 14:20:06,186]INFO:Successfully fetched 0 emails
[2019-04-30 14:20:06,189]INFO:0 appointment(s) scraped from 0 email(s) in this period
[2019-04-30 14:20:06,199]INFO:--------Creating Events--------
[2019-04-30 14:20:06,200]INFO:No events to create in this period
[2019-04-30 14:20:06,200]INFO:########Scanning Period Ends########
[2019-04-30 14:30:05,526]INFO:########Scanning Period Starts########
[2019-04-30 14:30:05,526]INFO:--------Reading Emails--------
[2019-04-30 14:30:06,919]INFO:Successfully fetched 0 emails
[2019-04-30 14:30:06,923]INFO:0 appointment(s) scraped from 0 email(s) in this period
[2019-04-30 14:30:06,928]INFO:--------Creating Events--------
[2019-04-30 14:30:06,929]INFO:No events to create in this period
[2019-04-30 14:30:06,929]INFO:########Scanning Period Ends########
[2019-04-30 14:40:05,262]INFO:########Scanning Period Starts########
[2019-04-30 14:40:05,262]INFO:--------Reading Emails--------
[2019-04-30 14:40:06,389]INFO:Successfully fetched 0 emails
[2019-04-30 14:40:06,392]INFO:0 appointment(s) scraped from 0 email(s) in this period
[2019-04-30 14:40:06,393]INFO:--------Creating Events--------
[2019-04-30 14:40:06,393]INFO:No events to create in this period
[2019-04-30 14:40:06,394]INFO:########Scanning Period Ends########
[2019-04-30 14:50:05,664]INFO:########Scanning Period Starts########
[2019-04-30 14:50:05,665]INFO:--------Reading Emails--------
[2019-04-30 14:50:06,778]INFO:Successfully fetched 0 emails
[2019-04-30 14:50:06,782]INFO:0 appointment(s) scraped from 0 email(s) in this period
[2019-04-30 14:50:06,783]INFO:--------Creating Events--------
[2019-04-30 14:50:06,783]INFO:No events to create in this period
[2019-04-30 14:50:06,784]INFO:########Scanning Period Ends########
[2019-04-30 15:00:05,063]INFO:########Scanning Period Starts########
[2019-04-30 15:00:05,063]INFO:--------Reading Emails--------
[2019-04-30 15:00:06,376]INFO:Successfully fetched 0 emails
[2019-04-30 15:00:06,379]INFO:0 appointment(s) scraped from 0 email(s) in this period
[2019-04-30 15:00:06,384]INFO:--------Creating Events--------
[2019-04-30 15:00:06,385]INFO:No events to create in this period
[2019-04-30 15:00:06,385]INFO:########Scanning Period Ends########
[2019-04-30 15:10:05,707]INFO:########Scanning Period Starts########
[2019-04-30 15:10:05,707]INFO:--------Reading Emails--------
[2019-04-30 15:10:07,045]INFO:Successfully fetched 0 emails
[2019-04-30 15:10:07,048]INFO:0 appointment(s) scraped from 0 email(s) in this period
[2019-04-30 15:10:07,058]INFO:--------Creating Events--------
[2019-04-30 15:10:07,059]INFO:No events to create in this period
[2019-04-30 15:10:07,059]INFO:########Scanning Period Ends########
[2019-04-30 15:20:05,417]INFO:########Scanning Period Starts########
[2019-04-30 15:20:05,418]INFO:--------Reading Emails--------
[2019-04-30 15:20:06,523]INFO:Successfully fetched 0 emails
[2019-04-30 15:20:06,526]INFO:0 appointment(s) scraped from 0 email(s) in this period
[2019-04-30 15:20:06,527]INFO:--------Creating Events--------
[2019-04-30 15:20:06,528]INFO:No events to create in this period
[2019-04-30 15:20:06,528]INFO:########Scanning Period Ends########
[2019-04-30 15:30:04,846]INFO:########Scanning Period Starts########
[2019-04-30 15:30:04,847]INFO:--------Reading Emails--------
[2019-04-30 15:30:06,141]INFO:Successfully fetched 0 emails
[2019-04-30 15:30:06,144]INFO:0 appointment(s) scraped from 0 email(s) in this period
[2019-04-30 15:30:06,154]INFO:--------Creating Events--------
[2019-04-30 15:30:06,154]INFO:No events to create in this period
[2019-04-30 15:30:06,155]INFO:########Scanning Period Ends########
[2019-04-30 15:40:05,491]INFO:########Scanning Period Starts########
[2019-04-30 15:40:05,491]INFO:--------Reading Emails--------
[2019-04-30 15:40:06,819]INFO:Successfully fetched 0 emails
[2019-04-30 15:40:06,822]INFO:0 appointment(s) scraped from 0 email(s) in this period
[2019-04-30 15:40:06,827]INFO:--------Creating Events--------
[2019-04-30 15:40:06,828]INFO:No events to create in this period
[2019-04-30 15:40:06,829]INFO:########Scanning Period Ends########
[2019-04-30 15:50:05,128]INFO:########Scanning Period Starts########
[2019-04-30 15:50:05,129]INFO:--------Reading Emails--------
[2019-04-30 15:50:06,328]INFO:Successfully fetched 0 emails
[2019-04-30 15:50:06,331]INFO:0 appointment(s) scraped from 0 email(s) in this period
[2019-04-30 15:50:06,332]INFO:--------Creating Events--------
[2019-04-30 15:50:06,333]INFO:No events to create in this period
[2019-04-30 15:50:06,333]INFO:########Scanning Period Ends########
[2019-04-30 16:00:05,630]INFO:########Scanning Period Starts########
[2019-04-30 16:00:05,631]INFO:--------Reading Emails--------
[2019-04-30 16:00:06,609]INFO:Successfully fetched 0 emails
[2019-04-30 16:00:06,613]INFO:0 appointment(s) scraped from 0 email(s) in this period
[2019-04-30 16:00:06,614]INFO:--------Creating Events--------
[2019-04-30 16:00:06,615]INFO:No events to create in this period
[2019-04-30 16:00:06,615]INFO:########Scanning Period Ends########
[2019-04-30 16:10:04,933]INFO:########Scanning Period Starts########
[2019-04-30 16:10:04,934]INFO:--------Reading Emails--------
[2019-04-30 16:10:05,785]INFO:Successfully fetched 0 emails
[2019-04-30 16:10:05,789]INFO:0 appointment(s) scraped from 0 email(s) in this period
[2019-04-30 16:10:05,790]INFO:--------Creating Events--------
[2019-04-30 16:10:05,790]INFO:No events to create in this period
[2019-04-30 16:10:05,791]INFO:########Scanning Period Ends########
[2019-04-30 16:20:05,190]INFO:########Scanning Period Starts########
[2019-04-30 16:20:05,190]INFO:--------Reading Emails--------
[2019-04-30 16:20:06,212]INFO:Successfully fetched 0 emails
[2019-04-30 16:20:06,216]INFO:0 appointment(s) scraped from 0 email(s) in this period
[2019-04-30 16:20:06,217]INFO:--------Creating Events--------
[2019-04-30 16:20:06,217]INFO:No events to create in this period
[2019-04-30 16:20:06,218]INFO:########Scanning Period Ends########
[2019-04-30 16:30:05,544]INFO:########Scanning Period Starts########
[2019-04-30 16:30:05,545]INFO:--------Reading Emails--------
[2019-04-30 16:30:06,600]INFO:Successfully fetched 0 emails
[2019-04-30 16:30:06,604]INFO:0 appointment(s) scraped from 0 email(s) in this period
[2019-04-30 16:30:06,605]INFO:--------Creating Events--------
[2019-04-30 16:30:06,605]INFO:No events to create in this period
[2019-04-30 16:30:06,606]INFO:########Scanning Period Ends########
[2019-04-30 16:40:04,914]INFO:########Scanning Period Starts########
[2019-04-30 16:40:04,914]INFO:--------Reading Emails--------
[2019-04-30 16:40:05,909]INFO:Successfully fetched 0 emails
[2019-04-30 16:40:05,913]INFO:0 appointment(s) scraped from 0 email(s) in this period
[2019-04-30 16:40:05,914]INFO:--------Creating Events--------
[2019-04-30 16:40:05,914]INFO:No events to create in this period
[2019-04-30 16:40:05,915]INFO:########Scanning Period Ends########
[2019-04-30 16:50:05,228]INFO:########Scanning Period Starts########
[2019-04-30 16:50:05,230]INFO:--------Reading Emails--------
[2019-04-30 16:50:06,276]INFO:Successfully fetched 0 emails
[2019-04-30 16:50:06,280]INFO:0 appointment(s) scraped from 0 email(s) in this period
[2019-04-30 16:50:06,281]INFO:--------Creating Events--------
[2019-04-30 16:50:06,281]INFO:No events to create in this period
[2019-04-30 16:50:06,282]INFO:########Scanning Period Ends########
[2019-04-30 17:00:05,618]INFO:########Scanning Period Starts########
[2019-04-30 17:00:05,619]INFO:--------Reading Emails--------
[2019-04-30 17:00:06,796]INFO:Successfully fetched 0 emails
[2019-04-30 17:00:06,799]INFO:0 appointment(s) scraped from 0 email(s) in this period
[2019-04-30 17:00:06,800]INFO:--------Creating Events--------
[2019-04-30 17:00:06,801]INFO:No events to create in this period
[2019-04-30 17:00:06,801]INFO:########Scanning Period Ends########
[2019-04-30 17:10:05,119]INFO:########Scanning Period Starts########
[2019-04-30 17:10:05,120]INFO:--------Reading Emails--------
[2019-04-30 17:10:06,496]INFO:Successfully fetched 0 emails
[2019-04-30 17:10:06,509]INFO:0 appointment(s) scraped from 0 email(s) in this period
[2019-04-30 17:10:06,510]INFO:--------Creating Events--------
[2019-04-30 17:10:06,511]INFO:No events to create in this period
[2019-04-30 17:10:06,511]INFO:########Scanning Period Ends########
[2019-04-30 17:20:04,971]INFO:########Scanning Period Starts########
[2019-04-30 17:20:04,972]INFO:--------Reading Emails--------
[2019-04-30 17:20:05,939]INFO:Successfully fetched 0 emails
[2019-04-30 17:20:05,942]INFO:0 appointment(s) scraped from 0 email(s) in this period
[2019-04-30 17:20:05,943]INFO:--------Creating Events--------
[2019-04-30 17:20:05,944]INFO:No events to create in this period
[2019-04-30 17:20:05,944]INFO:########Scanning Period Ends########
[2019-04-30 17:30:05,273]INFO:########Scanning Period Starts########
[2019-04-30 17:30:05,274]INFO:--------Reading Emails--------
[2019-04-30 17:30:06,458]INFO:Successfully fetched 0 emails
[2019-04-30 17:30:06,461]INFO:0 appointment(s) scraped from 0 email(s) in this period
[2019-04-30 17:30:06,462]INFO:--------Creating Events--------
[2019-04-30 17:30:06,463]INFO:No events to create in this period
[2019-04-30 17:30:06,463]INFO:########Scanning Period Ends########
[2019-04-30 17:40:04,779]INFO:########Scanning Period Starts########
[2019-04-30 17:40:04,780]INFO:--------Reading Emails--------
[2019-04-30 17:40:06,089]INFO:Successfully fetched 0 emails
[2019-04-30 17:40:06,093]INFO:0 appointment(s) scraped from 0 email(s) in this period
[2019-04-30 17:40:06,102]INFO:--------Creating Events--------
[2019-04-30 17:40:06,103]INFO:No events to create in this period
[2019-04-30 17:40:06,103]INFO:########Scanning Period Ends########
[2019-04-30 17:50:05,447]INFO:########Scanning Period Starts########
[2019-04-30 17:50:05,448]INFO:--------Reading Emails--------
[2019-04-30 17:50:06,586]INFO:Successfully fetched 0 emails
[2019-04-30 17:50:06,590]INFO:0 appointment(s) scraped from 0 email(s) in this period
[2019-04-30 17:50:06,590]INFO:--------Creating Events--------
[2019-04-30 17:50:06,591]INFO:No events to create in this period
[2019-04-30 17:50:06,592]INFO:########Scanning Period Ends########
[2019-04-30 18:00:04,886]INFO:########Scanning Period Starts########
[2019-04-30 18:00:04,887]INFO:--------Reading Emails--------
[2019-04-30 18:00:06,372]INFO:Successfully fetched 0 emails
[2019-04-30 18:00:06,375]INFO:0 appointment(s) scraped from 0 email(s) in this period
[2019-04-30 18:00:06,385]INFO:--------Creating Events--------
[2019-04-30 18:00:06,385]INFO:No events to create in this period
[2019-04-30 18:00:06,386]INFO:########Scanning Period Ends########
[2019-04-30 18:10:05,722]INFO:########Scanning Period Starts########
[2019-04-30 18:10:05,724]INFO:--------Reading Emails--------
[2019-04-30 18:10:07,080]INFO:Successfully fetched 0 emails
[2019-04-30 18:10:07,083]INFO:0 appointment(s) scraped from 0 email(s) in this period
[2019-04-30 18:10:07,088]INFO:--------Creating Events--------
[2019-04-30 18:10:07,089]INFO:No events to create in this period
[2019-04-30 18:10:07,089]INFO:########Scanning Period Ends########
[2019-04-30 18:20:05,548]INFO:########Scanning Period Starts########
[2019-04-30 18:20:05,549]INFO:--------Reading Emails--------
[2019-04-30 18:20:07,055]INFO:Successfully fetched 0 emails
[2019-04-30 18:20:07,067]INFO:0 appointment(s) scraped from 0 email(s) in this period
[2019-04-30 18:20:07,069]INFO:--------Creating Events--------
[2019-04-30 18:20:07,069]INFO:No events to create in this period
[2019-04-30 18:20:07,070]INFO:########Scanning Period Ends########
[2019-04-30 18:30:05,410]INFO:########Scanning Period Starts########
[2019-04-30 18:30:05,411]INFO:--------Reading Emails--------
[2019-04-30 18:30:06,746]INFO:Successfully fetched 0 emails
[2019-04-30 18:30:06,749]INFO:0 appointment(s) scraped from 0 email(s) in this period
[2019-04-30 18:30:06,754]INFO:--------Creating Events--------
[2019-04-30 18:30:06,755]INFO:No events to create in this period
[2019-04-30 18:30:06,755]INFO:########Scanning Period Ends########
[2019-04-30 18:40:05,083]INFO:########Scanning Period Starts########
[2019-04-30 18:40:05,084]INFO:--------Reading Emails--------
[2019-04-30 18:40:06,554]INFO:Successfully fetched 0 emails
[2019-04-30 18:40:06,558]INFO:0 appointment(s) scraped from 0 email(s) in this period
[2019-04-30 18:40:06,567]INFO:--------Creating Events--------
[2019-04-30 18:40:06,568]INFO:No events to create in this period
[2019-04-30 18:40:06,569]INFO:########Scanning Period Ends########
[2019-04-30 18:50:04,929]INFO:########Scanning Period Starts########
[2019-04-30 18:50:04,930]INFO:--------Reading Emails--------
[2019-04-30 18:50:06,288]INFO:Successfully fetched 0 emails
[2019-04-30 18:50:06,301]INFO:0 appointment(s) scraped from 0 email(s) in this period
[2019-04-30 18:50:06,302]INFO:--------Creating Events--------
[2019-04-30 18:50:06,303]INFO:No events to create in this period
[2019-04-30 18:50:06,304]INFO:########Scanning Period Ends########
[2019-04-30 19:00:05,611]INFO:########Scanning Period Starts########
[2019-04-30 19:00:05,612]INFO:--------Reading Emails--------
[2019-04-30 19:00:06,897]INFO:Successfully fetched 0 emails
[2019-04-30 19:00:06,900]INFO:0 appointment(s) scraped from 0 email(s) in this period
[2019-04-30 19:00:06,905]INFO:--------Creating Events--------
[2019-04-30 19:00:06,906]INFO:No events to create in this period
[2019-04-30 19:00:06,906]INFO:########Scanning Period Ends########
[2019-04-30 19:10:05,263]INFO:########Scanning Period Starts########
[2019-04-30 19:10:05,264]INFO:--------Reading Emails--------
[2019-04-30 19:10:06,149]INFO:Successfully fetched 0 emails
[2019-04-30 19:10:06,153]INFO:0 appointment(s) scraped from 0 email(s) in this period
[2019-04-30 19:10:06,154]INFO:--------Creating Events--------
[2019-04-30 19:10:06,154]INFO:No events to create in this period
[2019-04-30 19:10:06,155]INFO:########Scanning Period Ends########
[2019-04-30 19:20:05,538]INFO:########Scanning Period Starts########
[2019-04-30 19:20:05,539]INFO:--------Reading Emails--------
[2019-04-30 19:20:07,045]INFO:Successfully fetched 0 emails
[2019-04-30 19:20:07,054]INFO:0 appointment(s) scraped from 0 email(s) in this period
[2019-04-30 19:20:07,055]INFO:--------Creating Events--------
[2019-04-30 19:20:07,056]INFO:No events to create in this period
[2019-04-30 19:20:07,056]INFO:########Scanning Period Ends########
[2019-04-30 19:30:05,389]INFO:########Scanning Period Starts########
[2019-04-30 19:30:05,390]INFO:--------Reading Emails--------
[2019-04-30 19:30:06,788]INFO:Successfully fetched 0 emails
[2019-04-30 19:30:06,792]INFO:0 appointment(s) scraped from 0 email(s) in this period
[2019-04-30 19:30:06,801]INFO:--------Creating Events--------
[2019-04-30 19:30:06,802]INFO:No events to create in this period
[2019-04-30 19:30:06,803]INFO:########Scanning Period Ends########
[2019-04-30 19:40:05,128]INFO:########Scanning Period Starts########
[2019-04-30 19:40:05,129]INFO:--------Reading Emails--------
[2019-04-30 19:40:06,347]INFO:Successfully fetched 0 emails
[2019-04-30 19:40:06,351]INFO:0 appointment(s) scraped from 0 email(s) in this period
[2019-04-30 19:40:06,355]INFO:--------Creating Events--------
[2019-04-30 19:40:06,356]INFO:No events to create in this period
[2019-04-30 19:40:06,357]INFO:########Scanning Period Ends########
[2019-04-30 19:50:05,682]INFO:########Scanning Period Starts########
[2019-04-30 19:50:05,682]INFO:--------Reading Emails--------
[2019-04-30 19:50:06,791]INFO:Successfully fetched 0 emails
[2019-04-30 19:50:06,794]INFO:0 appointment(s) scraped from 0 email(s) in this period
[2019-04-30 19:50:06,795]INFO:--------Creating Events--------
[2019-04-30 19:50:06,795]INFO:No events to create in this period
[2019-04-30 19:50:06,796]INFO:########Scanning Period Ends########
[2019-04-30 20:00:05,176]INFO:########Scanning Period Starts########
[2019-04-30 20:00:05,176]INFO:--------Reading Emails--------
[2019-04-30 20:00:06,197]INFO:Successfully fetched 0 emails
[2019-04-30 20:00:06,201]INFO:0 appointment(s) scraped from 0 email(s) in this period
[2019-04-30 20:00:06,201]INFO:--------Creating Events--------
[2019-04-30 20:00:06,202]INFO:No events to create in this period
[2019-04-30 20:00:06,203]INFO:########Scanning Period Ends########
[2019-04-30 20:10:05,514]INFO:########Scanning Period Starts########
[2019-04-30 20:10:05,515]INFO:--------Reading Emails--------
[2019-04-30 20:10:06,713]INFO:Successfully fetched 0 emails
[2019-04-30 20:10:06,716]INFO:0 appointment(s) scraped from 0 email(s) in this period
[2019-04-30 20:10:06,717]INFO:--------Creating Events--------
[2019-04-30 20:10:06,718]INFO:No events to create in this period
[2019-04-30 20:10:06,718]INFO:########Scanning Period Ends########
[2019-04-30 20:20:05,191]INFO:########Scanning Period Starts########
[2019-04-30 20:20:05,192]INFO:--------Reading Emails--------
[2019-04-30 20:20:06,333]INFO:Successfully fetched 0 emails
[2019-04-30 20:20:06,347]INFO:0 appointment(s) scraped from 0 email(s) in this period
[2019-04-30 20:20:06,348]INFO:--------Creating Events--------
[2019-04-30 20:20:06,348]INFO:No events to create in this period
[2019-04-30 20:20:06,349]INFO:########Scanning Period Ends########
[2019-04-30 20:30:05,689]INFO:########Scanning Period Starts########
[2019-04-30 20:30:05,690]INFO:--------Reading Emails--------
[2019-04-30 20:30:06,947]INFO:Successfully fetched 0 emails
[2019-04-30 20:30:06,951]INFO:0 appointment(s) scraped from 0 email(s) in this period
[2019-04-30 20:30:06,960]INFO:--------Creating Events--------
[2019-04-30 20:30:06,961]INFO:No events to create in this period
[2019-04-30 20:30:06,961]INFO:########Scanning Period Ends########
[2019-04-30 20:40:05,267]INFO:########Scanning Period Starts########
[2019-04-30 20:40:05,268]INFO:--------Reading Emails--------
[2019-04-30 20:40:06,149]INFO:Successfully fetched 0 emails
[2019-04-30 20:40:06,153]INFO:0 appointment(s) scraped from 0 email(s) in this period
[2019-04-30 20:40:06,154]INFO:--------Creating Events--------
[2019-04-30 20:40:06,154]INFO:No events to create in this period
[2019-04-30 20:40:06,155]INFO:########Scanning Period Ends########
[2019-04-30 20:50:05,539]INFO:########Scanning Period Starts########
[2019-04-30 20:50:05,540]INFO:--------Reading Emails--------
[2019-04-30 20:50:06,943]INFO:Successfully fetched 0 emails
[2019-04-30 20:50:06,952]INFO:0 appointment(s) scraped from 0 email(s) in this period
[2019-04-30 20:50:06,953]INFO:--------Creating Events--------
[2019-04-30 20:50:06,954]INFO:No events to create in this period
[2019-04-30 20:50:06,954]INFO:########Scanning Period Ends########
[2019-04-30 21:00:05,318]INFO:########Scanning Period Starts########
[2019-04-30 21:00:05,319]INFO:--------Reading Emails--------
[2019-04-30 21:00:06,627]INFO:Successfully fetched 0 emails
[2019-04-30 21:00:06,640]INFO:0 appointment(s) scraped from 0 email(s) in this period
[2019-04-30 21:00:06,641]INFO:--------Creating Events--------
[2019-04-30 21:00:06,642]INFO:No events to create in this period
[2019-04-30 21:00:06,642]INFO:########Scanning Period Ends########
[2019-04-30 21:10:04,955]INFO:########Scanning Period Starts########
[2019-04-30 21:10:04,956]INFO:--------Reading Emails--------
[2019-04-30 21:10:06,444]INFO:Successfully fetched 0 emails
[2019-04-30 21:10:06,447]INFO:0 appointment(s) scraped from 0 email(s) in this period
[2019-04-30 21:10:06,457]INFO:--------Creating Events--------
[2019-04-30 21:10:06,458]INFO:No events to create in this period
[2019-04-30 21:10:06,458]INFO:########Scanning Period Ends########
[2019-04-30 21:20:04,872]INFO:########Scanning Period Starts########
[2019-04-30 21:20:04,873]INFO:--------Reading Emails--------
[2019-04-30 21:20:05,762]INFO:Successfully fetched 0 emails
[2019-04-30 21:20:05,766]INFO:0 appointment(s) scraped from 0 email(s) in this period
[2019-04-30 21:20:05,767]INFO:--------Creating Events--------
[2019-04-30 21:20:05,767]INFO:No events to create in this period
[2019-04-30 21:20:05,768]INFO:########Scanning Period Ends########
[2019-04-30 21:30:05,083]INFO:########Scanning Period Starts########
[2019-04-30 21:30:05,084]INFO:--------Reading Emails--------
[2019-04-30 21:30:06,153]INFO:Successfully fetched 0 emails
[2019-04-30 21:30:06,156]INFO:0 appointment(s) scraped from 0 email(s) in this period
[2019-04-30 21:30:06,157]INFO:--------Creating Events--------
[2019-04-30 21:30:06,158]INFO:No events to create in this period
[2019-04-30 21:30:06,158]INFO:########Scanning Period Ends########
[2019-04-30 21:40:05,408]INFO:########Scanning Period Starts########
[2019-04-30 21:40:05,409]INFO:--------Reading Emails--------
[2019-04-30 21:40:06,639]INFO:Successfully fetched 0 emails
[2019-04-30 21:40:06,643]INFO:0 appointment(s) scraped from 0 email(s) in this period
[2019-04-30 21:40:06,644]INFO:--------Creating Events--------
[2019-04-30 21:40:06,644]INFO:No events to create in this period
[2019-04-30 21:40:06,645]INFO:########Scanning Period Ends########
[2019-04-30 21:50:04,929]INFO:########Scanning Period Starts########
[2019-04-30 21:50:04,930]INFO:--------Reading Emails--------
[2019-04-30 21:50:08,467]INFO:Successfully fetched 0 emails
[2019-04-30 21:50:08,471]INFO:0 appointment(s) scraped from 0 email(s) in this period
[2019-04-30 21:50:08,472]INFO:--------Creating Events--------
[2019-04-30 21:50:08,472]INFO:No events to create in this period
[2019-04-30 21:50:08,473]INFO:########Scanning Period Ends########
[2019-04-30 22:00:04,814]INFO:########Scanning Period Starts########
[2019-04-30 22:00:04,814]INFO:--------Reading Emails--------
[2019-04-30 22:00:07,035]INFO:Successfully fetched 0 emails
[2019-04-30 22:00:07,039]INFO:0 appointment(s) scraped from 0 email(s) in this period
[2019-04-30 22:00:07,048]INFO:--------Creating Events--------
[2019-04-30 22:00:07,049]INFO:No events to create in this period
[2019-04-30 22:00:07,050]INFO:########Scanning Period Ends########
[2019-04-30 22:10:05,362]INFO:########Scanning Period Starts########
[2019-04-30 22:10:05,363]INFO:--------Reading Emails--------
[2019-04-30 22:10:07,618]INFO:Successfully fetched 0 emails
[2019-04-30 22:10:07,621]INFO:0 appointment(s) scraped from 0 email(s) in this period
[2019-04-30 22:10:07,622]INFO:--------Creating Events--------
[2019-04-30 22:10:07,623]INFO:No events to create in this period
[2019-04-30 22:10:07,623]INFO:########Scanning Period Ends########
[2019-04-30 22:20:05,018]INFO:########Scanning Period Starts########
[2019-04-30 22:20:05,019]INFO:--------Reading Emails--------
[2019-04-30 22:20:06,217]INFO:Successfully fetched 0 emails
[2019-04-30 22:20:06,220]INFO:0 appointment(s) scraped from 0 email(s) in this period
[2019-04-30 22:20:06,230]INFO:--------Creating Events--------
[2019-04-30 22:20:06,231]INFO:No events to create in this period
[2019-04-30 22:20:06,231]INFO:########Scanning Period Ends########
[2019-04-30 22:30:05,578]INFO:########Scanning Period Starts########
[2019-04-30 22:30:05,578]INFO:--------Reading Emails--------
[2019-04-30 22:30:06,633]INFO:Successfully fetched 0 emails
[2019-04-30 22:30:06,636]INFO:0 appointment(s) scraped from 0 email(s) in this period
[2019-04-30 22:30:06,637]INFO:--------Creating Events--------
[2019-04-30 22:30:06,638]INFO:No events to create in this period
[2019-04-30 22:30:06,638]INFO:########Scanning Period Ends########
[2019-04-30 22:40:04,999]INFO:########Scanning Period Starts########
[2019-04-30 22:40:05,000]INFO:--------Reading Emails--------
[2019-04-30 22:40:06,119]INFO:Successfully fetched 0 emails
[2019-04-30 22:40:06,122]INFO:0 appointment(s) scraped from 0 email(s) in this period
[2019-04-30 22:40:06,123]INFO:--------Creating Events--------
[2019-04-30 22:40:06,123]INFO:No events to create in this period
[2019-04-30 22:40:06,124]INFO:########Scanning Period Ends########
[2019-04-30 22:50:05,455]INFO:########Scanning Period Starts########
[2019-04-30 22:50:05,456]INFO:--------Reading Emails--------
[2019-04-30 22:50:06,515]INFO:Successfully fetched 0 emails
[2019-04-30 22:50:06,519]INFO:0 appointment(s) scraped from 0 email(s) in this period
[2019-04-30 22:50:06,520]INFO:--------Creating Events--------
[2019-04-30 22:50:06,520]INFO:No events to create in this period
[2019-04-30 22:50:06,521]INFO:########Scanning Period Ends########
[2019-04-30 23:00:04,877]INFO:########Scanning Period Starts########
[2019-04-30 23:00:04,878]INFO:--------Reading Emails--------
[2019-04-30 23:00:06,786]INFO:Successfully fetched 0 emails
[2019-04-30 23:00:06,790]INFO:0 appointment(s) scraped from 0 email(s) in this period
[2019-04-30 23:00:06,795]INFO:--------Creating Events--------
[2019-04-30 23:00:06,795]INFO:No events to create in this period
[2019-04-30 23:00:06,796]INFO:########Scanning Period Ends########
[2019-04-30 23:10:05,104]INFO:########Scanning Period Starts########
[2019-04-30 23:10:05,105]INFO:--------Reading Emails--------
[2019-04-30 23:10:05,985]INFO:Successfully fetched 0 emails
[2019-04-30 23:10:05,988]INFO:0 appointment(s) scraped from 0 email(s) in this period
[2019-04-30 23:10:05,989]INFO:--------Creating Events--------
[2019-04-30 23:10:05,990]INFO:No events to create in this period
[2019-04-30 23:10:05,990]INFO:########Scanning Period Ends########
[2019-04-30 23:20:05,369]INFO:########Scanning Period Starts########
[2019-04-30 23:20:05,369]INFO:--------Reading Emails--------
[2019-04-30 23:20:06,831]INFO:Successfully fetched 0 emails
[2019-04-30 23:20:06,835]INFO:0 appointment(s) scraped from 0 email(s) in this period
[2019-04-30 23:20:06,840]INFO:--------Creating Events--------
[2019-04-30 23:20:06,840]INFO:No events to create in this period
[2019-04-30 23:20:06,841]INFO:########Scanning Period Ends########
[2019-04-30 23:30:05,152]INFO:########Scanning Period Starts########
[2019-04-30 23:30:05,153]INFO:--------Reading Emails--------
[2019-04-30 23:30:06,276]INFO:Successfully fetched 0 emails
[2019-04-30 23:30:06,280]INFO:0 appointment(s) scraped from 0 email(s) in this period
[2019-04-30 23:30:06,281]INFO:--------Creating Events--------
[2019-04-30 23:30:06,282]INFO:No events to create in this period
[2019-04-30 23:30:06,282]INFO:########Scanning Period Ends########
[2019-04-30 23:40:05,541]INFO:########Scanning Period Starts########
[2019-04-30 23:40:05,541]INFO:--------Reading Emails--------
[2019-04-30 23:40:06,875]INFO:Successfully fetched 0 emails
[2019-04-30 23:40:06,879]INFO:0 appointment(s) scraped from 0 email(s) in this period
[2019-04-30 23:40:06,879]INFO:--------Creating Events--------
[2019-04-30 23:40:06,880]INFO:No events to create in this period
[2019-04-30 23:40:06,880]INFO:########Scanning Period Ends########
[2019-04-30 23:50:05,233]INFO:########Scanning Period Starts########
[2019-04-30 23:50:05,234]INFO:--------Reading Emails--------
[2019-04-30 23:50:06,454]INFO:Successfully fetched 0 emails
[2019-04-30 23:50:06,458]INFO:0 appointment(s) scraped from 0 email(s) in this period
[2019-04-30 23:50:06,467]INFO:--------Creating Events--------
[2019-04-30 23:50:06,468]INFO:No events to create in this period
[2019-04-30 23:50:06,469]INFO:########Scanning Period Ends########
