[2019-04-25 00:00:05,448]INFO:########Scanning Period Starts########
[2019-04-25 00:00:05,448]INFO:--------Reading Emails--------
[2019-04-25 00:00:06,659]INFO:Successfully fetched 0 emails
[2019-04-25 00:00:06,666]INFO:0 appointment(s) scraped from 0 email(s) in this period
[2019-04-25 00:00:06,667]INFO:--------Creating Events--------
[2019-04-25 00:00:06,668]INFO:No events to create in this period
[2019-04-25 00:00:06,669]INFO:########Scanning Period Ends########
[2019-04-25 00:10:05,006]INFO:########Scanning Period Starts########
[2019-04-25 00:10:05,007]INFO:--------Reading Emails--------
[2019-04-25 00:10:06,107]INFO:Successfully fetched 0 emails
[2019-04-25 00:10:06,111]INFO:0 appointment(s) scraped from 0 email(s) in this period
[2019-04-25 00:10:06,112]INFO:--------Creating Events--------
[2019-04-25 00:10:06,112]INFO:No events to create in this period
[2019-04-25 00:10:06,113]INFO:########Scanning Period Ends########
[2019-04-25 00:20:05,475]INFO:########Scanning Period Starts########
[2019-04-25 00:20:05,475]INFO:--------Reading Emails--------
[2019-04-25 00:20:06,657]INFO:Successfully fetched 0 emails
[2019-04-25 00:20:06,661]INFO:0 appointment(s) scraped from 0 email(s) in this period
[2019-04-25 00:20:06,662]INFO:--------Creating Events--------
[2019-04-25 00:20:06,662]INFO:No events to create in this period
[2019-04-25 00:20:06,663]INFO:########Scanning Period Ends########
[2019-04-25 00:30:04,988]INFO:########Scanning Period Starts########
[2019-04-25 00:30:04,989]INFO:--------Reading Emails--------
[2019-04-25 00:30:06,659]INFO:Successfully fetched 0 emails
[2019-04-25 00:30:06,667]INFO:0 appointment(s) scraped from 0 email(s) in this period
[2019-04-25 00:30:06,668]INFO:--------Creating Events--------
[2019-04-25 00:30:06,669]INFO:No events to create in this period
[2019-04-25 00:30:06,670]INFO:########Scanning Period Ends########
[2019-04-25 00:40:05,027]INFO:########Scanning Period Starts########
[2019-04-25 00:40:05,027]INFO:--------Reading Emails--------
[2019-04-25 00:40:06,848]INFO:Successfully fetched 0 emails
[2019-04-25 00:40:06,850]INFO:0 appointment(s) scraped from 0 email(s) in this period
[2019-04-25 00:40:06,851]INFO:--------Creating Events--------
[2019-04-25 00:40:06,851]INFO:No events to create in this period
[2019-04-25 00:40:06,851]INFO:########Scanning Period Ends########
[2019-04-25 00:50:05,156]INFO:########Scanning Period Starts########
[2019-04-25 00:50:05,156]INFO:--------Reading Emails--------
[2019-04-25 00:50:06,553]INFO:Successfully fetched 0 emails
[2019-04-25 00:50:06,557]INFO:0 appointment(s) scraped from 0 email(s) in this period
[2019-04-25 00:50:06,566]INFO:--------Creating Events--------
[2019-04-25 00:50:06,567]INFO:No events to create in this period
[2019-04-25 00:50:06,568]INFO:########Scanning Period Ends########
[2019-04-25 01:00:04,918]INFO:########Scanning Period Starts########
[2019-04-25 01:00:04,919]INFO:--------Reading Emails--------
[2019-04-25 01:00:07,296]INFO:Successfully fetched 0 emails
[2019-04-25 01:00:07,298]INFO:0 appointment(s) scraped from 0 email(s) in this period
[2019-04-25 01:00:07,299]INFO:--------Creating Events--------
[2019-04-25 01:00:07,299]INFO:No events to create in this period
[2019-04-25 01:00:07,299]INFO:########Scanning Period Ends########
[2019-04-25 01:10:05,605]INFO:########Scanning Period Starts########
[2019-04-25 01:10:05,606]INFO:--------Reading Emails--------
[2019-04-25 01:10:06,787]INFO:Successfully fetched 0 emails
[2019-04-25 01:10:06,794]INFO:0 appointment(s) scraped from 0 email(s) in this period
[2019-04-25 01:10:06,795]INFO:--------Creating Events--------
[2019-04-25 01:10:06,795]INFO:No events to create in this period
[2019-04-25 01:10:06,795]INFO:########Scanning Period Ends########
[2019-04-25 01:20:05,138]INFO:########Scanning Period Starts########
[2019-04-25 01:20:05,139]INFO:--------Reading Emails--------
[2019-04-25 01:20:06,711]INFO:Successfully fetched 0 emails
[2019-04-25 01:20:06,717]INFO:0 appointment(s) scraped from 0 email(s) in this period
[2019-04-25 01:20:06,718]INFO:--------Creating Events--------
[2019-04-25 01:20:06,719]INFO:No events to create in this period
[2019-04-25 01:20:06,719]INFO:########Scanning Period Ends########
[2019-04-25 01:30:05,004]INFO:########Scanning Period Starts########
[2019-04-25 01:30:05,004]INFO:--------Reading Emails--------
[2019-04-25 01:30:06,311]INFO:Successfully fetched 0 emails
[2019-04-25 01:30:06,315]INFO:0 appointment(s) scraped from 0 email(s) in this period
[2019-04-25 01:30:06,325]INFO:--------Creating Events--------
[2019-04-25 01:30:06,325]INFO:No events to create in this period
[2019-04-25 01:30:06,326]INFO:########Scanning Period Ends########
[2019-04-25 01:40:05,675]INFO:########Scanning Period Starts########
[2019-04-25 01:40:05,676]INFO:--------Reading Emails--------
[2019-04-25 01:40:06,970]INFO:Successfully fetched 0 emails
[2019-04-25 01:40:06,972]INFO:0 appointment(s) scraped from 0 email(s) in this period
[2019-04-25 01:40:06,973]INFO:--------Creating Events--------
[2019-04-25 01:40:06,973]INFO:No events to create in this period
[2019-04-25 01:40:06,973]INFO:########Scanning Period Ends########
[2019-04-25 01:50:05,283]INFO:########Scanning Period Starts########
[2019-04-25 01:50:05,283]INFO:--------Reading Emails--------
[2019-04-25 01:50:06,322]INFO:Successfully fetched 0 emails
[2019-04-25 01:50:06,326]INFO:0 appointment(s) scraped from 0 email(s) in this period
[2019-04-25 01:50:06,326]INFO:--------Creating Events--------
[2019-04-25 01:50:06,327]INFO:No events to create in this period
[2019-04-25 01:50:06,328]INFO:########Scanning Period Ends########
[2019-04-25 02:00:05,642]INFO:########Scanning Period Starts########
[2019-04-25 02:00:05,642]INFO:--------Reading Emails--------
[2019-04-25 02:00:07,108]INFO:Successfully fetched 0 emails
[2019-04-25 02:00:07,110]INFO:0 appointment(s) scraped from 0 email(s) in this period
[2019-04-25 02:00:07,111]INFO:--------Creating Events--------
[2019-04-25 02:00:07,111]INFO:No events to create in this period
[2019-04-25 02:00:07,111]INFO:########Scanning Period Ends########
[2019-04-25 02:10:05,421]INFO:########Scanning Period Starts########
[2019-04-25 02:10:05,422]INFO:--------Reading Emails--------
[2019-04-25 02:10:06,747]INFO:Successfully fetched 0 emails
[2019-04-25 02:10:06,756]INFO:0 appointment(s) scraped from 0 email(s) in this period
[2019-04-25 02:10:06,757]INFO:--------Creating Events--------
[2019-04-25 02:10:06,758]INFO:No events to create in this period
[2019-04-25 02:10:06,759]INFO:########Scanning Period Ends########
[2019-04-25 02:20:05,137]INFO:########Scanning Period Starts########
[2019-04-25 02:20:05,137]INFO:--------Reading Emails--------
[2019-04-25 02:20:07,522]INFO:Successfully fetched 0 emails
[2019-04-25 02:20:07,524]INFO:0 appointment(s) scraped from 0 email(s) in this period
[2019-04-25 02:20:07,525]INFO:--------Creating Events--------
[2019-04-25 02:20:07,525]INFO:No events to create in this period
[2019-04-25 02:20:07,525]INFO:########Scanning Period Ends########
[2019-04-25 02:30:04,878]INFO:########Scanning Period Starts########
[2019-04-25 02:30:04,879]INFO:--------Reading Emails--------
[2019-04-25 02:30:05,733]INFO:Successfully fetched 0 emails
[2019-04-25 02:30:05,737]INFO:0 appointment(s) scraped from 0 email(s) in this period
[2019-04-25 02:30:05,738]INFO:--------Creating Events--------
[2019-04-25 02:30:05,738]INFO:No events to create in this period
[2019-04-25 02:30:05,739]INFO:########Scanning Period Ends########
[2019-04-25 02:40:05,061]INFO:########Scanning Period Starts########
[2019-04-25 02:40:05,062]INFO:--------Reading Emails--------
[2019-04-25 02:40:05,892]INFO:Successfully fetched 0 emails
[2019-04-25 02:40:05,895]INFO:0 appointment(s) scraped from 0 email(s) in this period
[2019-04-25 02:40:05,896]INFO:--------Creating Events--------
[2019-04-25 02:40:05,896]INFO:No events to create in this period
[2019-04-25 02:40:05,897]INFO:########Scanning Period Ends########
[2019-04-25 02:50:05,201]INFO:########Scanning Period Starts########
[2019-04-25 02:50:05,202]INFO:--------Reading Emails--------
[2019-04-25 02:50:06,136]INFO:Successfully fetched 0 emails
[2019-04-25 02:50:06,140]INFO:0 appointment(s) scraped from 0 email(s) in this period
[2019-04-25 02:50:06,141]INFO:--------Creating Events--------
[2019-04-25 02:50:06,141]INFO:No events to create in this period
[2019-04-25 02:50:06,142]INFO:########Scanning Period Ends########
[2019-04-25 03:00:05,421]INFO:########Scanning Period Starts########
[2019-04-25 03:00:05,421]INFO:--------Reading Emails--------
[2019-04-25 03:00:06,658]INFO:Successfully fetched 0 emails
[2019-04-25 03:00:06,671]INFO:0 appointment(s) scraped from 0 email(s) in this period
[2019-04-25 03:00:06,672]INFO:--------Creating Events--------
[2019-04-25 03:00:06,672]INFO:No events to create in this period
[2019-04-25 03:00:06,673]INFO:########Scanning Period Ends########
[2019-04-25 03:10:05,032]INFO:########Scanning Period Starts########
[2019-04-25 03:10:05,032]INFO:--------Reading Emails--------
[2019-04-25 03:10:06,524]INFO:Successfully fetched 0 emails
[2019-04-25 03:10:06,527]INFO:0 appointment(s) scraped from 0 email(s) in this period
[2019-04-25 03:10:06,536]INFO:--------Creating Events--------
[2019-04-25 03:10:06,537]INFO:No events to create in this period
[2019-04-25 03:10:06,538]INFO:########Scanning Period Ends########
[2019-04-25 03:20:04,918]INFO:########Scanning Period Starts########
[2019-04-25 03:20:04,918]INFO:--------Reading Emails--------
[2019-04-25 03:20:06,263]INFO:Successfully fetched 0 emails
[2019-04-25 03:20:06,267]INFO:0 appointment(s) scraped from 0 email(s) in this period
[2019-04-25 03:20:06,276]INFO:--------Creating Events--------
[2019-04-25 03:20:06,277]INFO:No events to create in this period
[2019-04-25 03:20:06,277]INFO:########Scanning Period Ends########
[2019-04-25 03:30:05,605]INFO:########Scanning Period Starts########
[2019-04-25 03:30:05,606]INFO:--------Reading Emails--------
[2019-04-25 03:30:06,964]INFO:Successfully fetched 0 emails
[2019-04-25 03:30:06,966]INFO:0 appointment(s) scraped from 0 email(s) in this period
[2019-04-25 03:30:06,967]INFO:--------Creating Events--------
[2019-04-25 03:30:06,967]INFO:No events to create in this period
[2019-04-25 03:30:06,968]INFO:########Scanning Period Ends########
[2019-04-25 03:40:05,248]INFO:########Scanning Period Starts########
[2019-04-25 03:40:05,249]INFO:--------Reading Emails--------
[2019-04-25 03:40:06,548]INFO:Successfully fetched 0 emails
[2019-04-25 03:40:06,552]INFO:0 appointment(s) scraped from 0 email(s) in this period
[2019-04-25 03:40:06,561]INFO:--------Creating Events--------
[2019-04-25 03:40:06,562]INFO:No events to create in this period
[2019-04-25 03:40:06,563]INFO:########Scanning Period Ends########
[2019-04-25 03:50:04,907]INFO:########Scanning Period Starts########
[2019-04-25 03:50:04,908]INFO:--------Reading Emails--------
[2019-04-25 03:50:05,836]INFO:Successfully fetched 0 emails
[2019-04-25 03:50:05,840]INFO:0 appointment(s) scraped from 0 email(s) in this period
[2019-04-25 03:50:05,841]INFO:--------Creating Events--------
[2019-04-25 03:50:05,841]INFO:No events to create in this period
[2019-04-25 03:50:05,842]INFO:########Scanning Period Ends########
[2019-04-25 04:00:05,139]INFO:########Scanning Period Starts########
[2019-04-25 04:00:05,139]INFO:--------Reading Emails--------
[2019-04-25 04:00:06,429]INFO:Successfully fetched 0 emails
[2019-04-25 04:00:06,432]INFO:0 appointment(s) scraped from 0 email(s) in this period
[2019-04-25 04:00:06,437]INFO:--------Creating Events--------
[2019-04-25 04:00:06,438]INFO:No events to create in this period
[2019-04-25 04:00:06,439]INFO:########Scanning Period Ends########
[2019-04-25 04:10:05,789]INFO:########Scanning Period Starts########
[2019-04-25 04:10:05,790]INFO:--------Reading Emails--------
[2019-04-25 04:10:07,095]INFO:Successfully fetched 0 emails
[2019-04-25 04:10:07,102]INFO:0 appointment(s) scraped from 0 email(s) in this period
[2019-04-25 04:10:07,103]INFO:--------Creating Events--------
[2019-04-25 04:10:07,104]INFO:No events to create in this period
[2019-04-25 04:10:07,104]INFO:########Scanning Period Ends########
[2019-04-25 04:20:05,465]INFO:########Scanning Period Starts########
[2019-04-25 04:20:05,465]INFO:--------Reading Emails--------
[2019-04-25 04:20:06,847]INFO:Successfully fetched 0 emails
[2019-04-25 04:20:06,857]INFO:0 appointment(s) scraped from 0 email(s) in this period
[2019-04-25 04:20:06,858]INFO:--------Creating Events--------
[2019-04-25 04:20:06,858]INFO:No events to create in this period
[2019-04-25 04:20:06,859]INFO:########Scanning Period Ends########
[2019-04-25 04:30:05,190]INFO:########Scanning Period Starts########
[2019-04-25 04:30:05,191]INFO:--------Reading Emails--------
[2019-04-25 04:30:06,764]INFO:Successfully fetched 0 emails
[2019-04-25 04:30:06,767]INFO:0 appointment(s) scraped from 0 email(s) in this period
[2019-04-25 04:30:06,772]INFO:--------Creating Events--------
[2019-04-25 04:30:06,773]INFO:No events to create in this period
[2019-04-25 04:30:06,774]INFO:########Scanning Period Ends########
[2019-04-25 04:40:05,134]INFO:########Scanning Period Starts########
[2019-04-25 04:40:05,135]INFO:--------Reading Emails--------
[2019-04-25 04:40:06,117]INFO:Successfully fetched 0 emails
[2019-04-25 04:40:06,121]INFO:0 appointment(s) scraped from 0 email(s) in this period
[2019-04-25 04:40:06,122]INFO:--------Creating Events--------
[2019-04-25 04:40:06,122]INFO:No events to create in this period
[2019-04-25 04:40:06,123]INFO:########Scanning Period Ends########
[2019-04-25 04:50:05,389]INFO:########Scanning Period Starts########
[2019-04-25 04:50:05,389]INFO:--------Reading Emails--------
[2019-04-25 04:50:06,607]INFO:Successfully fetched 0 emails
[2019-04-25 04:50:06,610]INFO:0 appointment(s) scraped from 0 email(s) in this period
[2019-04-25 04:50:06,611]INFO:--------Creating Events--------
[2019-04-25 04:50:06,612]INFO:No events to create in this period
[2019-04-25 04:50:06,612]INFO:########Scanning Period Ends########
[2019-04-25 05:00:04,906]INFO:########Scanning Period Starts########
[2019-04-25 05:00:04,906]INFO:--------Reading Emails--------
[2019-04-25 05:00:05,985]INFO:Successfully fetched 0 emails
[2019-04-25 05:00:05,989]INFO:0 appointment(s) scraped from 0 email(s) in this period
[2019-04-25 05:00:05,990]INFO:--------Creating Events--------
[2019-04-25 05:00:05,990]INFO:No events to create in this period
[2019-04-25 05:00:05,991]INFO:########Scanning Period Ends########
[2019-04-25 05:10:05,290]INFO:########Scanning Period Starts########
[2019-04-25 05:10:05,290]INFO:--------Reading Emails--------
[2019-04-25 05:10:06,893]INFO:Successfully fetched 0 emails
[2019-04-25 05:10:06,901]INFO:0 appointment(s) scraped from 0 email(s) in this period
[2019-04-25 05:10:06,902]INFO:--------Creating Events--------
[2019-04-25 05:10:06,903]INFO:No events to create in this period
[2019-04-25 05:10:06,904]INFO:########Scanning Period Ends########
[2019-04-25 05:20:05,255]INFO:########Scanning Period Starts########
[2019-04-25 05:20:05,255]INFO:--------Reading Emails--------
[2019-04-25 05:20:06,511]INFO:Successfully fetched 0 emails
[2019-04-25 05:20:06,514]INFO:0 appointment(s) scraped from 0 email(s) in this period
[2019-04-25 05:20:06,524]INFO:--------Creating Events--------
[2019-04-25 05:20:06,525]INFO:No events to create in this period
[2019-04-25 05:20:06,525]INFO:########Scanning Period Ends########
[2019-04-25 05:30:04,873]INFO:########Scanning Period Starts########
[2019-04-25 05:30:04,874]INFO:--------Reading Emails--------
[2019-04-25 05:30:06,099]INFO:Successfully fetched 0 emails
[2019-04-25 05:30:06,102]INFO:0 appointment(s) scraped from 0 email(s) in this period
[2019-04-25 05:30:06,107]INFO:--------Creating Events--------
[2019-04-25 05:30:06,108]INFO:No events to create in this period
[2019-04-25 05:30:06,109]INFO:########Scanning Period Ends########
[2019-04-25 05:40:05,394]INFO:########Scanning Period Starts########
[2019-04-25 05:40:05,394]INFO:--------Reading Emails--------
[2019-04-25 05:40:06,916]INFO:Successfully fetched 0 emails
[2019-04-25 05:40:06,920]INFO:0 appointment(s) scraped from 0 email(s) in this period
[2019-04-25 05:40:06,921]INFO:--------Creating Events--------
[2019-04-25 05:40:06,921]INFO:No events to create in this period
[2019-04-25 05:40:06,922]INFO:########Scanning Period Ends########
[2019-04-25 05:50:05,250]INFO:########Scanning Period Starts########
[2019-04-25 05:50:05,250]INFO:--------Reading Emails--------
[2019-04-25 05:50:06,514]INFO:Successfully fetched 0 emails
[2019-04-25 05:50:06,517]INFO:0 appointment(s) scraped from 0 email(s) in this period
[2019-04-25 05:50:06,522]INFO:--------Creating Events--------
[2019-04-25 05:50:06,523]INFO:No events to create in this period
[2019-04-25 05:50:06,523]INFO:########Scanning Period Ends########
[2019-04-25 06:00:04,844]INFO:########Scanning Period Starts########
[2019-04-25 06:00:04,844]INFO:--------Reading Emails--------
[2019-04-25 06:00:06,103]INFO:Successfully fetched 0 emails
[2019-04-25 06:00:06,107]INFO:0 appointment(s) scraped from 0 email(s) in this period
[2019-04-25 06:00:06,117]INFO:--------Creating Events--------
[2019-04-25 06:00:06,117]INFO:No events to create in this period
[2019-04-25 06:00:06,118]INFO:########Scanning Period Ends########
[2019-04-25 06:10:05,403]INFO:########Scanning Period Starts########
[2019-04-25 06:10:05,403]INFO:--------Reading Emails--------
[2019-04-25 06:10:06,934]INFO:Successfully fetched 0 emails
[2019-04-25 06:10:06,938]INFO:0 appointment(s) scraped from 0 email(s) in this period
[2019-04-25 06:10:06,939]INFO:--------Creating Events--------
[2019-04-25 06:10:06,940]INFO:No events to create in this period
[2019-04-25 06:10:06,941]INFO:########Scanning Period Ends########
[2019-04-25 06:20:05,315]INFO:########Scanning Period Starts########
[2019-04-25 06:20:05,315]INFO:--------Reading Emails--------
[2019-04-25 06:20:06,957]INFO:Successfully fetched 0 emails
[2019-04-25 06:20:06,960]INFO:0 appointment(s) scraped from 0 email(s) in this period
[2019-04-25 06:20:06,961]INFO:--------Creating Events--------
[2019-04-25 06:20:06,962]INFO:No events to create in this period
[2019-04-25 06:20:06,963]INFO:########Scanning Period Ends########
[2019-04-25 06:30:05,393]INFO:########Scanning Period Starts########
[2019-04-25 06:30:05,394]INFO:--------Reading Emails--------
[2019-04-25 06:30:06,951]INFO:Successfully fetched 0 emails
[2019-04-25 06:30:06,958]INFO:0 appointment(s) scraped from 0 email(s) in this period
[2019-04-25 06:30:06,959]INFO:--------Creating Events--------
[2019-04-25 06:30:06,960]INFO:No events to create in this period
[2019-04-25 06:30:06,961]INFO:########Scanning Period Ends########
[2019-04-25 06:40:05,297]INFO:########Scanning Period Starts########
[2019-04-25 06:40:05,297]INFO:--------Reading Emails--------
[2019-04-25 06:40:06,321]INFO:Successfully fetched 0 emails
[2019-04-25 06:40:06,324]INFO:0 appointment(s) scraped from 0 email(s) in this period
[2019-04-25 06:40:06,325]INFO:--------Creating Events--------
[2019-04-25 06:40:06,326]INFO:No events to create in this period
[2019-04-25 06:40:06,326]INFO:########Scanning Period Ends########
[2019-04-25 06:50:05,603]INFO:########Scanning Period Starts########
[2019-04-25 06:50:05,604]INFO:--------Reading Emails--------
[2019-04-25 06:50:07,053]INFO:Successfully fetched 0 emails
[2019-04-25 06:50:07,055]INFO:0 appointment(s) scraped from 0 email(s) in this period
[2019-04-25 06:50:07,056]INFO:--------Creating Events--------
[2019-04-25 06:50:07,056]INFO:No events to create in this period
[2019-04-25 06:50:07,057]INFO:########Scanning Period Ends########
[2019-04-25 07:00:05,340]INFO:########Scanning Period Starts########
[2019-04-25 07:00:05,340]INFO:--------Reading Emails--------
[2019-04-25 07:00:06,431]INFO:Successfully fetched 0 emails
[2019-04-25 07:00:06,435]INFO:0 appointment(s) scraped from 0 email(s) in this period
[2019-04-25 07:00:06,435]INFO:--------Creating Events--------
[2019-04-25 07:00:06,436]INFO:No events to create in this period
[2019-04-25 07:00:06,437]INFO:########Scanning Period Ends########
[2019-04-25 07:10:05,746]INFO:########Scanning Period Starts########
[2019-04-25 07:10:05,747]INFO:--------Reading Emails--------
[2019-04-25 07:10:07,072]INFO:Successfully fetched 0 emails
[2019-04-25 07:10:07,075]INFO:0 appointment(s) scraped from 0 email(s) in this period
[2019-04-25 07:10:07,076]INFO:--------Creating Events--------
[2019-04-25 07:10:07,077]INFO:No events to create in this period
[2019-04-25 07:10:07,077]INFO:########Scanning Period Ends########
[2019-04-25 07:20:05,457]INFO:########Scanning Period Starts########
[2019-04-25 07:20:05,457]INFO:--------Reading Emails--------
[2019-04-25 07:20:06,862]INFO:Successfully fetched 0 emails
[2019-04-25 07:20:06,866]INFO:0 appointment(s) scraped from 0 email(s) in this period
[2019-04-25 07:20:06,875]INFO:--------Creating Events--------
[2019-04-25 07:20:06,876]INFO:No events to create in this period
[2019-04-25 07:20:06,877]INFO:########Scanning Period Ends########
[2019-04-25 07:30:05,287]INFO:########Scanning Period Starts########
[2019-04-25 07:30:05,288]INFO:--------Reading Emails--------
[2019-04-25 07:30:06,258]INFO:Successfully fetched 0 emails
[2019-04-25 07:30:06,262]INFO:0 appointment(s) scraped from 0 email(s) in this period
[2019-04-25 07:30:06,263]INFO:--------Creating Events--------
[2019-04-25 07:30:06,264]INFO:No events to create in this period
[2019-04-25 07:30:06,264]INFO:########Scanning Period Ends########
[2019-04-25 07:40:05,650]INFO:########Scanning Period Starts########
[2019-04-25 07:40:05,650]INFO:--------Reading Emails--------
[2019-04-25 07:40:06,600]INFO:Successfully fetched 0 emails
[2019-04-25 07:40:06,604]INFO:0 appointment(s) scraped from 0 email(s) in this period
[2019-04-25 07:40:06,605]INFO:--------Creating Events--------
[2019-04-25 07:40:06,605]INFO:No events to create in this period
[2019-04-25 07:40:06,606]INFO:########Scanning Period Ends########
[2019-04-25 07:50:04,903]INFO:########Scanning Period Starts########
[2019-04-25 07:50:04,904]INFO:--------Reading Emails--------
[2019-04-25 07:50:06,111]INFO:Successfully fetched 0 emails
[2019-04-25 07:50:06,115]INFO:0 appointment(s) scraped from 0 email(s) in this period
[2019-04-25 07:50:06,125]INFO:--------Creating Events--------
[2019-04-25 07:50:06,126]INFO:No events to create in this period
[2019-04-25 07:50:06,126]INFO:########Scanning Period Ends########
[2019-04-25 08:00:05,409]INFO:########Scanning Period Starts########
[2019-04-25 08:00:05,409]INFO:--------Reading Emails--------
[2019-04-25 08:00:07,106]INFO:Successfully fetched 0 emails
[2019-04-25 08:00:07,110]INFO:0 appointment(s) scraped from 0 email(s) in this period
[2019-04-25 08:00:07,111]INFO:--------Creating Events--------
[2019-04-25 08:00:07,112]INFO:No events to create in this period
[2019-04-25 08:00:07,113]INFO:########Scanning Period Ends########
[2019-04-25 08:10:05,407]INFO:########Scanning Period Starts########
[2019-04-25 08:10:05,407]INFO:--------Reading Emails--------
[2019-04-25 08:10:06,376]INFO:Successfully fetched 0 emails
[2019-04-25 08:10:06,380]INFO:0 appointment(s) scraped from 0 email(s) in this period
[2019-04-25 08:10:06,381]INFO:--------Creating Events--------
[2019-04-25 08:10:06,381]INFO:No events to create in this period
[2019-04-25 08:10:06,382]INFO:########Scanning Period Ends########
[2019-04-25 08:20:05,758]INFO:########Scanning Period Starts########
[2019-04-25 08:20:05,759]INFO:--------Reading Emails--------
[2019-04-25 08:20:07,045]INFO:Successfully fetched 0 emails
[2019-04-25 08:20:07,051]INFO:0 appointment(s) scraped from 0 email(s) in this period
[2019-04-25 08:20:07,052]INFO:--------Creating Events--------
[2019-04-25 08:20:07,052]INFO:No events to create in this period
[2019-04-25 08:20:07,053]INFO:########Scanning Period Ends########
[2019-04-25 08:30:05,424]INFO:########Scanning Period Starts########
[2019-04-25 08:30:05,425]INFO:--------Reading Emails--------
[2019-04-25 08:30:07,516]INFO:Successfully fetched 0 emails
[2019-04-25 08:30:07,518]INFO:0 appointment(s) scraped from 0 email(s) in this period
[2019-04-25 08:30:07,518]INFO:--------Creating Events--------
[2019-04-25 08:30:07,519]INFO:No events to create in this period
[2019-04-25 08:30:07,519]INFO:########Scanning Period Ends########
[2019-04-25 08:40:04,865]INFO:########Scanning Period Starts########
[2019-04-25 08:40:04,866]INFO:--------Reading Emails--------
[2019-04-25 08:40:05,771]INFO:Successfully fetched 0 emails
[2019-04-25 08:40:05,774]INFO:0 appointment(s) scraped from 0 email(s) in this period
[2019-04-25 08:40:05,775]INFO:--------Creating Events--------
[2019-04-25 08:40:05,776]INFO:No events to create in this period
[2019-04-25 08:40:05,776]INFO:########Scanning Period Ends########
[2019-04-25 08:50:05,105]INFO:########Scanning Period Starts########
[2019-04-25 08:50:05,106]INFO:--------Reading Emails--------
[2019-04-25 08:50:06,392]INFO:Successfully fetched 0 emails
[2019-04-25 08:50:06,395]INFO:0 appointment(s) scraped from 0 email(s) in this period
[2019-04-25 08:50:06,400]INFO:--------Creating Events--------
[2019-04-25 08:50:06,401]INFO:No events to create in this period
[2019-04-25 08:50:06,402]INFO:########Scanning Period Ends########
[2019-04-25 09:00:05,688]INFO:########Scanning Period Starts########
[2019-04-25 09:00:05,689]INFO:--------Reading Emails--------
[2019-04-25 09:00:06,939]INFO:Successfully fetched 0 emails
[2019-04-25 09:00:06,942]INFO:0 appointment(s) scraped from 0 email(s) in this period
[2019-04-25 09:00:06,952]INFO:--------Creating Events--------
[2019-04-25 09:00:06,953]INFO:No events to create in this period
[2019-04-25 09:00:06,953]INFO:########Scanning Period Ends########
[2019-04-25 09:10:05,282]INFO:########Scanning Period Starts########
[2019-04-25 09:10:05,283]INFO:--------Reading Emails--------
[2019-04-25 09:10:06,247]INFO:Successfully fetched 0 emails
[2019-04-25 09:10:06,251]INFO:0 appointment(s) scraped from 0 email(s) in this period
[2019-04-25 09:10:06,251]INFO:--------Creating Events--------
[2019-04-25 09:10:06,252]INFO:No events to create in this period
[2019-04-25 09:10:06,252]INFO:########Scanning Period Ends########
[2019-04-25 09:20:05,637]INFO:########Scanning Period Starts########
[2019-04-25 09:20:05,637]INFO:--------Reading Emails--------
[2019-04-25 09:20:07,086]INFO:Successfully fetched 0 emails
[2019-04-25 09:20:07,089]INFO:0 appointment(s) scraped from 0 email(s) in this period
[2019-04-25 09:20:07,090]INFO:--------Creating Events--------
[2019-04-25 09:20:07,091]INFO:No events to create in this period
[2019-04-25 09:20:07,092]INFO:########Scanning Period Ends########
[2019-04-25 09:30:05,425]INFO:########Scanning Period Starts########
[2019-04-25 09:30:05,425]INFO:--------Reading Emails--------
[2019-04-25 09:30:07,098]INFO:Successfully fetched 0 emails
[2019-04-25 09:30:07,102]INFO:0 appointment(s) scraped from 0 email(s) in this period
[2019-04-25 09:30:07,103]INFO:--------Creating Events--------
[2019-04-25 09:30:07,104]INFO:No events to create in this period
[2019-04-25 09:30:07,104]INFO:########Scanning Period Ends########
[2019-04-25 09:40:05,404]INFO:########Scanning Period Starts########
[2019-04-25 09:40:05,405]INFO:--------Reading Emails--------
[2019-04-25 09:40:06,694]INFO:Successfully fetched 0 emails
[2019-04-25 09:40:06,697]INFO:0 appointment(s) scraped from 0 email(s) in this period
[2019-04-25 09:40:06,702]INFO:--------Creating Events--------
[2019-04-25 09:40:06,703]INFO:No events to create in this period
[2019-04-25 09:40:06,704]INFO:########Scanning Period Ends########
[2019-04-25 09:50:04,996]INFO:########Scanning Period Starts########
[2019-04-25 09:50:04,996]INFO:--------Reading Emails--------
[2019-04-25 09:50:05,957]INFO:Successfully fetched 0 emails
[2019-04-25 09:50:05,960]INFO:0 appointment(s) scraped from 0 email(s) in this period
[2019-04-25 09:50:05,961]INFO:--------Creating Events--------
[2019-04-25 09:50:05,962]INFO:No events to create in this period
[2019-04-25 09:50:05,962]INFO:########Scanning Period Ends########
[2019-04-25 10:00:05,257]INFO:########Scanning Period Starts########
[2019-04-25 10:00:05,257]INFO:--------Reading Emails--------
[2019-04-25 10:00:06,404]INFO:Successfully fetched 0 emails
[2019-04-25 10:00:06,407]INFO:0 appointment(s) scraped from 0 email(s) in this period
[2019-04-25 10:00:06,408]INFO:--------Creating Events--------
[2019-04-25 10:00:06,409]INFO:No events to create in this period
[2019-04-25 10:00:06,409]INFO:########Scanning Period Ends########
[2019-04-25 10:10:05,722]INFO:########Scanning Period Starts########
[2019-04-25 10:10:05,723]INFO:--------Reading Emails--------
[2019-04-25 10:10:07,287]INFO:Successfully fetched 0 emails
[2019-04-25 10:10:07,289]INFO:0 appointment(s) scraped from 0 email(s) in this period
[2019-04-25 10:10:07,289]INFO:--------Creating Events--------
[2019-04-25 10:10:07,290]INFO:No events to create in this period
[2019-04-25 10:10:07,290]INFO:########Scanning Period Ends########
[2019-04-25 10:20:05,654]INFO:########Scanning Period Starts########
[2019-04-25 10:20:05,654]INFO:--------Reading Emails--------
[2019-04-25 10:20:07,468]INFO:Successfully fetched 0 emails
[2019-04-25 10:20:07,470]INFO:0 appointment(s) scraped from 0 email(s) in this period
[2019-04-25 10:20:07,470]INFO:--------Creating Events--------
[2019-04-25 10:20:07,471]INFO:No events to create in this period
[2019-04-25 10:20:07,471]INFO:########Scanning Period Ends########
[2019-04-25 10:30:05,760]INFO:########Scanning Period Starts########
[2019-04-25 10:30:05,761]INFO:--------Reading Emails--------
[2019-04-25 10:30:06,875]INFO:Successfully fetched 0 emails
[2019-04-25 10:30:06,879]INFO:0 appointment(s) scraped from 0 email(s) in this period
[2019-04-25 10:30:06,880]INFO:--------Creating Events--------
[2019-04-25 10:30:06,880]INFO:No events to create in this period
[2019-04-25 10:30:06,881]INFO:########Scanning Period Ends########
[2019-04-25 10:40:05,205]INFO:########Scanning Period Starts########
[2019-04-25 10:40:05,206]INFO:--------Reading Emails--------
[2019-04-25 10:40:06,491]INFO:Successfully fetched 0 emails
[2019-04-25 10:40:06,495]INFO:0 appointment(s) scraped from 0 email(s) in this period
[2019-04-25 10:40:06,505]INFO:--------Creating Events--------
[2019-04-25 10:40:06,505]INFO:No events to create in this period
[2019-04-25 10:40:06,506]INFO:########Scanning Period Ends########
[2019-04-25 10:50:04,811]INFO:########Scanning Period Starts########
[2019-04-25 10:50:04,812]INFO:--------Reading Emails--------
[2019-04-25 10:50:06,054]INFO:Successfully fetched 0 emails
[2019-04-25 10:50:06,057]INFO:0 appointment(s) scraped from 0 email(s) in this period
[2019-04-25 10:50:06,062]INFO:--------Creating Events--------
[2019-04-25 10:50:06,063]INFO:No events to create in this period
[2019-04-25 10:50:06,064]INFO:########Scanning Period Ends########
[2019-04-25 11:00:05,362]INFO:########Scanning Period Starts########
[2019-04-25 11:00:05,363]INFO:--------Reading Emails--------
[2019-04-25 11:00:06,631]INFO:Successfully fetched 0 emails
[2019-04-25 11:00:06,634]INFO:0 appointment(s) scraped from 0 email(s) in this period
[2019-04-25 11:00:06,644]INFO:--------Creating Events--------
[2019-04-25 11:00:06,644]INFO:No events to create in this period
[2019-04-25 11:00:06,645]INFO:########Scanning Period Ends########
[2019-04-25 11:10:04,993]INFO:########Scanning Period Starts########
[2019-04-25 11:10:04,995]INFO:--------Reading Emails--------
[2019-04-25 11:10:06,115]INFO:Successfully fetched 0 emails
[2019-04-25 11:10:06,118]INFO:0 appointment(s) scraped from 0 email(s) in this period
[2019-04-25 11:10:06,119]INFO:--------Creating Events--------
[2019-04-25 11:10:06,120]INFO:No events to create in this period
[2019-04-25 11:10:06,120]INFO:########Scanning Period Ends########
[2019-04-25 11:20:05,509]INFO:########Scanning Period Starts########
[2019-04-25 11:20:05,511]INFO:--------Reading Emails--------
[2019-04-25 11:20:07,192]INFO:Successfully fetched 0 emails
[2019-04-25 11:20:07,201]INFO:0 appointment(s) scraped from 0 email(s) in this period
[2019-04-25 11:20:07,202]INFO:--------Creating Events--------
[2019-04-25 11:20:07,203]INFO:No events to create in this period
[2019-04-25 11:20:07,203]INFO:########Scanning Period Ends########
[2019-04-25 11:30:05,533]INFO:########Scanning Period Starts########
[2019-04-25 11:30:05,534]INFO:--------Reading Emails--------
[2019-04-25 11:30:07,199]INFO:Successfully fetched 0 emails
[2019-04-25 11:30:07,203]INFO:0 appointment(s) scraped from 0 email(s) in this period
[2019-04-25 11:30:07,204]INFO:--------Creating Events--------
[2019-04-25 11:30:07,204]INFO:No events to create in this period
[2019-04-25 11:30:07,205]INFO:########Scanning Period Ends########
[2019-04-25 11:40:05,565]INFO:########Scanning Period Starts########
[2019-04-25 11:40:05,566]INFO:--------Reading Emails--------
[2019-04-25 11:40:07,199]INFO:Successfully fetched 0 emails
[2019-04-25 11:40:07,204]INFO:0 appointment(s) scraped from 0 email(s) in this period
[2019-04-25 11:40:07,205]INFO:--------Creating Events--------
[2019-04-25 11:40:07,206]INFO:No events to create in this period
[2019-04-25 11:40:07,206]INFO:########Scanning Period Ends########
[2019-04-25 11:50:05,497]INFO:########Scanning Period Starts########
[2019-04-25 11:50:05,498]INFO:--------Reading Emails--------
[2019-04-25 11:50:06,672]INFO:Successfully fetched 0 emails
[2019-04-25 11:50:06,676]INFO:0 appointment(s) scraped from 0 email(s) in this period
[2019-04-25 11:50:06,677]INFO:--------Creating Events--------
[2019-04-25 11:50:06,677]INFO:No events to create in this period
[2019-04-25 11:50:06,678]INFO:########Scanning Period Ends########
[2019-04-25 12:00:05,014]INFO:########Scanning Period Starts########
[2019-04-25 12:00:05,014]INFO:--------Reading Emails--------
[2019-04-25 12:00:06,142]INFO:Successfully fetched 0 emails
[2019-04-25 12:00:06,146]INFO:0 appointment(s) scraped from 0 email(s) in this period
[2019-04-25 12:00:06,146]INFO:--------Creating Events--------
[2019-04-25 12:00:06,147]INFO:No events to create in this period
[2019-04-25 12:00:06,148]INFO:########Scanning Period Ends########
[2019-04-25 12:10:05,478]INFO:########Scanning Period Starts########
[2019-04-25 12:10:05,478]INFO:--------Reading Emails--------
[2019-04-25 12:10:06,960]INFO:Successfully fetched 0 emails
[2019-04-25 12:10:06,963]INFO:0 appointment(s) scraped from 0 email(s) in this period
[2019-04-25 12:10:06,973]INFO:--------Creating Events--------
[2019-04-25 12:10:06,974]INFO:No events to create in this period
[2019-04-25 12:10:06,974]INFO:########Scanning Period Ends########
[2019-04-25 12:20:05,377]INFO:########Scanning Period Starts########
[2019-04-25 12:20:05,377]INFO:--------Reading Emails--------
[2019-04-25 12:20:06,701]INFO:Successfully fetched 0 emails
[2019-04-25 12:20:06,705]INFO:0 appointment(s) scraped from 0 email(s) in this period
[2019-04-25 12:20:06,714]INFO:--------Creating Events--------
[2019-04-25 12:20:06,715]INFO:No events to create in this period
[2019-04-25 12:20:06,715]INFO:########Scanning Period Ends########
[2019-04-25 12:30:05,034]INFO:########Scanning Period Starts########
[2019-04-25 12:30:05,035]INFO:--------Reading Emails--------
[2019-04-25 12:30:06,973]INFO:Successfully fetched 0 emails
[2019-04-25 12:30:06,977]INFO:0 appointment(s) scraped from 0 email(s) in this period
[2019-04-25 12:30:06,982]INFO:--------Creating Events--------
[2019-04-25 12:30:06,982]INFO:No events to create in this period
[2019-04-25 12:30:06,983]INFO:########Scanning Period Ends########
[2019-04-25 12:40:05,301]INFO:########Scanning Period Starts########
[2019-04-25 12:40:05,303]INFO:--------Reading Emails--------
[2019-04-25 12:40:06,848]INFO:Successfully fetched 0 emails
[2019-04-25 12:40:06,852]INFO:0 appointment(s) scraped from 0 email(s) in this period
[2019-04-25 12:40:06,861]INFO:--------Creating Events--------
[2019-04-25 12:40:06,862]INFO:No events to create in this period
[2019-04-25 12:40:06,863]INFO:########Scanning Period Ends########
[2019-04-25 12:50:05,159]INFO:########Scanning Period Starts########
[2019-04-25 12:50:05,160]INFO:--------Reading Emails--------
[2019-04-25 12:50:06,598]INFO:Successfully fetched 0 emails
[2019-04-25 12:50:06,602]INFO:0 appointment(s) scraped from 0 email(s) in this period
[2019-04-25 12:50:06,611]INFO:--------Creating Events--------
[2019-04-25 12:50:06,612]INFO:No events to create in this period
[2019-04-25 12:50:06,612]INFO:########Scanning Period Ends########
[2019-04-25 13:00:04,920]INFO:########Scanning Period Starts########
[2019-04-25 13:00:04,922]INFO:--------Reading Emails--------
[2019-04-25 13:00:06,258]INFO:Successfully fetched 0 emails
[2019-04-25 13:00:06,262]INFO:0 appointment(s) scraped from 0 email(s) in this period
[2019-04-25 13:00:06,267]INFO:--------Creating Events--------
[2019-04-25 13:00:06,268]INFO:No events to create in this period
[2019-04-25 13:00:06,268]INFO:########Scanning Period Ends########
[2019-04-25 13:10:05,644]INFO:########Scanning Period Starts########
[2019-04-25 13:10:05,644]INFO:--------Reading Emails--------
[2019-04-25 13:10:07,378]INFO:Successfully fetched 0 emails
[2019-04-25 13:10:07,380]INFO:0 appointment(s) scraped from 0 email(s) in this period
[2019-04-25 13:10:07,381]INFO:--------Creating Events--------
[2019-04-25 13:10:07,381]INFO:No events to create in this period
[2019-04-25 13:10:07,382]INFO:########Scanning Period Ends########
[2019-04-25 13:20:05,721]INFO:########Scanning Period Starts########
[2019-04-25 13:20:05,721]INFO:--------Reading Emails--------
[2019-04-25 13:20:07,459]INFO:Successfully fetched 0 emails
[2019-04-25 13:20:07,461]INFO:0 appointment(s) scraped from 0 email(s) in this period
[2019-04-25 13:20:07,462]INFO:--------Creating Events--------
[2019-04-25 13:20:07,462]INFO:No events to create in this period
[2019-04-25 13:20:07,462]INFO:########Scanning Period Ends########
[2019-04-25 13:30:05,722]INFO:########Scanning Period Starts########
[2019-04-25 13:30:05,723]INFO:--------Reading Emails--------
[2019-04-25 13:30:07,369]INFO:Successfully fetched 0 emails
[2019-04-25 13:30:07,371]INFO:0 appointment(s) scraped from 0 email(s) in this period
[2019-04-25 13:30:07,372]INFO:--------Creating Events--------
[2019-04-25 13:30:07,372]INFO:No events to create in this period
[2019-04-25 13:30:07,372]INFO:########Scanning Period Ends########
[2019-04-25 13:40:05,620]INFO:########Scanning Period Starts########
[2019-04-25 13:40:05,621]INFO:--------Reading Emails--------
[2019-04-25 13:40:07,041]INFO:Successfully fetched 0 emails
[2019-04-25 13:40:07,045]INFO:0 appointment(s) scraped from 0 email(s) in this period
[2019-04-25 13:40:07,046]INFO:--------Creating Events--------
[2019-04-25 13:40:07,046]INFO:No events to create in this period
[2019-04-25 13:40:07,047]INFO:########Scanning Period Ends########
[2019-04-25 13:50:05,366]INFO:########Scanning Period Starts########
[2019-04-25 13:50:05,367]INFO:--------Reading Emails--------
[2019-04-25 13:50:06,413]INFO:Successfully fetched 0 emails
[2019-04-25 13:50:06,417]INFO:0 appointment(s) scraped from 0 email(s) in this period
[2019-04-25 13:50:06,426]INFO:--------Creating Events--------
[2019-04-25 13:50:06,427]INFO:No events to create in this period
[2019-04-25 13:50:06,427]INFO:########Scanning Period Ends########
[2019-04-25 14:00:05,713]INFO:########Scanning Period Starts########
[2019-04-25 14:00:05,713]INFO:--------Reading Emails--------
[2019-04-25 14:00:07,185]INFO:Successfully fetched 0 emails
[2019-04-25 14:00:07,193]INFO:0 appointment(s) scraped from 0 email(s) in this period
[2019-04-25 14:00:07,194]INFO:--------Creating Events--------
[2019-04-25 14:00:07,195]INFO:No events to create in this period
[2019-04-25 14:00:07,196]INFO:########Scanning Period Ends########
[2019-04-25 14:10:05,523]INFO:########Scanning Period Starts########
[2019-04-25 14:10:05,524]INFO:--------Reading Emails--------
[2019-04-25 14:10:07,188]INFO:Successfully fetched 0 emails
[2019-04-25 14:10:07,191]INFO:0 appointment(s) scraped from 0 email(s) in this period
[2019-04-25 14:10:07,192]INFO:--------Creating Events--------
[2019-04-25 14:10:07,193]INFO:No events to create in this period
[2019-04-25 14:10:07,193]INFO:########Scanning Period Ends########
[2019-04-25 14:20:05,595]INFO:########Scanning Period Starts########
[2019-04-25 14:20:05,596]INFO:--------Reading Emails--------
[2019-04-25 14:20:06,579]INFO:Successfully fetched 0 emails
[2019-04-25 14:20:06,582]INFO:0 appointment(s) scraped from 0 email(s) in this period
[2019-04-25 14:20:06,583]INFO:--------Creating Events--------
[2019-04-25 14:20:06,584]INFO:No events to create in this period
[2019-04-25 14:20:06,584]INFO:########Scanning Period Ends########
[2019-04-25 14:30:04,913]INFO:########Scanning Period Starts########
[2019-04-25 14:30:04,914]INFO:--------Reading Emails--------
[2019-04-25 14:30:06,100]INFO:Successfully fetched 0 emails
[2019-04-25 14:30:06,104]INFO:0 appointment(s) scraped from 0 email(s) in this period
[2019-04-25 14:30:06,109]INFO:--------Creating Events--------
[2019-04-25 14:30:06,110]INFO:No events to create in this period
[2019-04-25 14:30:06,110]INFO:########Scanning Period Ends########
[2019-04-25 14:40:05,428]INFO:########Scanning Period Starts########
[2019-04-25 14:40:05,428]INFO:--------Reading Emails--------
[2019-04-25 14:40:07,084]INFO:Successfully fetched 0 emails
[2019-04-25 14:40:07,087]INFO:0 appointment(s) scraped from 0 email(s) in this period
[2019-04-25 14:40:07,088]INFO:--------Creating Events--------
[2019-04-25 14:40:07,089]INFO:No events to create in this period
[2019-04-25 14:40:07,089]INFO:########Scanning Period Ends########
[2019-04-25 14:50:05,398]INFO:########Scanning Period Starts########
[2019-04-25 14:50:05,398]INFO:--------Reading Emails--------
[2019-04-25 14:50:06,434]INFO:Successfully fetched 0 emails
[2019-04-25 14:50:06,437]INFO:0 appointment(s) scraped from 0 email(s) in this period
[2019-04-25 14:50:06,438]INFO:--------Creating Events--------
[2019-04-25 14:50:06,439]INFO:No events to create in this period
[2019-04-25 14:50:06,439]INFO:########Scanning Period Ends########
[2019-04-25 15:00:05,801]INFO:########Scanning Period Starts########
[2019-04-25 15:00:05,802]INFO:--------Reading Emails--------
[2019-04-25 15:00:07,091]INFO:Successfully fetched 0 emails
[2019-04-25 15:00:07,094]INFO:0 appointment(s) scraped from 0 email(s) in this period
[2019-04-25 15:00:07,095]INFO:--------Creating Events--------
[2019-04-25 15:00:07,096]INFO:No events to create in this period
[2019-04-25 15:00:07,096]INFO:########Scanning Period Ends########
[2019-04-25 15:10:05,430]INFO:########Scanning Period Starts########
[2019-04-25 15:10:05,431]INFO:--------Reading Emails--------
[2019-04-25 15:10:07,099]INFO:Successfully fetched 0 emails
[2019-04-25 15:10:07,103]INFO:0 appointment(s) scraped from 0 email(s) in this period
[2019-04-25 15:10:07,104]INFO:--------Creating Events--------
[2019-04-25 15:10:07,104]INFO:No events to create in this period
[2019-04-25 15:10:07,105]INFO:########Scanning Period Ends########
[2019-04-25 15:20:05,486]INFO:########Scanning Period Starts########
[2019-04-25 15:20:05,487]INFO:--------Reading Emails--------
[2019-04-25 15:20:06,520]INFO:Successfully fetched 0 emails
[2019-04-25 15:20:06,523]INFO:0 appointment(s) scraped from 0 email(s) in this period
[2019-04-25 15:20:06,524]INFO:--------Creating Events--------
[2019-04-25 15:20:06,525]INFO:No events to create in this period
[2019-04-25 15:20:06,525]INFO:########Scanning Period Ends########
[2019-04-25 15:30:04,871]INFO:########Scanning Period Starts########
[2019-04-25 15:30:04,872]INFO:--------Reading Emails--------
[2019-04-25 15:30:06,017]INFO:Successfully fetched 0 emails
[2019-04-25 15:30:06,021]INFO:0 appointment(s) scraped from 0 email(s) in this period
[2019-04-25 15:30:06,022]INFO:--------Creating Events--------
[2019-04-25 15:30:06,022]INFO:No events to create in this period
[2019-04-25 15:30:06,023]INFO:########Scanning Period Ends########
[2019-04-25 15:40:05,405]INFO:########Scanning Period Starts########
[2019-04-25 15:40:05,405]INFO:--------Reading Emails--------
[2019-04-25 15:40:06,254]INFO:Successfully fetched 0 emails
[2019-04-25 15:40:06,258]INFO:0 appointment(s) scraped from 0 email(s) in this period
[2019-04-25 15:40:06,259]INFO:--------Creating Events--------
[2019-04-25 15:40:06,259]INFO:No events to create in this period
[2019-04-25 15:40:06,260]INFO:########Scanning Period Ends########
[2019-04-25 15:50:05,579]INFO:########Scanning Period Starts########
[2019-04-25 15:50:05,580]INFO:--------Reading Emails--------
[2019-04-25 15:50:06,676]INFO:Successfully fetched 0 emails
[2019-04-25 15:50:06,680]INFO:0 appointment(s) scraped from 0 email(s) in this period
[2019-04-25 15:50:06,680]INFO:--------Creating Events--------
[2019-04-25 15:50:06,681]INFO:No events to create in this period
[2019-04-25 15:50:06,681]INFO:########Scanning Period Ends########
[2019-04-25 16:00:04,981]INFO:########Scanning Period Starts########
[2019-04-25 16:00:04,982]INFO:--------Reading Emails--------
[2019-04-25 16:00:06,672]INFO:Successfully fetched 0 emails
[2019-04-25 16:00:06,676]INFO:0 appointment(s) scraped from 0 email(s) in this period
[2019-04-25 16:00:06,681]INFO:--------Creating Events--------
[2019-04-25 16:00:06,681]INFO:No events to create in this period
[2019-04-25 16:00:06,682]INFO:########Scanning Period Ends########
[2019-04-25 16:10:05,036]INFO:########Scanning Period Starts########
[2019-04-25 16:10:05,037]INFO:--------Reading Emails--------
[2019-04-25 16:10:06,027]INFO:Successfully fetched 0 emails
[2019-04-25 16:10:06,030]INFO:0 appointment(s) scraped from 0 email(s) in this period
[2019-04-25 16:10:06,031]INFO:--------Creating Events--------
[2019-04-25 16:10:06,032]INFO:No events to create in this period
[2019-04-25 16:10:06,032]INFO:########Scanning Period Ends########
[2019-04-25 16:20:05,427]INFO:########Scanning Period Starts########
[2019-04-25 16:20:05,428]INFO:--------Reading Emails--------
[2019-04-25 16:20:06,715]INFO:Successfully fetched 0 emails
[2019-04-25 16:20:06,718]INFO:0 appointment(s) scraped from 0 email(s) in this period
[2019-04-25 16:20:06,728]INFO:--------Creating Events--------
[2019-04-25 16:20:06,729]INFO:No events to create in this period
[2019-04-25 16:20:06,729]INFO:########Scanning Period Ends########
[2019-04-25 16:30:05,019]INFO:########Scanning Period Starts########
[2019-04-25 16:30:05,021]INFO:--------Reading Emails--------
[2019-04-25 16:30:06,454]INFO:Successfully fetched 0 emails
[2019-04-25 16:30:06,457]INFO:0 appointment(s) scraped from 0 email(s) in this period
[2019-04-25 16:30:06,467]INFO:--------Creating Events--------
[2019-04-25 16:30:06,467]INFO:No events to create in this period
[2019-04-25 16:30:06,468]INFO:########Scanning Period Ends########
[2019-04-25 16:40:05,797]INFO:########Scanning Period Starts########
[2019-04-25 16:40:05,798]INFO:--------Reading Emails--------
[2019-04-25 16:40:07,514]INFO:Successfully fetched 0 emails
[2019-04-25 16:40:07,518]INFO:0 appointment(s) scraped from 0 email(s) in this period
[2019-04-25 16:40:07,519]INFO:--------Creating Events--------
[2019-04-25 16:40:07,520]INFO:No events to create in this period
[2019-04-25 16:40:07,521]INFO:########Scanning Period Ends########
[2019-04-25 16:50:04,832]INFO:########Scanning Period Starts########
[2019-04-25 16:50:04,832]INFO:--------Reading Emails--------
[2019-04-25 16:50:06,009]INFO:Successfully fetched 0 emails
[2019-04-25 16:50:06,013]INFO:0 appointment(s) scraped from 0 email(s) in this period
[2019-04-25 16:50:06,014]INFO:--------Creating Events--------
[2019-04-25 16:50:06,014]INFO:No events to create in this period
[2019-04-25 16:50:06,015]INFO:########Scanning Period Ends########
[2019-04-25 17:00:05,310]INFO:########Scanning Period Starts########
[2019-04-25 17:00:05,311]INFO:--------Reading Emails--------
[2019-04-25 17:00:06,701]INFO:Successfully fetched 0 emails
[2019-04-25 17:00:06,704]INFO:0 appointment(s) scraped from 0 email(s) in this period
[2019-04-25 17:00:06,709]INFO:--------Creating Events--------
[2019-04-25 17:00:06,710]INFO:No events to create in this period
[2019-04-25 17:00:06,711]INFO:########Scanning Period Ends########
[2019-04-25 17:10:05,002]INFO:########Scanning Period Starts########
[2019-04-25 17:10:05,003]INFO:--------Reading Emails--------
[2019-04-25 17:10:06,274]INFO:Successfully fetched 0 emails
[2019-04-25 17:10:06,277]INFO:0 appointment(s) scraped from 0 email(s) in this period
[2019-04-25 17:10:06,282]INFO:--------Creating Events--------
[2019-04-25 17:10:06,283]INFO:No events to create in this period
[2019-04-25 17:10:06,284]INFO:########Scanning Period Ends########
[2019-04-25 17:20:05,652]INFO:########Scanning Period Starts########
[2019-04-25 17:20:05,652]INFO:--------Reading Emails--------
[2019-04-25 17:20:06,926]INFO:Successfully fetched 0 emails
[2019-04-25 17:20:06,929]INFO:0 appointment(s) scraped from 0 email(s) in this period
[2019-04-25 17:20:06,934]INFO:--------Creating Events--------
[2019-04-25 17:20:06,935]INFO:No events to create in this period
[2019-04-25 17:20:06,935]INFO:########Scanning Period Ends########
[2019-04-25 17:30:05,267]INFO:########Scanning Period Starts########
[2019-04-25 17:30:05,268]INFO:--------Reading Emails--------
[2019-04-25 17:30:06,142]INFO:Successfully fetched 0 emails
[2019-04-25 17:30:06,145]INFO:0 appointment(s) scraped from 0 email(s) in this period
[2019-04-25 17:30:06,146]INFO:--------Creating Events--------
[2019-04-25 17:30:06,147]INFO:No events to create in this period
[2019-04-25 17:30:06,147]INFO:########Scanning Period Ends########
[2019-04-25 17:40:05,462]INFO:########Scanning Period Starts########
[2019-04-25 17:40:05,463]INFO:--------Reading Emails--------
[2019-04-25 17:40:06,468]INFO:Successfully fetched 0 emails
[2019-04-25 17:40:06,471]INFO:0 appointment(s) scraped from 0 email(s) in this period
[2019-04-25 17:40:06,472]INFO:--------Creating Events--------
[2019-04-25 17:40:06,473]INFO:No events to create in this period
[2019-04-25 17:40:06,473]INFO:########Scanning Period Ends########
[2019-04-25 17:50:05,768]INFO:########Scanning Period Starts########
[2019-04-25 17:50:05,768]INFO:--------Reading Emails--------
[2019-04-25 17:50:06,776]INFO:Successfully fetched 0 emails
[2019-04-25 17:50:06,779]INFO:0 appointment(s) scraped from 0 email(s) in this period
[2019-04-25 17:50:06,780]INFO:--------Creating Events--------
[2019-04-25 17:50:06,781]INFO:No events to create in this period
[2019-04-25 17:50:06,781]INFO:########Scanning Period Ends########
[2019-04-25 18:00:05,052]INFO:########Scanning Period Starts########
[2019-04-25 18:00:05,052]INFO:--------Reading Emails--------
[2019-04-25 18:00:06,258]INFO:Successfully fetched 0 emails
[2019-04-25 18:00:06,261]INFO:0 appointment(s) scraped from 0 email(s) in this period
[2019-04-25 18:00:06,262]INFO:--------Creating Events--------
[2019-04-25 18:00:06,263]INFO:No events to create in this period
[2019-04-25 18:00:06,263]INFO:########Scanning Period Ends########
[2019-04-25 18:10:05,594]INFO:########Scanning Period Starts########
[2019-04-25 18:10:05,595]INFO:--------Reading Emails--------
[2019-04-25 18:10:06,598]INFO:Successfully fetched 0 emails
[2019-04-25 18:10:06,601]INFO:0 appointment(s) scraped from 0 email(s) in this period
[2019-04-25 18:10:06,602]INFO:--------Creating Events--------
[2019-04-25 18:10:06,602]INFO:No events to create in this period
[2019-04-25 18:10:06,603]INFO:########Scanning Period Ends########
[2019-04-25 18:20:05,011]INFO:########Scanning Period Starts########
[2019-04-25 18:20:05,013]INFO:--------Reading Emails--------
[2019-04-25 18:20:06,204]INFO:Successfully fetched 0 emails
[2019-04-25 18:20:06,208]INFO:0 appointment(s) scraped from 0 email(s) in this period
[2019-04-25 18:20:06,218]INFO:--------Creating Events--------
[2019-04-25 18:20:06,218]INFO:No events to create in this period
[2019-04-25 18:20:06,219]INFO:########Scanning Period Ends########
[2019-04-25 18:30:05,540]INFO:########Scanning Period Starts########
[2019-04-25 18:30:05,541]INFO:--------Reading Emails--------
[2019-04-25 18:30:06,484]INFO:Successfully fetched 0 emails
[2019-04-25 18:30:06,488]INFO:0 appointment(s) scraped from 0 email(s) in this period
[2019-04-25 18:30:06,489]INFO:--------Creating Events--------
[2019-04-25 18:30:06,489]INFO:No events to create in this period
[2019-04-25 18:30:06,490]INFO:########Scanning Period Ends########
[2019-04-25 18:40:04,876]INFO:########Scanning Period Starts########
[2019-04-25 18:40:04,877]INFO:--------Reading Emails--------
[2019-04-25 18:40:06,254]INFO:Successfully fetched 0 emails
[2019-04-25 18:40:06,268]INFO:0 appointment(s) scraped from 0 email(s) in this period
[2019-04-25 18:40:06,269]INFO:--------Creating Events--------
[2019-04-25 18:40:06,269]INFO:No events to create in this period
[2019-04-25 18:40:06,270]INFO:########Scanning Period Ends########
[2019-04-25 18:50:05,598]INFO:########Scanning Period Starts########
[2019-04-25 18:50:05,599]INFO:--------Reading Emails--------
[2019-04-25 18:50:06,518]INFO:Successfully fetched 0 emails
[2019-04-25 18:50:06,522]INFO:0 appointment(s) scraped from 0 email(s) in this period
[2019-04-25 18:50:06,523]INFO:--------Creating Events--------
[2019-04-25 18:50:06,524]INFO:No events to create in this period
[2019-04-25 18:50:06,524]INFO:########Scanning Period Ends########
[2019-04-25 19:00:04,855]INFO:########Scanning Period Starts########
[2019-04-25 19:00:04,855]INFO:--------Reading Emails--------
[2019-04-25 19:00:06,110]INFO:Successfully fetched 0 emails
[2019-04-25 19:00:06,114]INFO:0 appointment(s) scraped from 0 email(s) in this period
[2019-04-25 19:00:06,119]INFO:--------Creating Events--------
[2019-04-25 19:00:06,119]INFO:No events to create in this period
[2019-04-25 19:00:06,120]INFO:########Scanning Period Ends########
[2019-04-25 19:10:05,443]INFO:########Scanning Period Starts########
[2019-04-25 19:10:05,445]INFO:--------Reading Emails--------
[2019-04-25 19:10:06,733]INFO:Successfully fetched 0 emails
[2019-04-25 19:10:06,737]INFO:0 appointment(s) scraped from 0 email(s) in this period
[2019-04-25 19:10:06,742]INFO:--------Creating Events--------
[2019-04-25 19:10:06,742]INFO:No events to create in this period
[2019-04-25 19:10:06,743]INFO:########Scanning Period Ends########
[2019-04-25 19:20:05,114]INFO:########Scanning Period Starts########
[2019-04-25 19:20:05,115]INFO:--------Reading Emails--------
[2019-04-25 19:20:06,151]INFO:Successfully fetched 0 emails
[2019-04-25 19:20:06,155]INFO:0 appointment(s) scraped from 0 email(s) in this period
[2019-04-25 19:20:06,156]INFO:--------Creating Events--------
[2019-04-25 19:20:06,156]INFO:No events to create in this period
[2019-04-25 19:20:06,157]INFO:########Scanning Period Ends########
[2019-04-25 19:30:05,496]INFO:########Scanning Period Starts########
[2019-04-25 19:30:05,498]INFO:--------Reading Emails--------
[2019-04-25 19:30:06,669]INFO:Successfully fetched 0 emails
[2019-04-25 19:30:06,673]INFO:0 appointment(s) scraped from 0 email(s) in this period
[2019-04-25 19:30:06,674]INFO:--------Creating Events--------
[2019-04-25 19:30:06,674]INFO:No events to create in this period
[2019-04-25 19:30:06,684]INFO:########Scanning Period Ends########
[2019-04-25 19:40:05,047]INFO:########Scanning Period Starts########
[2019-04-25 19:40:05,047]INFO:--------Reading Emails--------
[2019-04-25 19:40:06,216]INFO:Successfully fetched 0 emails
[2019-04-25 19:40:06,225]INFO:0 appointment(s) scraped from 0 email(s) in this period
[2019-04-25 19:40:06,226]INFO:--------Creating Events--------
[2019-04-25 19:40:06,226]INFO:No events to create in this period
[2019-04-25 19:40:06,227]INFO:########Scanning Period Ends########
[2019-04-25 19:50:05,555]INFO:########Scanning Period Starts########
[2019-04-25 19:50:05,556]INFO:--------Reading Emails--------
[2019-04-25 19:50:06,740]INFO:Successfully fetched 0 emails
[2019-04-25 19:50:06,744]INFO:0 appointment(s) scraped from 0 email(s) in this period
[2019-04-25 19:50:06,748]INFO:--------Creating Events--------
[2019-04-25 19:50:06,749]INFO:No events to create in this period
[2019-04-25 19:50:06,750]INFO:########Scanning Period Ends########
[2019-04-25 20:00:05,050]INFO:########Scanning Period Starts########
[2019-04-25 20:00:05,051]INFO:--------Reading Emails--------
[2019-04-25 20:00:06,170]INFO:Successfully fetched 0 emails
[2019-04-25 20:00:06,173]INFO:0 appointment(s) scraped from 0 email(s) in this period
[2019-04-25 20:00:06,174]INFO:--------Creating Events--------
[2019-04-25 20:00:06,175]INFO:No events to create in this period
[2019-04-25 20:00:06,175]INFO:########Scanning Period Ends########
[2019-04-25 20:10:05,551]INFO:########Scanning Period Starts########
[2019-04-25 20:10:05,551]INFO:--------Reading Emails--------
[2019-04-25 20:10:07,627]INFO:Successfully fetched 0 emails
[2019-04-25 20:10:07,631]INFO:0 appointment(s) scraped from 0 email(s) in this period
[2019-04-25 20:10:07,632]INFO:--------Creating Events--------
[2019-04-25 20:10:07,633]INFO:No events to create in this period
[2019-04-25 20:10:07,633]INFO:########Scanning Period Ends########
[2019-04-25 20:20:05,032]INFO:########Scanning Period Starts########
[2019-04-25 20:20:05,033]INFO:--------Reading Emails--------
[2019-04-25 20:20:06,035]INFO:Successfully fetched 0 emails
[2019-04-25 20:20:06,039]INFO:0 appointment(s) scraped from 0 email(s) in this period
[2019-04-25 20:20:06,040]INFO:--------Creating Events--------
[2019-04-25 20:20:06,041]INFO:No events to create in this period
[2019-04-25 20:20:06,041]INFO:########Scanning Period Ends########
[2019-04-25 20:30:05,423]INFO:########Scanning Period Starts########
[2019-04-25 20:30:05,424]INFO:--------Reading Emails--------
[2019-04-25 20:30:06,770]INFO:Successfully fetched 0 emails
[2019-04-25 20:30:06,778]INFO:0 appointment(s) scraped from 0 email(s) in this period
[2019-04-25 20:30:06,780]INFO:--------Creating Events--------
[2019-04-25 20:30:06,780]INFO:No events to create in this period
[2019-04-25 20:30:06,781]INFO:########Scanning Period Ends########
[2019-04-25 20:40:05,124]INFO:########Scanning Period Starts########
[2019-04-25 20:40:05,124]INFO:--------Reading Emails--------
[2019-04-25 20:40:06,481]INFO:Successfully fetched 0 emails
[2019-04-25 20:40:06,485]INFO:0 appointment(s) scraped from 0 email(s) in this period
[2019-04-25 20:40:06,495]INFO:--------Creating Events--------
[2019-04-25 20:40:06,496]INFO:No events to create in this period
[2019-04-25 20:40:06,496]INFO:########Scanning Period Ends########
[2019-04-25 20:50:04,889]INFO:########Scanning Period Starts########
[2019-04-25 20:50:04,889]INFO:--------Reading Emails--------
[2019-04-25 20:50:06,343]INFO:Successfully fetched 0 emails
[2019-04-25 20:50:06,356]INFO:0 appointment(s) scraped from 0 email(s) in this period
[2019-04-25 20:50:06,357]INFO:--------Creating Events--------
[2019-04-25 20:50:06,358]INFO:No events to create in this period
[2019-04-25 20:50:06,359]INFO:########Scanning Period Ends########
[2019-04-25 21:00:05,697]INFO:########Scanning Period Starts########
[2019-04-25 21:00:05,698]INFO:--------Reading Emails--------
[2019-04-25 21:00:06,720]INFO:Successfully fetched 0 emails
[2019-04-25 21:00:06,724]INFO:0 appointment(s) scraped from 0 email(s) in this period
[2019-04-25 21:00:06,725]INFO:--------Creating Events--------
[2019-04-25 21:00:06,725]INFO:No events to create in this period
[2019-04-25 21:00:06,726]INFO:########Scanning Period Ends########
[2019-04-25 21:10:05,045]INFO:########Scanning Period Starts########
[2019-04-25 21:10:05,046]INFO:--------Reading Emails--------
[2019-04-25 21:10:06,157]INFO:Successfully fetched 0 emails
[2019-04-25 21:10:06,160]INFO:0 appointment(s) scraped from 0 email(s) in this period
[2019-04-25 21:10:06,161]INFO:--------Creating Events--------
[2019-04-25 21:10:06,162]INFO:No events to create in this period
[2019-04-25 21:10:06,162]INFO:########Scanning Period Ends########
[2019-04-25 21:20:05,528]INFO:########Scanning Period Starts########
[2019-04-25 21:20:05,528]INFO:--------Reading Emails--------
[2019-04-25 21:20:06,902]INFO:Successfully fetched 0 emails
[2019-04-25 21:20:06,906]INFO:0 appointment(s) scraped from 0 email(s) in this period
[2019-04-25 21:20:06,915]INFO:--------Creating Events--------
[2019-04-25 21:20:06,916]INFO:No events to create in this period
[2019-04-25 21:20:06,917]INFO:########Scanning Period Ends########
[2019-04-25 21:30:05,236]INFO:########Scanning Period Starts########
[2019-04-25 21:30:05,237]INFO:--------Reading Emails--------
[2019-04-25 21:30:06,457]INFO:Successfully fetched 0 emails
[2019-04-25 21:30:06,460]INFO:0 appointment(s) scraped from 0 email(s) in this period
[2019-04-25 21:30:06,466]INFO:--------Creating Events--------
[2019-04-25 21:30:06,466]INFO:No events to create in this period
[2019-04-25 21:30:06,467]INFO:########Scanning Period Ends########
[2019-04-25 21:40:05,788]INFO:########Scanning Period Starts########
[2019-04-25 21:40:05,789]INFO:--------Reading Emails--------
[2019-04-25 21:40:06,805]INFO:Successfully fetched 0 emails
[2019-04-25 21:40:06,808]INFO:0 appointment(s) scraped from 0 email(s) in this period
[2019-04-25 21:40:06,809]INFO:--------Creating Events--------
[2019-04-25 21:40:06,809]INFO:No events to create in this period
[2019-04-25 21:40:06,810]INFO:########Scanning Period Ends########
[2019-04-25 21:50:05,114]INFO:########Scanning Period Starts########
[2019-04-25 21:50:05,115]INFO:--------Reading Emails--------
[2019-04-25 21:50:06,350]INFO:Successfully fetched 0 emails
[2019-04-25 21:50:06,354]INFO:0 appointment(s) scraped from 0 email(s) in this period
[2019-04-25 21:50:06,363]INFO:--------Creating Events--------
[2019-04-25 21:50:06,364]INFO:No events to create in this period
[2019-04-25 21:50:06,364]INFO:########Scanning Period Ends########
[2019-04-25 22:00:05,719]INFO:########Scanning Period Starts########
[2019-04-25 22:00:05,720]INFO:--------Reading Emails--------
[2019-04-25 22:00:07,029]INFO:Successfully fetched 0 emails
[2019-04-25 22:00:07,032]INFO:0 appointment(s) scraped from 0 email(s) in this period
[2019-04-25 22:00:07,042]INFO:--------Creating Events--------
[2019-04-25 22:00:07,043]INFO:No events to create in this period
[2019-04-25 22:00:07,043]INFO:########Scanning Period Ends########
[2019-04-25 22:10:05,375]INFO:########Scanning Period Starts########
[2019-04-25 22:10:05,375]INFO:--------Reading Emails--------
[2019-04-25 22:10:06,613]INFO:Successfully fetched 0 emails
[2019-04-25 22:10:06,617]INFO:0 appointment(s) scraped from 0 email(s) in this period
[2019-04-25 22:10:06,626]INFO:--------Creating Events--------
[2019-04-25 22:10:06,627]INFO:No events to create in this period
[2019-04-25 22:10:06,628]INFO:########Scanning Period Ends########
[2019-04-25 22:20:05,020]INFO:########Scanning Period Starts########
[2019-04-25 22:20:05,020]INFO:--------Reading Emails--------
[2019-04-25 22:20:06,207]INFO:Successfully fetched 0 emails
[2019-04-25 22:20:06,210]INFO:0 appointment(s) scraped from 0 email(s) in this period
[2019-04-25 22:20:06,211]INFO:--------Creating Events--------
[2019-04-25 22:20:06,212]INFO:No events to create in this period
[2019-04-25 22:20:06,212]INFO:########Scanning Period Ends########
[2019-04-25 22:30:05,488]INFO:########Scanning Period Starts########
[2019-04-25 22:30:05,488]INFO:--------Reading Emails--------
[2019-04-25 22:30:06,678]INFO:Successfully fetched 0 emails
[2019-04-25 22:30:06,681]INFO:0 appointment(s) scraped from 0 email(s) in this period
[2019-04-25 22:30:06,682]INFO:--------Creating Events--------
[2019-04-25 22:30:06,683]INFO:No events to create in this period
[2019-04-25 22:30:06,683]INFO:########Scanning Period Ends########
[2019-04-25 22:40:05,034]INFO:########Scanning Period Starts########
[2019-04-25 22:40:05,034]INFO:--------Reading Emails--------
[2019-04-25 22:40:07,470]INFO:Successfully fetched 0 emails
[2019-04-25 22:40:07,474]INFO:0 appointment(s) scraped from 0 email(s) in this period
[2019-04-25 22:40:07,475]INFO:--------Creating Events--------
[2019-04-25 22:40:07,475]INFO:No events to create in this period
[2019-04-25 22:40:07,476]INFO:########Scanning Period Ends########
[2019-04-25 22:50:05,850]INFO:########Scanning Period Starts########
[2019-04-25 22:50:05,851]INFO:--------Reading Emails--------
[2019-04-25 22:50:07,317]INFO:Successfully fetched 0 emails
[2019-04-25 22:50:07,321]INFO:0 appointment(s) scraped from 0 email(s) in this period
[2019-04-25 22:50:07,326]INFO:--------Creating Events--------
[2019-04-25 22:50:07,327]INFO:No events to create in this period
[2019-04-25 22:50:07,327]INFO:########Scanning Period Ends########
[2019-04-25 23:00:05,665]INFO:########Scanning Period Starts########
[2019-04-25 23:00:05,665]INFO:--------Reading Emails--------
[2019-04-25 23:00:06,730]INFO:Successfully fetched 0 emails
[2019-04-25 23:00:06,733]INFO:0 appointment(s) scraped from 0 email(s) in this period
[2019-04-25 23:00:06,734]INFO:--------Creating Events--------
[2019-04-25 23:00:06,735]INFO:No events to create in this period
[2019-04-25 23:00:06,735]INFO:########Scanning Period Ends########
[2019-04-25 23:10:05,004]INFO:########Scanning Period Starts########
[2019-04-25 23:10:05,005]INFO:--------Reading Emails--------
[2019-04-25 23:10:06,108]INFO:Successfully fetched 0 emails
[2019-04-25 23:10:06,112]INFO:0 appointment(s) scraped from 0 email(s) in this period
[2019-04-25 23:10:06,112]INFO:--------Creating Events--------
[2019-04-25 23:10:06,113]INFO:No events to create in this period
[2019-04-25 23:10:06,114]INFO:########Scanning Period Ends########
[2019-04-25 23:20:05,495]INFO:########Scanning Period Starts########
[2019-04-25 23:20:05,496]INFO:--------Reading Emails--------
[2019-04-25 23:20:06,761]INFO:Successfully fetched 0 emails
[2019-04-25 23:20:06,765]INFO:0 appointment(s) scraped from 0 email(s) in this period
[2019-04-25 23:20:06,770]INFO:--------Creating Events--------
[2019-04-25 23:20:06,770]INFO:No events to create in this period
[2019-04-25 23:20:06,771]INFO:########Scanning Period Ends########
[2019-04-25 23:30:05,086]INFO:########Scanning Period Starts########
[2019-04-25 23:30:05,087]INFO:--------Reading Emails--------
[2019-04-25 23:30:06,159]INFO:Successfully fetched 0 emails
[2019-04-25 23:30:06,163]INFO:0 appointment(s) scraped from 0 email(s) in this period
[2019-04-25 23:30:06,163]INFO:--------Creating Events--------
[2019-04-25 23:30:06,164]INFO:No events to create in this period
[2019-04-25 23:30:06,165]INFO:########Scanning Period Ends########
[2019-04-25 23:40:05,470]INFO:########Scanning Period Starts########
[2019-04-25 23:40:05,471]INFO:--------Reading Emails--------
[2019-04-25 23:40:06,942]INFO:Successfully fetched 0 emails
[2019-04-25 23:40:06,945]INFO:0 appointment(s) scraped from 0 email(s) in this period
[2019-04-25 23:40:06,950]INFO:--------Creating Events--------
[2019-04-25 23:40:06,951]INFO:No events to create in this period
[2019-04-25 23:40:06,951]INFO:########Scanning Period Ends########
[2019-04-25 23:50:05,268]INFO:########Scanning Period Starts########
[2019-04-25 23:50:05,269]INFO:--------Reading Emails--------
[2019-04-25 23:50:06,165]INFO:Successfully fetched 0 emails
[2019-04-25 23:50:06,169]INFO:0 appointment(s) scraped from 0 email(s) in this period
[2019-04-25 23:50:06,170]INFO:--------Creating Events--------
[2019-04-25 23:50:06,170]INFO:No events to create in this period
[2019-04-25 23:50:06,171]INFO:########Scanning Period Ends########
