[2019-04-10 00:00:04,977]INFO:########Scanning Period Starts########
[2019-04-10 00:00:04,978]INFO:--------Reading Emails--------
[2019-04-10 00:00:06,074]INFO:Successfully fetched 0 emails
[2019-04-10 00:00:06,078]INFO:0 appointment(s) scraped from 0 email(s) in this period
[2019-04-10 00:00:06,078]INFO:--------Creating Events--------
[2019-04-10 00:00:06,079]INFO:No events to create in this period
[2019-04-10 00:00:06,080]INFO:########Scanning Period Ends########
[2019-04-10 00:10:05,462]INFO:########Scanning Period Starts########
[2019-04-10 00:10:05,463]INFO:--------Reading Emails--------
[2019-04-10 00:10:06,630]INFO:Successfully fetched 0 emails
[2019-04-10 00:10:06,644]INFO:0 appointment(s) scraped from 0 email(s) in this period
[2019-04-10 00:10:06,645]INFO:--------Creating Events--------
[2019-04-10 00:10:06,646]INFO:No events to create in this period
[2019-04-10 00:10:06,646]INFO:########Scanning Period Ends########
[2019-04-10 00:20:05,107]INFO:########Scanning Period Starts########
[2019-04-10 00:20:05,107]INFO:--------Reading Emails--------
[2019-04-10 00:20:06,279]INFO:Successfully fetched 0 emails
[2019-04-10 00:20:06,293]INFO:0 appointment(s) scraped from 0 email(s) in this period
[2019-04-10 00:20:06,294]INFO:--------Creating Events--------
[2019-04-10 00:20:06,295]INFO:No events to create in this period
[2019-04-10 00:20:06,295]INFO:########Scanning Period Ends########
[2019-04-10 00:30:05,667]INFO:########Scanning Period Starts########
[2019-04-10 00:30:05,667]INFO:--------Reading Emails--------
[2019-04-10 00:30:06,872]INFO:Successfully fetched 0 emails
[2019-04-10 00:30:06,881]INFO:0 appointment(s) scraped from 0 email(s) in this period
[2019-04-10 00:30:06,882]INFO:--------Creating Events--------
[2019-04-10 00:30:06,883]INFO:No events to create in this period
[2019-04-10 00:30:06,883]INFO:########Scanning Period Ends########
[2019-04-10 00:40:05,243]INFO:########Scanning Period Starts########
[2019-04-10 00:40:05,244]INFO:--------Reading Emails--------
[2019-04-10 00:40:06,483]INFO:Successfully fetched 0 emails
[2019-04-10 00:40:06,487]INFO:0 appointment(s) scraped from 0 email(s) in this period
[2019-04-10 00:40:06,496]INFO:--------Creating Events--------
[2019-04-10 00:40:06,497]INFO:No events to create in this period
[2019-04-10 00:40:06,497]INFO:########Scanning Period Ends########
[2019-04-10 00:50:04,812]INFO:########Scanning Period Starts########
[2019-04-10 00:50:04,812]INFO:--------Reading Emails--------
[2019-04-10 00:50:06,079]INFO:Successfully fetched 0 emails
[2019-04-10 00:50:06,083]INFO:0 appointment(s) scraped from 0 email(s) in this period
[2019-04-10 00:50:06,092]INFO:--------Creating Events--------
[2019-04-10 00:50:06,093]INFO:No events to create in this period
[2019-04-10 00:50:06,094]INFO:########Scanning Period Ends########
[2019-04-10 01:00:05,469]INFO:########Scanning Period Starts########
[2019-04-10 01:00:05,470]INFO:--------Reading Emails--------
[2019-04-10 01:00:06,664]INFO:Successfully fetched 0 emails
[2019-04-10 01:00:06,668]INFO:0 appointment(s) scraped from 0 email(s) in this period
[2019-04-10 01:00:06,677]INFO:--------Creating Events--------
[2019-04-10 01:00:06,678]INFO:No events to create in this period
[2019-04-10 01:00:06,678]INFO:########Scanning Period Ends########
[2019-04-10 01:10:05,021]INFO:########Scanning Period Starts########
[2019-04-10 01:10:05,021]INFO:--------Reading Emails--------
[2019-04-10 01:10:06,623]INFO:Successfully fetched 0 emails
[2019-04-10 01:10:06,636]INFO:0 appointment(s) scraped from 0 email(s) in this period
[2019-04-10 01:10:06,637]INFO:--------Creating Events--------
[2019-04-10 01:10:06,638]INFO:No events to create in this period
[2019-04-10 01:10:06,639]INFO:########Scanning Period Ends########
[2019-04-10 01:20:05,047]INFO:########Scanning Period Starts########
[2019-04-10 01:20:05,048]INFO:--------Reading Emails--------
[2019-04-10 01:20:06,101]INFO:Successfully fetched 0 emails
[2019-04-10 01:20:06,104]INFO:0 appointment(s) scraped from 0 email(s) in this period
[2019-04-10 01:20:06,105]INFO:--------Creating Events--------
[2019-04-10 01:20:06,106]INFO:No events to create in this period
[2019-04-10 01:20:06,106]INFO:########Scanning Period Ends########
[2019-04-10 01:30:05,487]INFO:########Scanning Period Starts########
[2019-04-10 01:30:05,488]INFO:--------Reading Emails--------
[2019-04-10 01:30:06,643]INFO:Successfully fetched 0 emails
[2019-04-10 01:30:06,647]INFO:0 appointment(s) scraped from 0 email(s) in this period
[2019-04-10 01:30:06,652]INFO:--------Creating Events--------
[2019-04-10 01:30:06,653]INFO:No events to create in this period
[2019-04-10 01:30:06,654]INFO:########Scanning Period Ends########
[2019-04-10 01:40:05,006]INFO:########Scanning Period Starts########
[2019-04-10 01:40:05,007]INFO:--------Reading Emails--------
[2019-04-10 01:40:06,258]INFO:Successfully fetched 0 emails
[2019-04-10 01:40:06,261]INFO:0 appointment(s) scraped from 0 email(s) in this period
[2019-04-10 01:40:06,271]INFO:--------Creating Events--------
[2019-04-10 01:40:06,272]INFO:No events to create in this period
[2019-04-10 01:40:06,272]INFO:########Scanning Period Ends########
[2019-04-10 01:50:05,663]INFO:########Scanning Period Starts########
[2019-04-10 01:50:05,664]INFO:--------Reading Emails--------
[2019-04-10 01:50:06,950]INFO:Successfully fetched 0 emails
[2019-04-10 01:50:06,959]INFO:0 appointment(s) scraped from 0 email(s) in this period
[2019-04-10 01:50:06,960]INFO:--------Creating Events--------
[2019-04-10 01:50:06,961]INFO:No events to create in this period
[2019-04-10 01:50:06,961]INFO:########Scanning Period Ends########
[2019-04-10 02:00:05,331]INFO:########Scanning Period Starts########
[2019-04-10 02:00:05,332]INFO:--------Reading Emails--------
[2019-04-10 02:00:06,465]INFO:Successfully fetched 0 emails
[2019-04-10 02:00:06,468]INFO:0 appointment(s) scraped from 0 email(s) in this period
[2019-04-10 02:00:06,469]INFO:--------Creating Events--------
[2019-04-10 02:00:06,470]INFO:No events to create in this period
[2019-04-10 02:00:06,471]INFO:########Scanning Period Ends########
[2019-04-10 02:10:05,832]INFO:########Scanning Period Starts########
[2019-04-10 02:10:05,832]INFO:--------Reading Emails--------
[2019-04-10 02:10:07,178]INFO:Successfully fetched 0 emails
[2019-04-10 02:10:07,191]INFO:0 appointment(s) scraped from 0 email(s) in this period
[2019-04-10 02:10:07,192]INFO:--------Creating Events--------
[2019-04-10 02:10:07,193]INFO:No events to create in this period
[2019-04-10 02:10:07,194]INFO:########Scanning Period Ends########
[2019-04-10 02:20:05,599]INFO:########Scanning Period Starts########
[2019-04-10 02:20:05,599]INFO:--------Reading Emails--------
[2019-04-10 02:20:06,881]INFO:Successfully fetched 0 emails
[2019-04-10 02:20:06,885]INFO:0 appointment(s) scraped from 0 email(s) in this period
[2019-04-10 02:20:06,890]INFO:--------Creating Events--------
[2019-04-10 02:20:06,891]INFO:No events to create in this period
[2019-04-10 02:20:06,891]INFO:########Scanning Period Ends########
[2019-04-10 02:30:05,282]INFO:########Scanning Period Starts########
[2019-04-10 02:30:05,282]INFO:--------Reading Emails--------
[2019-04-10 02:30:06,535]INFO:Successfully fetched 0 emails
[2019-04-10 02:30:06,539]INFO:0 appointment(s) scraped from 0 email(s) in this period
[2019-04-10 02:30:06,545]INFO:--------Creating Events--------
[2019-04-10 02:30:06,545]INFO:No events to create in this period
[2019-04-10 02:30:06,546]INFO:########Scanning Period Ends########
[2019-04-10 02:40:04,912]INFO:########Scanning Period Starts########
[2019-04-10 02:40:04,913]INFO:--------Reading Emails--------
[2019-04-10 02:40:06,099]INFO:Successfully fetched 0 emails
[2019-04-10 02:40:06,103]INFO:0 appointment(s) scraped from 0 email(s) in this period
[2019-04-10 02:40:06,108]INFO:--------Creating Events--------
[2019-04-10 02:40:06,109]INFO:No events to create in this period
[2019-04-10 02:40:06,110]INFO:########Scanning Period Ends########
[2019-04-10 02:50:05,462]INFO:########Scanning Period Starts########
[2019-04-10 02:50:05,463]INFO:--------Reading Emails--------
[2019-04-10 02:50:06,590]INFO:Successfully fetched 0 emails
[2019-04-10 02:50:06,594]INFO:0 appointment(s) scraped from 0 email(s) in this period
[2019-04-10 02:50:06,595]INFO:--------Creating Events--------
[2019-04-10 02:50:06,595]INFO:No events to create in this period
[2019-04-10 02:50:06,596]INFO:########Scanning Period Ends########
[2019-04-10 03:00:04,960]INFO:########Scanning Period Starts########
[2019-04-10 03:00:04,960]INFO:--------Reading Emails--------
[2019-04-10 03:00:06,105]INFO:Successfully fetched 0 emails
[2019-04-10 03:00:06,108]INFO:0 appointment(s) scraped from 0 email(s) in this period
[2019-04-10 03:00:06,118]INFO:--------Creating Events--------
[2019-04-10 03:00:06,119]INFO:No events to create in this period
[2019-04-10 03:00:06,119]INFO:########Scanning Period Ends########
[2019-04-10 03:10:05,485]INFO:########Scanning Period Starts########
[2019-04-10 03:10:05,487]INFO:--------Reading Emails--------
[2019-04-10 03:10:06,420]INFO:Successfully fetched 0 emails
[2019-04-10 03:10:06,423]INFO:0 appointment(s) scraped from 0 email(s) in this period
[2019-04-10 03:10:06,424]INFO:--------Creating Events--------
[2019-04-10 03:10:06,425]INFO:No events to create in this period
[2019-04-10 03:10:06,425]INFO:########Scanning Period Ends########
[2019-04-10 03:20:04,848]INFO:########Scanning Period Starts########
[2019-04-10 03:20:04,849]INFO:--------Reading Emails--------
[2019-04-10 03:20:06,164]INFO:Successfully fetched 0 emails
[2019-04-10 03:20:06,173]INFO:0 appointment(s) scraped from 0 email(s) in this period
[2019-04-10 03:20:06,174]INFO:--------Creating Events--------
[2019-04-10 03:20:06,175]INFO:No events to create in this period
[2019-04-10 03:20:06,175]INFO:########Scanning Period Ends########
[2019-04-10 03:30:05,539]INFO:########Scanning Period Starts########
[2019-04-10 03:30:05,540]INFO:--------Reading Emails--------
[2019-04-10 03:30:06,601]INFO:Successfully fetched 0 emails
[2019-04-10 03:30:06,604]INFO:0 appointment(s) scraped from 0 email(s) in this period
[2019-04-10 03:30:06,605]INFO:--------Creating Events--------
[2019-04-10 03:30:06,606]INFO:No events to create in this period
[2019-04-10 03:30:06,606]INFO:########Scanning Period Ends########
[2019-04-10 03:40:04,919]INFO:########Scanning Period Starts########
[2019-04-10 03:40:04,920]INFO:--------Reading Emails--------
[2019-04-10 03:40:06,041]INFO:Successfully fetched 0 emails
[2019-04-10 03:40:06,045]INFO:0 appointment(s) scraped from 0 email(s) in this period
[2019-04-10 03:40:06,045]INFO:--------Creating Events--------
[2019-04-10 03:40:06,046]INFO:No events to create in this period
[2019-04-10 03:40:06,047]INFO:########Scanning Period Ends########
[2019-04-10 03:50:05,430]INFO:########Scanning Period Starts########
[2019-04-10 03:50:05,430]INFO:--------Reading Emails--------
[2019-04-10 03:50:06,359]INFO:Successfully fetched 0 emails
[2019-04-10 03:50:06,363]INFO:0 appointment(s) scraped from 0 email(s) in this period
[2019-04-10 03:50:06,364]INFO:--------Creating Events--------
[2019-04-10 03:50:06,365]INFO:No events to create in this period
[2019-04-10 03:50:06,365]INFO:########Scanning Period Ends########
[2019-04-10 04:00:05,757]INFO:########Scanning Period Starts########
[2019-04-10 04:00:05,758]INFO:--------Reading Emails--------
[2019-04-10 04:00:07,308]INFO:Successfully fetched 0 emails
[2019-04-10 04:00:07,312]INFO:0 appointment(s) scraped from 0 email(s) in this period
[2019-04-10 04:00:07,322]INFO:--------Creating Events--------
[2019-04-10 04:00:07,322]INFO:No events to create in this period
[2019-04-10 04:00:07,323]INFO:########Scanning Period Ends########
[2019-04-10 04:10:05,656]INFO:########Scanning Period Starts########
[2019-04-10 04:10:05,657]INFO:--------Reading Emails--------
[2019-04-10 04:10:06,772]INFO:Successfully fetched 0 emails
[2019-04-10 04:10:06,775]INFO:0 appointment(s) scraped from 0 email(s) in this period
[2019-04-10 04:10:06,776]INFO:--------Creating Events--------
[2019-04-10 04:10:06,777]INFO:No events to create in this period
[2019-04-10 04:10:06,777]INFO:########Scanning Period Ends########
[2019-04-10 04:20:05,259]INFO:########Scanning Period Starts########
[2019-04-10 04:20:05,259]INFO:--------Reading Emails--------
[2019-04-10 04:20:06,562]INFO:Successfully fetched 0 emails
[2019-04-10 04:20:06,566]INFO:0 appointment(s) scraped from 0 email(s) in this period
[2019-04-10 04:20:06,571]INFO:--------Creating Events--------
[2019-04-10 04:20:06,572]INFO:No events to create in this period
[2019-04-10 04:20:06,573]INFO:########Scanning Period Ends########
[2019-04-10 04:30:04,909]INFO:########Scanning Period Starts########
[2019-04-10 04:30:04,910]INFO:--------Reading Emails--------
[2019-04-10 04:30:06,157]INFO:Successfully fetched 0 emails
[2019-04-10 04:30:06,161]INFO:0 appointment(s) scraped from 0 email(s) in this period
[2019-04-10 04:30:06,171]INFO:--------Creating Events--------
[2019-04-10 04:30:06,171]INFO:No events to create in this period
[2019-04-10 04:30:06,172]INFO:########Scanning Period Ends########
[2019-04-10 04:40:05,493]INFO:########Scanning Period Starts########
[2019-04-10 04:40:05,494]INFO:--------Reading Emails--------
[2019-04-10 04:40:06,787]INFO:Successfully fetched 0 emails
[2019-04-10 04:40:06,791]INFO:0 appointment(s) scraped from 0 email(s) in this period
[2019-04-10 04:40:06,796]INFO:--------Creating Events--------
[2019-04-10 04:40:06,797]INFO:No events to create in this period
[2019-04-10 04:40:06,797]INFO:########Scanning Period Ends########
[2019-04-10 04:50:05,162]INFO:########Scanning Period Starts########
[2019-04-10 04:50:05,162]INFO:--------Reading Emails--------
[2019-04-10 04:50:06,111]INFO:Successfully fetched 0 emails
[2019-04-10 04:50:06,115]INFO:0 appointment(s) scraped from 0 email(s) in this period
[2019-04-10 04:50:06,116]INFO:--------Creating Events--------
[2019-04-10 04:50:06,116]INFO:No events to create in this period
[2019-04-10 04:50:06,117]INFO:########Scanning Period Ends########
[2019-04-10 05:00:05,453]INFO:########Scanning Period Starts########
[2019-04-10 05:00:05,454]INFO:--------Reading Emails--------
[2019-04-10 05:00:06,266]INFO:Successfully fetched 0 emails
[2019-04-10 05:00:06,269]INFO:0 appointment(s) scraped from 0 email(s) in this period
[2019-04-10 05:00:06,270]INFO:--------Creating Events--------
[2019-04-10 05:00:06,271]INFO:No events to create in this period
[2019-04-10 05:00:06,272]INFO:########Scanning Period Ends########
[2019-04-10 05:10:05,603]INFO:########Scanning Period Starts########
[2019-04-10 05:10:05,603]INFO:--------Reading Emails--------
[2019-04-10 05:10:06,963]INFO:Successfully fetched 0 emails
[2019-04-10 05:10:06,967]INFO:0 appointment(s) scraped from 0 email(s) in this period
[2019-04-10 05:10:06,972]INFO:--------Creating Events--------
[2019-04-10 05:10:06,973]INFO:No events to create in this period
[2019-04-10 05:10:06,974]INFO:########Scanning Period Ends########
[2019-04-10 05:20:05,408]INFO:########Scanning Period Starts########
[2019-04-10 05:20:05,409]INFO:--------Reading Emails--------
[2019-04-10 05:20:06,469]INFO:Successfully fetched 0 emails
[2019-04-10 05:20:06,472]INFO:0 appointment(s) scraped from 0 email(s) in this period
[2019-04-10 05:20:06,473]INFO:--------Creating Events--------
[2019-04-10 05:20:06,474]INFO:No events to create in this period
[2019-04-10 05:20:06,474]INFO:########Scanning Period Ends########
[2019-04-10 05:30:05,796]INFO:########Scanning Period Starts########
[2019-04-10 05:30:05,797]INFO:--------Reading Emails--------
[2019-04-10 05:30:06,854]INFO:Successfully fetched 0 emails
[2019-04-10 05:30:06,858]INFO:0 appointment(s) scraped from 0 email(s) in this period
[2019-04-10 05:30:06,859]INFO:--------Creating Events--------
[2019-04-10 05:30:06,859]INFO:No events to create in this period
[2019-04-10 05:30:06,860]INFO:########Scanning Period Ends########
[2019-04-10 05:40:05,265]INFO:########Scanning Period Starts########
[2019-04-10 05:40:05,266]INFO:--------Reading Emails--------
[2019-04-10 05:40:06,494]INFO:Successfully fetched 0 emails
[2019-04-10 05:40:06,497]INFO:0 appointment(s) scraped from 0 email(s) in this period
[2019-04-10 05:40:06,507]INFO:--------Creating Events--------
[2019-04-10 05:40:06,507]INFO:No events to create in this period
[2019-04-10 05:40:06,508]INFO:########Scanning Period Ends########
[2019-04-10 05:50:04,822]INFO:########Scanning Period Starts########
[2019-04-10 05:50:04,823]INFO:--------Reading Emails--------
[2019-04-10 05:50:06,169]INFO:Successfully fetched 0 emails
[2019-04-10 05:50:06,173]INFO:0 appointment(s) scraped from 0 email(s) in this period
[2019-04-10 05:50:06,183]INFO:--------Creating Events--------
[2019-04-10 05:50:06,183]INFO:No events to create in this period
[2019-04-10 05:50:06,184]INFO:########Scanning Period Ends########
[2019-04-10 06:00:05,583]INFO:########Scanning Period Starts########
[2019-04-10 06:00:05,584]INFO:--------Reading Emails--------
[2019-04-10 06:00:07,000]INFO:Successfully fetched 0 emails
[2019-04-10 06:00:07,004]INFO:0 appointment(s) scraped from 0 email(s) in this period
[2019-04-10 06:00:07,005]INFO:--------Creating Events--------
[2019-04-10 06:00:07,005]INFO:No events to create in this period
[2019-04-10 06:00:07,006]INFO:########Scanning Period Ends########
[2019-04-10 06:10:05,432]INFO:########Scanning Period Starts########
[2019-04-10 06:10:05,433]INFO:--------Reading Emails--------
[2019-04-10 06:10:06,660]INFO:Successfully fetched 0 emails
[2019-04-10 06:10:06,664]INFO:0 appointment(s) scraped from 0 email(s) in this period
[2019-04-10 06:10:06,674]INFO:--------Creating Events--------
[2019-04-10 06:10:06,675]INFO:No events to create in this period
[2019-04-10 06:10:06,676]INFO:########Scanning Period Ends########
[2019-04-10 06:20:05,082]INFO:########Scanning Period Starts########
[2019-04-10 06:20:05,083]INFO:--------Reading Emails--------
[2019-04-10 06:20:06,294]INFO:Successfully fetched 0 emails
[2019-04-10 06:20:06,298]INFO:0 appointment(s) scraped from 0 email(s) in this period
[2019-04-10 06:20:06,303]INFO:--------Creating Events--------
[2019-04-10 06:20:06,304]INFO:No events to create in this period
[2019-04-10 06:20:06,305]INFO:########Scanning Period Ends########
[2019-04-10 06:30:05,734]INFO:########Scanning Period Starts########
[2019-04-10 06:30:05,734]INFO:--------Reading Emails--------
[2019-04-10 06:30:07,118]INFO:Successfully fetched 0 emails
[2019-04-10 06:30:07,128]INFO:0 appointment(s) scraped from 0 email(s) in this period
[2019-04-10 06:30:07,129]INFO:--------Creating Events--------
[2019-04-10 06:30:07,129]INFO:No events to create in this period
[2019-04-10 06:30:07,130]INFO:########Scanning Period Ends########
[2019-04-10 06:40:05,503]INFO:########Scanning Period Starts########
[2019-04-10 06:40:05,504]INFO:--------Reading Emails--------
[2019-04-10 06:40:06,494]INFO:Successfully fetched 0 emails
[2019-04-10 06:40:06,497]INFO:0 appointment(s) scraped from 0 email(s) in this period
[2019-04-10 06:40:06,498]INFO:--------Creating Events--------
[2019-04-10 06:40:06,498]INFO:No events to create in this period
[2019-04-10 06:40:06,499]INFO:########Scanning Period Ends########
[2019-04-10 06:50:04,838]INFO:########Scanning Period Starts########
[2019-04-10 06:50:04,839]INFO:--------Reading Emails--------
[2019-04-10 06:50:06,127]INFO:Successfully fetched 0 emails
[2019-04-10 06:50:06,131]INFO:0 appointment(s) scraped from 0 email(s) in this period
[2019-04-10 06:50:06,140]INFO:--------Creating Events--------
[2019-04-10 06:50:06,141]INFO:No events to create in this period
[2019-04-10 06:50:06,142]INFO:########Scanning Period Ends########
[2019-04-10 07:00:05,445]INFO:########Scanning Period Starts########
[2019-04-10 07:00:05,445]INFO:--------Reading Emails--------
[2019-04-10 07:00:06,884]INFO:Successfully fetched 0 emails
[2019-04-10 07:00:06,891]INFO:0 appointment(s) scraped from 0 email(s) in this period
[2019-04-10 07:00:06,892]INFO:--------Creating Events--------
[2019-04-10 07:00:06,893]INFO:No events to create in this period
[2019-04-10 07:00:06,893]INFO:########Scanning Period Ends########
[2019-04-10 07:10:05,244]INFO:########Scanning Period Starts########
[2019-04-10 07:10:05,245]INFO:--------Reading Emails--------
[2019-04-10 07:10:06,566]INFO:Successfully fetched 0 emails
[2019-04-10 07:10:06,580]INFO:0 appointment(s) scraped from 0 email(s) in this period
[2019-04-10 07:10:06,581]INFO:--------Creating Events--------
[2019-04-10 07:10:06,582]INFO:No events to create in this period
[2019-04-10 07:10:06,582]INFO:########Scanning Period Ends########
[2019-04-10 07:20:05,063]INFO:########Scanning Period Starts########
[2019-04-10 07:20:05,064]INFO:--------Reading Emails--------
[2019-04-10 07:20:06,005]INFO:Successfully fetched 0 emails
[2019-04-10 07:20:06,009]INFO:0 appointment(s) scraped from 0 email(s) in this period
[2019-04-10 07:20:06,010]INFO:--------Creating Events--------
[2019-04-10 07:20:06,010]INFO:No events to create in this period
[2019-04-10 07:20:06,011]INFO:########Scanning Period Ends########
[2019-04-10 07:30:05,424]INFO:########Scanning Period Starts########
[2019-04-10 07:30:05,424]INFO:--------Reading Emails--------
[2019-04-10 07:30:06,859]INFO:Successfully fetched 0 emails
[2019-04-10 07:30:06,863]INFO:0 appointment(s) scraped from 0 email(s) in this period
[2019-04-10 07:30:06,873]INFO:--------Creating Events--------
[2019-04-10 07:30:06,873]INFO:No events to create in this period
[2019-04-10 07:30:06,874]INFO:########Scanning Period Ends########
[2019-04-10 07:40:05,220]INFO:########Scanning Period Starts########
[2019-04-10 07:40:05,220]INFO:--------Reading Emails--------
[2019-04-10 07:40:06,315]INFO:Successfully fetched 0 emails
[2019-04-10 07:40:06,318]INFO:0 appointment(s) scraped from 0 email(s) in this period
[2019-04-10 07:40:06,319]INFO:--------Creating Events--------
[2019-04-10 07:40:06,320]INFO:No events to create in this period
[2019-04-10 07:40:06,320]INFO:########Scanning Period Ends########
[2019-04-10 07:50:05,634]INFO:########Scanning Period Starts########
[2019-04-10 07:50:05,635]INFO:--------Reading Emails--------
[2019-04-10 07:50:06,618]INFO:Successfully fetched 0 emails
[2019-04-10 07:50:06,622]INFO:0 appointment(s) scraped from 0 email(s) in this period
[2019-04-10 07:50:06,622]INFO:--------Creating Events--------
[2019-04-10 07:50:06,623]INFO:No events to create in this period
[2019-04-10 07:50:06,624]INFO:########Scanning Period Ends########
[2019-04-10 08:00:04,995]INFO:########Scanning Period Starts########
[2019-04-10 08:00:04,996]INFO:--------Reading Emails--------
[2019-04-10 08:00:06,599]INFO:Successfully fetched 0 emails
[2019-04-10 08:00:06,603]INFO:0 appointment(s) scraped from 0 email(s) in this period
[2019-04-10 08:00:06,608]INFO:--------Creating Events--------
[2019-04-10 08:00:06,609]INFO:No events to create in this period
[2019-04-10 08:00:06,610]INFO:########Scanning Period Ends########
[2019-04-10 08:10:04,941]INFO:########Scanning Period Starts########
[2019-04-10 08:10:04,942]INFO:--------Reading Emails--------
[2019-04-10 08:10:06,552]INFO:Successfully fetched 0 emails
[2019-04-10 08:10:06,555]INFO:0 appointment(s) scraped from 0 email(s) in this period
[2019-04-10 08:10:06,561]INFO:--------Creating Events--------
[2019-04-10 08:10:06,562]INFO:No events to create in this period
[2019-04-10 08:10:06,562]INFO:########Scanning Period Ends########
[2019-04-10 08:20:04,990]INFO:########Scanning Period Starts########
[2019-04-10 08:20:04,990]INFO:--------Reading Emails--------
[2019-04-10 08:20:06,058]INFO:Successfully fetched 0 emails
[2019-04-10 08:20:06,062]INFO:0 appointment(s) scraped from 0 email(s) in this period
[2019-04-10 08:20:06,063]INFO:--------Creating Events--------
[2019-04-10 08:20:06,063]INFO:No events to create in this period
[2019-04-10 08:20:06,064]INFO:########Scanning Period Ends########
[2019-04-10 08:30:05,438]INFO:########Scanning Period Starts########
[2019-04-10 08:30:05,439]INFO:--------Reading Emails--------
[2019-04-10 08:30:06,587]INFO:Successfully fetched 0 emails
[2019-04-10 08:30:06,591]INFO:0 appointment(s) scraped from 0 email(s) in this period
[2019-04-10 08:30:06,600]INFO:--------Creating Events--------
[2019-04-10 08:30:06,601]INFO:No events to create in this period
[2019-04-10 08:30:06,602]INFO:########Scanning Period Ends########
[2019-04-10 08:40:04,974]INFO:########Scanning Period Starts########
[2019-04-10 08:40:04,975]INFO:--------Reading Emails--------
[2019-04-10 08:40:06,047]INFO:Successfully fetched 0 emails
[2019-04-10 08:40:06,051]INFO:0 appointment(s) scraped from 0 email(s) in this period
[2019-04-10 08:40:06,052]INFO:--------Creating Events--------
[2019-04-10 08:40:06,052]INFO:No events to create in this period
[2019-04-10 08:40:06,053]INFO:########Scanning Period Ends########
[2019-04-10 08:50:05,429]INFO:########Scanning Period Starts########
[2019-04-10 08:50:05,429]INFO:--------Reading Emails--------
[2019-04-10 08:50:06,597]INFO:Successfully fetched 0 emails
[2019-04-10 08:50:06,601]INFO:0 appointment(s) scraped from 0 email(s) in this period
[2019-04-10 08:50:06,610]INFO:--------Creating Events--------
[2019-04-10 08:50:06,611]INFO:No events to create in this period
[2019-04-10 08:50:06,612]INFO:########Scanning Period Ends########
[2019-04-10 09:00:04,957]INFO:########Scanning Period Starts########
[2019-04-10 09:00:04,957]INFO:--------Reading Emails--------
[2019-04-10 09:00:05,989]INFO:Successfully fetched 0 emails
[2019-04-10 09:00:05,993]INFO:0 appointment(s) scraped from 0 email(s) in this period
[2019-04-10 09:00:05,993]INFO:--------Creating Events--------
[2019-04-10 09:00:05,994]INFO:No events to create in this period
[2019-04-10 09:00:05,995]INFO:########Scanning Period Ends########
[2019-04-10 09:10:05,365]INFO:########Scanning Period Starts########
[2019-04-10 09:10:05,366]INFO:--------Reading Emails--------
[2019-04-10 09:10:06,562]INFO:Successfully fetched 0 emails
[2019-04-10 09:10:06,565]INFO:0 appointment(s) scraped from 0 email(s) in this period
[2019-04-10 09:10:06,575]INFO:--------Creating Events--------
[2019-04-10 09:10:06,576]INFO:No events to create in this period
[2019-04-10 09:10:06,577]INFO:########Scanning Period Ends########
[2019-04-10 09:20:05,008]INFO:########Scanning Period Starts########
[2019-04-10 09:20:05,009]INFO:--------Reading Emails--------
[2019-04-10 09:20:06,359]INFO:Successfully fetched 0 emails
[2019-04-10 09:20:06,368]INFO:0 appointment(s) scraped from 0 email(s) in this period
[2019-04-10 09:20:06,369]INFO:--------Creating Events--------
[2019-04-10 09:20:06,370]INFO:No events to create in this period
[2019-04-10 09:20:06,371]INFO:########Scanning Period Ends########
[2019-04-10 09:30:05,738]INFO:########Scanning Period Starts########
[2019-04-10 09:30:05,739]INFO:--------Reading Emails--------
[2019-04-10 09:30:06,984]INFO:Successfully fetched 0 emails
[2019-04-10 09:30:06,987]INFO:0 appointment(s) scraped from 0 email(s) in this period
[2019-04-10 09:30:06,997]INFO:--------Creating Events--------
[2019-04-10 09:30:06,998]INFO:No events to create in this period
[2019-04-10 09:30:06,998]INFO:########Scanning Period Ends########
[2019-04-10 09:40:05,326]INFO:########Scanning Period Starts########
[2019-04-10 09:40:05,326]INFO:--------Reading Emails--------
[2019-04-10 09:40:06,174]INFO:Successfully fetched 0 emails
[2019-04-10 09:40:06,177]INFO:0 appointment(s) scraped from 0 email(s) in this period
[2019-04-10 09:40:06,178]INFO:--------Creating Events--------
[2019-04-10 09:40:06,179]INFO:No events to create in this period
[2019-04-10 09:40:06,179]INFO:########Scanning Period Ends########
[2019-04-10 09:50:05,494]INFO:########Scanning Period Starts########
[2019-04-10 09:50:05,494]INFO:--------Reading Emails--------
[2019-04-10 09:50:06,953]INFO:Successfully fetched 0 emails
[2019-04-10 09:50:06,956]INFO:0 appointment(s) scraped from 0 email(s) in this period
[2019-04-10 09:50:06,962]INFO:--------Creating Events--------
[2019-04-10 09:50:06,963]INFO:No events to create in this period
[2019-04-10 09:50:06,963]INFO:########Scanning Period Ends########
[2019-04-10 10:00:05,354]INFO:########Scanning Period Starts########
[2019-04-10 10:00:05,355]INFO:--------Reading Emails--------
[2019-04-10 10:00:06,651]INFO:Successfully fetched 0 emails
[2019-04-10 10:00:06,654]INFO:0 appointment(s) scraped from 0 email(s) in this period
[2019-04-10 10:00:06,664]INFO:--------Creating Events--------
[2019-04-10 10:00:06,664]INFO:No events to create in this period
[2019-04-10 10:00:06,665]INFO:########Scanning Period Ends########
[2019-04-10 10:10:05,057]INFO:########Scanning Period Starts########
[2019-04-10 10:10:05,059]INFO:--------Reading Emails--------
[2019-04-10 10:10:06,213]INFO:Successfully fetched 0 emails
[2019-04-10 10:10:06,226]INFO:0 appointment(s) scraped from 0 email(s) in this period
[2019-04-10 10:10:06,227]INFO:--------Creating Events--------
[2019-04-10 10:10:06,227]INFO:No events to create in this period
[2019-04-10 10:10:06,228]INFO:########Scanning Period Ends########
[2019-04-10 10:20:05,660]INFO:########Scanning Period Starts########
[2019-04-10 10:20:05,661]INFO:--------Reading Emails--------
[2019-04-10 10:20:06,831]INFO:Successfully fetched 0 emails
[2019-04-10 10:20:06,835]INFO:0 appointment(s) scraped from 0 email(s) in this period
[2019-04-10 10:20:06,844]INFO:--------Creating Events--------
[2019-04-10 10:20:06,845]INFO:No events to create in this period
[2019-04-10 10:20:06,846]INFO:########Scanning Period Ends########
[2019-04-10 10:30:05,156]INFO:########Scanning Period Starts########
[2019-04-10 10:30:05,157]INFO:--------Reading Emails--------
[2019-04-10 10:30:06,536]INFO:Successfully fetched 0 emails
[2019-04-10 10:30:06,540]INFO:0 appointment(s) scraped from 0 email(s) in this period
[2019-04-10 10:30:06,550]INFO:--------Creating Events--------
[2019-04-10 10:30:06,551]INFO:No events to create in this period
[2019-04-10 10:30:06,551]INFO:########Scanning Period Ends########
[2019-04-10 10:40:04,882]INFO:########Scanning Period Starts########
[2019-04-10 10:40:04,883]INFO:--------Reading Emails--------
[2019-04-10 10:40:06,448]INFO:Successfully fetched 1 emails
[2019-04-10 10:40:06,509]INFO:1 appointment(s) scraped from 1 email(s) in this period
[2019-04-10 10:40:06,510]INFO:--------Creating Events--------
[2019-04-10 10:40:06,525]INFO:URL being requested: GET https://www.googleapis.com/discovery/v1/apis/calendar/v3/rest
[2019-04-10 10:40:06,861]INFO:URL being requested: POST https://www.googleapis.com/calendar/v3/calendars/primary/events?alt=json
[2019-04-10 10:40:06,910]INFO:Refreshing due to a 401 (attempt 1/2)
[2019-04-10 10:40:06,912]INFO:Refreshing access_token
[2019-04-10 10:40:07,442]INFO:Event created for [Queylah-Meichelle Gaines] for course [College Algebra] from [2019-04-11 14:30:00] to [2019-04-11 15:00:00]
[2019-04-10 10:40:07,443]INFO:########Scanning Period Ends########
[2019-04-10 10:50:05,816]INFO:########Scanning Period Starts########
[2019-04-10 10:50:05,817]INFO:--------Reading Emails--------
[2019-04-10 10:50:07,594]INFO:Successfully fetched 1 emails
[2019-04-10 10:50:07,648]INFO:1 appointment(s) scraped from 1 email(s) in this period
[2019-04-10 10:50:07,649]INFO:--------Creating Events--------
[2019-04-10 10:50:07,663]INFO:URL being requested: GET https://www.googleapis.com/discovery/v1/apis/calendar/v3/rest
[2019-04-10 10:50:08,031]INFO:URL being requested: POST https://www.googleapis.com/calendar/v3/calendars/primary/events?alt=json
[2019-04-10 10:50:08,275]INFO:Event created for [Darren Hankins] for course [College Algebra] from [2019-04-11 13:00:00] to [2019-04-11 13:30:00]
[2019-04-10 10:50:08,276]INFO:########Scanning Period Ends########
[2019-04-10 11:00:05,635]INFO:########Scanning Period Starts########
[2019-04-10 11:00:05,636]INFO:--------Reading Emails--------
[2019-04-10 11:00:07,200]INFO:Successfully fetched 0 emails
[2019-04-10 11:00:07,203]INFO:0 appointment(s) scraped from 0 email(s) in this period
[2019-04-10 11:00:07,213]INFO:--------Creating Events--------
[2019-04-10 11:00:07,214]INFO:No events to create in this period
[2019-04-10 11:00:07,214]INFO:########Scanning Period Ends########
[2019-04-10 11:10:05,574]INFO:########Scanning Period Starts########
[2019-04-10 11:10:05,574]INFO:--------Reading Emails--------
[2019-04-10 11:10:06,829]INFO:Successfully fetched 0 emails
[2019-04-10 11:10:06,833]INFO:0 appointment(s) scraped from 0 email(s) in this period
[2019-04-10 11:10:06,834]INFO:--------Creating Events--------
[2019-04-10 11:10:06,834]INFO:No events to create in this period
[2019-04-10 11:10:06,835]INFO:########Scanning Period Ends########
[2019-04-10 11:20:05,285]INFO:########Scanning Period Starts########
[2019-04-10 11:20:05,285]INFO:--------Reading Emails--------
[2019-04-10 11:20:06,727]INFO:Successfully fetched 0 emails
[2019-04-10 11:20:06,740]INFO:0 appointment(s) scraped from 0 email(s) in this period
[2019-04-10 11:20:06,741]INFO:--------Creating Events--------
[2019-04-10 11:20:06,742]INFO:No events to create in this period
[2019-04-10 11:20:06,743]INFO:########Scanning Period Ends########
[2019-04-10 11:30:05,118]INFO:########Scanning Period Starts########
[2019-04-10 11:30:05,119]INFO:--------Reading Emails--------
[2019-04-10 11:30:06,765]INFO:Successfully fetched 1 emails
[2019-04-10 11:30:06,819]INFO:1 appointment(s) scraped from 1 email(s) in this period
[2019-04-10 11:30:06,820]INFO:--------Creating Events--------
[2019-04-10 11:30:06,835]INFO:URL being requested: GET https://www.googleapis.com/discovery/v1/apis/calendar/v3/rest
[2019-04-10 11:30:07,198]INFO:URL being requested: POST https://www.googleapis.com/calendar/v3/calendars/primary/events?alt=json
[2019-04-10 11:30:07,446]INFO:Event created for [Evan Deters] for course [ENED1100] from [2019-04-11 13:30:00] to [2019-04-11 14:00:00]
[2019-04-10 11:30:07,447]INFO:########Scanning Period Ends########
[2019-04-10 11:40:05,764]INFO:########Scanning Period Starts########
[2019-04-10 11:40:05,765]INFO:--------Reading Emails--------
[2019-04-10 11:40:06,908]INFO:Successfully fetched 0 emails
[2019-04-10 11:40:06,912]INFO:0 appointment(s) scraped from 0 email(s) in this period
[2019-04-10 11:40:06,913]INFO:--------Creating Events--------
[2019-04-10 11:40:06,914]INFO:No events to create in this period
[2019-04-10 11:40:06,914]INFO:########Scanning Period Ends########
[2019-04-10 11:50:05,264]INFO:########Scanning Period Starts########
[2019-04-10 11:50:05,265]INFO:--------Reading Emails--------
[2019-04-10 11:50:06,196]INFO:Successfully fetched 0 emails
[2019-04-10 11:50:06,200]INFO:0 appointment(s) scraped from 0 email(s) in this period
[2019-04-10 11:50:06,200]INFO:--------Creating Events--------
[2019-04-10 11:50:06,201]INFO:No events to create in this period
[2019-04-10 11:50:06,202]INFO:########Scanning Period Ends########
[2019-04-10 12:00:05,597]INFO:########Scanning Period Starts########
[2019-04-10 12:00:05,597]INFO:--------Reading Emails--------
[2019-04-10 12:00:06,783]INFO:Successfully fetched 0 emails
[2019-04-10 12:00:06,786]INFO:0 appointment(s) scraped from 0 email(s) in this period
[2019-04-10 12:00:06,791]INFO:--------Creating Events--------
[2019-04-10 12:00:06,792]INFO:No events to create in this period
[2019-04-10 12:00:06,793]INFO:########Scanning Period Ends########
[2019-04-10 12:10:05,145]INFO:########Scanning Period Starts########
[2019-04-10 12:10:05,146]INFO:--------Reading Emails--------
[2019-04-10 12:10:06,405]INFO:Successfully fetched 0 emails
[2019-04-10 12:10:06,409]INFO:0 appointment(s) scraped from 0 email(s) in this period
[2019-04-10 12:10:06,414]INFO:--------Creating Events--------
[2019-04-10 12:10:06,415]INFO:No events to create in this period
[2019-04-10 12:10:06,415]INFO:########Scanning Period Ends########
[2019-04-10 12:20:04,840]INFO:########Scanning Period Starts########
[2019-04-10 12:20:04,841]INFO:--------Reading Emails--------
[2019-04-10 12:20:05,874]INFO:Successfully fetched 0 emails
[2019-04-10 12:20:05,877]INFO:0 appointment(s) scraped from 0 email(s) in this period
[2019-04-10 12:20:05,878]INFO:--------Creating Events--------
[2019-04-10 12:20:05,878]INFO:No events to create in this period
[2019-04-10 12:20:05,879]INFO:########Scanning Period Ends########
[2019-04-10 12:30:05,257]INFO:########Scanning Period Starts########
[2019-04-10 12:30:05,258]INFO:--------Reading Emails--------
[2019-04-10 12:30:06,235]INFO:Successfully fetched 0 emails
[2019-04-10 12:30:06,238]INFO:0 appointment(s) scraped from 0 email(s) in this period
[2019-04-10 12:30:06,239]INFO:--------Creating Events--------
[2019-04-10 12:30:06,239]INFO:No events to create in this period
[2019-04-10 12:30:06,240]INFO:########Scanning Period Ends########
[2019-04-10 12:40:05,568]INFO:########Scanning Period Starts########
[2019-04-10 12:40:05,569]INFO:--------Reading Emails--------
[2019-04-10 12:40:06,773]INFO:Successfully fetched 0 emails
[2019-04-10 12:40:06,776]INFO:0 appointment(s) scraped from 0 email(s) in this period
[2019-04-10 12:40:06,782]INFO:--------Creating Events--------
[2019-04-10 12:40:06,782]INFO:No events to create in this period
[2019-04-10 12:40:06,783]INFO:########Scanning Period Ends########
[2019-04-10 12:50:05,179]INFO:########Scanning Period Starts########
[2019-04-10 12:50:05,180]INFO:--------Reading Emails--------
[2019-04-10 12:50:06,355]INFO:Successfully fetched 0 emails
[2019-04-10 12:50:06,358]INFO:0 appointment(s) scraped from 0 email(s) in this period
[2019-04-10 12:50:06,364]INFO:--------Creating Events--------
[2019-04-10 12:50:06,364]INFO:No events to create in this period
[2019-04-10 12:50:06,365]INFO:########Scanning Period Ends########
[2019-04-10 13:00:05,674]INFO:########Scanning Period Starts########
[2019-04-10 13:00:05,675]INFO:--------Reading Emails--------
[2019-04-10 13:00:06,776]INFO:Successfully fetched 0 emails
[2019-04-10 13:00:06,779]INFO:0 appointment(s) scraped from 0 email(s) in this period
[2019-04-10 13:00:06,780]INFO:--------Creating Events--------
[2019-04-10 13:00:06,780]INFO:No events to create in this period
[2019-04-10 13:00:06,781]INFO:########Scanning Period Ends########
[2019-04-10 13:10:05,134]INFO:########Scanning Period Starts########
[2019-04-10 13:10:05,134]INFO:--------Reading Emails--------
[2019-04-10 13:10:07,105]INFO:Successfully fetched 0 emails
[2019-04-10 13:10:07,115]INFO:0 appointment(s) scraped from 0 email(s) in this period
[2019-04-10 13:10:07,116]INFO:--------Creating Events--------
[2019-04-10 13:10:07,117]INFO:No events to create in this period
[2019-04-10 13:10:07,117]INFO:########Scanning Period Ends########
[2019-04-10 13:20:05,529]INFO:########Scanning Period Starts########
[2019-04-10 13:20:05,529]INFO:--------Reading Emails--------
[2019-04-10 13:20:06,504]INFO:Successfully fetched 0 emails
[2019-04-10 13:20:06,507]INFO:0 appointment(s) scraped from 0 email(s) in this period
[2019-04-10 13:20:06,508]INFO:--------Creating Events--------
[2019-04-10 13:20:06,509]INFO:No events to create in this period
[2019-04-10 13:20:06,510]INFO:########Scanning Period Ends########
[2019-04-10 13:30:04,855]INFO:########Scanning Period Starts########
[2019-04-10 13:30:04,855]INFO:--------Reading Emails--------
[2019-04-10 13:30:06,012]INFO:Successfully fetched 0 emails
[2019-04-10 13:30:06,015]INFO:0 appointment(s) scraped from 0 email(s) in this period
[2019-04-10 13:30:06,016]INFO:--------Creating Events--------
[2019-04-10 13:30:06,017]INFO:No events to create in this period
[2019-04-10 13:30:06,017]INFO:########Scanning Period Ends########
[2019-04-10 13:40:05,392]INFO:########Scanning Period Starts########
[2019-04-10 13:40:05,393]INFO:--------Reading Emails--------
[2019-04-10 13:40:06,267]INFO:Successfully fetched 0 emails
[2019-04-10 13:40:06,270]INFO:0 appointment(s) scraped from 0 email(s) in this period
[2019-04-10 13:40:06,271]INFO:--------Creating Events--------
[2019-04-10 13:40:06,272]INFO:No events to create in this period
[2019-04-10 13:40:06,272]INFO:########Scanning Period Ends########
[2019-04-10 13:50:05,638]INFO:########Scanning Period Starts########
[2019-04-10 13:50:05,638]INFO:--------Reading Emails--------
[2019-04-10 13:50:06,956]INFO:Successfully fetched 0 emails
[2019-04-10 13:50:06,969]INFO:0 appointment(s) scraped from 0 email(s) in this period
[2019-04-10 13:50:06,970]INFO:--------Creating Events--------
[2019-04-10 13:50:06,971]INFO:No events to create in this period
[2019-04-10 13:50:06,971]INFO:########Scanning Period Ends########
[2019-04-10 14:00:05,352]INFO:########Scanning Period Starts########
[2019-04-10 14:00:05,353]INFO:--------Reading Emails--------
[2019-04-10 14:00:06,291]INFO:Successfully fetched 0 emails
[2019-04-10 14:00:06,295]INFO:0 appointment(s) scraped from 0 email(s) in this period
[2019-04-10 14:00:06,295]INFO:--------Creating Events--------
[2019-04-10 14:00:06,296]INFO:No events to create in this period
[2019-04-10 14:00:06,297]INFO:########Scanning Period Ends########
[2019-04-10 14:10:05,664]INFO:########Scanning Period Starts########
[2019-04-10 14:10:05,664]INFO:--------Reading Emails--------
[2019-04-10 14:10:06,778]INFO:Successfully fetched 0 emails
[2019-04-10 14:10:06,781]INFO:0 appointment(s) scraped from 0 email(s) in this period
[2019-04-10 14:10:06,782]INFO:--------Creating Events--------
[2019-04-10 14:10:06,783]INFO:No events to create in this period
[2019-04-10 14:10:06,784]INFO:########Scanning Period Ends########
[2019-04-10 14:20:05,179]INFO:########Scanning Period Starts########
[2019-04-10 14:20:05,180]INFO:--------Reading Emails--------
[2019-04-10 14:20:06,439]INFO:Successfully fetched 0 emails
[2019-04-10 14:20:06,442]INFO:0 appointment(s) scraped from 0 email(s) in this period
[2019-04-10 14:20:06,452]INFO:--------Creating Events--------
[2019-04-10 14:20:06,453]INFO:No events to create in this period
[2019-04-10 14:20:06,453]INFO:########Scanning Period Ends########
[2019-04-10 14:30:05,803]INFO:########Scanning Period Starts########
[2019-04-10 14:30:05,803]INFO:--------Reading Emails--------
[2019-04-10 14:30:06,893]INFO:Successfully fetched 0 emails
[2019-04-10 14:30:06,896]INFO:0 appointment(s) scraped from 0 email(s) in this period
[2019-04-10 14:30:06,897]INFO:--------Creating Events--------
[2019-04-10 14:30:06,898]INFO:No events to create in this period
[2019-04-10 14:30:06,898]INFO:########Scanning Period Ends########
[2019-04-10 14:40:05,315]INFO:########Scanning Period Starts########
[2019-04-10 14:40:05,316]INFO:--------Reading Emails--------
[2019-04-10 14:40:06,679]INFO:Successfully fetched 0 emails
[2019-04-10 14:40:06,692]INFO:0 appointment(s) scraped from 0 email(s) in this period
[2019-04-10 14:40:06,693]INFO:--------Creating Events--------
[2019-04-10 14:40:06,694]INFO:No events to create in this period
[2019-04-10 14:40:06,695]INFO:########Scanning Period Ends########
[2019-04-10 14:50:05,052]INFO:########Scanning Period Starts########
[2019-04-10 14:50:05,053]INFO:--------Reading Emails--------
[2019-04-10 14:50:06,114]INFO:Successfully fetched 0 emails
[2019-04-10 14:50:06,117]INFO:0 appointment(s) scraped from 0 email(s) in this period
[2019-04-10 14:50:06,118]INFO:--------Creating Events--------
[2019-04-10 14:50:06,118]INFO:No events to create in this period
[2019-04-10 14:50:06,119]INFO:########Scanning Period Ends########
[2019-04-10 15:00:05,461]INFO:########Scanning Period Starts########
[2019-04-10 15:00:05,461]INFO:--------Reading Emails--------
[2019-04-10 15:00:06,436]INFO:Successfully fetched 0 emails
[2019-04-10 15:00:06,439]INFO:0 appointment(s) scraped from 0 email(s) in this period
[2019-04-10 15:00:06,440]INFO:--------Creating Events--------
[2019-04-10 15:00:06,441]INFO:No events to create in this period
[2019-04-10 15:00:06,441]INFO:########Scanning Period Ends########
[2019-04-10 15:10:05,793]INFO:########Scanning Period Starts########
[2019-04-10 15:10:05,793]INFO:--------Reading Emails--------
[2019-04-10 15:10:06,838]INFO:Successfully fetched 0 emails
[2019-04-10 15:10:06,842]INFO:0 appointment(s) scraped from 0 email(s) in this period
[2019-04-10 15:10:06,843]INFO:--------Creating Events--------
[2019-04-10 15:10:06,843]INFO:No events to create in this period
[2019-04-10 15:10:06,844]INFO:########Scanning Period Ends########
[2019-04-10 15:20:05,309]INFO:########Scanning Period Starts########
[2019-04-10 15:20:05,310]INFO:--------Reading Emails--------
[2019-04-10 15:20:06,277]INFO:Successfully fetched 0 emails
[2019-04-10 15:20:06,281]INFO:0 appointment(s) scraped from 0 email(s) in this period
[2019-04-10 15:20:06,282]INFO:--------Creating Events--------
[2019-04-10 15:20:06,282]INFO:No events to create in this period
[2019-04-10 15:20:06,283]INFO:########Scanning Period Ends########
[2019-04-10 15:30:05,628]INFO:########Scanning Period Starts########
[2019-04-10 15:30:05,628]INFO:--------Reading Emails--------
[2019-04-10 15:30:06,796]INFO:Successfully fetched 0 emails
[2019-04-10 15:30:06,799]INFO:0 appointment(s) scraped from 0 email(s) in this period
[2019-04-10 15:30:06,809]INFO:--------Creating Events--------
[2019-04-10 15:30:06,809]INFO:No events to create in this period
[2019-04-10 15:30:06,810]INFO:########Scanning Period Ends########
[2019-04-10 15:40:05,177]INFO:########Scanning Period Starts########
[2019-04-10 15:40:05,177]INFO:--------Reading Emails--------
[2019-04-10 15:40:06,366]INFO:Successfully fetched 0 emails
[2019-04-10 15:40:06,370]INFO:0 appointment(s) scraped from 0 email(s) in this period
[2019-04-10 15:40:06,375]INFO:--------Creating Events--------
[2019-04-10 15:40:06,376]INFO:No events to create in this period
[2019-04-10 15:40:06,377]INFO:########Scanning Period Ends########
[2019-04-10 15:50:05,752]INFO:########Scanning Period Starts########
[2019-04-10 15:50:05,753]INFO:--------Reading Emails--------
[2019-04-10 15:50:06,920]INFO:Successfully fetched 0 emails
[2019-04-10 15:50:06,933]INFO:0 appointment(s) scraped from 0 email(s) in this period
[2019-04-10 15:50:06,934]INFO:--------Creating Events--------
[2019-04-10 15:50:06,935]INFO:No events to create in this period
[2019-04-10 15:50:06,936]INFO:########Scanning Period Ends########
[2019-04-10 16:00:05,322]INFO:########Scanning Period Starts########
[2019-04-10 16:00:05,322]INFO:--------Reading Emails--------
[2019-04-10 16:00:06,318]INFO:Successfully fetched 0 emails
[2019-04-10 16:00:06,322]INFO:0 appointment(s) scraped from 0 email(s) in this period
[2019-04-10 16:00:06,323]INFO:--------Creating Events--------
[2019-04-10 16:00:06,323]INFO:No events to create in this period
[2019-04-10 16:00:06,324]INFO:########Scanning Period Ends########
[2019-04-10 16:10:05,665]INFO:########Scanning Period Starts########
[2019-04-10 16:10:05,666]INFO:--------Reading Emails--------
[2019-04-10 16:10:07,025]INFO:Successfully fetched 0 emails
[2019-04-10 16:10:07,028]INFO:0 appointment(s) scraped from 0 email(s) in this period
[2019-04-10 16:10:07,029]INFO:--------Creating Events--------
[2019-04-10 16:10:07,029]INFO:No events to create in this period
[2019-04-10 16:10:07,030]INFO:########Scanning Period Ends########
[2019-04-10 16:20:05,404]INFO:########Scanning Period Starts########
[2019-04-10 16:20:05,404]INFO:--------Reading Emails--------
[2019-04-10 16:20:06,301]INFO:Successfully fetched 0 emails
[2019-04-10 16:20:06,304]INFO:0 appointment(s) scraped from 0 email(s) in this period
[2019-04-10 16:20:06,305]INFO:--------Creating Events--------
[2019-04-10 16:20:06,305]INFO:No events to create in this period
[2019-04-10 16:20:06,306]INFO:########Scanning Period Ends########
[2019-04-10 16:30:05,670]INFO:########Scanning Period Starts########
[2019-04-10 16:30:05,671]INFO:--------Reading Emails--------
[2019-04-10 16:30:06,804]INFO:Successfully fetched 0 emails
[2019-04-10 16:30:06,808]INFO:0 appointment(s) scraped from 0 email(s) in this period
[2019-04-10 16:30:06,809]INFO:--------Creating Events--------
[2019-04-10 16:30:06,809]INFO:No events to create in this period
[2019-04-10 16:30:06,810]INFO:########Scanning Period Ends########
[2019-04-10 16:40:05,141]INFO:########Scanning Period Starts########
[2019-04-10 16:40:05,141]INFO:--------Reading Emails--------
[2019-04-10 16:40:06,269]INFO:Successfully fetched 0 emails
[2019-04-10 16:40:06,273]INFO:0 appointment(s) scraped from 0 email(s) in this period
[2019-04-10 16:40:06,274]INFO:--------Creating Events--------
[2019-04-10 16:40:06,274]INFO:No events to create in this period
[2019-04-10 16:40:06,275]INFO:########Scanning Period Ends########
[2019-04-10 16:50:05,613]INFO:########Scanning Period Starts########
[2019-04-10 16:50:05,614]INFO:--------Reading Emails--------
[2019-04-10 16:50:06,972]INFO:Successfully fetched 0 emails
[2019-04-10 16:50:06,975]INFO:0 appointment(s) scraped from 0 email(s) in this period
[2019-04-10 16:50:06,985]INFO:--------Creating Events--------
[2019-04-10 16:50:06,986]INFO:No events to create in this period
[2019-04-10 16:50:06,987]INFO:########Scanning Period Ends########
[2019-04-10 17:00:05,293]INFO:########Scanning Period Starts########
[2019-04-10 17:00:05,293]INFO:--------Reading Emails--------
[2019-04-10 17:00:06,584]INFO:Successfully fetched 0 emails
[2019-04-10 17:00:06,588]INFO:0 appointment(s) scraped from 0 email(s) in this period
[2019-04-10 17:00:06,593]INFO:--------Creating Events--------
[2019-04-10 17:00:06,594]INFO:No events to create in this period
[2019-04-10 17:00:06,594]INFO:########Scanning Period Ends########
[2019-04-10 17:10:04,884]INFO:########Scanning Period Starts########
[2019-04-10 17:10:04,885]INFO:--------Reading Emails--------
[2019-04-10 17:10:05,978]INFO:Successfully fetched 0 emails
[2019-04-10 17:10:05,982]INFO:0 appointment(s) scraped from 0 email(s) in this period
[2019-04-10 17:10:05,983]INFO:--------Creating Events--------
[2019-04-10 17:10:05,983]INFO:No events to create in this period
[2019-04-10 17:10:05,984]INFO:########Scanning Period Ends########
[2019-04-10 17:20:05,397]INFO:########Scanning Period Starts########
[2019-04-10 17:20:05,398]INFO:--------Reading Emails--------
[2019-04-10 17:20:06,391]INFO:Successfully fetched 0 emails
[2019-04-10 17:20:06,395]INFO:0 appointment(s) scraped from 0 email(s) in this period
[2019-04-10 17:20:06,395]INFO:--------Creating Events--------
[2019-04-10 17:20:06,396]INFO:No events to create in this period
[2019-04-10 17:20:06,397]INFO:########Scanning Period Ends########
[2019-04-10 17:30:05,724]INFO:########Scanning Period Starts########
[2019-04-10 17:30:05,725]INFO:--------Reading Emails--------
[2019-04-10 17:30:06,959]INFO:Successfully fetched 0 emails
[2019-04-10 17:30:06,963]INFO:0 appointment(s) scraped from 0 email(s) in this period
[2019-04-10 17:30:06,972]INFO:--------Creating Events--------
[2019-04-10 17:30:06,973]INFO:No events to create in this period
[2019-04-10 17:30:06,974]INFO:########Scanning Period Ends########
[2019-04-10 17:40:05,305]INFO:########Scanning Period Starts########
[2019-04-10 17:40:05,306]INFO:--------Reading Emails--------
[2019-04-10 17:40:06,412]INFO:Successfully fetched 0 emails
[2019-04-10 17:40:06,416]INFO:0 appointment(s) scraped from 0 email(s) in this period
[2019-04-10 17:40:06,416]INFO:--------Creating Events--------
[2019-04-10 17:40:06,417]INFO:No events to create in this period
[2019-04-10 17:40:06,418]INFO:########Scanning Period Ends########
[2019-04-10 17:50:05,794]INFO:########Scanning Period Starts########
[2019-04-10 17:50:05,794]INFO:--------Reading Emails--------
[2019-04-10 17:50:07,042]INFO:Successfully fetched 0 emails
[2019-04-10 17:50:07,055]INFO:0 appointment(s) scraped from 0 email(s) in this period
[2019-04-10 17:50:07,057]INFO:--------Creating Events--------
[2019-04-10 17:50:07,057]INFO:No events to create in this period
[2019-04-10 17:50:07,058]INFO:########Scanning Period Ends########
[2019-04-10 18:00:05,417]INFO:########Scanning Period Starts########
[2019-04-10 18:00:05,417]INFO:--------Reading Emails--------
[2019-04-10 18:00:06,403]INFO:Successfully fetched 0 emails
[2019-04-10 18:00:06,406]INFO:0 appointment(s) scraped from 0 email(s) in this period
[2019-04-10 18:00:06,407]INFO:--------Creating Events--------
[2019-04-10 18:00:06,408]INFO:No events to create in this period
[2019-04-10 18:00:06,408]INFO:########Scanning Period Ends########
[2019-04-10 18:10:05,714]INFO:########Scanning Period Starts########
[2019-04-10 18:10:05,718]INFO:--------Reading Emails--------
[2019-04-10 18:10:06,894]INFO:Successfully fetched 0 emails
[2019-04-10 18:10:06,897]INFO:0 appointment(s) scraped from 0 email(s) in this period
[2019-04-10 18:10:06,898]INFO:--------Creating Events--------
[2019-04-10 18:10:06,899]INFO:No events to create in this period
[2019-04-10 18:10:06,899]INFO:########Scanning Period Ends########
[2019-04-10 18:20:05,331]INFO:########Scanning Period Starts########
[2019-04-10 18:20:05,332]INFO:--------Reading Emails--------
[2019-04-10 18:20:06,770]INFO:Successfully fetched 0 emails
[2019-04-10 18:20:06,784]INFO:0 appointment(s) scraped from 0 email(s) in this period
[2019-04-10 18:20:06,785]INFO:--------Creating Events--------
[2019-04-10 18:20:06,786]INFO:No events to create in this period
[2019-04-10 18:20:06,786]INFO:########Scanning Period Ends########
[2019-04-10 18:30:05,090]INFO:########Scanning Period Starts########
[2019-04-10 18:30:05,091]INFO:--------Reading Emails--------
[2019-04-10 18:30:06,053]INFO:Successfully fetched 0 emails
[2019-04-10 18:30:06,056]INFO:0 appointment(s) scraped from 0 email(s) in this period
[2019-04-10 18:30:06,057]INFO:--------Creating Events--------
[2019-04-10 18:30:06,058]INFO:No events to create in this period
[2019-04-10 18:30:06,058]INFO:########Scanning Period Ends########
[2019-04-10 18:40:05,380]INFO:########Scanning Period Starts########
[2019-04-10 18:40:05,381]INFO:--------Reading Emails--------
[2019-04-10 18:40:06,669]INFO:Successfully fetched 0 emails
[2019-04-10 18:40:06,672]INFO:0 appointment(s) scraped from 0 email(s) in this period
[2019-04-10 18:40:06,682]INFO:--------Creating Events--------
[2019-04-10 18:40:06,683]INFO:No events to create in this period
[2019-04-10 18:40:06,684]INFO:########Scanning Period Ends########
[2019-04-10 18:50:05,005]INFO:########Scanning Period Starts########
[2019-04-10 18:50:05,006]INFO:--------Reading Emails--------
[2019-04-10 18:50:06,077]INFO:Successfully fetched 0 emails
[2019-04-10 18:50:06,080]INFO:0 appointment(s) scraped from 0 email(s) in this period
[2019-04-10 18:50:06,081]INFO:--------Creating Events--------
[2019-04-10 18:50:06,082]INFO:No events to create in this period
[2019-04-10 18:50:06,082]INFO:########Scanning Period Ends########
[2019-04-10 19:00:05,429]INFO:########Scanning Period Starts########
[2019-04-10 19:00:05,430]INFO:--------Reading Emails--------
[2019-04-10 19:00:06,609]INFO:Successfully fetched 0 emails
[2019-04-10 19:00:06,612]INFO:0 appointment(s) scraped from 0 email(s) in this period
[2019-04-10 19:00:06,622]INFO:--------Creating Events--------
[2019-04-10 19:00:06,623]INFO:No events to create in this period
[2019-04-10 19:00:06,623]INFO:########Scanning Period Ends########
[2019-04-10 19:10:04,938]INFO:########Scanning Period Starts########
[2019-04-10 19:10:04,940]INFO:--------Reading Emails--------
[2019-04-10 19:10:07,071]INFO:Successfully fetched 0 emails
[2019-04-10 19:10:07,074]INFO:0 appointment(s) scraped from 0 email(s) in this period
[2019-04-10 19:10:07,080]INFO:--------Creating Events--------
[2019-04-10 19:10:07,080]INFO:No events to create in this period
[2019-04-10 19:10:07,081]INFO:########Scanning Period Ends########
[2019-04-10 19:20:05,478]INFO:########Scanning Period Starts########
[2019-04-10 19:20:05,478]INFO:--------Reading Emails--------
[2019-04-10 19:20:06,813]INFO:Successfully fetched 0 emails
[2019-04-10 19:20:06,816]INFO:0 appointment(s) scraped from 0 email(s) in this period
[2019-04-10 19:20:06,826]INFO:--------Creating Events--------
[2019-04-10 19:20:06,827]INFO:No events to create in this period
[2019-04-10 19:20:06,828]INFO:########Scanning Period Ends########
[2019-04-10 19:30:05,188]INFO:########Scanning Period Starts########
[2019-04-10 19:30:05,189]INFO:--------Reading Emails--------
[2019-04-10 19:30:06,203]INFO:Successfully fetched 0 emails
[2019-04-10 19:30:06,206]INFO:0 appointment(s) scraped from 0 email(s) in this period
[2019-04-10 19:30:06,207]INFO:--------Creating Events--------
[2019-04-10 19:30:06,207]INFO:No events to create in this period
[2019-04-10 19:30:06,208]INFO:########Scanning Period Ends########
[2019-04-10 19:40:05,554]INFO:########Scanning Period Starts########
[2019-04-10 19:40:05,555]INFO:--------Reading Emails--------
[2019-04-10 19:40:06,548]INFO:Successfully fetched 0 emails
[2019-04-10 19:40:06,551]INFO:0 appointment(s) scraped from 0 email(s) in this period
[2019-04-10 19:40:06,552]INFO:--------Creating Events--------
[2019-04-10 19:40:06,553]INFO:No events to create in this period
[2019-04-10 19:40:06,553]INFO:########Scanning Period Ends########
[2019-04-10 19:50:04,905]INFO:########Scanning Period Starts########
[2019-04-10 19:50:04,906]INFO:--------Reading Emails--------
[2019-04-10 19:50:07,263]INFO:Successfully fetched 0 emails
[2019-04-10 19:50:07,267]INFO:0 appointment(s) scraped from 0 email(s) in this period
[2019-04-10 19:50:07,268]INFO:--------Creating Events--------
[2019-04-10 19:50:07,268]INFO:No events to create in this period
[2019-04-10 19:50:07,269]INFO:########Scanning Period Ends########
[2019-04-10 20:00:05,611]INFO:########Scanning Period Starts########
[2019-04-10 20:00:05,612]INFO:--------Reading Emails--------
[2019-04-10 20:00:06,981]INFO:Successfully fetched 0 emails
[2019-04-10 20:00:06,985]INFO:0 appointment(s) scraped from 0 email(s) in this period
[2019-04-10 20:00:06,985]INFO:--------Creating Events--------
[2019-04-10 20:00:06,986]INFO:No events to create in this period
[2019-04-10 20:00:06,987]INFO:########Scanning Period Ends########
[2019-04-10 20:10:05,324]INFO:########Scanning Period Starts########
[2019-04-10 20:10:05,324]INFO:--------Reading Emails--------
[2019-04-10 20:10:06,310]INFO:Successfully fetched 0 emails
[2019-04-10 20:10:06,314]INFO:0 appointment(s) scraped from 0 email(s) in this period
[2019-04-10 20:10:06,315]INFO:--------Creating Events--------
[2019-04-10 20:10:06,315]INFO:No events to create in this period
[2019-04-10 20:10:06,316]INFO:########Scanning Period Ends########
[2019-04-10 20:20:05,728]INFO:########Scanning Period Starts########
[2019-04-10 20:20:05,729]INFO:--------Reading Emails--------
[2019-04-10 20:20:06,867]INFO:Successfully fetched 0 emails
[2019-04-10 20:20:06,871]INFO:0 appointment(s) scraped from 0 email(s) in this period
[2019-04-10 20:20:06,872]INFO:--------Creating Events--------
[2019-04-10 20:20:06,873]INFO:No events to create in this period
[2019-04-10 20:20:06,873]INFO:########Scanning Period Ends########
[2019-04-10 20:30:05,225]INFO:########Scanning Period Starts########
[2019-04-10 20:30:05,226]INFO:--------Reading Emails--------
[2019-04-10 20:30:06,075]INFO:Successfully fetched 0 emails
[2019-04-10 20:30:06,079]INFO:0 appointment(s) scraped from 0 email(s) in this period
[2019-04-10 20:30:06,079]INFO:--------Creating Events--------
[2019-04-10 20:30:06,080]INFO:No events to create in this period
[2019-04-10 20:30:06,081]INFO:########Scanning Period Ends########
[2019-04-10 20:40:05,375]INFO:########Scanning Period Starts########
[2019-04-10 20:40:05,376]INFO:--------Reading Emails--------
[2019-04-10 20:40:06,594]INFO:Successfully fetched 0 emails
[2019-04-10 20:40:06,597]INFO:0 appointment(s) scraped from 0 email(s) in this period
[2019-04-10 20:40:06,607]INFO:--------Creating Events--------
[2019-04-10 20:40:06,608]INFO:No events to create in this period
[2019-04-10 20:40:06,609]INFO:########Scanning Period Ends########
[2019-04-10 20:50:04,944]INFO:########Scanning Period Starts########
[2019-04-10 20:50:04,945]INFO:--------Reading Emails--------
[2019-04-10 20:50:06,386]INFO:Successfully fetched 0 emails
[2019-04-10 20:50:06,389]INFO:0 appointment(s) scraped from 0 email(s) in this period
[2019-04-10 20:50:06,399]INFO:--------Creating Events--------
[2019-04-10 20:50:06,400]INFO:No events to create in this period
[2019-04-10 20:50:06,400]INFO:########Scanning Period Ends########
[2019-04-10 21:00:05,741]INFO:########Scanning Period Starts########
[2019-04-10 21:00:05,742]INFO:--------Reading Emails--------
[2019-04-10 21:00:06,951]INFO:Successfully fetched 0 emails
[2019-04-10 21:00:06,955]INFO:0 appointment(s) scraped from 0 email(s) in this period
[2019-04-10 21:00:06,960]INFO:--------Creating Events--------
[2019-04-10 21:00:06,961]INFO:No events to create in this period
[2019-04-10 21:00:06,962]INFO:########Scanning Period Ends########
[2019-04-10 21:10:05,242]INFO:########Scanning Period Starts########
[2019-04-10 21:10:05,242]INFO:--------Reading Emails--------
[2019-04-10 21:10:06,084]INFO:Successfully fetched 0 emails
[2019-04-10 21:10:06,088]INFO:0 appointment(s) scraped from 0 email(s) in this period
[2019-04-10 21:10:06,089]INFO:--------Creating Events--------
[2019-04-10 21:10:06,089]INFO:No events to create in this period
[2019-04-10 21:10:06,090]INFO:########Scanning Period Ends########
[2019-04-10 21:20:05,534]INFO:########Scanning Period Starts########
[2019-04-10 21:20:05,535]INFO:--------Reading Emails--------
[2019-04-10 21:20:06,624]INFO:Successfully fetched 0 emails
[2019-04-10 21:20:06,628]INFO:0 appointment(s) scraped from 0 email(s) in this period
[2019-04-10 21:20:06,628]INFO:--------Creating Events--------
[2019-04-10 21:20:06,629]INFO:No events to create in this period
[2019-04-10 21:20:06,630]INFO:########Scanning Period Ends########
[2019-04-10 21:30:05,030]INFO:########Scanning Period Starts########
[2019-04-10 21:30:05,031]INFO:--------Reading Emails--------
[2019-04-10 21:30:07,953]INFO:Successfully fetched 0 emails
[2019-04-10 21:30:07,957]INFO:0 appointment(s) scraped from 0 email(s) in this period
[2019-04-10 21:30:07,958]INFO:--------Creating Events--------
[2019-04-10 21:30:07,958]INFO:No events to create in this period
[2019-04-10 21:30:07,959]INFO:########Scanning Period Ends########
[2019-04-10 21:40:05,319]INFO:########Scanning Period Starts########
[2019-04-10 21:40:05,321]INFO:--------Reading Emails--------
[2019-04-10 21:40:06,546]INFO:Successfully fetched 0 emails
[2019-04-10 21:40:06,549]INFO:0 appointment(s) scraped from 0 email(s) in this period
[2019-04-10 21:40:06,559]INFO:--------Creating Events--------
[2019-04-10 21:40:06,560]INFO:No events to create in this period
[2019-04-10 21:40:06,561]INFO:########Scanning Period Ends########
[2019-04-10 21:50:04,875]INFO:########Scanning Period Starts########
[2019-04-10 21:50:04,876]INFO:--------Reading Emails--------
[2019-04-10 21:50:06,920]INFO:Successfully fetched 0 emails
[2019-04-10 21:50:06,924]INFO:0 appointment(s) scraped from 0 email(s) in this period
[2019-04-10 21:50:06,933]INFO:--------Creating Events--------
[2019-04-10 21:50:06,934]INFO:No events to create in this period
[2019-04-10 21:50:06,935]INFO:########Scanning Period Ends########
[2019-04-10 22:00:05,255]INFO:########Scanning Period Starts########
[2019-04-10 22:00:05,255]INFO:--------Reading Emails--------
[2019-04-10 22:00:06,315]INFO:Successfully fetched 0 emails
[2019-04-10 22:00:06,318]INFO:0 appointment(s) scraped from 0 email(s) in this period
[2019-04-10 22:00:06,319]INFO:--------Creating Events--------
[2019-04-10 22:00:06,320]INFO:No events to create in this period
[2019-04-10 22:00:06,320]INFO:########Scanning Period Ends########
[2019-04-10 22:10:05,687]INFO:########Scanning Period Starts########
[2019-04-10 22:10:05,688]INFO:--------Reading Emails--------
[2019-04-10 22:10:06,964]INFO:Successfully fetched 0 emails
[2019-04-10 22:10:06,967]INFO:0 appointment(s) scraped from 0 email(s) in this period
[2019-04-10 22:10:06,977]INFO:--------Creating Events--------
[2019-04-10 22:10:06,978]INFO:No events to create in this period
[2019-04-10 22:10:06,979]INFO:########Scanning Period Ends########
[2019-04-10 22:20:05,432]INFO:########Scanning Period Starts########
[2019-04-10 22:20:05,433]INFO:--------Reading Emails--------
[2019-04-10 22:20:06,324]INFO:Successfully fetched 0 emails
[2019-04-10 22:20:06,327]INFO:0 appointment(s) scraped from 0 email(s) in this period
[2019-04-10 22:20:06,328]INFO:--------Creating Events--------
[2019-04-10 22:20:06,329]INFO:No events to create in this period
[2019-04-10 22:20:06,330]INFO:########Scanning Period Ends########
[2019-04-10 22:30:05,679]INFO:########Scanning Period Starts########
[2019-04-10 22:30:05,679]INFO:--------Reading Emails--------
[2019-04-10 22:30:06,534]INFO:Successfully fetched 0 emails
[2019-04-10 22:30:06,537]INFO:0 appointment(s) scraped from 0 email(s) in this period
[2019-04-10 22:30:06,538]INFO:--------Creating Events--------
[2019-04-10 22:30:06,539]INFO:No events to create in this period
[2019-04-10 22:30:06,539]INFO:########Scanning Period Ends########
[2019-04-10 22:40:04,879]INFO:########Scanning Period Starts########
[2019-04-10 22:40:04,880]INFO:--------Reading Emails--------
[2019-04-10 22:40:06,210]INFO:Successfully fetched 0 emails
[2019-04-10 22:40:06,213]INFO:0 appointment(s) scraped from 0 email(s) in this period
[2019-04-10 22:40:06,224]INFO:--------Creating Events--------
[2019-04-10 22:40:06,224]INFO:No events to create in this period
[2019-04-10 22:40:06,225]INFO:########Scanning Period Ends########
[2019-04-10 22:50:05,551]INFO:########Scanning Period Starts########
[2019-04-10 22:50:05,551]INFO:--------Reading Emails--------
[2019-04-10 22:50:06,806]INFO:Successfully fetched 0 emails
[2019-04-10 22:50:06,810]INFO:0 appointment(s) scraped from 0 email(s) in this period
[2019-04-10 22:50:06,820]INFO:--------Creating Events--------
[2019-04-10 22:50:06,821]INFO:No events to create in this period
[2019-04-10 22:50:06,821]INFO:########Scanning Period Ends########
[2019-04-10 23:00:05,163]INFO:########Scanning Period Starts########
[2019-04-10 23:00:05,164]INFO:--------Reading Emails--------
[2019-04-10 23:00:06,484]INFO:Successfully fetched 0 emails
[2019-04-10 23:00:06,487]INFO:0 appointment(s) scraped from 0 email(s) in this period
[2019-04-10 23:00:06,497]INFO:--------Creating Events--------
[2019-04-10 23:00:06,498]INFO:No events to create in this period
[2019-04-10 23:00:06,499]INFO:########Scanning Period Ends########
[2019-04-10 23:10:04,853]INFO:########Scanning Period Starts########
[2019-04-10 23:10:04,853]INFO:--------Reading Emails--------
[2019-04-10 23:10:07,268]INFO:Successfully fetched 0 emails
[2019-04-10 23:10:07,272]INFO:0 appointment(s) scraped from 0 email(s) in this period
[2019-04-10 23:10:07,273]INFO:--------Creating Events--------
[2019-04-10 23:10:07,273]INFO:No events to create in this period
[2019-04-10 23:10:07,274]INFO:########Scanning Period Ends########
[2019-04-10 23:20:05,664]INFO:########Scanning Period Starts########
[2019-04-10 23:20:05,664]INFO:--------Reading Emails--------
[2019-04-10 23:20:07,057]INFO:Successfully fetched 0 emails
[2019-04-10 23:20:07,060]INFO:0 appointment(s) scraped from 0 email(s) in this period
[2019-04-10 23:20:07,070]INFO:--------Creating Events--------
[2019-04-10 23:20:07,071]INFO:No events to create in this period
[2019-04-10 23:20:07,072]INFO:########Scanning Period Ends########
[2019-04-10 23:30:05,367]INFO:########Scanning Period Starts########
[2019-04-10 23:30:05,368]INFO:--------Reading Emails--------
[2019-04-10 23:30:06,539]INFO:Successfully fetched 0 emails
[2019-04-10 23:30:06,542]INFO:0 appointment(s) scraped from 0 email(s) in this period
[2019-04-10 23:30:06,543]INFO:--------Creating Events--------
[2019-04-10 23:30:06,544]INFO:No events to create in this period
[2019-04-10 23:30:06,544]INFO:########Scanning Period Ends########
[2019-04-10 23:40:04,873]INFO:########Scanning Period Starts########
[2019-04-10 23:40:04,875]INFO:--------Reading Emails--------
[2019-04-10 23:40:06,089]INFO:Successfully fetched 0 emails
[2019-04-10 23:40:06,092]INFO:0 appointment(s) scraped from 0 email(s) in this period
[2019-04-10 23:40:06,102]INFO:--------Creating Events--------
[2019-04-10 23:40:06,103]INFO:No events to create in this period
[2019-04-10 23:40:06,103]INFO:########Scanning Period Ends########
[2019-04-10 23:50:05,458]INFO:########Scanning Period Starts########
[2019-04-10 23:50:05,460]INFO:--------Reading Emails--------
[2019-04-10 23:50:06,432]INFO:Successfully fetched 0 emails
[2019-04-10 23:50:06,435]INFO:0 appointment(s) scraped from 0 email(s) in this period
[2019-04-10 23:50:06,436]INFO:--------Creating Events--------
[2019-04-10 23:50:06,437]INFO:No events to create in this period
[2019-04-10 23:50:06,437]INFO:########Scanning Period Ends########
