[2019-04-20 00:00:05,290]INFO:########Scanning Period Starts########
[2019-04-20 00:00:05,290]INFO:--------Reading Emails--------
[2019-04-20 00:00:08,621]INFO:Successfully fetched 0 emails
[2019-04-20 00:00:08,624]INFO:0 appointment(s) scraped from 0 email(s) in this period
[2019-04-20 00:00:08,625]INFO:--------Creating Events--------
[2019-04-20 00:00:08,626]INFO:No events to create in this period
[2019-04-20 00:00:08,626]INFO:########Scanning Period Ends########
[2019-04-20 00:10:04,981]INFO:########Scanning Period Starts########
[2019-04-20 00:10:04,981]INFO:--------Reading Emails--------
[2019-04-20 00:10:05,978]INFO:Successfully fetched 0 emails
[2019-04-20 00:10:05,991]INFO:0 appointment(s) scraped from 0 email(s) in this period
[2019-04-20 00:10:05,992]INFO:--------Creating Events--------
[2019-04-20 00:10:05,993]INFO:No events to create in this period
[2019-04-20 00:10:05,994]INFO:########Scanning Period Ends########
[2019-04-20 00:20:05,361]INFO:########Scanning Period Starts########
[2019-04-20 00:20:05,362]INFO:--------Reading Emails--------
[2019-04-20 00:20:07,143]INFO:Successfully fetched 0 emails
[2019-04-20 00:20:07,147]INFO:0 appointment(s) scraped from 0 email(s) in this period
[2019-04-20 00:20:07,148]INFO:--------Creating Events--------
[2019-04-20 00:20:07,148]INFO:No events to create in this period
[2019-04-20 00:20:07,149]INFO:########Scanning Period Ends########
[2019-04-20 00:30:05,479]INFO:########Scanning Period Starts########
[2019-04-20 00:30:05,480]INFO:--------Reading Emails--------
[2019-04-20 00:30:07,623]INFO:Successfully fetched 0 emails
[2019-04-20 00:30:07,626]INFO:0 appointment(s) scraped from 0 email(s) in this period
[2019-04-20 00:30:07,627]INFO:--------Creating Events--------
[2019-04-20 00:30:07,628]INFO:No events to create in this period
[2019-04-20 00:30:07,628]INFO:########Scanning Period Ends########
[2019-04-20 00:40:04,985]INFO:########Scanning Period Starts########
[2019-04-20 00:40:04,986]INFO:--------Reading Emails--------
[2019-04-20 00:40:06,806]INFO:Successfully fetched 0 emails
[2019-04-20 00:40:06,810]INFO:0 appointment(s) scraped from 0 email(s) in this period
[2019-04-20 00:40:06,820]INFO:--------Creating Events--------
[2019-04-20 00:40:06,820]INFO:No events to create in this period
[2019-04-20 00:40:06,821]INFO:########Scanning Period Ends########
[2019-04-20 00:50:05,163]INFO:########Scanning Period Starts########
[2019-04-20 00:50:05,164]INFO:--------Reading Emails--------
[2019-04-20 00:50:06,142]INFO:Successfully fetched 0 emails
[2019-04-20 00:50:06,145]INFO:0 appointment(s) scraped from 0 email(s) in this period
[2019-04-20 00:50:06,150]INFO:--------Creating Events--------
[2019-04-20 00:50:06,151]INFO:No events to create in this period
[2019-04-20 00:50:06,152]INFO:########Scanning Period Ends########
[2019-04-20 01:00:05,548]INFO:########Scanning Period Starts########
[2019-04-20 01:00:05,559]INFO:--------Reading Emails--------
[2019-04-20 01:00:06,435]INFO:Successfully fetched 0 emails
[2019-04-20 01:00:06,439]INFO:0 appointment(s) scraped from 0 email(s) in this period
[2019-04-20 01:00:06,440]INFO:--------Creating Events--------
[2019-04-20 01:00:06,441]INFO:No events to create in this period
[2019-04-20 01:00:06,441]INFO:########Scanning Period Ends########
[2019-04-20 01:10:05,772]INFO:########Scanning Period Starts########
[2019-04-20 01:10:05,773]INFO:--------Reading Emails--------
[2019-04-20 01:10:06,808]INFO:Successfully fetched 0 emails
[2019-04-20 01:10:06,811]INFO:0 appointment(s) scraped from 0 email(s) in this period
[2019-04-20 01:10:06,812]INFO:--------Creating Events--------
[2019-04-20 01:10:06,813]INFO:No events to create in this period
[2019-04-20 01:10:06,813]INFO:########Scanning Period Ends########
[2019-04-20 01:20:05,242]INFO:########Scanning Period Starts########
[2019-04-20 01:20:05,243]INFO:--------Reading Emails--------
[2019-04-20 01:20:06,088]INFO:Successfully fetched 0 emails
[2019-04-20 01:20:06,097]INFO:0 appointment(s) scraped from 0 email(s) in this period
[2019-04-20 01:20:06,098]INFO:--------Creating Events--------
[2019-04-20 01:20:06,099]INFO:No events to create in this period
[2019-04-20 01:20:06,100]INFO:########Scanning Period Ends########
[2019-04-20 01:30:05,422]INFO:########Scanning Period Starts########
[2019-04-20 01:30:05,422]INFO:--------Reading Emails--------
[2019-04-20 01:30:06,569]INFO:Successfully fetched 0 emails
[2019-04-20 01:30:06,573]INFO:0 appointment(s) scraped from 0 email(s) in this period
[2019-04-20 01:30:06,574]INFO:--------Creating Events--------
[2019-04-20 01:30:06,574]INFO:No events to create in this period
[2019-04-20 01:30:06,575]INFO:########Scanning Period Ends########
[2019-04-20 01:40:04,901]INFO:########Scanning Period Starts########
[2019-04-20 01:40:04,902]INFO:--------Reading Emails--------
[2019-04-20 01:40:05,859]INFO:Successfully fetched 0 emails
[2019-04-20 01:40:05,863]INFO:0 appointment(s) scraped from 0 email(s) in this period
[2019-04-20 01:40:05,873]INFO:--------Creating Events--------
[2019-04-20 01:40:05,873]INFO:No events to create in this period
[2019-04-20 01:40:05,874]INFO:########Scanning Period Ends########
[2019-04-20 01:50:05,187]INFO:########Scanning Period Starts########
[2019-04-20 01:50:05,188]INFO:--------Reading Emails--------
[2019-04-20 01:50:06,226]INFO:Successfully fetched 0 emails
[2019-04-20 01:50:06,230]INFO:0 appointment(s) scraped from 0 email(s) in this period
[2019-04-20 01:50:06,231]INFO:--------Creating Events--------
[2019-04-20 01:50:06,231]INFO:No events to create in this period
[2019-04-20 01:50:06,232]INFO:########Scanning Period Ends########
[2019-04-20 02:00:05,605]INFO:########Scanning Period Starts########
[2019-04-20 02:00:05,610]INFO:--------Reading Emails--------
[2019-04-20 02:00:06,686]INFO:Successfully fetched 0 emails
[2019-04-20 02:00:06,690]INFO:0 appointment(s) scraped from 0 email(s) in this period
[2019-04-20 02:00:06,691]INFO:--------Creating Events--------
[2019-04-20 02:00:06,691]INFO:No events to create in this period
[2019-04-20 02:00:06,692]INFO:########Scanning Period Ends########
[2019-04-20 02:10:05,066]INFO:########Scanning Period Starts########
[2019-04-20 02:10:05,067]INFO:--------Reading Emails--------
[2019-04-20 02:10:06,086]INFO:Successfully fetched 0 emails
[2019-04-20 02:10:06,090]INFO:0 appointment(s) scraped from 0 email(s) in this period
[2019-04-20 02:10:06,099]INFO:--------Creating Events--------
[2019-04-20 02:10:06,100]INFO:No events to create in this period
[2019-04-20 02:10:06,101]INFO:########Scanning Period Ends########
[2019-04-20 02:20:05,570]INFO:########Scanning Period Starts########
[2019-04-20 02:20:05,571]INFO:--------Reading Emails--------
[2019-04-20 02:20:06,868]INFO:Successfully fetched 0 emails
[2019-04-20 02:20:06,872]INFO:0 appointment(s) scraped from 0 email(s) in this period
[2019-04-20 02:20:06,877]INFO:--------Creating Events--------
[2019-04-20 02:20:06,878]INFO:No events to create in this period
[2019-04-20 02:20:06,878]INFO:########Scanning Period Ends########
[2019-04-20 02:30:05,242]INFO:########Scanning Period Starts########
[2019-04-20 02:30:05,242]INFO:--------Reading Emails--------
[2019-04-20 02:30:06,198]INFO:Successfully fetched 0 emails
[2019-04-20 02:30:06,212]INFO:0 appointment(s) scraped from 0 email(s) in this period
[2019-04-20 02:30:06,213]INFO:--------Creating Events--------
[2019-04-20 02:30:06,214]INFO:No events to create in this period
[2019-04-20 02:30:06,214]INFO:########Scanning Period Ends########
[2019-04-20 02:40:05,537]INFO:########Scanning Period Starts########
[2019-04-20 02:40:05,538]INFO:--------Reading Emails--------
[2019-04-20 02:40:06,394]INFO:Successfully fetched 0 emails
[2019-04-20 02:40:06,403]INFO:0 appointment(s) scraped from 0 email(s) in this period
[2019-04-20 02:40:06,404]INFO:--------Creating Events--------
[2019-04-20 02:40:06,405]INFO:No events to create in this period
[2019-04-20 02:40:06,406]INFO:########Scanning Period Ends########
[2019-04-20 02:50:05,725]INFO:########Scanning Period Starts########
[2019-04-20 02:50:05,726]INFO:--------Reading Emails--------
[2019-04-20 02:50:07,020]INFO:Successfully fetched 0 emails
[2019-04-20 02:50:07,024]INFO:0 appointment(s) scraped from 0 email(s) in this period
[2019-04-20 02:50:07,025]INFO:--------Creating Events--------
[2019-04-20 02:50:07,025]INFO:No events to create in this period
[2019-04-20 02:50:07,026]INFO:########Scanning Period Ends########
[2019-04-20 03:00:05,394]INFO:########Scanning Period Starts########
[2019-04-20 03:00:05,394]INFO:--------Reading Emails--------
[2019-04-20 03:00:06,383]INFO:Successfully fetched 0 emails
[2019-04-20 03:00:06,387]INFO:0 appointment(s) scraped from 0 email(s) in this period
[2019-04-20 03:00:06,392]INFO:--------Creating Events--------
[2019-04-20 03:00:06,393]INFO:No events to create in this period
[2019-04-20 03:00:06,394]INFO:########Scanning Period Ends########
[2019-04-20 03:10:05,772]INFO:########Scanning Period Starts########
[2019-04-20 03:10:05,779]INFO:--------Reading Emails--------
[2019-04-20 03:10:06,827]INFO:Successfully fetched 0 emails
[2019-04-20 03:10:06,831]INFO:0 appointment(s) scraped from 0 email(s) in this period
[2019-04-20 03:10:06,832]INFO:--------Creating Events--------
[2019-04-20 03:10:06,832]INFO:No events to create in this period
[2019-04-20 03:10:06,833]INFO:########Scanning Period Ends########
[2019-04-20 03:20:05,187]INFO:########Scanning Period Starts########
[2019-04-20 03:20:05,188]INFO:--------Reading Emails--------
[2019-04-20 03:20:06,189]INFO:Successfully fetched 0 emails
[2019-04-20 03:20:06,192]INFO:0 appointment(s) scraped from 0 email(s) in this period
[2019-04-20 03:20:06,202]INFO:--------Creating Events--------
[2019-04-20 03:20:06,203]INFO:No events to create in this period
[2019-04-20 03:20:06,204]INFO:########Scanning Period Ends########
[2019-04-20 03:30:05,540]INFO:########Scanning Period Starts########
[2019-04-20 03:30:05,541]INFO:--------Reading Emails--------
[2019-04-20 03:30:07,081]INFO:Successfully fetched 0 emails
[2019-04-20 03:30:07,085]INFO:0 appointment(s) scraped from 0 email(s) in this period
[2019-04-20 03:30:07,085]INFO:--------Creating Events--------
[2019-04-20 03:30:07,086]INFO:No events to create in this period
[2019-04-20 03:30:07,086]INFO:########Scanning Period Ends########
[2019-04-20 03:40:05,404]INFO:########Scanning Period Starts########
[2019-04-20 03:40:05,405]INFO:--------Reading Emails--------
[2019-04-20 03:40:06,730]INFO:Successfully fetched 0 emails
[2019-04-20 03:40:06,733]INFO:0 appointment(s) scraped from 0 email(s) in this period
[2019-04-20 03:40:06,739]INFO:--------Creating Events--------
[2019-04-20 03:40:06,739]INFO:No events to create in this period
[2019-04-20 03:40:06,740]INFO:########Scanning Period Ends########
[2019-04-20 03:50:05,101]INFO:########Scanning Period Starts########
[2019-04-20 03:50:05,102]INFO:--------Reading Emails--------
[2019-04-20 03:50:05,911]INFO:Successfully fetched 0 emails
[2019-04-20 03:50:05,920]INFO:0 appointment(s) scraped from 0 email(s) in this period
[2019-04-20 03:50:05,922]INFO:--------Creating Events--------
[2019-04-20 03:50:05,922]INFO:No events to create in this period
[2019-04-20 03:50:05,923]INFO:########Scanning Period Ends########
[2019-04-20 04:00:05,216]INFO:########Scanning Period Starts########
[2019-04-20 04:00:05,217]INFO:--------Reading Emails--------
[2019-04-20 04:00:06,396]INFO:Successfully fetched 0 emails
[2019-04-20 04:00:06,399]INFO:0 appointment(s) scraped from 0 email(s) in this period
[2019-04-20 04:00:06,409]INFO:--------Creating Events--------
[2019-04-20 04:00:06,410]INFO:No events to create in this period
[2019-04-20 04:00:06,410]INFO:########Scanning Period Ends########
[2019-04-20 04:10:05,785]INFO:########Scanning Period Starts########
[2019-04-20 04:10:05,791]INFO:--------Reading Emails--------
[2019-04-20 04:10:07,020]INFO:Successfully fetched 0 emails
[2019-04-20 04:10:07,023]INFO:0 appointment(s) scraped from 0 email(s) in this period
[2019-04-20 04:10:07,024]INFO:--------Creating Events--------
[2019-04-20 04:10:07,025]INFO:No events to create in this period
[2019-04-20 04:10:07,025]INFO:########Scanning Period Ends########
[2019-04-20 04:20:05,459]INFO:########Scanning Period Starts########
[2019-04-20 04:20:05,460]INFO:--------Reading Emails--------
[2019-04-20 04:20:06,474]INFO:Successfully fetched 0 emails
[2019-04-20 04:20:06,477]INFO:0 appointment(s) scraped from 0 email(s) in this period
[2019-04-20 04:20:06,487]INFO:--------Creating Events--------
[2019-04-20 04:20:06,488]INFO:No events to create in this period
[2019-04-20 04:20:06,488]INFO:########Scanning Period Ends########
[2019-04-20 04:30:04,725]INFO:########Scanning Period Starts########
[2019-04-20 04:30:04,725]INFO:--------Reading Emails--------
[2019-04-20 04:30:05,847]INFO:Successfully fetched 0 emails
[2019-04-20 04:30:05,850]INFO:0 appointment(s) scraped from 0 email(s) in this period
[2019-04-20 04:30:05,856]INFO:--------Creating Events--------
[2019-04-20 04:30:05,856]INFO:No events to create in this period
[2019-04-20 04:30:05,857]INFO:########Scanning Period Ends########
[2019-04-20 04:40:05,206]INFO:########Scanning Period Starts########
[2019-04-20 04:40:05,207]INFO:--------Reading Emails--------
[2019-04-20 04:40:06,484]INFO:Successfully fetched 0 emails
[2019-04-20 04:40:06,496]INFO:0 appointment(s) scraped from 0 email(s) in this period
[2019-04-20 04:40:06,498]INFO:--------Creating Events--------
[2019-04-20 04:40:06,498]INFO:No events to create in this period
[2019-04-20 04:40:06,499]INFO:########Scanning Period Ends########
[2019-04-20 04:50:04,810]INFO:########Scanning Period Starts########
[2019-04-20 04:50:04,810]INFO:--------Reading Emails--------
[2019-04-20 04:50:05,874]INFO:Successfully fetched 0 emails
[2019-04-20 04:50:05,887]INFO:0 appointment(s) scraped from 0 email(s) in this period
[2019-04-20 04:50:05,888]INFO:--------Creating Events--------
[2019-04-20 04:50:05,889]INFO:No events to create in this period
[2019-04-20 04:50:05,889]INFO:########Scanning Period Ends########
[2019-04-20 05:00:05,259]INFO:########Scanning Period Starts########
[2019-04-20 05:00:05,260]INFO:--------Reading Emails--------
[2019-04-20 05:00:06,627]INFO:Successfully fetched 0 emails
[2019-04-20 05:00:06,640]INFO:0 appointment(s) scraped from 0 email(s) in this period
[2019-04-20 05:00:06,641]INFO:--------Creating Events--------
[2019-04-20 05:00:06,642]INFO:No events to create in this period
[2019-04-20 05:00:06,643]INFO:########Scanning Period Ends########
[2019-04-20 05:10:04,924]INFO:########Scanning Period Starts########
[2019-04-20 05:10:04,925]INFO:--------Reading Emails--------
[2019-04-20 05:10:07,013]INFO:Successfully fetched 0 emails
[2019-04-20 05:10:07,016]INFO:0 appointment(s) scraped from 0 email(s) in this period
[2019-04-20 05:10:07,017]INFO:--------Creating Events--------
[2019-04-20 05:10:07,018]INFO:No events to create in this period
[2019-04-20 05:10:07,018]INFO:########Scanning Period Ends########
[2019-04-20 05:20:05,451]INFO:########Scanning Period Starts########
[2019-04-20 05:20:05,452]INFO:--------Reading Emails--------
[2019-04-20 05:20:06,532]INFO:Successfully fetched 0 emails
[2019-04-20 05:20:06,541]INFO:0 appointment(s) scraped from 0 email(s) in this period
[2019-04-20 05:20:06,542]INFO:--------Creating Events--------
[2019-04-20 05:20:06,543]INFO:No events to create in this period
[2019-04-20 05:20:06,543]INFO:########Scanning Period Ends########
[2019-04-20 05:30:04,781]INFO:########Scanning Period Starts########
[2019-04-20 05:30:04,781]INFO:--------Reading Emails--------
[2019-04-20 05:30:06,634]INFO:Successfully fetched 0 emails
[2019-04-20 05:30:06,637]INFO:0 appointment(s) scraped from 0 email(s) in this period
[2019-04-20 05:30:06,638]INFO:--------Creating Events--------
[2019-04-20 05:30:06,639]INFO:No events to create in this period
[2019-04-20 05:30:06,639]INFO:########Scanning Period Ends########
[2019-04-20 05:40:04,902]INFO:########Scanning Period Starts########
[2019-04-20 05:40:04,903]INFO:--------Reading Emails--------
[2019-04-20 05:40:05,867]INFO:Successfully fetched 0 emails
[2019-04-20 05:40:05,871]INFO:0 appointment(s) scraped from 0 email(s) in this period
[2019-04-20 05:40:05,880]INFO:--------Creating Events--------
[2019-04-20 05:40:05,881]INFO:No events to create in this period
[2019-04-20 05:40:05,881]INFO:########Scanning Period Ends########
[2019-04-20 05:50:05,209]INFO:########Scanning Period Starts########
[2019-04-20 05:50:05,210]INFO:--------Reading Emails--------
[2019-04-20 05:50:06,092]INFO:Successfully fetched 0 emails
[2019-04-20 05:50:06,095]INFO:0 appointment(s) scraped from 0 email(s) in this period
[2019-04-20 05:50:06,105]INFO:--------Creating Events--------
[2019-04-20 05:50:06,105]INFO:No events to create in this period
[2019-04-20 05:50:06,106]INFO:########Scanning Period Ends########
[2019-04-20 06:00:05,435]INFO:########Scanning Period Starts########
[2019-04-20 06:00:05,435]INFO:--------Reading Emails--------
[2019-04-20 06:00:06,492]INFO:Successfully fetched 0 emails
[2019-04-20 06:00:06,496]INFO:0 appointment(s) scraped from 0 email(s) in this period
[2019-04-20 06:00:06,505]INFO:--------Creating Events--------
[2019-04-20 06:00:06,506]INFO:No events to create in this period
[2019-04-20 06:00:06,507]INFO:########Scanning Period Ends########
[2019-04-20 06:10:04,829]INFO:########Scanning Period Starts########
[2019-04-20 06:10:04,830]INFO:--------Reading Emails--------
[2019-04-20 06:10:05,734]INFO:Successfully fetched 0 emails
[2019-04-20 06:10:05,736]INFO:0 appointment(s) scraped from 0 email(s) in this period
[2019-04-20 06:10:05,736]INFO:--------Creating Events--------
[2019-04-20 06:10:05,736]INFO:No events to create in this period
[2019-04-20 06:10:05,737]INFO:########Scanning Period Ends########
[2019-04-20 06:20:05,132]INFO:########Scanning Period Starts########
[2019-04-20 06:20:05,133]INFO:--------Reading Emails--------
[2019-04-20 06:20:06,406]INFO:Successfully fetched 0 emails
[2019-04-20 06:20:06,409]INFO:0 appointment(s) scraped from 0 email(s) in this period
[2019-04-20 06:20:06,419]INFO:--------Creating Events--------
[2019-04-20 06:20:06,420]INFO:No events to create in this period
[2019-04-20 06:20:06,420]INFO:########Scanning Period Ends########
[2019-04-20 06:30:04,745]INFO:########Scanning Period Starts########
[2019-04-20 06:30:04,746]INFO:--------Reading Emails--------
[2019-04-20 06:30:07,035]INFO:Successfully fetched 0 emails
[2019-04-20 06:30:07,039]INFO:0 appointment(s) scraped from 0 email(s) in this period
[2019-04-20 06:30:07,040]INFO:--------Creating Events--------
[2019-04-20 06:30:07,040]INFO:No events to create in this period
[2019-04-20 06:30:07,041]INFO:########Scanning Period Ends########
[2019-04-20 06:40:05,342]INFO:########Scanning Period Starts########
[2019-04-20 06:40:05,342]INFO:--------Reading Emails--------
[2019-04-20 06:40:06,323]INFO:Successfully fetched 0 emails
[2019-04-20 06:40:06,326]INFO:0 appointment(s) scraped from 0 email(s) in this period
[2019-04-20 06:40:06,331]INFO:--------Creating Events--------
[2019-04-20 06:40:06,332]INFO:No events to create in this period
[2019-04-20 06:40:06,333]INFO:########Scanning Period Ends########
[2019-04-20 06:50:05,653]INFO:########Scanning Period Starts########
[2019-04-20 06:50:05,654]INFO:--------Reading Emails--------
[2019-04-20 06:50:07,021]INFO:Successfully fetched 0 emails
[2019-04-20 06:50:07,024]INFO:0 appointment(s) scraped from 0 email(s) in this period
[2019-04-20 06:50:07,025]INFO:--------Creating Events--------
[2019-04-20 06:50:07,026]INFO:No events to create in this period
[2019-04-20 06:50:07,026]INFO:########Scanning Period Ends########
[2019-04-20 07:00:05,314]INFO:########Scanning Period Starts########
[2019-04-20 07:00:05,315]INFO:--------Reading Emails--------
[2019-04-20 07:00:06,228]INFO:Successfully fetched 0 emails
[2019-04-20 07:00:06,231]INFO:0 appointment(s) scraped from 0 email(s) in this period
[2019-04-20 07:00:06,242]INFO:--------Creating Events--------
[2019-04-20 07:00:06,242]INFO:No events to create in this period
[2019-04-20 07:00:06,243]INFO:########Scanning Period Ends########
[2019-04-20 07:10:05,579]INFO:########Scanning Period Starts########
[2019-04-20 07:10:05,579]INFO:--------Reading Emails--------
[2019-04-20 07:10:06,514]INFO:Successfully fetched 0 emails
[2019-04-20 07:10:06,517]INFO:0 appointment(s) scraped from 0 email(s) in this period
[2019-04-20 07:10:06,527]INFO:--------Creating Events--------
[2019-04-20 07:10:06,528]INFO:No events to create in this period
[2019-04-20 07:10:06,529]INFO:########Scanning Period Ends########
[2019-04-20 07:20:04,841]INFO:########Scanning Period Starts########
[2019-04-20 07:20:04,841]INFO:--------Reading Emails--------
[2019-04-20 07:20:05,905]INFO:Successfully fetched 0 emails
[2019-04-20 07:20:05,919]INFO:0 appointment(s) scraped from 0 email(s) in this period
[2019-04-20 07:20:05,920]INFO:--------Creating Events--------
[2019-04-20 07:20:05,921]INFO:No events to create in this period
[2019-04-20 07:20:05,921]INFO:########Scanning Period Ends########
[2019-04-20 07:30:05,250]INFO:########Scanning Period Starts########
[2019-04-20 07:30:05,250]INFO:--------Reading Emails--------
[2019-04-20 07:30:06,244]INFO:Successfully fetched 0 emails
[2019-04-20 07:30:06,248]INFO:0 appointment(s) scraped from 0 email(s) in this period
[2019-04-20 07:30:06,253]INFO:--------Creating Events--------
[2019-04-20 07:30:06,254]INFO:No events to create in this period
[2019-04-20 07:30:06,255]INFO:########Scanning Period Ends########
[2019-04-20 07:40:05,572]INFO:########Scanning Period Starts########
[2019-04-20 07:40:05,573]INFO:--------Reading Emails--------
[2019-04-20 07:40:06,710]INFO:Successfully fetched 0 emails
[2019-04-20 07:40:06,713]INFO:0 appointment(s) scraped from 0 email(s) in this period
[2019-04-20 07:40:06,723]INFO:--------Creating Events--------
[2019-04-20 07:40:06,724]INFO:No events to create in this period
[2019-04-20 07:40:06,724]INFO:########Scanning Period Ends########
[2019-04-20 07:50:05,049]INFO:########Scanning Period Starts########
[2019-04-20 07:50:05,050]INFO:--------Reading Emails--------
[2019-04-20 07:50:06,895]INFO:Successfully fetched 0 emails
[2019-04-20 07:50:06,898]INFO:0 appointment(s) scraped from 0 email(s) in this period
[2019-04-20 07:50:06,899]INFO:--------Creating Events--------
[2019-04-20 07:50:06,900]INFO:No events to create in this period
[2019-04-20 07:50:06,901]INFO:########Scanning Period Ends########
[2019-04-20 08:00:05,222]INFO:########Scanning Period Starts########
[2019-04-20 08:00:05,223]INFO:--------Reading Emails--------
[2019-04-20 08:00:07,369]INFO:Successfully fetched 0 emails
[2019-04-20 08:00:07,372]INFO:0 appointment(s) scraped from 0 email(s) in this period
[2019-04-20 08:00:07,373]INFO:--------Creating Events--------
[2019-04-20 08:00:07,374]INFO:No events to create in this period
[2019-04-20 08:00:07,374]INFO:########Scanning Period Ends########
[2019-04-20 08:10:05,721]INFO:########Scanning Period Starts########
[2019-04-20 08:10:05,721]INFO:--------Reading Emails--------
[2019-04-20 08:10:06,593]INFO:Successfully fetched 0 emails
[2019-04-20 08:10:06,597]INFO:0 appointment(s) scraped from 0 email(s) in this period
[2019-04-20 08:10:06,598]INFO:--------Creating Events--------
[2019-04-20 08:10:06,599]INFO:No events to create in this period
[2019-04-20 08:10:06,599]INFO:########Scanning Period Ends########
[2019-04-20 08:20:04,955]INFO:########Scanning Period Starts########
[2019-04-20 08:20:04,957]INFO:--------Reading Emails--------
[2019-04-20 08:20:05,985]INFO:Successfully fetched 0 emails
[2019-04-20 08:20:05,988]INFO:0 appointment(s) scraped from 0 email(s) in this period
[2019-04-20 08:20:05,994]INFO:--------Creating Events--------
[2019-04-20 08:20:05,994]INFO:No events to create in this period
[2019-04-20 08:20:05,995]INFO:########Scanning Period Ends########
[2019-04-20 08:30:05,285]INFO:########Scanning Period Starts########
[2019-04-20 08:30:05,285]INFO:--------Reading Emails--------
[2019-04-20 08:30:06,582]INFO:Successfully fetched 0 emails
[2019-04-20 08:30:06,586]INFO:0 appointment(s) scraped from 0 email(s) in this period
[2019-04-20 08:30:06,586]INFO:--------Creating Events--------
[2019-04-20 08:30:06,587]INFO:No events to create in this period
[2019-04-20 08:30:06,588]INFO:########Scanning Period Ends########
[2019-04-20 08:40:04,841]INFO:########Scanning Period Starts########
[2019-04-20 08:40:04,842]INFO:--------Reading Emails--------
[2019-04-20 08:40:08,386]INFO:Successfully fetched 0 emails
[2019-04-20 08:40:08,389]INFO:0 appointment(s) scraped from 0 email(s) in this period
[2019-04-20 08:40:08,390]INFO:--------Creating Events--------
[2019-04-20 08:40:08,391]INFO:No events to create in this period
[2019-04-20 08:40:08,391]INFO:########Scanning Period Ends########
[2019-04-20 08:50:05,722]INFO:########Scanning Period Starts########
[2019-04-20 08:50:05,723]INFO:--------Reading Emails--------
[2019-04-20 08:50:06,826]INFO:Successfully fetched 0 emails
[2019-04-20 08:50:06,830]INFO:0 appointment(s) scraped from 0 email(s) in this period
[2019-04-20 08:50:06,831]INFO:--------Creating Events--------
[2019-04-20 08:50:06,831]INFO:No events to create in this period
[2019-04-20 08:50:06,832]INFO:########Scanning Period Ends########
[2019-04-20 09:00:05,096]INFO:########Scanning Period Starts########
[2019-04-20 09:00:05,097]INFO:--------Reading Emails--------
[2019-04-20 09:00:06,227]INFO:Successfully fetched 0 emails
[2019-04-20 09:00:06,231]INFO:0 appointment(s) scraped from 0 email(s) in this period
[2019-04-20 09:00:06,231]INFO:--------Creating Events--------
[2019-04-20 09:00:06,232]INFO:No events to create in this period
[2019-04-20 09:00:06,233]INFO:########Scanning Period Ends########
[2019-04-20 09:10:05,601]INFO:########Scanning Period Starts########
[2019-04-20 09:10:05,602]INFO:--------Reading Emails--------
[2019-04-20 09:10:06,769]INFO:Successfully fetched 0 emails
[2019-04-20 09:10:06,772]INFO:0 appointment(s) scraped from 0 email(s) in this period
[2019-04-20 09:10:06,773]INFO:--------Creating Events--------
[2019-04-20 09:10:06,774]INFO:No events to create in this period
[2019-04-20 09:10:06,774]INFO:########Scanning Period Ends########
[2019-04-20 09:20:05,076]INFO:########Scanning Period Starts########
[2019-04-20 09:20:05,077]INFO:--------Reading Emails--------
[2019-04-20 09:20:06,102]INFO:Successfully fetched 0 emails
[2019-04-20 09:20:06,106]INFO:0 appointment(s) scraped from 0 email(s) in this period
[2019-04-20 09:20:06,111]INFO:--------Creating Events--------
[2019-04-20 09:20:06,112]INFO:No events to create in this period
[2019-04-20 09:20:06,112]INFO:########Scanning Period Ends########
[2019-04-20 09:30:05,425]INFO:########Scanning Period Starts########
[2019-04-20 09:30:05,425]INFO:--------Reading Emails--------
[2019-04-20 09:30:08,707]INFO:Successfully fetched 0 emails
[2019-04-20 09:30:08,710]INFO:0 appointment(s) scraped from 0 email(s) in this period
[2019-04-20 09:30:08,711]INFO:--------Creating Events--------
[2019-04-20 09:30:08,712]INFO:No events to create in this period
[2019-04-20 09:30:08,712]INFO:########Scanning Period Ends########
[2019-04-20 09:40:05,014]INFO:########Scanning Period Starts########
[2019-04-20 09:40:05,015]INFO:--------Reading Emails--------
[2019-04-20 09:40:06,348]INFO:Successfully fetched 0 emails
[2019-04-20 09:40:06,362]INFO:0 appointment(s) scraped from 0 email(s) in this period
[2019-04-20 09:40:06,364]INFO:--------Creating Events--------
[2019-04-20 09:40:06,364]INFO:No events to create in this period
[2019-04-20 09:40:06,365]INFO:########Scanning Period Ends########
[2019-04-20 09:50:05,740]INFO:########Scanning Period Starts########
[2019-04-20 09:50:05,740]INFO:--------Reading Emails--------
[2019-04-20 09:50:06,971]INFO:Successfully fetched 0 emails
[2019-04-20 09:50:06,975]INFO:0 appointment(s) scraped from 0 email(s) in this period
[2019-04-20 09:50:06,976]INFO:--------Creating Events--------
[2019-04-20 09:50:06,976]INFO:No events to create in this period
[2019-04-20 09:50:06,977]INFO:########Scanning Period Ends########
[2019-04-20 10:00:05,335]INFO:########Scanning Period Starts########
[2019-04-20 10:00:05,336]INFO:--------Reading Emails--------
[2019-04-20 10:00:06,331]INFO:Successfully fetched 0 emails
[2019-04-20 10:00:06,334]INFO:0 appointment(s) scraped from 0 email(s) in this period
[2019-04-20 10:00:06,335]INFO:--------Creating Events--------
[2019-04-20 10:00:06,336]INFO:No events to create in this period
[2019-04-20 10:00:06,336]INFO:########Scanning Period Ends########
[2019-04-20 10:10:05,659]INFO:########Scanning Period Starts########
[2019-04-20 10:10:05,660]INFO:--------Reading Emails--------
[2019-04-20 10:10:06,907]INFO:Successfully fetched 0 emails
[2019-04-20 10:10:06,910]INFO:0 appointment(s) scraped from 0 email(s) in this period
[2019-04-20 10:10:06,911]INFO:--------Creating Events--------
[2019-04-20 10:10:06,912]INFO:No events to create in this period
[2019-04-20 10:10:06,913]INFO:########Scanning Period Ends########
[2019-04-20 10:20:05,287]INFO:########Scanning Period Starts########
[2019-04-20 10:20:05,288]INFO:--------Reading Emails--------
[2019-04-20 10:20:06,739]INFO:Successfully fetched 0 emails
[2019-04-20 10:20:06,742]INFO:0 appointment(s) scraped from 0 email(s) in this period
[2019-04-20 10:20:06,752]INFO:--------Creating Events--------
[2019-04-20 10:20:06,753]INFO:No events to create in this period
[2019-04-20 10:20:06,753]INFO:########Scanning Period Ends########
[2019-04-20 10:30:04,975]INFO:########Scanning Period Starts########
[2019-04-20 10:30:04,976]INFO:--------Reading Emails--------
[2019-04-20 10:30:09,989]INFO:Successfully fetched 0 emails
[2019-04-20 10:30:09,993]INFO:0 appointment(s) scraped from 0 email(s) in this period
[2019-04-20 10:30:09,994]INFO:--------Creating Events--------
[2019-04-20 10:30:09,995]INFO:No events to create in this period
[2019-04-20 10:30:09,996]INFO:########Scanning Period Ends########
[2019-04-20 10:40:05,389]INFO:########Scanning Period Starts########
[2019-04-20 10:40:05,390]INFO:--------Reading Emails--------
[2019-04-20 10:40:06,700]INFO:Successfully fetched 0 emails
[2019-04-20 10:40:06,713]INFO:0 appointment(s) scraped from 0 email(s) in this period
[2019-04-20 10:40:06,715]INFO:--------Creating Events--------
[2019-04-20 10:40:06,715]INFO:No events to create in this period
[2019-04-20 10:40:06,716]INFO:########Scanning Period Ends########
[2019-04-20 10:50:04,999]INFO:########Scanning Period Starts########
[2019-04-20 10:50:05,000]INFO:--------Reading Emails--------
[2019-04-20 10:50:06,396]INFO:Successfully fetched 0 emails
[2019-04-20 10:50:06,399]INFO:0 appointment(s) scraped from 0 email(s) in this period
[2019-04-20 10:50:06,405]INFO:--------Creating Events--------
[2019-04-20 10:50:06,406]INFO:No events to create in this period
[2019-04-20 10:50:06,406]INFO:########Scanning Period Ends########
[2019-04-20 11:00:05,761]INFO:########Scanning Period Starts########
[2019-04-20 11:00:05,762]INFO:--------Reading Emails--------
[2019-04-20 11:00:07,050]INFO:Successfully fetched 0 emails
[2019-04-20 11:00:07,053]INFO:0 appointment(s) scraped from 0 email(s) in this period
[2019-04-20 11:00:07,054]INFO:--------Creating Events--------
[2019-04-20 11:00:07,055]INFO:No events to create in this period
[2019-04-20 11:00:07,055]INFO:########Scanning Period Ends########
[2019-04-20 11:10:05,375]INFO:########Scanning Period Starts########
[2019-04-20 11:10:05,376]INFO:--------Reading Emails--------
[2019-04-20 11:10:06,525]INFO:Successfully fetched 0 emails
[2019-04-20 11:10:06,529]INFO:0 appointment(s) scraped from 0 email(s) in this period
[2019-04-20 11:10:06,530]INFO:--------Creating Events--------
[2019-04-20 11:10:06,530]INFO:No events to create in this period
[2019-04-20 11:10:06,531]INFO:########Scanning Period Ends########
[2019-04-20 11:20:04,941]INFO:########Scanning Period Starts########
[2019-04-20 11:20:04,942]INFO:--------Reading Emails--------
[2019-04-20 11:20:07,035]INFO:Successfully fetched 0 emails
[2019-04-20 11:20:07,038]INFO:0 appointment(s) scraped from 0 email(s) in this period
[2019-04-20 11:20:07,039]INFO:--------Creating Events--------
[2019-04-20 11:20:07,040]INFO:No events to create in this period
[2019-04-20 11:20:07,040]INFO:########Scanning Period Ends########
[2019-04-20 11:30:05,398]INFO:########Scanning Period Starts########
[2019-04-20 11:30:05,399]INFO:--------Reading Emails--------
[2019-04-20 11:30:06,741]INFO:Successfully fetched 0 emails
[2019-04-20 11:30:06,744]INFO:0 appointment(s) scraped from 0 email(s) in this period
[2019-04-20 11:30:06,745]INFO:--------Creating Events--------
[2019-04-20 11:30:06,746]INFO:No events to create in this period
[2019-04-20 11:30:06,746]INFO:########Scanning Period Ends########
[2019-04-20 11:40:05,006]INFO:########Scanning Period Starts########
[2019-04-20 11:40:05,007]INFO:--------Reading Emails--------
[2019-04-20 11:40:06,056]INFO:Successfully fetched 0 emails
[2019-04-20 11:40:06,059]INFO:0 appointment(s) scraped from 0 email(s) in this period
[2019-04-20 11:40:06,060]INFO:--------Creating Events--------
[2019-04-20 11:40:06,061]INFO:No events to create in this period
[2019-04-20 11:40:06,061]INFO:########Scanning Period Ends########
[2019-04-20 11:50:05,409]INFO:########Scanning Period Starts########
[2019-04-20 11:50:05,410]INFO:--------Reading Emails--------
[2019-04-20 11:50:06,541]INFO:Successfully fetched 0 emails
[2019-04-20 11:50:06,544]INFO:0 appointment(s) scraped from 0 email(s) in this period
[2019-04-20 11:50:06,554]INFO:--------Creating Events--------
[2019-04-20 11:50:06,554]INFO:No events to create in this period
[2019-04-20 11:50:06,555]INFO:########Scanning Period Ends########
[2019-04-20 12:00:04,852]INFO:########Scanning Period Starts########
[2019-04-20 12:00:04,854]INFO:--------Reading Emails--------
[2019-04-20 12:00:05,811]INFO:Successfully fetched 0 emails
[2019-04-20 12:00:05,815]INFO:0 appointment(s) scraped from 0 email(s) in this period
[2019-04-20 12:00:05,816]INFO:--------Creating Events--------
[2019-04-20 12:00:05,816]INFO:No events to create in this period
[2019-04-20 12:00:05,817]INFO:########Scanning Period Ends########
[2019-04-20 12:10:05,095]INFO:########Scanning Period Starts########
[2019-04-20 12:10:05,096]INFO:--------Reading Emails--------
[2019-04-20 12:10:06,527]INFO:Successfully fetched 0 emails
[2019-04-20 12:10:06,531]INFO:0 appointment(s) scraped from 0 email(s) in this period
[2019-04-20 12:10:06,541]INFO:--------Creating Events--------
[2019-04-20 12:10:06,541]INFO:No events to create in this period
[2019-04-20 12:10:06,542]INFO:########Scanning Period Ends########
[2019-04-20 12:20:04,963]INFO:########Scanning Period Starts########
[2019-04-20 12:20:04,964]INFO:--------Reading Emails--------
[2019-04-20 12:20:06,536]INFO:Successfully fetched 0 emails
[2019-04-20 12:20:06,550]INFO:0 appointment(s) scraped from 0 email(s) in this period
[2019-04-20 12:20:06,551]INFO:--------Creating Events--------
[2019-04-20 12:20:06,552]INFO:No events to create in this period
[2019-04-20 12:20:06,553]INFO:########Scanning Period Ends########
[2019-04-20 12:30:04,905]INFO:########Scanning Period Starts########
[2019-04-20 12:30:04,906]INFO:--------Reading Emails--------
[2019-04-20 12:30:07,355]INFO:Successfully fetched 0 emails
[2019-04-20 12:30:07,358]INFO:0 appointment(s) scraped from 0 email(s) in this period
[2019-04-20 12:30:07,359]INFO:--------Creating Events--------
[2019-04-20 12:30:07,360]INFO:No events to create in this period
[2019-04-20 12:30:07,360]INFO:########Scanning Period Ends########
[2019-04-20 12:40:05,690]INFO:########Scanning Period Starts########
[2019-04-20 12:40:05,691]INFO:--------Reading Emails--------
[2019-04-20 12:40:07,369]INFO:Successfully fetched 0 emails
[2019-04-20 12:40:07,373]INFO:0 appointment(s) scraped from 0 email(s) in this period
[2019-04-20 12:40:07,374]INFO:--------Creating Events--------
[2019-04-20 12:40:07,374]INFO:No events to create in this period
[2019-04-20 12:40:07,375]INFO:########Scanning Period Ends########
[2019-04-20 12:50:05,726]INFO:########Scanning Period Starts########
[2019-04-20 12:50:05,727]INFO:--------Reading Emails--------
[2019-04-20 12:50:06,606]INFO:Successfully fetched 0 emails
[2019-04-20 12:50:06,610]INFO:0 appointment(s) scraped from 0 email(s) in this period
[2019-04-20 12:50:06,611]INFO:--------Creating Events--------
[2019-04-20 12:50:06,611]INFO:No events to create in this period
[2019-04-20 12:50:06,612]INFO:########Scanning Period Ends########
[2019-04-20 13:00:04,927]INFO:########Scanning Period Starts########
[2019-04-20 13:00:04,928]INFO:--------Reading Emails--------
[2019-04-20 13:00:06,080]INFO:Successfully fetched 0 emails
[2019-04-20 13:00:06,083]INFO:0 appointment(s) scraped from 0 email(s) in this period
[2019-04-20 13:00:06,084]INFO:--------Creating Events--------
[2019-04-20 13:00:06,085]INFO:No events to create in this period
[2019-04-20 13:00:06,085]INFO:########Scanning Period Ends########
[2019-04-20 13:10:05,410]INFO:########Scanning Period Starts########
[2019-04-20 13:10:05,411]INFO:--------Reading Emails--------
[2019-04-20 13:10:06,608]INFO:Successfully fetched 0 emails
[2019-04-20 13:10:06,612]INFO:0 appointment(s) scraped from 0 email(s) in this period
[2019-04-20 13:10:06,613]INFO:--------Creating Events--------
[2019-04-20 13:10:06,613]INFO:No events to create in this period
[2019-04-20 13:10:06,614]INFO:########Scanning Period Ends########
[2019-04-20 13:20:05,057]INFO:########Scanning Period Starts########
[2019-04-20 13:20:05,058]INFO:--------Reading Emails--------
[2019-04-20 13:20:07,816]INFO:Successfully fetched 0 emails
[2019-04-20 13:20:07,820]INFO:0 appointment(s) scraped from 0 email(s) in this period
[2019-04-20 13:20:07,821]INFO:--------Creating Events--------
[2019-04-20 13:20:07,821]INFO:No events to create in this period
[2019-04-20 13:20:07,822]INFO:########Scanning Period Ends########
[2019-04-20 13:30:05,121]INFO:########Scanning Period Starts########
[2019-04-20 13:30:05,122]INFO:--------Reading Emails--------
[2019-04-20 13:30:06,651]INFO:Successfully fetched 0 emails
[2019-04-20 13:30:06,654]INFO:0 appointment(s) scraped from 0 email(s) in this period
[2019-04-20 13:30:06,655]INFO:--------Creating Events--------
[2019-04-20 13:30:06,656]INFO:No events to create in this period
[2019-04-20 13:30:06,656]INFO:########Scanning Period Ends########
[2019-04-20 13:40:04,928]INFO:########Scanning Period Starts########
[2019-04-20 13:40:04,929]INFO:--------Reading Emails--------
[2019-04-20 13:40:09,513]INFO:Successfully fetched 0 emails
[2019-04-20 13:40:09,517]INFO:0 appointment(s) scraped from 0 email(s) in this period
[2019-04-20 13:40:09,518]INFO:--------Creating Events--------
[2019-04-20 13:40:09,518]INFO:No events to create in this period
[2019-04-20 13:40:09,519]INFO:########Scanning Period Ends########
[2019-04-20 13:50:04,837]INFO:########Scanning Period Starts########
[2019-04-20 13:50:04,838]INFO:--------Reading Emails--------
[2019-04-20 13:50:05,796]INFO:Successfully fetched 0 emails
[2019-04-20 13:50:05,800]INFO:0 appointment(s) scraped from 0 email(s) in this period
[2019-04-20 13:50:05,801]INFO:--------Creating Events--------
[2019-04-20 13:50:05,801]INFO:No events to create in this period
[2019-04-20 13:50:05,802]INFO:########Scanning Period Ends########
[2019-04-20 14:00:05,178]INFO:########Scanning Period Starts########
[2019-04-20 14:00:05,179]INFO:--------Reading Emails--------
[2019-04-20 14:00:07,491]INFO:Successfully fetched 0 emails
[2019-04-20 14:00:07,495]INFO:0 appointment(s) scraped from 0 email(s) in this period
[2019-04-20 14:00:07,495]INFO:--------Creating Events--------
[2019-04-20 14:00:07,496]INFO:No events to create in this period
[2019-04-20 14:00:07,497]INFO:########Scanning Period Ends########
[2019-04-20 14:10:05,803]INFO:########Scanning Period Starts########
[2019-04-20 14:10:05,804]INFO:--------Reading Emails--------
[2019-04-20 14:10:07,046]INFO:Successfully fetched 0 emails
[2019-04-20 14:10:07,050]INFO:0 appointment(s) scraped from 0 email(s) in this period
[2019-04-20 14:10:07,051]INFO:--------Creating Events--------
[2019-04-20 14:10:07,051]INFO:No events to create in this period
[2019-04-20 14:10:07,052]INFO:########Scanning Period Ends########
[2019-04-20 14:20:05,343]INFO:########Scanning Period Starts########
[2019-04-20 14:20:05,343]INFO:--------Reading Emails--------
[2019-04-20 14:20:06,497]INFO:Successfully fetched 0 emails
[2019-04-20 14:20:06,501]INFO:0 appointment(s) scraped from 0 email(s) in this period
[2019-04-20 14:20:06,510]INFO:--------Creating Events--------
[2019-04-20 14:20:06,511]INFO:No events to create in this period
[2019-04-20 14:20:06,511]INFO:########Scanning Period Ends########
[2019-04-20 14:30:04,846]INFO:########Scanning Period Starts########
[2019-04-20 14:30:04,846]INFO:--------Reading Emails--------
[2019-04-20 14:30:06,550]INFO:Successfully fetched 0 emails
[2019-04-20 14:30:06,554]INFO:0 appointment(s) scraped from 0 email(s) in this period
[2019-04-20 14:30:06,559]INFO:--------Creating Events--------
[2019-04-20 14:30:06,560]INFO:No events to create in this period
[2019-04-20 14:30:06,561]INFO:########Scanning Period Ends########
[2019-04-20 14:40:04,954]INFO:########Scanning Period Starts########
[2019-04-20 14:40:04,954]INFO:--------Reading Emails--------
[2019-04-20 14:40:06,129]INFO:Successfully fetched 0 emails
[2019-04-20 14:40:06,132]INFO:0 appointment(s) scraped from 0 email(s) in this period
[2019-04-20 14:40:06,142]INFO:--------Creating Events--------
[2019-04-20 14:40:06,143]INFO:No events to create in this period
[2019-04-20 14:40:06,144]INFO:########Scanning Period Ends########
[2019-04-20 14:50:05,423]INFO:########Scanning Period Starts########
[2019-04-20 14:50:05,424]INFO:--------Reading Emails--------
[2019-04-20 14:50:06,786]INFO:Successfully fetched 0 emails
[2019-04-20 14:50:06,790]INFO:0 appointment(s) scraped from 0 email(s) in this period
[2019-04-20 14:50:06,790]INFO:--------Creating Events--------
[2019-04-20 14:50:06,791]INFO:No events to create in this period
[2019-04-20 14:50:06,792]INFO:########Scanning Period Ends########
[2019-04-20 15:00:05,132]INFO:########Scanning Period Starts########
[2019-04-20 15:00:05,132]INFO:--------Reading Emails--------
[2019-04-20 15:00:06,039]INFO:Successfully fetched 0 emails
[2019-04-20 15:00:06,042]INFO:0 appointment(s) scraped from 0 email(s) in this period
[2019-04-20 15:00:06,043]INFO:--------Creating Events--------
[2019-04-20 15:00:06,044]INFO:No events to create in this period
[2019-04-20 15:00:06,044]INFO:########Scanning Period Ends########
[2019-04-20 15:10:05,338]INFO:########Scanning Period Starts########
[2019-04-20 15:10:05,338]INFO:--------Reading Emails--------
[2019-04-20 15:10:06,320]INFO:Successfully fetched 0 emails
[2019-04-20 15:10:06,324]INFO:0 appointment(s) scraped from 0 email(s) in this period
[2019-04-20 15:10:06,333]INFO:--------Creating Events--------
[2019-04-20 15:10:06,334]INFO:No events to create in this period
[2019-04-20 15:10:06,335]INFO:########Scanning Period Ends########
[2019-04-20 15:20:05,676]INFO:########Scanning Period Starts########
[2019-04-20 15:20:05,678]INFO:--------Reading Emails--------
[2019-04-20 15:20:16,652]INFO:Successfully fetched 0 emails
[2019-04-20 15:20:16,655]INFO:0 appointment(s) scraped from 0 email(s) in this period
[2019-04-20 15:20:16,657]INFO:--------Creating Events--------
[2019-04-20 15:20:16,658]INFO:No events to create in this period
[2019-04-20 15:20:16,658]INFO:########Scanning Period Ends########
[2019-04-20 15:30:05,012]INFO:########Scanning Period Starts########
[2019-04-20 15:30:05,012]INFO:--------Reading Emails--------
[2019-04-20 15:30:06,018]INFO:Successfully fetched 0 emails
[2019-04-20 15:30:06,022]INFO:0 appointment(s) scraped from 0 email(s) in this period
[2019-04-20 15:30:06,023]INFO:--------Creating Events--------
[2019-04-20 15:30:06,023]INFO:No events to create in this period
[2019-04-20 15:30:06,024]INFO:########Scanning Period Ends########
[2019-04-20 15:40:05,310]INFO:########Scanning Period Starts########
[2019-04-20 15:40:05,310]INFO:--------Reading Emails--------
[2019-04-20 15:40:06,254]INFO:Successfully fetched 0 emails
[2019-04-20 15:40:06,256]INFO:0 appointment(s) scraped from 0 email(s) in this period
[2019-04-20 15:40:06,256]INFO:--------Creating Events--------
[2019-04-20 15:40:06,256]INFO:No events to create in this period
[2019-04-20 15:40:06,257]INFO:########Scanning Period Ends########
[2019-04-20 15:50:05,606]INFO:########Scanning Period Starts########
[2019-04-20 15:50:05,607]INFO:--------Reading Emails--------
[2019-04-20 15:50:06,484]INFO:Successfully fetched 0 emails
[2019-04-20 15:50:06,487]INFO:0 appointment(s) scraped from 0 email(s) in this period
[2019-04-20 15:50:06,497]INFO:--------Creating Events--------
[2019-04-20 15:50:06,498]INFO:No events to create in this period
[2019-04-20 15:50:06,498]INFO:########Scanning Period Ends########
[2019-04-20 16:00:04,880]INFO:########Scanning Period Starts########
[2019-04-20 16:00:04,880]INFO:--------Reading Emails--------
[2019-04-20 16:00:05,950]INFO:Successfully fetched 0 emails
[2019-04-20 16:00:05,954]INFO:0 appointment(s) scraped from 0 email(s) in this period
[2019-04-20 16:00:05,955]INFO:--------Creating Events--------
[2019-04-20 16:00:05,955]INFO:No events to create in this period
[2019-04-20 16:00:05,956]INFO:########Scanning Period Ends########
[2019-04-20 16:10:05,242]INFO:########Scanning Period Starts########
[2019-04-20 16:10:05,243]INFO:--------Reading Emails--------
[2019-04-20 16:10:06,322]INFO:Successfully fetched 0 emails
[2019-04-20 16:10:06,326]INFO:0 appointment(s) scraped from 0 email(s) in this period
[2019-04-20 16:10:06,335]INFO:--------Creating Events--------
[2019-04-20 16:10:06,336]INFO:No events to create in this period
[2019-04-20 16:10:06,337]INFO:########Scanning Period Ends########
[2019-04-20 16:20:05,743]INFO:########Scanning Period Starts########
[2019-04-20 16:20:05,744]INFO:--------Reading Emails--------
[2019-04-20 16:20:06,833]INFO:Successfully fetched 0 emails
[2019-04-20 16:20:06,836]INFO:0 appointment(s) scraped from 0 email(s) in this period
[2019-04-20 16:20:06,846]INFO:--------Creating Events--------
[2019-04-20 16:20:06,847]INFO:No events to create in this period
[2019-04-20 16:20:06,847]INFO:########Scanning Period Ends########
[2019-04-20 16:30:05,168]INFO:########Scanning Period Starts########
[2019-04-20 16:30:05,169]INFO:--------Reading Emails--------
[2019-04-20 16:30:06,385]INFO:Successfully fetched 0 emails
[2019-04-20 16:30:06,388]INFO:0 appointment(s) scraped from 0 email(s) in this period
[2019-04-20 16:30:06,389]INFO:--------Creating Events--------
[2019-04-20 16:30:06,390]INFO:No events to create in this period
[2019-04-20 16:30:06,390]INFO:########Scanning Period Ends########
[2019-04-20 16:40:05,761]INFO:########Scanning Period Starts########
[2019-04-20 16:40:05,761]INFO:--------Reading Emails--------
[2019-04-20 16:40:06,704]INFO:Successfully fetched 0 emails
[2019-04-20 16:40:06,707]INFO:0 appointment(s) scraped from 0 email(s) in this period
[2019-04-20 16:40:06,708]INFO:--------Creating Events--------
[2019-04-20 16:40:06,709]INFO:No events to create in this period
[2019-04-20 16:40:06,709]INFO:########Scanning Period Ends########
[2019-04-20 16:50:05,089]INFO:########Scanning Period Starts########
[2019-04-20 16:50:05,090]INFO:--------Reading Emails--------
[2019-04-20 16:50:06,310]INFO:Successfully fetched 0 emails
[2019-04-20 16:50:06,314]INFO:0 appointment(s) scraped from 0 email(s) in this period
[2019-04-20 16:50:06,319]INFO:--------Creating Events--------
[2019-04-20 16:50:06,320]INFO:No events to create in this period
[2019-04-20 16:50:06,321]INFO:########Scanning Period Ends########
[2019-04-20 17:00:05,568]INFO:########Scanning Period Starts########
[2019-04-20 17:00:05,568]INFO:--------Reading Emails--------
[2019-04-20 17:00:06,954]INFO:Successfully fetched 0 emails
[2019-04-20 17:00:06,958]INFO:0 appointment(s) scraped from 0 email(s) in this period
[2019-04-20 17:00:06,959]INFO:--------Creating Events--------
[2019-04-20 17:00:06,959]INFO:No events to create in this period
[2019-04-20 17:00:06,960]INFO:########Scanning Period Ends########
[2019-04-20 17:10:05,295]INFO:########Scanning Period Starts########
[2019-04-20 17:10:05,296]INFO:--------Reading Emails--------
[2019-04-20 17:10:06,687]INFO:Successfully fetched 0 emails
[2019-04-20 17:10:06,691]INFO:0 appointment(s) scraped from 0 email(s) in this period
[2019-04-20 17:10:06,692]INFO:--------Creating Events--------
[2019-04-20 17:10:06,693]INFO:No events to create in this period
[2019-04-20 17:10:06,693]INFO:########Scanning Period Ends########
[2019-04-20 17:20:05,090]INFO:########Scanning Period Starts########
[2019-04-20 17:20:05,090]INFO:--------Reading Emails--------
[2019-04-20 17:20:06,146]INFO:Successfully fetched 0 emails
[2019-04-20 17:20:06,150]INFO:0 appointment(s) scraped from 0 email(s) in this period
[2019-04-20 17:20:06,151]INFO:--------Creating Events--------
[2019-04-20 17:20:06,151]INFO:No events to create in this period
[2019-04-20 17:20:06,152]INFO:########Scanning Period Ends########
[2019-04-20 17:30:05,406]INFO:########Scanning Period Starts########
[2019-04-20 17:30:05,407]INFO:--------Reading Emails--------
[2019-04-20 17:30:07,546]INFO:Successfully fetched 0 emails
[2019-04-20 17:30:07,550]INFO:0 appointment(s) scraped from 0 email(s) in this period
[2019-04-20 17:30:07,560]INFO:--------Creating Events--------
[2019-04-20 17:30:07,560]INFO:No events to create in this period
[2019-04-20 17:30:07,561]INFO:########Scanning Period Ends########
[2019-04-20 17:40:04,957]INFO:########Scanning Period Starts########
[2019-04-20 17:40:04,958]INFO:--------Reading Emails--------
[2019-04-20 17:40:06,133]INFO:Successfully fetched 0 emails
[2019-04-20 17:40:06,137]INFO:0 appointment(s) scraped from 0 email(s) in this period
[2019-04-20 17:40:06,142]INFO:--------Creating Events--------
[2019-04-20 17:40:06,143]INFO:No events to create in this period
[2019-04-20 17:40:06,144]INFO:########Scanning Period Ends########
[2019-04-20 17:50:05,444]INFO:########Scanning Period Starts########
[2019-04-20 17:50:05,444]INFO:--------Reading Emails--------
[2019-04-20 17:50:06,794]INFO:Successfully fetched 0 emails
[2019-04-20 17:50:06,807]INFO:0 appointment(s) scraped from 0 email(s) in this period
[2019-04-20 17:50:06,808]INFO:--------Creating Events--------
[2019-04-20 17:50:06,808]INFO:No events to create in this period
[2019-04-20 17:50:06,809]INFO:########Scanning Period Ends########
[2019-04-20 18:00:05,138]INFO:########Scanning Period Starts########
[2019-04-20 18:00:05,138]INFO:--------Reading Emails--------
[2019-04-20 18:00:06,502]INFO:Successfully fetched 0 emails
[2019-04-20 18:00:06,515]INFO:0 appointment(s) scraped from 0 email(s) in this period
[2019-04-20 18:00:06,516]INFO:--------Creating Events--------
[2019-04-20 18:00:06,517]INFO:No events to create in this period
[2019-04-20 18:00:06,517]INFO:########Scanning Period Ends########
[2019-04-20 18:10:04,884]INFO:########Scanning Period Starts########
[2019-04-20 18:10:04,885]INFO:--------Reading Emails--------
[2019-04-20 18:10:06,135]INFO:Successfully fetched 0 emails
[2019-04-20 18:10:06,148]INFO:0 appointment(s) scraped from 0 email(s) in this period
[2019-04-20 18:10:06,149]INFO:--------Creating Events--------
[2019-04-20 18:10:06,150]INFO:No events to create in this period
[2019-04-20 18:10:06,150]INFO:########Scanning Period Ends########
[2019-04-20 18:20:05,491]INFO:########Scanning Period Starts########
[2019-04-20 18:20:05,491]INFO:--------Reading Emails--------
[2019-04-20 18:20:06,524]INFO:Successfully fetched 0 emails
[2019-04-20 18:20:06,528]INFO:0 appointment(s) scraped from 0 email(s) in this period
[2019-04-20 18:20:06,538]INFO:--------Creating Events--------
[2019-04-20 18:20:06,538]INFO:No events to create in this period
[2019-04-20 18:20:06,539]INFO:########Scanning Period Ends########
[2019-04-20 18:30:04,875]INFO:########Scanning Period Starts########
[2019-04-20 18:30:04,875]INFO:--------Reading Emails--------
[2019-04-20 18:30:06,153]INFO:Successfully fetched 0 emails
[2019-04-20 18:30:06,162]INFO:0 appointment(s) scraped from 0 email(s) in this period
[2019-04-20 18:30:06,163]INFO:--------Creating Events--------
[2019-04-20 18:30:06,164]INFO:No events to create in this period
[2019-04-20 18:30:06,164]INFO:########Scanning Period Ends########
[2019-04-20 18:40:05,477]INFO:########Scanning Period Starts########
[2019-04-20 18:40:05,478]INFO:--------Reading Emails--------
[2019-04-20 18:40:06,560]INFO:Successfully fetched 0 emails
[2019-04-20 18:40:06,573]INFO:0 appointment(s) scraped from 0 email(s) in this period
[2019-04-20 18:40:06,574]INFO:--------Creating Events--------
[2019-04-20 18:40:06,575]INFO:No events to create in this period
[2019-04-20 18:40:06,576]INFO:########Scanning Period Ends########
[2019-04-20 18:50:05,007]INFO:########Scanning Period Starts########
[2019-04-20 18:50:05,007]INFO:--------Reading Emails--------
[2019-04-20 18:50:06,134]INFO:Successfully fetched 0 emails
[2019-04-20 18:50:06,137]INFO:0 appointment(s) scraped from 0 email(s) in this period
[2019-04-20 18:50:06,138]INFO:--------Creating Events--------
[2019-04-20 18:50:06,139]INFO:No events to create in this period
[2019-04-20 18:50:06,139]INFO:########Scanning Period Ends########
[2019-04-20 19:00:05,409]INFO:########Scanning Period Starts########
[2019-04-20 19:00:05,410]INFO:--------Reading Emails--------
[2019-04-20 19:00:06,635]INFO:Successfully fetched 0 emails
[2019-04-20 19:00:06,639]INFO:0 appointment(s) scraped from 0 email(s) in this period
[2019-04-20 19:00:06,648]INFO:--------Creating Events--------
[2019-04-20 19:00:06,649]INFO:No events to create in this period
[2019-04-20 19:00:06,650]INFO:########Scanning Period Ends########
[2019-04-20 19:10:04,976]INFO:########Scanning Period Starts########
[2019-04-20 19:10:04,976]INFO:--------Reading Emails--------
[2019-04-20 19:10:06,244]INFO:Successfully fetched 0 emails
[2019-04-20 19:10:06,247]INFO:0 appointment(s) scraped from 0 email(s) in this period
[2019-04-20 19:10:06,257]INFO:--------Creating Events--------
[2019-04-20 19:10:06,258]INFO:No events to create in this period
[2019-04-20 19:10:06,258]INFO:########Scanning Period Ends########
[2019-04-20 19:20:05,619]INFO:########Scanning Period Starts########
[2019-04-20 19:20:05,620]INFO:--------Reading Emails--------
[2019-04-20 19:20:06,654]INFO:Successfully fetched 0 emails
[2019-04-20 19:20:06,657]INFO:0 appointment(s) scraped from 0 email(s) in this period
[2019-04-20 19:20:06,663]INFO:--------Creating Events--------
[2019-04-20 19:20:06,663]INFO:No events to create in this period
[2019-04-20 19:20:06,664]INFO:########Scanning Period Ends########
[2019-04-20 19:30:05,006]INFO:########Scanning Period Starts########
[2019-04-20 19:30:05,007]INFO:--------Reading Emails--------
[2019-04-20 19:30:05,941]INFO:Successfully fetched 0 emails
[2019-04-20 19:30:05,945]INFO:0 appointment(s) scraped from 0 email(s) in this period
[2019-04-20 19:30:05,945]INFO:--------Creating Events--------
[2019-04-20 19:30:05,946]INFO:No events to create in this period
[2019-04-20 19:30:05,947]INFO:########Scanning Period Ends########
[2019-04-20 19:40:05,271]INFO:########Scanning Period Starts########
[2019-04-20 19:40:05,272]INFO:--------Reading Emails--------
[2019-04-20 19:40:06,189]INFO:Successfully fetched 0 emails
[2019-04-20 19:40:06,192]INFO:0 appointment(s) scraped from 0 email(s) in this period
[2019-04-20 19:40:06,193]INFO:--------Creating Events--------
[2019-04-20 19:40:06,194]INFO:No events to create in this period
[2019-04-20 19:40:06,194]INFO:########Scanning Period Ends########
[2019-04-20 19:50:05,471]INFO:########Scanning Period Starts########
[2019-04-20 19:50:05,471]INFO:--------Reading Emails--------
[2019-04-20 19:50:06,828]INFO:Successfully fetched 0 emails
[2019-04-20 19:50:06,831]INFO:0 appointment(s) scraped from 0 email(s) in this period
[2019-04-20 19:50:06,841]INFO:--------Creating Events--------
[2019-04-20 19:50:06,842]INFO:No events to create in this period
[2019-04-20 19:50:06,843]INFO:########Scanning Period Ends########
[2019-04-20 20:00:05,162]INFO:########Scanning Period Starts########
[2019-04-20 20:00:05,162]INFO:--------Reading Emails--------
[2019-04-20 20:00:06,181]INFO:Successfully fetched 0 emails
[2019-04-20 20:00:06,185]INFO:0 appointment(s) scraped from 0 email(s) in this period
[2019-04-20 20:00:06,185]INFO:--------Creating Events--------
[2019-04-20 20:00:06,186]INFO:No events to create in this period
[2019-04-20 20:00:06,187]INFO:########Scanning Period Ends########
[2019-04-20 20:10:05,488]INFO:########Scanning Period Starts########
[2019-04-20 20:10:05,489]INFO:--------Reading Emails--------
[2019-04-20 20:10:06,732]INFO:Successfully fetched 0 emails
[2019-04-20 20:10:06,745]INFO:0 appointment(s) scraped from 0 email(s) in this period
[2019-04-20 20:10:06,747]INFO:--------Creating Events--------
[2019-04-20 20:10:06,747]INFO:No events to create in this period
[2019-04-20 20:10:06,748]INFO:########Scanning Period Ends########
[2019-04-20 20:20:05,126]INFO:########Scanning Period Starts########
[2019-04-20 20:20:05,127]INFO:--------Reading Emails--------
[2019-04-20 20:20:06,066]INFO:Successfully fetched 0 emails
[2019-04-20 20:20:06,070]INFO:0 appointment(s) scraped from 0 email(s) in this period
[2019-04-20 20:20:06,070]INFO:--------Creating Events--------
[2019-04-20 20:20:06,071]INFO:No events to create in this period
[2019-04-20 20:20:06,071]INFO:########Scanning Period Ends########
[2019-04-20 20:30:05,326]INFO:########Scanning Period Starts########
[2019-04-20 20:30:05,327]INFO:--------Reading Emails--------
[2019-04-20 20:30:06,180]INFO:Successfully fetched 0 emails
[2019-04-20 20:30:06,183]INFO:0 appointment(s) scraped from 0 email(s) in this period
[2019-04-20 20:30:06,184]INFO:--------Creating Events--------
[2019-04-20 20:30:06,185]INFO:No events to create in this period
[2019-04-20 20:30:06,185]INFO:########Scanning Period Ends########
[2019-04-20 20:40:05,500]INFO:########Scanning Period Starts########
[2019-04-20 20:40:05,501]INFO:--------Reading Emails--------
[2019-04-20 20:40:06,765]INFO:Successfully fetched 0 emails
[2019-04-20 20:40:06,768]INFO:0 appointment(s) scraped from 0 email(s) in this period
[2019-04-20 20:40:06,778]INFO:--------Creating Events--------
[2019-04-20 20:40:06,779]INFO:No events to create in this period
[2019-04-20 20:40:06,780]INFO:########Scanning Period Ends########
[2019-04-20 20:50:05,108]INFO:########Scanning Period Starts########
[2019-04-20 20:50:05,109]INFO:--------Reading Emails--------
[2019-04-20 20:50:06,033]INFO:Successfully fetched 0 emails
[2019-04-20 20:50:06,037]INFO:0 appointment(s) scraped from 0 email(s) in this period
[2019-04-20 20:50:06,037]INFO:--------Creating Events--------
[2019-04-20 20:50:06,038]INFO:No events to create in this period
[2019-04-20 20:50:06,039]INFO:########Scanning Period Ends########
[2019-04-20 21:00:05,312]INFO:########Scanning Period Starts########
[2019-04-20 21:00:05,314]INFO:--------Reading Emails--------
[2019-04-20 21:00:06,313]INFO:Successfully fetched 0 emails
[2019-04-20 21:00:06,316]INFO:0 appointment(s) scraped from 0 email(s) in this period
[2019-04-20 21:00:06,317]INFO:--------Creating Events--------
[2019-04-20 21:00:06,318]INFO:No events to create in this period
[2019-04-20 21:00:06,318]INFO:########Scanning Period Ends########
[2019-04-20 21:10:05,593]INFO:########Scanning Period Starts########
[2019-04-20 21:10:05,594]INFO:--------Reading Emails--------
[2019-04-20 21:10:06,623]INFO:Successfully fetched 0 emails
[2019-04-20 21:10:06,626]INFO:0 appointment(s) scraped from 0 email(s) in this period
[2019-04-20 21:10:06,631]INFO:--------Creating Events--------
[2019-04-20 21:10:06,632]INFO:No events to create in this period
[2019-04-20 21:10:06,633]INFO:########Scanning Period Ends########
[2019-04-20 21:20:05,076]INFO:########Scanning Period Starts########
[2019-04-20 21:20:05,077]INFO:--------Reading Emails--------
[2019-04-20 21:20:05,937]INFO:Successfully fetched 0 emails
[2019-04-20 21:20:05,941]INFO:0 appointment(s) scraped from 0 email(s) in this period
[2019-04-20 21:20:05,942]INFO:--------Creating Events--------
[2019-04-20 21:20:05,942]INFO:No events to create in this period
[2019-04-20 21:20:05,943]INFO:########Scanning Period Ends########
[2019-04-20 21:30:05,235]INFO:########Scanning Period Starts########
[2019-04-20 21:30:05,236]INFO:--------Reading Emails--------
[2019-04-20 21:30:06,056]INFO:Successfully fetched 0 emails
[2019-04-20 21:30:06,060]INFO:0 appointment(s) scraped from 0 email(s) in this period
[2019-04-20 21:30:06,061]INFO:--------Creating Events--------
[2019-04-20 21:30:06,061]INFO:No events to create in this period
[2019-04-20 21:30:06,062]INFO:########Scanning Period Ends########
[2019-04-20 21:40:05,329]INFO:########Scanning Period Starts########
[2019-04-20 21:40:05,330]INFO:--------Reading Emails--------
[2019-04-20 21:40:06,654]INFO:Successfully fetched 0 emails
[2019-04-20 21:40:06,657]INFO:0 appointment(s) scraped from 0 email(s) in this period
[2019-04-20 21:40:06,662]INFO:--------Creating Events--------
[2019-04-20 21:40:06,663]INFO:No events to create in this period
[2019-04-20 21:40:06,664]INFO:########Scanning Period Ends########
[2019-04-20 21:50:04,985]INFO:########Scanning Period Starts########
[2019-04-20 21:50:04,985]INFO:--------Reading Emails--------
[2019-04-20 21:50:05,991]INFO:Successfully fetched 0 emails
[2019-04-20 21:50:05,994]INFO:0 appointment(s) scraped from 0 email(s) in this period
[2019-04-20 21:50:05,995]INFO:--------Creating Events--------
[2019-04-20 21:50:05,996]INFO:No events to create in this period
[2019-04-20 21:50:05,996]INFO:########Scanning Period Ends########
[2019-04-20 22:00:05,309]INFO:########Scanning Period Starts########
[2019-04-20 22:00:05,310]INFO:--------Reading Emails--------
[2019-04-20 22:00:06,277]INFO:Successfully fetched 0 emails
[2019-04-20 22:00:06,281]INFO:0 appointment(s) scraped from 0 email(s) in this period
[2019-04-20 22:00:06,282]INFO:--------Creating Events--------
[2019-04-20 22:00:06,283]INFO:No events to create in this period
[2019-04-20 22:00:06,283]INFO:########Scanning Period Ends########
[2019-04-20 22:10:05,553]INFO:########Scanning Period Starts########
[2019-04-20 22:10:05,553]INFO:--------Reading Emails--------
[2019-04-20 22:10:07,057]INFO:Successfully fetched 0 emails
[2019-04-20 22:10:07,060]INFO:0 appointment(s) scraped from 0 email(s) in this period
[2019-04-20 22:10:07,070]INFO:--------Creating Events--------
[2019-04-20 22:10:07,070]INFO:No events to create in this period
[2019-04-20 22:10:07,071]INFO:########Scanning Period Ends########
[2019-04-20 22:20:05,466]INFO:########Scanning Period Starts########
[2019-04-20 22:20:05,467]INFO:--------Reading Emails--------
[2019-04-20 22:20:06,503]INFO:Successfully fetched 0 emails
[2019-04-20 22:20:06,507]INFO:0 appointment(s) scraped from 0 email(s) in this period
[2019-04-20 22:20:06,508]INFO:--------Creating Events--------
[2019-04-20 22:20:06,508]INFO:No events to create in this period
[2019-04-20 22:20:06,509]INFO:########Scanning Period Ends########
[2019-04-20 22:30:04,882]INFO:########Scanning Period Starts########
[2019-04-20 22:30:04,882]INFO:--------Reading Emails--------
[2019-04-20 22:30:05,800]INFO:Successfully fetched 0 emails
[2019-04-20 22:30:05,803]INFO:0 appointment(s) scraped from 0 email(s) in this period
[2019-04-20 22:30:05,804]INFO:--------Creating Events--------
[2019-04-20 22:30:05,805]INFO:No events to create in this period
[2019-04-20 22:30:05,805]INFO:########Scanning Period Ends########
[2019-04-20 22:40:05,136]INFO:########Scanning Period Starts########
[2019-04-20 22:40:05,136]INFO:--------Reading Emails--------
[2019-04-20 22:40:06,732]INFO:Successfully fetched 0 emails
[2019-04-20 22:40:06,735]INFO:0 appointment(s) scraped from 0 email(s) in this period
[2019-04-20 22:40:06,741]INFO:--------Creating Events--------
[2019-04-20 22:40:06,742]INFO:No events to create in this period
[2019-04-20 22:40:06,742]INFO:########Scanning Period Ends########
[2019-04-20 22:50:05,133]INFO:########Scanning Period Starts########
[2019-04-20 22:50:05,133]INFO:--------Reading Emails--------
[2019-04-20 22:50:06,442]INFO:Successfully fetched 0 emails
[2019-04-20 22:50:06,446]INFO:0 appointment(s) scraped from 0 email(s) in this period
[2019-04-20 22:50:06,447]INFO:--------Creating Events--------
[2019-04-20 22:50:06,447]INFO:No events to create in this period
[2019-04-20 22:50:06,448]INFO:########Scanning Period Ends########
[2019-04-20 23:00:05,773]INFO:########Scanning Period Starts########
[2019-04-20 23:00:05,774]INFO:--------Reading Emails--------
[2019-04-20 23:00:07,123]INFO:Successfully fetched 0 emails
[2019-04-20 23:00:07,131]INFO:0 appointment(s) scraped from 0 email(s) in this period
[2019-04-20 23:00:07,133]INFO:--------Creating Events--------
[2019-04-20 23:00:07,133]INFO:No events to create in this period
[2019-04-20 23:00:07,134]INFO:########Scanning Period Ends########
[2019-04-20 23:10:05,409]INFO:########Scanning Period Starts########
[2019-04-20 23:10:05,409]INFO:--------Reading Emails--------
[2019-04-20 23:10:06,791]INFO:Successfully fetched 0 emails
[2019-04-20 23:10:06,794]INFO:0 appointment(s) scraped from 0 email(s) in this period
[2019-04-20 23:10:06,800]INFO:--------Creating Events--------
[2019-04-20 23:10:06,800]INFO:No events to create in this period
[2019-04-20 23:10:06,801]INFO:########Scanning Period Ends########
[2019-04-20 23:20:05,186]INFO:########Scanning Period Starts########
[2019-04-20 23:20:05,187]INFO:--------Reading Emails--------
[2019-04-20 23:20:06,189]INFO:Successfully fetched 0 emails
[2019-04-20 23:20:06,193]INFO:0 appointment(s) scraped from 0 email(s) in this period
[2019-04-20 23:20:06,193]INFO:--------Creating Events--------
[2019-04-20 23:20:06,194]INFO:No events to create in this period
[2019-04-20 23:20:06,195]INFO:########Scanning Period Ends########
[2019-04-20 23:30:05,507]INFO:########Scanning Period Starts########
[2019-04-20 23:30:05,507]INFO:--------Reading Emails--------
[2019-04-20 23:30:06,413]INFO:Successfully fetched 0 emails
[2019-04-20 23:30:06,416]INFO:0 appointment(s) scraped from 0 email(s) in this period
[2019-04-20 23:30:06,417]INFO:--------Creating Events--------
[2019-04-20 23:30:06,418]INFO:No events to create in this period
[2019-04-20 23:30:06,418]INFO:########Scanning Period Ends########
[2019-04-20 23:40:05,674]INFO:########Scanning Period Starts########
[2019-04-20 23:40:05,675]INFO:--------Reading Emails--------
[2019-04-20 23:40:07,013]INFO:Successfully fetched 0 emails
[2019-04-20 23:40:07,022]INFO:0 appointment(s) scraped from 0 email(s) in this period
[2019-04-20 23:40:07,023]INFO:--------Creating Events--------
[2019-04-20 23:40:07,024]INFO:No events to create in this period
[2019-04-20 23:40:07,025]INFO:########Scanning Period Ends########
[2019-04-20 23:50:05,425]INFO:########Scanning Period Starts########
[2019-04-20 23:50:05,425]INFO:--------Reading Emails--------
[2019-04-20 23:50:06,300]INFO:Successfully fetched 0 emails
[2019-04-20 23:50:06,304]INFO:0 appointment(s) scraped from 0 email(s) in this period
[2019-04-20 23:50:06,305]INFO:--------Creating Events--------
[2019-04-20 23:50:06,305]INFO:No events to create in this period
[2019-04-20 23:50:06,306]INFO:########Scanning Period Ends########
