[2019-04-18 00:00:05,535]INFO:########Scanning Period Starts########
[2019-04-18 00:00:05,536]INFO:--------Reading Emails--------
[2019-04-18 00:00:07,080]INFO:Successfully fetched 0 emails
[2019-04-18 00:00:07,084]INFO:0 appointment(s) scraped from 0 email(s) in this period
[2019-04-18 00:00:07,085]INFO:--------Creating Events--------
[2019-04-18 00:00:07,085]INFO:No events to create in this period
[2019-04-18 00:00:07,086]INFO:########Scanning Period Ends########
[2019-04-18 00:10:05,439]INFO:########Scanning Period Starts########
[2019-04-18 00:10:05,439]INFO:--------Reading Emails--------
[2019-04-18 00:10:07,969]INFO:Successfully fetched 0 emails
[2019-04-18 00:10:07,973]INFO:0 appointment(s) scraped from 0 email(s) in this period
[2019-04-18 00:10:07,974]INFO:--------Creating Events--------
[2019-04-18 00:10:07,974]INFO:No events to create in this period
[2019-04-18 00:10:07,975]INFO:########Scanning Period Ends########
[2019-04-18 00:20:05,373]INFO:########Scanning Period Starts########
[2019-04-18 00:20:05,374]INFO:--------Reading Emails--------
[2019-04-18 00:20:06,536]INFO:Successfully fetched 0 emails
[2019-04-18 00:20:06,540]INFO:0 appointment(s) scraped from 0 email(s) in this period
[2019-04-18 00:20:06,541]INFO:--------Creating Events--------
[2019-04-18 00:20:06,542]INFO:No events to create in this period
[2019-04-18 00:20:06,542]INFO:########Scanning Period Ends########
[2019-04-18 00:30:04,860]INFO:########Scanning Period Starts########
[2019-04-18 00:30:04,861]INFO:--------Reading Emails--------
[2019-04-18 00:30:06,403]INFO:Successfully fetched 0 emails
[2019-04-18 00:30:06,407]INFO:0 appointment(s) scraped from 0 email(s) in this period
[2019-04-18 00:30:06,407]INFO:--------Creating Events--------
[2019-04-18 00:30:06,408]INFO:No events to create in this period
[2019-04-18 00:30:06,409]INFO:########Scanning Period Ends########
[2019-04-18 00:40:05,689]INFO:########Scanning Period Starts########
[2019-04-18 00:40:05,690]INFO:--------Reading Emails--------
[2019-04-18 00:40:08,583]INFO:Successfully fetched 0 emails
[2019-04-18 00:40:08,586]INFO:0 appointment(s) scraped from 0 email(s) in this period
[2019-04-18 00:40:08,587]INFO:--------Creating Events--------
[2019-04-18 00:40:08,588]INFO:No events to create in this period
[2019-04-18 00:40:08,588]INFO:########Scanning Period Ends########
[2019-04-18 00:50:04,890]INFO:########Scanning Period Starts########
[2019-04-18 00:50:04,891]INFO:--------Reading Emails--------
[2019-04-18 00:50:06,353]INFO:Successfully fetched 0 emails
[2019-04-18 00:50:06,356]INFO:0 appointment(s) scraped from 0 email(s) in this period
[2019-04-18 00:50:06,357]INFO:--------Creating Events--------
[2019-04-18 00:50:06,357]INFO:No events to create in this period
[2019-04-18 00:50:06,358]INFO:########Scanning Period Ends########
[2019-04-18 01:00:05,700]INFO:########Scanning Period Starts########
[2019-04-18 01:00:05,701]INFO:--------Reading Emails--------
[2019-04-18 01:00:07,006]INFO:Successfully fetched 0 emails
[2019-04-18 01:00:07,009]INFO:0 appointment(s) scraped from 0 email(s) in this period
[2019-04-18 01:00:07,010]INFO:--------Creating Events--------
[2019-04-18 01:00:07,010]INFO:No events to create in this period
[2019-04-18 01:00:07,011]INFO:########Scanning Period Ends########
[2019-04-18 01:10:05,289]INFO:########Scanning Period Starts########
[2019-04-18 01:10:05,290]INFO:--------Reading Emails--------
[2019-04-18 01:10:06,557]INFO:Successfully fetched 0 emails
[2019-04-18 01:10:06,561]INFO:0 appointment(s) scraped from 0 email(s) in this period
[2019-04-18 01:10:06,562]INFO:--------Creating Events--------
[2019-04-18 01:10:06,562]INFO:No events to create in this period
[2019-04-18 01:10:06,563]INFO:########Scanning Period Ends########
[2019-04-18 01:20:04,931]INFO:########Scanning Period Starts########
[2019-04-18 01:20:04,932]INFO:--------Reading Emails--------
[2019-04-18 01:20:05,969]INFO:Successfully fetched 0 emails
[2019-04-18 01:20:05,972]INFO:0 appointment(s) scraped from 0 email(s) in this period
[2019-04-18 01:20:05,973]INFO:--------Creating Events--------
[2019-04-18 01:20:05,974]INFO:No events to create in this period
[2019-04-18 01:20:05,974]INFO:########Scanning Period Ends########
[2019-04-18 01:30:05,310]INFO:########Scanning Period Starts########
[2019-04-18 01:30:05,310]INFO:--------Reading Emails--------
[2019-04-18 01:30:06,819]INFO:Successfully fetched 0 emails
[2019-04-18 01:30:06,823]INFO:0 appointment(s) scraped from 0 email(s) in this period
[2019-04-18 01:30:06,824]INFO:--------Creating Events--------
[2019-04-18 01:30:06,824]INFO:No events to create in this period
[2019-04-18 01:30:06,825]INFO:########Scanning Period Ends########
[2019-04-18 01:40:05,125]INFO:########Scanning Period Starts########
[2019-04-18 01:40:05,126]INFO:--------Reading Emails--------
[2019-04-18 01:40:06,102]INFO:Successfully fetched 0 emails
[2019-04-18 01:40:06,106]INFO:0 appointment(s) scraped from 0 email(s) in this period
[2019-04-18 01:40:06,107]INFO:--------Creating Events--------
[2019-04-18 01:40:06,107]INFO:No events to create in this period
[2019-04-18 01:40:06,108]INFO:########Scanning Period Ends########
[2019-04-18 01:50:05,414]INFO:########Scanning Period Starts########
[2019-04-18 01:50:05,415]INFO:--------Reading Emails--------
[2019-04-18 01:50:06,896]INFO:Successfully fetched 0 emails
[2019-04-18 01:50:06,899]INFO:0 appointment(s) scraped from 0 email(s) in this period
[2019-04-18 01:50:06,900]INFO:--------Creating Events--------
[2019-04-18 01:50:06,901]INFO:No events to create in this period
[2019-04-18 01:50:06,901]INFO:########Scanning Period Ends########
[2019-04-18 02:00:05,261]INFO:########Scanning Period Starts########
[2019-04-18 02:00:05,262]INFO:--------Reading Emails--------
[2019-04-18 02:00:06,463]INFO:Successfully fetched 0 emails
[2019-04-18 02:00:06,467]INFO:0 appointment(s) scraped from 0 email(s) in this period
[2019-04-18 02:00:06,467]INFO:--------Creating Events--------
[2019-04-18 02:00:06,468]INFO:No events to create in this period
[2019-04-18 02:00:06,469]INFO:########Scanning Period Ends########
[2019-04-18 02:10:05,769]INFO:########Scanning Period Starts########
[2019-04-18 02:10:05,770]INFO:--------Reading Emails--------
[2019-04-18 02:10:07,136]INFO:Successfully fetched 0 emails
[2019-04-18 02:10:07,139]INFO:0 appointment(s) scraped from 0 email(s) in this period
[2019-04-18 02:10:07,140]INFO:--------Creating Events--------
[2019-04-18 02:10:07,141]INFO:No events to create in this period
[2019-04-18 02:10:07,141]INFO:########Scanning Period Ends########
[2019-04-18 02:20:05,554]INFO:########Scanning Period Starts########
[2019-04-18 02:20:05,555]INFO:--------Reading Emails--------
[2019-04-18 02:20:06,690]INFO:Successfully fetched 0 emails
[2019-04-18 02:20:06,694]INFO:0 appointment(s) scraped from 0 email(s) in this period
[2019-04-18 02:20:06,695]INFO:--------Creating Events--------
[2019-04-18 02:20:06,696]INFO:No events to create in this period
[2019-04-18 02:20:06,696]INFO:########Scanning Period Ends########
[2019-04-18 02:30:05,085]INFO:########Scanning Period Starts########
[2019-04-18 02:30:05,085]INFO:--------Reading Emails--------
[2019-04-18 02:30:06,306]INFO:Successfully fetched 0 emails
[2019-04-18 02:30:06,309]INFO:0 appointment(s) scraped from 0 email(s) in this period
[2019-04-18 02:30:06,310]INFO:--------Creating Events--------
[2019-04-18 02:30:06,311]INFO:No events to create in this period
[2019-04-18 02:30:06,311]INFO:########Scanning Period Ends########
[2019-04-18 02:40:05,654]INFO:########Scanning Period Starts########
[2019-04-18 02:40:05,654]INFO:--------Reading Emails--------
[2019-04-18 02:40:06,844]INFO:Successfully fetched 0 emails
[2019-04-18 02:40:06,847]INFO:0 appointment(s) scraped from 0 email(s) in this period
[2019-04-18 02:40:06,848]INFO:--------Creating Events--------
[2019-04-18 02:40:06,849]INFO:No events to create in this period
[2019-04-18 02:40:06,849]INFO:########Scanning Period Ends########
[2019-04-18 02:50:05,161]INFO:########Scanning Period Starts########
[2019-04-18 02:50:05,161]INFO:--------Reading Emails--------
[2019-04-18 02:50:06,239]INFO:Successfully fetched 0 emails
[2019-04-18 02:50:06,243]INFO:0 appointment(s) scraped from 0 email(s) in this period
[2019-04-18 02:50:06,244]INFO:--------Creating Events--------
[2019-04-18 02:50:06,244]INFO:No events to create in this period
[2019-04-18 02:50:06,245]INFO:########Scanning Period Ends########
[2019-04-18 03:00:05,543]INFO:########Scanning Period Starts########
[2019-04-18 03:00:05,543]INFO:--------Reading Emails--------
[2019-04-18 03:00:06,702]INFO:Successfully fetched 0 emails
[2019-04-18 03:00:06,705]INFO:0 appointment(s) scraped from 0 email(s) in this period
[2019-04-18 03:00:06,706]INFO:--------Creating Events--------
[2019-04-18 03:00:06,707]INFO:No events to create in this period
[2019-04-18 03:00:06,707]INFO:########Scanning Period Ends########
[2019-04-18 03:10:05,039]INFO:########Scanning Period Starts########
[2019-04-18 03:10:05,040]INFO:--------Reading Emails--------
[2019-04-18 03:10:05,924]INFO:Successfully fetched 0 emails
[2019-04-18 03:10:05,927]INFO:0 appointment(s) scraped from 0 email(s) in this period
[2019-04-18 03:10:05,928]INFO:--------Creating Events--------
[2019-04-18 03:10:05,929]INFO:No events to create in this period
[2019-04-18 03:10:05,930]INFO:########Scanning Period Ends########
[2019-04-18 03:20:05,297]INFO:########Scanning Period Starts########
[2019-04-18 03:20:05,298]INFO:--------Reading Emails--------
[2019-04-18 03:20:06,615]INFO:Successfully fetched 0 emails
[2019-04-18 03:20:06,618]INFO:0 appointment(s) scraped from 0 email(s) in this period
[2019-04-18 03:20:06,619]INFO:--------Creating Events--------
[2019-04-18 03:20:06,620]INFO:No events to create in this period
[2019-04-18 03:20:06,621]INFO:########Scanning Period Ends########
[2019-04-18 03:30:04,984]INFO:########Scanning Period Starts########
[2019-04-18 03:30:04,984]INFO:--------Reading Emails--------
[2019-04-18 03:30:05,935]INFO:Successfully fetched 0 emails
[2019-04-18 03:30:05,938]INFO:0 appointment(s) scraped from 0 email(s) in this period
[2019-04-18 03:30:05,939]INFO:--------Creating Events--------
[2019-04-18 03:30:05,940]INFO:No events to create in this period
[2019-04-18 03:30:05,940]INFO:########Scanning Period Ends########
[2019-04-18 03:40:05,254]INFO:########Scanning Period Starts########
[2019-04-18 03:40:05,254]INFO:--------Reading Emails--------
[2019-04-18 03:40:06,605]INFO:Successfully fetched 0 emails
[2019-04-18 03:40:06,608]INFO:0 appointment(s) scraped from 0 email(s) in this period
[2019-04-18 03:40:06,609]INFO:--------Creating Events--------
[2019-04-18 03:40:06,610]INFO:No events to create in this period
[2019-04-18 03:40:06,610]INFO:########Scanning Period Ends########
[2019-04-18 03:50:04,991]INFO:########Scanning Period Starts########
[2019-04-18 03:50:04,991]INFO:--------Reading Emails--------
[2019-04-18 03:50:06,134]INFO:Successfully fetched 0 emails
[2019-04-18 03:50:06,138]INFO:0 appointment(s) scraped from 0 email(s) in this period
[2019-04-18 03:50:06,138]INFO:--------Creating Events--------
[2019-04-18 03:50:06,139]INFO:No events to create in this period
[2019-04-18 03:50:06,140]INFO:########Scanning Period Ends########
[2019-04-18 04:00:05,520]INFO:########Scanning Period Starts########
[2019-04-18 04:00:05,520]INFO:--------Reading Emails--------
[2019-04-18 04:00:06,555]INFO:Successfully fetched 0 emails
[2019-04-18 04:00:06,558]INFO:0 appointment(s) scraped from 0 email(s) in this period
[2019-04-18 04:00:06,559]INFO:--------Creating Events--------
[2019-04-18 04:00:06,560]INFO:No events to create in this period
[2019-04-18 04:00:06,560]INFO:########Scanning Period Ends########
[2019-04-18 04:10:04,935]INFO:########Scanning Period Starts########
[2019-04-18 04:10:04,935]INFO:--------Reading Emails--------
[2019-04-18 04:10:06,269]INFO:Successfully fetched 0 emails
[2019-04-18 04:10:06,273]INFO:0 appointment(s) scraped from 0 email(s) in this period
[2019-04-18 04:10:06,273]INFO:--------Creating Events--------
[2019-04-18 04:10:06,274]INFO:No events to create in this period
[2019-04-18 04:10:06,275]INFO:########Scanning Period Ends########
[2019-04-18 04:20:05,663]INFO:########Scanning Period Starts########
[2019-04-18 04:20:05,664]INFO:--------Reading Emails--------
[2019-04-18 04:20:06,900]INFO:Successfully fetched 0 emails
[2019-04-18 04:20:06,903]INFO:0 appointment(s) scraped from 0 email(s) in this period
[2019-04-18 04:20:06,904]INFO:--------Creating Events--------
[2019-04-18 04:20:06,905]INFO:No events to create in this period
[2019-04-18 04:20:06,905]INFO:########Scanning Period Ends########
[2019-04-18 04:30:05,220]INFO:########Scanning Period Starts########
[2019-04-18 04:30:05,220]INFO:--------Reading Emails--------
[2019-04-18 04:30:06,513]INFO:Successfully fetched 0 emails
[2019-04-18 04:30:06,516]INFO:0 appointment(s) scraped from 0 email(s) in this period
[2019-04-18 04:30:06,517]INFO:--------Creating Events--------
[2019-04-18 04:30:06,518]INFO:No events to create in this period
[2019-04-18 04:30:06,518]INFO:########Scanning Period Ends########
[2019-04-18 04:40:04,819]INFO:########Scanning Period Starts########
[2019-04-18 04:40:04,820]INFO:--------Reading Emails--------
[2019-04-18 04:40:05,970]INFO:Successfully fetched 0 emails
[2019-04-18 04:40:05,974]INFO:0 appointment(s) scraped from 0 email(s) in this period
[2019-04-18 04:40:05,975]INFO:--------Creating Events--------
[2019-04-18 04:40:05,975]INFO:No events to create in this period
[2019-04-18 04:40:05,976]INFO:########Scanning Period Ends########
[2019-04-18 04:50:05,291]INFO:########Scanning Period Starts########
[2019-04-18 04:50:05,292]INFO:--------Reading Emails--------
[2019-04-18 04:50:06,830]INFO:Successfully fetched 0 emails
[2019-04-18 04:50:06,833]INFO:0 appointment(s) scraped from 0 email(s) in this period
[2019-04-18 04:50:06,834]INFO:--------Creating Events--------
[2019-04-18 04:50:06,835]INFO:No events to create in this period
[2019-04-18 04:50:06,835]INFO:########Scanning Period Ends########
[2019-04-18 05:00:05,165]INFO:########Scanning Period Starts########
[2019-04-18 05:00:05,166]INFO:--------Reading Emails--------
[2019-04-18 05:00:06,313]INFO:Successfully fetched 0 emails
[2019-04-18 05:00:06,316]INFO:0 appointment(s) scraped from 0 email(s) in this period
[2019-04-18 05:00:06,317]INFO:--------Creating Events--------
[2019-04-18 05:00:06,318]INFO:No events to create in this period
[2019-04-18 05:00:06,318]INFO:########Scanning Period Ends########
[2019-04-18 05:10:05,679]INFO:########Scanning Period Starts########
[2019-04-18 05:10:05,679]INFO:--------Reading Emails--------
[2019-04-18 05:10:07,020]INFO:Successfully fetched 0 emails
[2019-04-18 05:10:07,023]INFO:0 appointment(s) scraped from 0 email(s) in this period
[2019-04-18 05:10:07,024]INFO:--------Creating Events--------
[2019-04-18 05:10:07,025]INFO:No events to create in this period
[2019-04-18 05:10:07,025]INFO:########Scanning Period Ends########
[2019-04-18 05:20:05,425]INFO:########Scanning Period Starts########
[2019-04-18 05:20:05,426]INFO:--------Reading Emails--------
[2019-04-18 05:20:06,602]INFO:Successfully fetched 0 emails
[2019-04-18 05:20:06,605]INFO:0 appointment(s) scraped from 0 email(s) in this period
[2019-04-18 05:20:06,606]INFO:--------Creating Events--------
[2019-04-18 05:20:06,607]INFO:No events to create in this period
[2019-04-18 05:20:06,607]INFO:########Scanning Period Ends########
[2019-04-18 05:30:04,906]INFO:########Scanning Period Starts########
[2019-04-18 05:30:04,906]INFO:--------Reading Emails--------
[2019-04-18 05:30:06,302]INFO:Successfully fetched 0 emails
[2019-04-18 05:30:06,305]INFO:0 appointment(s) scraped from 0 email(s) in this period
[2019-04-18 05:30:06,306]INFO:--------Creating Events--------
[2019-04-18 05:30:06,307]INFO:No events to create in this period
[2019-04-18 05:30:06,307]INFO:########Scanning Period Ends########
[2019-04-18 05:40:05,570]INFO:########Scanning Period Starts########
[2019-04-18 05:40:05,570]INFO:--------Reading Emails--------
[2019-04-18 05:40:06,698]INFO:Successfully fetched 0 emails
[2019-04-18 05:40:06,701]INFO:0 appointment(s) scraped from 0 email(s) in this period
[2019-04-18 05:40:06,702]INFO:--------Creating Events--------
[2019-04-18 05:40:06,702]INFO:No events to create in this period
[2019-04-18 05:40:06,703]INFO:########Scanning Period Ends########
[2019-04-18 05:50:05,002]INFO:########Scanning Period Starts########
[2019-04-18 05:50:05,002]INFO:--------Reading Emails--------
[2019-04-18 05:50:06,078]INFO:Successfully fetched 0 emails
[2019-04-18 05:50:06,082]INFO:0 appointment(s) scraped from 0 email(s) in this period
[2019-04-18 05:50:06,083]INFO:--------Creating Events--------
[2019-04-18 05:50:06,084]INFO:No events to create in this period
[2019-04-18 05:50:06,084]INFO:########Scanning Period Ends########
[2019-04-18 06:00:05,464]INFO:########Scanning Period Starts########
[2019-04-18 06:00:05,465]INFO:--------Reading Emails--------
[2019-04-18 06:00:06,380]INFO:Successfully fetched 0 emails
[2019-04-18 06:00:06,384]INFO:0 appointment(s) scraped from 0 email(s) in this period
[2019-04-18 06:00:06,385]INFO:--------Creating Events--------
[2019-04-18 06:00:06,385]INFO:No events to create in this period
[2019-04-18 06:00:06,386]INFO:########Scanning Period Ends########
[2019-04-18 06:10:05,745]INFO:########Scanning Period Starts########
[2019-04-18 06:10:05,747]INFO:--------Reading Emails--------
[2019-04-18 06:10:06,973]INFO:Successfully fetched 0 emails
[2019-04-18 06:10:06,976]INFO:0 appointment(s) scraped from 0 email(s) in this period
[2019-04-18 06:10:06,986]INFO:--------Creating Events--------
[2019-04-18 06:10:06,987]INFO:No events to create in this period
[2019-04-18 06:10:06,987]INFO:########Scanning Period Ends########
[2019-04-18 06:20:05,373]INFO:########Scanning Period Starts########
[2019-04-18 06:20:05,374]INFO:--------Reading Emails--------
[2019-04-18 06:20:06,970]INFO:Successfully fetched 0 emails
[2019-04-18 06:20:06,974]INFO:0 appointment(s) scraped from 0 email(s) in this period
[2019-04-18 06:20:06,974]INFO:--------Creating Events--------
[2019-04-18 06:20:06,975]INFO:No events to create in this period
[2019-04-18 06:20:06,976]INFO:########Scanning Period Ends########
[2019-04-18 06:30:05,343]INFO:########Scanning Period Starts########
[2019-04-18 06:30:05,344]INFO:--------Reading Emails--------
[2019-04-18 06:30:06,451]INFO:Successfully fetched 0 emails
[2019-04-18 06:30:06,454]INFO:0 appointment(s) scraped from 0 email(s) in this period
[2019-04-18 06:30:06,455]INFO:--------Creating Events--------
[2019-04-18 06:30:06,456]INFO:No events to create in this period
[2019-04-18 06:30:06,456]INFO:########Scanning Period Ends########
[2019-04-18 06:40:05,854]INFO:########Scanning Period Starts########
[2019-04-18 06:40:05,854]INFO:--------Reading Emails--------
[2019-04-18 06:40:07,013]INFO:Successfully fetched 0 emails
[2019-04-18 06:40:07,017]INFO:0 appointment(s) scraped from 0 email(s) in this period
[2019-04-18 06:40:07,017]INFO:--------Creating Events--------
[2019-04-18 06:40:07,018]INFO:No events to create in this period
[2019-04-18 06:40:07,019]INFO:########Scanning Period Ends########
[2019-04-18 06:50:05,298]INFO:########Scanning Period Starts########
[2019-04-18 06:50:05,298]INFO:--------Reading Emails--------
[2019-04-18 06:50:06,575]INFO:Successfully fetched 0 emails
[2019-04-18 06:50:06,579]INFO:0 appointment(s) scraped from 0 email(s) in this period
[2019-04-18 06:50:06,580]INFO:--------Creating Events--------
[2019-04-18 06:50:06,580]INFO:No events to create in this period
[2019-04-18 06:50:06,581]INFO:########Scanning Period Ends########
[2019-04-18 07:00:04,878]INFO:########Scanning Period Starts########
[2019-04-18 07:00:04,878]INFO:--------Reading Emails--------
[2019-04-18 07:00:06,614]INFO:Successfully fetched 0 emails
[2019-04-18 07:00:06,618]INFO:0 appointment(s) scraped from 0 email(s) in this period
[2019-04-18 07:00:06,619]INFO:--------Creating Events--------
[2019-04-18 07:00:06,619]INFO:No events to create in this period
[2019-04-18 07:00:06,620]INFO:########Scanning Period Ends########
[2019-04-18 07:10:04,951]INFO:########Scanning Period Starts########
[2019-04-18 07:10:04,952]INFO:--------Reading Emails--------
[2019-04-18 07:10:06,044]INFO:Successfully fetched 0 emails
[2019-04-18 07:10:06,048]INFO:0 appointment(s) scraped from 0 email(s) in this period
[2019-04-18 07:10:06,048]INFO:--------Creating Events--------
[2019-04-18 07:10:06,049]INFO:No events to create in this period
[2019-04-18 07:10:06,050]INFO:########Scanning Period Ends########
[2019-04-18 07:20:05,456]INFO:########Scanning Period Starts########
[2019-04-18 07:20:05,459]INFO:--------Reading Emails--------
[2019-04-18 07:20:06,784]INFO:Successfully fetched 0 emails
[2019-04-18 07:20:06,788]INFO:0 appointment(s) scraped from 0 email(s) in this period
[2019-04-18 07:20:06,789]INFO:--------Creating Events--------
[2019-04-18 07:20:06,789]INFO:No events to create in this period
[2019-04-18 07:20:06,790]INFO:########Scanning Period Ends########
[2019-04-18 07:30:05,129]INFO:########Scanning Period Starts########
[2019-04-18 07:30:05,129]INFO:--------Reading Emails--------
[2019-04-18 07:30:06,495]INFO:Successfully fetched 0 emails
[2019-04-18 07:30:06,498]INFO:0 appointment(s) scraped from 0 email(s) in this period
[2019-04-18 07:30:06,499]INFO:--------Creating Events--------
[2019-04-18 07:30:06,500]INFO:No events to create in this period
[2019-04-18 07:30:06,501]INFO:########Scanning Period Ends########
[2019-04-18 07:40:04,793]INFO:########Scanning Period Starts########
[2019-04-18 07:40:04,794]INFO:--------Reading Emails--------
[2019-04-18 07:40:05,969]INFO:Successfully fetched 0 emails
[2019-04-18 07:40:05,972]INFO:0 appointment(s) scraped from 0 email(s) in this period
[2019-04-18 07:40:05,973]INFO:--------Creating Events--------
[2019-04-18 07:40:05,974]INFO:No events to create in this period
[2019-04-18 07:40:05,974]INFO:########Scanning Period Ends########
[2019-04-18 07:50:05,346]INFO:########Scanning Period Starts########
[2019-04-18 07:50:05,347]INFO:--------Reading Emails--------
[2019-04-18 07:50:06,976]INFO:Successfully fetched 0 emails
[2019-04-18 07:50:06,980]INFO:0 appointment(s) scraped from 0 email(s) in this period
[2019-04-18 07:50:06,980]INFO:--------Creating Events--------
[2019-04-18 07:50:06,981]INFO:No events to create in this period
[2019-04-18 07:50:06,982]INFO:########Scanning Period Ends########
[2019-04-18 08:00:05,325]INFO:########Scanning Period Starts########
[2019-04-18 08:00:05,326]INFO:--------Reading Emails--------
[2019-04-18 08:00:06,716]INFO:Successfully fetched 0 emails
[2019-04-18 08:00:06,720]INFO:0 appointment(s) scraped from 0 email(s) in this period
[2019-04-18 08:00:06,721]INFO:--------Creating Events--------
[2019-04-18 08:00:06,721]INFO:No events to create in this period
[2019-04-18 08:00:06,722]INFO:########Scanning Period Ends########
[2019-04-18 08:10:05,056]INFO:########Scanning Period Starts########
[2019-04-18 08:10:05,057]INFO:--------Reading Emails--------
[2019-04-18 08:10:06,278]INFO:Successfully fetched 0 emails
[2019-04-18 08:10:06,282]INFO:0 appointment(s) scraped from 0 email(s) in this period
[2019-04-18 08:10:06,283]INFO:--------Creating Events--------
[2019-04-18 08:10:06,283]INFO:No events to create in this period
[2019-04-18 08:10:06,284]INFO:########Scanning Period Ends########
[2019-04-18 08:20:05,702]INFO:########Scanning Period Starts########
[2019-04-18 08:20:05,703]INFO:--------Reading Emails--------
[2019-04-18 08:20:06,970]INFO:Successfully fetched 0 emails
[2019-04-18 08:20:06,973]INFO:0 appointment(s) scraped from 0 email(s) in this period
[2019-04-18 08:20:06,974]INFO:--------Creating Events--------
[2019-04-18 08:20:06,975]INFO:No events to create in this period
[2019-04-18 08:20:06,975]INFO:########Scanning Period Ends########
[2019-04-18 08:30:05,293]INFO:########Scanning Period Starts########
[2019-04-18 08:30:05,294]INFO:--------Reading Emails--------
[2019-04-18 08:30:06,754]INFO:Successfully fetched 0 emails
[2019-04-18 08:30:06,758]INFO:0 appointment(s) scraped from 0 email(s) in this period
[2019-04-18 08:30:06,758]INFO:--------Creating Events--------
[2019-04-18 08:30:06,759]INFO:No events to create in this period
[2019-04-18 08:30:06,760]INFO:########Scanning Period Ends########
[2019-04-18 08:40:05,052]INFO:########Scanning Period Starts########
[2019-04-18 08:40:05,053]INFO:--------Reading Emails--------
[2019-04-18 08:40:06,310]INFO:Successfully fetched 0 emails
[2019-04-18 08:40:06,313]INFO:0 appointment(s) scraped from 0 email(s) in this period
[2019-04-18 08:40:06,314]INFO:--------Creating Events--------
[2019-04-18 08:40:06,315]INFO:No events to create in this period
[2019-04-18 08:40:06,315]INFO:########Scanning Period Ends########
[2019-04-18 08:50:05,644]INFO:########Scanning Period Starts########
[2019-04-18 08:50:05,645]INFO:--------Reading Emails--------
[2019-04-18 08:50:06,714]INFO:Successfully fetched 0 emails
[2019-04-18 08:50:06,717]INFO:0 appointment(s) scraped from 0 email(s) in this period
[2019-04-18 08:50:06,718]INFO:--------Creating Events--------
[2019-04-18 08:50:06,719]INFO:No events to create in this period
[2019-04-18 08:50:06,720]INFO:########Scanning Period Ends########
[2019-04-18 09:00:05,034]INFO:########Scanning Period Starts########
[2019-04-18 09:00:05,035]INFO:--------Reading Emails--------
[2019-04-18 09:00:06,196]INFO:Successfully fetched 0 emails
[2019-04-18 09:00:06,200]INFO:0 appointment(s) scraped from 0 email(s) in this period
[2019-04-18 09:00:06,200]INFO:--------Creating Events--------
[2019-04-18 09:00:06,201]INFO:No events to create in this period
[2019-04-18 09:00:06,202]INFO:########Scanning Period Ends########
[2019-04-18 09:10:05,506]INFO:########Scanning Period Starts########
[2019-04-18 09:10:05,507]INFO:--------Reading Emails--------
[2019-04-18 09:10:06,746]INFO:Successfully fetched 0 emails
[2019-04-18 09:10:06,749]INFO:0 appointment(s) scraped from 0 email(s) in this period
[2019-04-18 09:10:06,750]INFO:--------Creating Events--------
[2019-04-18 09:10:06,751]INFO:No events to create in this period
[2019-04-18 09:10:06,751]INFO:########Scanning Period Ends########
[2019-04-18 09:20:05,147]INFO:########Scanning Period Starts########
[2019-04-18 09:20:05,148]INFO:--------Reading Emails--------
[2019-04-18 09:20:06,149]INFO:Successfully fetched 0 emails
[2019-04-18 09:20:06,153]INFO:0 appointment(s) scraped from 0 email(s) in this period
[2019-04-18 09:20:06,154]INFO:--------Creating Events--------
[2019-04-18 09:20:06,154]INFO:No events to create in this period
[2019-04-18 09:20:06,155]INFO:########Scanning Period Ends########
[2019-04-18 09:30:05,455]INFO:########Scanning Period Starts########
[2019-04-18 09:30:05,456]INFO:--------Reading Emails--------
[2019-04-18 09:30:06,865]INFO:Successfully fetched 0 emails
[2019-04-18 09:30:06,869]INFO:0 appointment(s) scraped from 0 email(s) in this period
[2019-04-18 09:30:06,870]INFO:--------Creating Events--------
[2019-04-18 09:30:06,871]INFO:No events to create in this period
[2019-04-18 09:30:06,871]INFO:########Scanning Period Ends########
[2019-04-18 09:40:05,229]INFO:########Scanning Period Starts########
[2019-04-18 09:40:05,230]INFO:--------Reading Emails--------
[2019-04-18 09:40:06,233]INFO:Successfully fetched 0 emails
[2019-04-18 09:40:06,237]INFO:0 appointment(s) scraped from 0 email(s) in this period
[2019-04-18 09:40:06,238]INFO:--------Creating Events--------
[2019-04-18 09:40:06,238]INFO:No events to create in this period
[2019-04-18 09:40:06,239]INFO:########Scanning Period Ends########
[2019-04-18 09:50:05,545]INFO:########Scanning Period Starts########
[2019-04-18 09:50:05,546]INFO:--------Reading Emails--------
[2019-04-18 09:50:06,566]INFO:Successfully fetched 0 emails
[2019-04-18 09:50:06,570]INFO:0 appointment(s) scraped from 0 email(s) in this period
[2019-04-18 09:50:06,571]INFO:--------Creating Events--------
[2019-04-18 09:50:06,571]INFO:No events to create in this period
[2019-04-18 09:50:06,572]INFO:########Scanning Period Ends########
[2019-04-18 10:00:04,900]INFO:########Scanning Period Starts########
[2019-04-18 10:00:04,900]INFO:--------Reading Emails--------
[2019-04-18 10:00:06,170]INFO:Successfully fetched 0 emails
[2019-04-18 10:00:06,174]INFO:0 appointment(s) scraped from 0 email(s) in this period
[2019-04-18 10:00:06,175]INFO:--------Creating Events--------
[2019-04-18 10:00:06,175]INFO:No events to create in this period
[2019-04-18 10:00:06,176]INFO:########Scanning Period Ends########
[2019-04-18 10:10:05,526]INFO:########Scanning Period Starts########
[2019-04-18 10:10:05,527]INFO:--------Reading Emails--------
[2019-04-18 10:10:06,768]INFO:Successfully fetched 0 emails
[2019-04-18 10:10:06,772]INFO:0 appointment(s) scraped from 0 email(s) in this period
[2019-04-18 10:10:06,773]INFO:--------Creating Events--------
[2019-04-18 10:10:06,773]INFO:No events to create in this period
[2019-04-18 10:10:06,774]INFO:########Scanning Period Ends########
[2019-04-18 10:20:05,140]INFO:########Scanning Period Starts########
[2019-04-18 10:20:05,141]INFO:--------Reading Emails--------
[2019-04-18 10:20:06,274]INFO:Successfully fetched 0 emails
[2019-04-18 10:20:06,278]INFO:0 appointment(s) scraped from 0 email(s) in this period
[2019-04-18 10:20:06,279]INFO:--------Creating Events--------
[2019-04-18 10:20:06,279]INFO:No events to create in this period
[2019-04-18 10:20:06,280]INFO:########Scanning Period Ends########
[2019-04-18 10:30:05,605]INFO:########Scanning Period Starts########
[2019-04-18 10:30:05,605]INFO:--------Reading Emails--------
[2019-04-18 10:30:07,012]INFO:Successfully fetched 0 emails
[2019-04-18 10:30:07,016]INFO:0 appointment(s) scraped from 0 email(s) in this period
[2019-04-18 10:30:07,017]INFO:--------Creating Events--------
[2019-04-18 10:30:07,017]INFO:No events to create in this period
[2019-04-18 10:30:07,018]INFO:########Scanning Period Ends########
[2019-04-18 10:40:05,327]INFO:########Scanning Period Starts########
[2019-04-18 10:40:05,328]INFO:--------Reading Emails--------
[2019-04-18 10:40:06,621]INFO:Successfully fetched 0 emails
[2019-04-18 10:40:06,625]INFO:0 appointment(s) scraped from 0 email(s) in this period
[2019-04-18 10:40:06,625]INFO:--------Creating Events--------
[2019-04-18 10:40:06,626]INFO:No events to create in this period
[2019-04-18 10:40:06,627]INFO:########Scanning Period Ends########
[2019-04-18 10:50:04,959]INFO:########Scanning Period Starts########
[2019-04-18 10:50:04,960]INFO:--------Reading Emails--------
[2019-04-18 10:50:06,411]INFO:Successfully fetched 0 emails
[2019-04-18 10:50:06,414]INFO:0 appointment(s) scraped from 0 email(s) in this period
[2019-04-18 10:50:06,415]INFO:--------Creating Events--------
[2019-04-18 10:50:06,416]INFO:No events to create in this period
[2019-04-18 10:50:06,416]INFO:########Scanning Period Ends########
[2019-04-18 11:00:05,737]INFO:########Scanning Period Starts########
[2019-04-18 11:00:05,738]INFO:--------Reading Emails--------
[2019-04-18 11:00:06,983]INFO:Successfully fetched 0 emails
[2019-04-18 11:00:06,986]INFO:0 appointment(s) scraped from 0 email(s) in this period
[2019-04-18 11:00:06,987]INFO:--------Creating Events--------
[2019-04-18 11:00:06,988]INFO:No events to create in this period
[2019-04-18 11:00:06,988]INFO:########Scanning Period Ends########
[2019-04-18 11:10:05,318]INFO:########Scanning Period Starts########
[2019-04-18 11:10:05,319]INFO:--------Reading Emails--------
[2019-04-18 11:10:06,360]INFO:Successfully fetched 0 emails
[2019-04-18 11:10:06,364]INFO:0 appointment(s) scraped from 0 email(s) in this period
[2019-04-18 11:10:06,364]INFO:--------Creating Events--------
[2019-04-18 11:10:06,365]INFO:No events to create in this period
[2019-04-18 11:10:06,366]INFO:########Scanning Period Ends########
[2019-04-18 11:20:05,842]INFO:########Scanning Period Starts########
[2019-04-18 11:20:05,842]INFO:--------Reading Emails--------
[2019-04-18 11:20:07,207]INFO:Successfully fetched 0 emails
[2019-04-18 11:20:07,211]INFO:0 appointment(s) scraped from 0 email(s) in this period
[2019-04-18 11:20:07,212]INFO:--------Creating Events--------
[2019-04-18 11:20:07,212]INFO:No events to create in this period
[2019-04-18 11:20:07,213]INFO:########Scanning Period Ends########
[2019-04-18 11:30:05,559]INFO:########Scanning Period Starts########
[2019-04-18 11:30:05,560]INFO:--------Reading Emails--------
[2019-04-18 11:30:06,928]INFO:Successfully fetched 0 emails
[2019-04-18 11:30:06,932]INFO:0 appointment(s) scraped from 0 email(s) in this period
[2019-04-18 11:30:06,933]INFO:--------Creating Events--------
[2019-04-18 11:30:06,933]INFO:No events to create in this period
[2019-04-18 11:30:06,934]INFO:########Scanning Period Ends########
[2019-04-18 11:40:05,298]INFO:########Scanning Period Starts########
[2019-04-18 11:40:05,299]INFO:--------Reading Emails--------
[2019-04-18 11:40:06,548]INFO:Successfully fetched 0 emails
[2019-04-18 11:40:06,552]INFO:0 appointment(s) scraped from 0 email(s) in this period
[2019-04-18 11:40:06,553]INFO:--------Creating Events--------
[2019-04-18 11:40:06,553]INFO:No events to create in this period
[2019-04-18 11:40:06,554]INFO:########Scanning Period Ends########
[2019-04-18 11:50:04,884]INFO:########Scanning Period Starts########
[2019-04-18 11:50:04,885]INFO:--------Reading Emails--------
[2019-04-18 11:50:06,020]INFO:Successfully fetched 0 emails
[2019-04-18 11:50:06,023]INFO:0 appointment(s) scraped from 0 email(s) in this period
[2019-04-18 11:50:06,024]INFO:--------Creating Events--------
[2019-04-18 11:50:06,025]INFO:No events to create in this period
[2019-04-18 11:50:06,025]INFO:########Scanning Period Ends########
[2019-04-18 12:00:05,400]INFO:########Scanning Period Starts########
[2019-04-18 12:00:05,400]INFO:--------Reading Emails--------
[2019-04-18 12:00:06,448]INFO:Successfully fetched 0 emails
[2019-04-18 12:00:06,451]INFO:0 appointment(s) scraped from 0 email(s) in this period
[2019-04-18 12:00:06,452]INFO:--------Creating Events--------
[2019-04-18 12:00:06,453]INFO:No events to create in this period
[2019-04-18 12:00:06,453]INFO:########Scanning Period Ends########
[2019-04-18 12:10:05,826]INFO:########Scanning Period Starts########
[2019-04-18 12:10:05,826]INFO:--------Reading Emails--------
[2019-04-18 12:10:07,462]INFO:Successfully fetched 0 emails
[2019-04-18 12:10:07,466]INFO:0 appointment(s) scraped from 0 email(s) in this period
[2019-04-18 12:10:07,467]INFO:--------Creating Events--------
[2019-04-18 12:10:07,468]INFO:No events to create in this period
[2019-04-18 12:10:07,468]INFO:########Scanning Period Ends########
[2019-04-18 12:20:04,861]INFO:########Scanning Period Starts########
[2019-04-18 12:20:04,862]INFO:--------Reading Emails--------
[2019-04-18 12:20:05,941]INFO:Successfully fetched 0 emails
[2019-04-18 12:20:05,945]INFO:0 appointment(s) scraped from 0 email(s) in this period
[2019-04-18 12:20:05,946]INFO:--------Creating Events--------
[2019-04-18 12:20:05,946]INFO:No events to create in this period
[2019-04-18 12:20:05,947]INFO:########Scanning Period Ends########
[2019-04-18 12:30:05,255]INFO:########Scanning Period Starts########
[2019-04-18 12:30:05,256]INFO:--------Reading Emails--------
[2019-04-18 12:30:08,656]INFO:Successfully fetched 0 emails
[2019-04-18 12:30:08,659]INFO:0 appointment(s) scraped from 0 email(s) in this period
[2019-04-18 12:30:08,660]INFO:--------Creating Events--------
[2019-04-18 12:30:08,661]INFO:No events to create in this period
[2019-04-18 12:30:08,661]INFO:########Scanning Period Ends########
[2019-04-18 12:40:05,014]INFO:########Scanning Period Starts########
[2019-04-18 12:40:05,015]INFO:--------Reading Emails--------
[2019-04-18 12:40:07,124]INFO:Successfully fetched 0 emails
[2019-04-18 12:40:07,128]INFO:0 appointment(s) scraped from 0 email(s) in this period
[2019-04-18 12:40:07,129]INFO:--------Creating Events--------
[2019-04-18 12:40:07,129]INFO:No events to create in this period
[2019-04-18 12:40:07,130]INFO:########Scanning Period Ends########
[2019-04-18 12:50:05,436]INFO:########Scanning Period Starts########
[2019-04-18 12:50:05,438]INFO:--------Reading Emails--------
[2019-04-18 12:50:06,413]INFO:Successfully fetched 0 emails
[2019-04-18 12:50:06,416]INFO:0 appointment(s) scraped from 0 email(s) in this period
[2019-04-18 12:50:06,417]INFO:--------Creating Events--------
[2019-04-18 12:50:06,418]INFO:No events to create in this period
[2019-04-18 12:50:06,418]INFO:########Scanning Period Ends########
[2019-04-18 13:00:05,759]INFO:########Scanning Period Starts########
[2019-04-18 13:00:05,760]INFO:--------Reading Emails--------
[2019-04-18 13:00:07,118]INFO:Successfully fetched 0 emails
[2019-04-18 13:00:07,121]INFO:0 appointment(s) scraped from 0 email(s) in this period
[2019-04-18 13:00:07,122]INFO:--------Creating Events--------
[2019-04-18 13:00:07,123]INFO:No events to create in this period
[2019-04-18 13:00:07,123]INFO:########Scanning Period Ends########
[2019-04-18 13:10:05,444]INFO:########Scanning Period Starts########
[2019-04-18 13:10:05,445]INFO:--------Reading Emails--------
[2019-04-18 13:10:06,794]INFO:Successfully fetched 0 emails
[2019-04-18 13:10:06,797]INFO:0 appointment(s) scraped from 0 email(s) in this period
[2019-04-18 13:10:06,798]INFO:--------Creating Events--------
[2019-04-18 13:10:06,799]INFO:No events to create in this period
[2019-04-18 13:10:06,799]INFO:########Scanning Period Ends########
[2019-04-18 13:20:05,245]INFO:########Scanning Period Starts########
[2019-04-18 13:20:05,245]INFO:--------Reading Emails--------
[2019-04-18 13:20:06,338]INFO:Successfully fetched 0 emails
[2019-04-18 13:20:06,341]INFO:0 appointment(s) scraped from 0 email(s) in this period
[2019-04-18 13:20:06,342]INFO:--------Creating Events--------
[2019-04-18 13:20:06,343]INFO:No events to create in this period
[2019-04-18 13:20:06,343]INFO:########Scanning Period Ends########
[2019-04-18 13:30:05,653]INFO:########Scanning Period Starts########
[2019-04-18 13:30:05,654]INFO:--------Reading Emails--------
[2019-04-18 13:30:08,760]INFO:Successfully fetched 0 emails
[2019-04-18 13:30:08,764]INFO:0 appointment(s) scraped from 0 email(s) in this period
[2019-04-18 13:30:08,765]INFO:--------Creating Events--------
[2019-04-18 13:30:08,765]INFO:No events to create in this period
[2019-04-18 13:30:08,766]INFO:########Scanning Period Ends########
[2019-04-18 13:40:05,124]INFO:########Scanning Period Starts########
[2019-04-18 13:40:05,124]INFO:--------Reading Emails--------
[2019-04-18 13:40:06,198]INFO:Successfully fetched 0 emails
[2019-04-18 13:40:06,202]INFO:0 appointment(s) scraped from 0 email(s) in this period
[2019-04-18 13:40:06,202]INFO:--------Creating Events--------
[2019-04-18 13:40:06,203]INFO:No events to create in this period
[2019-04-18 13:40:06,204]INFO:########Scanning Period Ends########
[2019-04-18 13:50:05,548]INFO:########Scanning Period Starts########
[2019-04-18 13:50:05,548]INFO:--------Reading Emails--------
[2019-04-18 13:50:12,952]INFO:Successfully fetched 0 emails
[2019-04-18 13:50:12,956]INFO:0 appointment(s) scraped from 0 email(s) in this period
[2019-04-18 13:50:12,957]INFO:--------Creating Events--------
[2019-04-18 13:50:12,958]INFO:No events to create in this period
[2019-04-18 13:50:12,959]INFO:########Scanning Period Ends########
[2019-04-18 14:00:05,306]INFO:########Scanning Period Starts########
[2019-04-18 14:00:05,306]INFO:--------Reading Emails--------
[2019-04-18 14:00:07,146]INFO:Successfully fetched 0 emails
[2019-04-18 14:00:07,149]INFO:0 appointment(s) scraped from 0 email(s) in this period
[2019-04-18 14:00:07,150]INFO:--------Creating Events--------
[2019-04-18 14:00:07,151]INFO:No events to create in this period
[2019-04-18 14:00:07,151]INFO:########Scanning Period Ends########
[2019-04-18 14:10:05,509]INFO:########Scanning Period Starts########
[2019-04-18 14:10:05,510]INFO:--------Reading Emails--------
[2019-04-18 14:10:06,739]INFO:Successfully fetched 0 emails
[2019-04-18 14:10:06,743]INFO:0 appointment(s) scraped from 0 email(s) in this period
[2019-04-18 14:10:06,744]INFO:--------Creating Events--------
[2019-04-18 14:10:06,744]INFO:No events to create in this period
[2019-04-18 14:10:06,745]INFO:########Scanning Period Ends########
[2019-04-18 14:20:05,127]INFO:########Scanning Period Starts########
[2019-04-18 14:20:05,128]INFO:--------Reading Emails--------
[2019-04-18 14:20:06,093]INFO:Successfully fetched 0 emails
[2019-04-18 14:20:06,096]INFO:0 appointment(s) scraped from 0 email(s) in this period
[2019-04-18 14:20:06,097]INFO:--------Creating Events--------
[2019-04-18 14:20:06,098]INFO:No events to create in this period
[2019-04-18 14:20:06,098]INFO:########Scanning Period Ends########
[2019-04-18 14:30:05,422]INFO:########Scanning Period Starts########
[2019-04-18 14:30:05,422]INFO:--------Reading Emails--------
[2019-04-18 14:30:06,595]INFO:Successfully fetched 0 emails
[2019-04-18 14:30:06,598]INFO:0 appointment(s) scraped from 0 email(s) in this period
[2019-04-18 14:30:06,599]INFO:--------Creating Events--------
[2019-04-18 14:30:06,599]INFO:No events to create in this period
[2019-04-18 14:30:06,600]INFO:########Scanning Period Ends########
[2019-04-18 14:40:04,916]INFO:########Scanning Period Starts########
[2019-04-18 14:40:04,916]INFO:--------Reading Emails--------
[2019-04-18 14:40:05,880]INFO:Successfully fetched 0 emails
[2019-04-18 14:40:05,883]INFO:0 appointment(s) scraped from 0 email(s) in this period
[2019-04-18 14:40:05,884]INFO:--------Creating Events--------
[2019-04-18 14:40:05,885]INFO:No events to create in this period
[2019-04-18 14:40:05,885]INFO:########Scanning Period Ends########
[2019-04-18 14:50:05,250]INFO:########Scanning Period Starts########
[2019-04-18 14:50:05,251]INFO:--------Reading Emails--------
[2019-04-18 14:50:07,238]INFO:Successfully fetched 0 emails
[2019-04-18 14:50:07,242]INFO:0 appointment(s) scraped from 0 email(s) in this period
[2019-04-18 14:50:07,242]INFO:--------Creating Events--------
[2019-04-18 14:50:07,243]INFO:No events to create in this period
[2019-04-18 14:50:07,244]INFO:########Scanning Period Ends########
[2019-04-18 15:00:05,567]INFO:########Scanning Period Starts########
[2019-04-18 15:00:05,567]INFO:--------Reading Emails--------
[2019-04-18 15:00:07,856]INFO:Successfully fetched 0 emails
[2019-04-18 15:00:07,860]INFO:0 appointment(s) scraped from 0 email(s) in this period
[2019-04-18 15:00:07,860]INFO:--------Creating Events--------
[2019-04-18 15:00:07,861]INFO:No events to create in this period
[2019-04-18 15:00:07,862]INFO:########Scanning Period Ends########
[2019-04-18 15:10:05,229]INFO:########Scanning Period Starts########
[2019-04-18 15:10:05,230]INFO:--------Reading Emails--------
[2019-04-18 15:10:06,499]INFO:Successfully fetched 0 emails
[2019-04-18 15:10:06,502]INFO:0 appointment(s) scraped from 0 email(s) in this period
[2019-04-18 15:10:06,503]INFO:--------Creating Events--------
[2019-04-18 15:10:06,503]INFO:No events to create in this period
[2019-04-18 15:10:06,504]INFO:########Scanning Period Ends########
[2019-04-18 15:20:04,937]INFO:########Scanning Period Starts########
[2019-04-18 15:20:04,947]INFO:--------Reading Emails--------
[2019-04-18 15:20:06,434]INFO:Successfully fetched 0 emails
[2019-04-18 15:20:06,438]INFO:0 appointment(s) scraped from 0 email(s) in this period
[2019-04-18 15:20:06,439]INFO:--------Creating Events--------
[2019-04-18 15:20:06,440]INFO:No events to create in this period
[2019-04-18 15:20:06,440]INFO:########Scanning Period Ends########
[2019-04-18 15:30:05,820]INFO:########Scanning Period Starts########
[2019-04-18 15:30:05,820]INFO:--------Reading Emails--------
[2019-04-18 15:30:07,206]INFO:Successfully fetched 0 emails
[2019-04-18 15:30:07,210]INFO:0 appointment(s) scraped from 0 email(s) in this period
[2019-04-18 15:30:07,210]INFO:--------Creating Events--------
[2019-04-18 15:30:07,211]INFO:No events to create in this period
[2019-04-18 15:30:07,211]INFO:########Scanning Period Ends########
[2019-04-18 15:40:05,547]INFO:########Scanning Period Starts########
[2019-04-18 15:40:05,548]INFO:--------Reading Emails--------
[2019-04-18 15:40:06,717]INFO:Successfully fetched 0 emails
[2019-04-18 15:40:06,721]INFO:0 appointment(s) scraped from 0 email(s) in this period
[2019-04-18 15:40:06,722]INFO:--------Creating Events--------
[2019-04-18 15:40:06,722]INFO:No events to create in this period
[2019-04-18 15:40:06,723]INFO:########Scanning Period Ends########
[2019-04-18 15:50:05,109]INFO:########Scanning Period Starts########
[2019-04-18 15:50:05,109]INFO:--------Reading Emails--------
[2019-04-18 15:50:08,138]INFO:Successfully fetched 0 emails
[2019-04-18 15:50:08,142]INFO:0 appointment(s) scraped from 0 email(s) in this period
[2019-04-18 15:50:08,143]INFO:--------Creating Events--------
[2019-04-18 15:50:08,143]INFO:No events to create in this period
[2019-04-18 15:50:08,144]INFO:########Scanning Period Ends########
[2019-04-18 16:00:05,545]INFO:########Scanning Period Starts########
[2019-04-18 16:00:05,546]INFO:--------Reading Emails--------
[2019-04-18 16:00:40,232]INFO:Successfully fetched 0 emails
[2019-04-18 16:00:40,235]INFO:0 appointment(s) scraped from 0 email(s) in this period
[2019-04-18 16:00:40,236]INFO:--------Creating Events--------
[2019-04-18 16:00:40,237]INFO:No events to create in this period
[2019-04-18 16:00:40,238]INFO:########Scanning Period Ends########
[2019-04-18 16:10:05,612]INFO:########Scanning Period Starts########
[2019-04-18 16:10:05,613]INFO:--------Reading Emails--------
[2019-04-18 16:10:19,303]INFO:Successfully fetched 0 emails
[2019-04-18 16:10:19,306]INFO:0 appointment(s) scraped from 0 email(s) in this period
[2019-04-18 16:10:19,307]INFO:--------Creating Events--------
[2019-04-18 16:10:19,308]INFO:No events to create in this period
[2019-04-18 16:10:19,309]INFO:########Scanning Period Ends########
[2019-04-18 16:20:05,699]INFO:########Scanning Period Starts########
[2019-04-18 16:20:05,701]INFO:--------Reading Emails--------
[2019-04-18 16:20:24,881]INFO:Successfully fetched 0 emails
[2019-04-18 16:20:24,884]INFO:0 appointment(s) scraped from 0 email(s) in this period
[2019-04-18 16:20:24,885]INFO:--------Creating Events--------
[2019-04-18 16:20:24,886]INFO:No events to create in this period
[2019-04-18 16:20:24,887]INFO:########Scanning Period Ends########
[2019-04-18 16:30:05,284]INFO:########Scanning Period Starts########
[2019-04-18 16:30:05,285]INFO:--------Reading Emails--------
[2019-04-18 16:30:06,505]INFO:Successfully fetched 0 emails
[2019-04-18 16:30:06,509]INFO:0 appointment(s) scraped from 0 email(s) in this period
[2019-04-18 16:30:06,510]INFO:--------Creating Events--------
[2019-04-18 16:30:06,510]INFO:No events to create in this period
[2019-04-18 16:30:06,511]INFO:########Scanning Period Ends########
[2019-04-18 16:40:04,778]INFO:########Scanning Period Starts########
[2019-04-18 16:40:04,782]INFO:--------Reading Emails--------
[2019-04-18 16:40:07,640]INFO:Successfully fetched 0 emails
[2019-04-18 16:40:07,644]INFO:0 appointment(s) scraped from 0 email(s) in this period
[2019-04-18 16:40:07,645]INFO:--------Creating Events--------
[2019-04-18 16:40:07,645]INFO:No events to create in this period
[2019-04-18 16:40:07,646]INFO:########Scanning Period Ends########
[2019-04-18 16:50:04,989]INFO:########Scanning Period Starts########
[2019-04-18 16:50:04,989]INFO:--------Reading Emails--------
[2019-04-18 16:50:06,625]INFO:Successfully fetched 0 emails
[2019-04-18 16:50:06,628]INFO:0 appointment(s) scraped from 0 email(s) in this period
[2019-04-18 16:50:06,629]INFO:--------Creating Events--------
[2019-04-18 16:50:06,630]INFO:No events to create in this period
[2019-04-18 16:50:06,631]INFO:########Scanning Period Ends########
[2019-04-18 17:00:05,007]INFO:########Scanning Period Starts########
[2019-04-18 17:00:05,008]INFO:--------Reading Emails--------
[2019-04-18 17:00:06,290]INFO:Successfully fetched 0 emails
[2019-04-18 17:00:06,293]INFO:0 appointment(s) scraped from 0 email(s) in this period
[2019-04-18 17:00:06,294]INFO:--------Creating Events--------
[2019-04-18 17:00:06,295]INFO:No events to create in this period
[2019-04-18 17:00:06,295]INFO:########Scanning Period Ends########
[2019-04-18 17:10:05,616]INFO:########Scanning Period Starts########
[2019-04-18 17:10:05,617]INFO:--------Reading Emails--------
[2019-04-18 17:10:07,135]INFO:Successfully fetched 0 emails
[2019-04-18 17:10:07,138]INFO:0 appointment(s) scraped from 0 email(s) in this period
[2019-04-18 17:10:07,139]INFO:--------Creating Events--------
[2019-04-18 17:10:07,139]INFO:No events to create in this period
[2019-04-18 17:10:07,140]INFO:########Scanning Period Ends########
[2019-04-18 17:20:05,555]INFO:########Scanning Period Starts########
[2019-04-18 17:20:05,556]INFO:--------Reading Emails--------
[2019-04-18 17:20:06,460]INFO:Successfully fetched 0 emails
[2019-04-18 17:20:06,463]INFO:0 appointment(s) scraped from 0 email(s) in this period
[2019-04-18 17:20:06,464]INFO:--------Creating Events--------
[2019-04-18 17:20:06,465]INFO:No events to create in this period
[2019-04-18 17:20:06,465]INFO:########Scanning Period Ends########
[2019-04-18 17:30:05,799]INFO:########Scanning Period Starts########
[2019-04-18 17:30:05,800]INFO:--------Reading Emails--------
[2019-04-18 17:30:07,112]INFO:Successfully fetched 0 emails
[2019-04-18 17:30:07,116]INFO:0 appointment(s) scraped from 0 email(s) in this period
[2019-04-18 17:30:07,117]INFO:--------Creating Events--------
[2019-04-18 17:30:07,117]INFO:No events to create in this period
[2019-04-18 17:30:07,118]INFO:########Scanning Period Ends########
[2019-04-18 17:40:05,425]INFO:########Scanning Period Starts########
[2019-04-18 17:40:05,426]INFO:--------Reading Emails--------
[2019-04-18 17:40:06,726]INFO:Successfully fetched 0 emails
[2019-04-18 17:40:06,730]INFO:0 appointment(s) scraped from 0 email(s) in this period
[2019-04-18 17:40:06,730]INFO:--------Creating Events--------
[2019-04-18 17:40:06,731]INFO:No events to create in this period
[2019-04-18 17:40:06,731]INFO:########Scanning Period Ends########
[2019-04-18 17:50:05,057]INFO:########Scanning Period Starts########
[2019-04-18 17:50:05,058]INFO:--------Reading Emails--------
[2019-04-18 17:50:05,951]INFO:Successfully fetched 0 emails
[2019-04-18 17:50:05,955]INFO:0 appointment(s) scraped from 0 email(s) in this period
[2019-04-18 17:50:05,955]INFO:--------Creating Events--------
[2019-04-18 17:50:05,956]INFO:No events to create in this period
[2019-04-18 17:50:05,956]INFO:########Scanning Period Ends########
[2019-04-18 18:00:05,313]INFO:########Scanning Period Starts########
[2019-04-18 18:00:05,314]INFO:--------Reading Emails--------
[2019-04-18 18:00:06,962]INFO:Successfully fetched 0 emails
[2019-04-18 18:00:06,966]INFO:0 appointment(s) scraped from 0 email(s) in this period
[2019-04-18 18:00:06,967]INFO:--------Creating Events--------
[2019-04-18 18:00:06,967]INFO:No events to create in this period
[2019-04-18 18:00:06,968]INFO:########Scanning Period Ends########
[2019-04-18 18:10:05,278]INFO:########Scanning Period Starts########
[2019-04-18 18:10:05,279]INFO:--------Reading Emails--------
[2019-04-18 18:10:06,387]INFO:Successfully fetched 0 emails
[2019-04-18 18:10:06,391]INFO:0 appointment(s) scraped from 0 email(s) in this period
[2019-04-18 18:10:06,392]INFO:--------Creating Events--------
[2019-04-18 18:10:06,393]INFO:No events to create in this period
[2019-04-18 18:10:06,393]INFO:########Scanning Period Ends########
[2019-04-18 18:20:05,829]INFO:########Scanning Period Starts########
[2019-04-18 18:20:05,830]INFO:--------Reading Emails--------
[2019-04-18 18:20:06,879]INFO:Successfully fetched 0 emails
[2019-04-18 18:20:06,883]INFO:0 appointment(s) scraped from 0 email(s) in this period
[2019-04-18 18:20:06,884]INFO:--------Creating Events--------
[2019-04-18 18:20:06,884]INFO:No events to create in this period
[2019-04-18 18:20:06,885]INFO:########Scanning Period Ends########
[2019-04-18 18:30:05,200]INFO:########Scanning Period Starts########
[2019-04-18 18:30:05,201]INFO:--------Reading Emails--------
[2019-04-18 18:30:11,187]INFO:Successfully fetched 0 emails
[2019-04-18 18:30:11,191]INFO:0 appointment(s) scraped from 0 email(s) in this period
[2019-04-18 18:30:11,192]INFO:--------Creating Events--------
[2019-04-18 18:30:11,192]INFO:No events to create in this period
[2019-04-18 18:30:11,193]INFO:########Scanning Period Ends########
[2019-04-18 18:40:05,551]INFO:########Scanning Period Starts########
[2019-04-18 18:40:05,552]INFO:--------Reading Emails--------
[2019-04-18 18:40:06,793]INFO:Successfully fetched 0 emails
[2019-04-18 18:40:06,796]INFO:0 appointment(s) scraped from 0 email(s) in this period
[2019-04-18 18:40:06,797]INFO:--------Creating Events--------
[2019-04-18 18:40:06,797]INFO:No events to create in this period
[2019-04-18 18:40:06,798]INFO:########Scanning Period Ends########
[2019-04-18 18:50:05,128]INFO:########Scanning Period Starts########
[2019-04-18 18:50:05,129]INFO:--------Reading Emails--------
[2019-04-18 18:50:06,361]INFO:Successfully fetched 0 emails
[2019-04-18 18:50:06,365]INFO:0 appointment(s) scraped from 0 email(s) in this period
[2019-04-18 18:50:06,366]INFO:--------Creating Events--------
[2019-04-18 18:50:06,366]INFO:No events to create in this period
[2019-04-18 18:50:06,367]INFO:########Scanning Period Ends########
[2019-04-18 19:00:05,668]INFO:########Scanning Period Starts########
[2019-04-18 19:00:05,669]INFO:--------Reading Emails--------
[2019-04-18 19:00:07,155]INFO:Successfully fetched 0 emails
[2019-04-18 19:00:07,158]INFO:0 appointment(s) scraped from 0 email(s) in this period
[2019-04-18 19:00:07,159]INFO:--------Creating Events--------
[2019-04-18 19:00:07,160]INFO:No events to create in this period
[2019-04-18 19:00:07,160]INFO:########Scanning Period Ends########
[2019-04-18 19:10:05,474]INFO:########Scanning Period Starts########
[2019-04-18 19:10:05,474]INFO:--------Reading Emails--------
[2019-04-18 19:10:06,444]INFO:Successfully fetched 0 emails
[2019-04-18 19:10:06,447]INFO:0 appointment(s) scraped from 0 email(s) in this period
[2019-04-18 19:10:06,448]INFO:--------Creating Events--------
[2019-04-18 19:10:06,449]INFO:No events to create in this period
[2019-04-18 19:10:06,449]INFO:########Scanning Period Ends########
[2019-04-18 19:20:04,882]INFO:########Scanning Period Starts########
[2019-04-18 19:20:04,883]INFO:--------Reading Emails--------
[2019-04-18 19:20:05,893]INFO:Successfully fetched 0 emails
[2019-04-18 19:20:05,896]INFO:0 appointment(s) scraped from 0 email(s) in this period
[2019-04-18 19:20:05,897]INFO:--------Creating Events--------
[2019-04-18 19:20:05,898]INFO:No events to create in this period
[2019-04-18 19:20:05,898]INFO:########Scanning Period Ends########
[2019-04-18 19:30:05,219]INFO:########Scanning Period Starts########
[2019-04-18 19:30:05,220]INFO:--------Reading Emails--------
[2019-04-18 19:30:06,438]INFO:Successfully fetched 0 emails
[2019-04-18 19:30:06,441]INFO:0 appointment(s) scraped from 0 email(s) in this period
[2019-04-18 19:30:06,442]INFO:--------Creating Events--------
[2019-04-18 19:30:06,443]INFO:No events to create in this period
[2019-04-18 19:30:06,443]INFO:########Scanning Period Ends########
[2019-04-18 19:40:05,798]INFO:########Scanning Period Starts########
[2019-04-18 19:40:05,799]INFO:--------Reading Emails--------
[2019-04-18 19:40:06,671]INFO:Successfully fetched 0 emails
[2019-04-18 19:40:06,674]INFO:0 appointment(s) scraped from 0 email(s) in this period
[2019-04-18 19:40:06,675]INFO:--------Creating Events--------
[2019-04-18 19:40:06,676]INFO:No events to create in this period
[2019-04-18 19:40:06,676]INFO:########Scanning Period Ends########
[2019-04-18 19:50:05,069]INFO:########Scanning Period Starts########
[2019-04-18 19:50:05,069]INFO:--------Reading Emails--------
[2019-04-18 19:50:06,150]INFO:Successfully fetched 0 emails
[2019-04-18 19:50:06,154]INFO:0 appointment(s) scraped from 0 email(s) in this period
[2019-04-18 19:50:06,154]INFO:--------Creating Events--------
[2019-04-18 19:50:06,155]INFO:No events to create in this period
[2019-04-18 19:50:06,156]INFO:########Scanning Period Ends########
[2019-04-18 20:00:05,536]INFO:########Scanning Period Starts########
[2019-04-18 20:00:05,536]INFO:--------Reading Emails--------
[2019-04-18 20:00:06,619]INFO:Successfully fetched 0 emails
[2019-04-18 20:00:06,622]INFO:0 appointment(s) scraped from 0 email(s) in this period
[2019-04-18 20:00:06,623]INFO:--------Creating Events--------
[2019-04-18 20:00:06,624]INFO:No events to create in this period
[2019-04-18 20:00:06,624]INFO:########Scanning Period Ends########
[2019-04-18 20:10:04,924]INFO:########Scanning Period Starts########
[2019-04-18 20:10:04,925]INFO:--------Reading Emails--------
[2019-04-18 20:10:05,991]INFO:Successfully fetched 0 emails
[2019-04-18 20:10:05,994]INFO:0 appointment(s) scraped from 0 email(s) in this period
[2019-04-18 20:10:05,995]INFO:--------Creating Events--------
[2019-04-18 20:10:05,995]INFO:No events to create in this period
[2019-04-18 20:10:05,996]INFO:########Scanning Period Ends########
[2019-04-18 20:20:05,413]INFO:########Scanning Period Starts########
[2019-04-18 20:20:05,414]INFO:--------Reading Emails--------
[2019-04-18 20:20:06,490]INFO:Successfully fetched 0 emails
[2019-04-18 20:20:06,493]INFO:0 appointment(s) scraped from 0 email(s) in this period
[2019-04-18 20:20:06,494]INFO:--------Creating Events--------
[2019-04-18 20:20:06,495]INFO:No events to create in this period
[2019-04-18 20:20:06,495]INFO:########Scanning Period Ends########
[2019-04-18 20:30:04,819]INFO:########Scanning Period Starts########
[2019-04-18 20:30:04,820]INFO:--------Reading Emails--------
[2019-04-18 20:30:06,210]INFO:Successfully fetched 0 emails
[2019-04-18 20:30:06,213]INFO:0 appointment(s) scraped from 0 email(s) in this period
[2019-04-18 20:30:06,214]INFO:--------Creating Events--------
[2019-04-18 20:30:06,215]INFO:No events to create in this period
[2019-04-18 20:30:06,215]INFO:########Scanning Period Ends########
[2019-04-18 20:40:05,562]INFO:########Scanning Period Starts########
[2019-04-18 20:40:05,562]INFO:--------Reading Emails--------
[2019-04-18 20:40:06,902]INFO:Successfully fetched 0 emails
[2019-04-18 20:40:06,905]INFO:0 appointment(s) scraped from 0 email(s) in this period
[2019-04-18 20:40:06,906]INFO:--------Creating Events--------
[2019-04-18 20:40:06,907]INFO:No events to create in this period
[2019-04-18 20:40:06,907]INFO:########Scanning Period Ends########
[2019-04-18 20:50:05,279]INFO:########Scanning Period Starts########
[2019-04-18 20:50:05,280]INFO:--------Reading Emails--------
[2019-04-18 20:50:07,417]INFO:Successfully fetched 0 emails
[2019-04-18 20:50:07,420]INFO:0 appointment(s) scraped from 0 email(s) in this period
[2019-04-18 20:50:07,421]INFO:--------Creating Events--------
[2019-04-18 20:50:07,422]INFO:No events to create in this period
[2019-04-18 20:50:07,422]INFO:########Scanning Period Ends########
[2019-04-18 21:00:05,841]INFO:########Scanning Period Starts########
[2019-04-18 21:00:05,842]INFO:--------Reading Emails--------
[2019-04-18 21:00:07,036]INFO:Successfully fetched 0 emails
[2019-04-18 21:00:07,040]INFO:0 appointment(s) scraped from 0 email(s) in this period
[2019-04-18 21:00:07,041]INFO:--------Creating Events--------
[2019-04-18 21:00:07,041]INFO:No events to create in this period
[2019-04-18 21:00:07,042]INFO:########Scanning Period Ends########
[2019-04-18 21:10:05,400]INFO:########Scanning Period Starts########
[2019-04-18 21:10:05,400]INFO:--------Reading Emails--------
[2019-04-18 21:10:06,682]INFO:Successfully fetched 0 emails
[2019-04-18 21:10:06,686]INFO:0 appointment(s) scraped from 0 email(s) in this period
[2019-04-18 21:10:06,686]INFO:--------Creating Events--------
[2019-04-18 21:10:06,687]INFO:No events to create in this period
[2019-04-18 21:10:06,688]INFO:########Scanning Period Ends########
[2019-04-18 21:20:05,084]INFO:########Scanning Period Starts########
[2019-04-18 21:20:05,085]INFO:--------Reading Emails--------
[2019-04-18 21:20:06,275]INFO:Successfully fetched 0 emails
[2019-04-18 21:20:06,279]INFO:0 appointment(s) scraped from 0 email(s) in this period
[2019-04-18 21:20:06,280]INFO:--------Creating Events--------
[2019-04-18 21:20:06,280]INFO:No events to create in this period
[2019-04-18 21:20:06,281]INFO:########Scanning Period Ends########
[2019-04-18 21:30:05,667]INFO:########Scanning Period Starts########
[2019-04-18 21:30:05,668]INFO:--------Reading Emails--------
[2019-04-18 21:30:07,398]INFO:Successfully fetched 0 emails
[2019-04-18 21:30:07,401]INFO:0 appointment(s) scraped from 0 email(s) in this period
[2019-04-18 21:30:07,402]INFO:--------Creating Events--------
[2019-04-18 21:30:07,402]INFO:No events to create in this period
[2019-04-18 21:30:07,403]INFO:########Scanning Period Ends########
[2019-04-18 21:40:05,691]INFO:########Scanning Period Starts########
[2019-04-18 21:40:05,691]INFO:--------Reading Emails--------
[2019-04-18 21:40:07,853]INFO:Successfully fetched 0 emails
[2019-04-18 21:40:07,856]INFO:0 appointment(s) scraped from 0 email(s) in this period
[2019-04-18 21:40:07,857]INFO:--------Creating Events--------
[2019-04-18 21:40:07,858]INFO:No events to create in this period
[2019-04-18 21:40:07,858]INFO:########Scanning Period Ends########
[2019-04-18 21:50:05,197]INFO:########Scanning Period Starts########
[2019-04-18 21:50:05,197]INFO:--------Reading Emails--------
[2019-04-18 21:50:06,571]INFO:Successfully fetched 0 emails
[2019-04-18 21:50:06,575]INFO:0 appointment(s) scraped from 0 email(s) in this period
[2019-04-18 21:50:06,576]INFO:--------Creating Events--------
[2019-04-18 21:50:06,577]INFO:No events to create in this period
[2019-04-18 21:50:06,577]INFO:########Scanning Period Ends########
[2019-04-18 22:00:04,889]INFO:########Scanning Period Starts########
[2019-04-18 22:00:04,899]INFO:--------Reading Emails--------
[2019-04-18 22:00:07,413]INFO:Successfully fetched 0 emails
[2019-04-18 22:00:07,417]INFO:0 appointment(s) scraped from 0 email(s) in this period
[2019-04-18 22:00:07,418]INFO:--------Creating Events--------
[2019-04-18 22:00:07,418]INFO:No events to create in this period
[2019-04-18 22:00:07,419]INFO:########Scanning Period Ends########
[2019-04-18 22:10:05,768]INFO:########Scanning Period Starts########
[2019-04-18 22:10:05,769]INFO:--------Reading Emails--------
[2019-04-18 22:10:06,626]INFO:Successfully fetched 0 emails
[2019-04-18 22:10:06,630]INFO:0 appointment(s) scraped from 0 email(s) in this period
[2019-04-18 22:10:06,631]INFO:--------Creating Events--------
[2019-04-18 22:10:06,632]INFO:No events to create in this period
[2019-04-18 22:10:06,632]INFO:########Scanning Period Ends########
[2019-04-18 22:20:05,052]INFO:########Scanning Period Starts########
[2019-04-18 22:20:05,052]INFO:--------Reading Emails--------
[2019-04-18 22:20:06,320]INFO:Successfully fetched 0 emails
[2019-04-18 22:20:06,324]INFO:0 appointment(s) scraped from 0 email(s) in this period
[2019-04-18 22:20:06,324]INFO:--------Creating Events--------
[2019-04-18 22:20:06,325]INFO:No events to create in this period
[2019-04-18 22:20:06,326]INFO:########Scanning Period Ends########
[2019-04-18 22:30:05,681]INFO:########Scanning Period Starts########
[2019-04-18 22:30:05,682]INFO:--------Reading Emails--------
[2019-04-18 22:30:06,620]INFO:Successfully fetched 0 emails
[2019-04-18 22:30:06,624]INFO:0 appointment(s) scraped from 0 email(s) in this period
[2019-04-18 22:30:06,624]INFO:--------Creating Events--------
[2019-04-18 22:30:06,625]INFO:No events to create in this period
[2019-04-18 22:30:06,626]INFO:########Scanning Period Ends########
[2019-04-18 22:40:04,970]INFO:########Scanning Period Starts########
[2019-04-18 22:40:04,970]INFO:--------Reading Emails--------
[2019-04-18 22:40:06,256]INFO:Successfully fetched 0 emails
[2019-04-18 22:40:06,260]INFO:0 appointment(s) scraped from 0 email(s) in this period
[2019-04-18 22:40:06,261]INFO:--------Creating Events--------
[2019-04-18 22:40:06,261]INFO:No events to create in this period
[2019-04-18 22:40:06,262]INFO:########Scanning Period Ends########
[2019-04-18 22:50:05,650]INFO:########Scanning Period Starts########
[2019-04-18 22:50:05,650]INFO:--------Reading Emails--------
[2019-04-18 22:50:06,854]INFO:Successfully fetched 0 emails
[2019-04-18 22:50:06,857]INFO:0 appointment(s) scraped from 0 email(s) in this period
[2019-04-18 22:50:06,858]INFO:--------Creating Events--------
[2019-04-18 22:50:06,859]INFO:No events to create in this period
[2019-04-18 22:50:06,859]INFO:########Scanning Period Ends########
[2019-04-18 23:00:05,207]INFO:########Scanning Period Starts########
[2019-04-18 23:00:05,208]INFO:--------Reading Emails--------
[2019-04-18 23:00:06,404]INFO:Successfully fetched 0 emails
[2019-04-18 23:00:06,407]INFO:0 appointment(s) scraped from 0 email(s) in this period
[2019-04-18 23:00:06,408]INFO:--------Creating Events--------
[2019-04-18 23:00:06,408]INFO:No events to create in this period
[2019-04-18 23:00:06,409]INFO:########Scanning Period Ends########
[2019-04-18 23:10:05,780]INFO:########Scanning Period Starts########
[2019-04-18 23:10:05,780]INFO:--------Reading Emails--------
[2019-04-18 23:10:06,964]INFO:Successfully fetched 0 emails
[2019-04-18 23:10:06,968]INFO:0 appointment(s) scraped from 0 email(s) in this period
[2019-04-18 23:10:06,969]INFO:--------Creating Events--------
[2019-04-18 23:10:06,969]INFO:No events to create in this period
[2019-04-18 23:10:06,970]INFO:########Scanning Period Ends########
[2019-04-18 23:20:05,432]INFO:########Scanning Period Starts########
[2019-04-18 23:20:05,433]INFO:--------Reading Emails--------
[2019-04-18 23:20:06,700]INFO:Successfully fetched 0 emails
[2019-04-18 23:20:06,703]INFO:0 appointment(s) scraped from 0 email(s) in this period
[2019-04-18 23:20:06,704]INFO:--------Creating Events--------
[2019-04-18 23:20:06,705]INFO:No events to create in this period
[2019-04-18 23:20:06,705]INFO:########Scanning Period Ends########
[2019-04-18 23:30:05,026]INFO:########Scanning Period Starts########
[2019-04-18 23:30:05,027]INFO:--------Reading Emails--------
[2019-04-18 23:30:06,360]INFO:Successfully fetched 0 emails
[2019-04-18 23:30:06,364]INFO:0 appointment(s) scraped from 0 email(s) in this period
[2019-04-18 23:30:06,365]INFO:--------Creating Events--------
[2019-04-18 23:30:06,365]INFO:No events to create in this period
[2019-04-18 23:30:06,366]INFO:########Scanning Period Ends########
[2019-04-18 23:40:05,714]INFO:########Scanning Period Starts########
[2019-04-18 23:40:05,714]INFO:--------Reading Emails--------
[2019-04-18 23:40:06,734]INFO:Successfully fetched 0 emails
[2019-04-18 23:40:06,738]INFO:0 appointment(s) scraped from 0 email(s) in this period
[2019-04-18 23:40:06,739]INFO:--------Creating Events--------
[2019-04-18 23:40:06,740]INFO:No events to create in this period
[2019-04-18 23:40:06,740]INFO:########Scanning Period Ends########
[2019-04-18 23:50:05,111]INFO:########Scanning Period Starts########
[2019-04-18 23:50:05,111]INFO:--------Reading Emails--------
[2019-04-18 23:50:06,377]INFO:Successfully fetched 0 emails
[2019-04-18 23:50:06,381]INFO:0 appointment(s) scraped from 0 email(s) in this period
[2019-04-18 23:50:06,381]INFO:--------Creating Events--------
[2019-04-18 23:50:06,382]INFO:No events to create in this period
[2019-04-18 23:50:06,382]INFO:########Scanning Period Ends########
