[2019-05-02 00:00:05,685]INFO:########Scanning Period Starts########
[2019-05-02 00:00:05,686]INFO:--------Reading Emails--------
[2019-05-02 00:00:06,602]INFO:Successfully fetched 0 emails
[2019-05-02 00:00:06,605]INFO:0 appointment(s) scraped from 0 email(s) in this period
[2019-05-02 00:00:06,606]INFO:--------Creating Events--------
[2019-05-02 00:00:06,607]INFO:No events to create in this period
[2019-05-02 00:00:06,607]INFO:########Scanning Period Ends########
[2019-05-02 00:10:04,897]INFO:########Scanning Period Starts########
[2019-05-02 00:10:04,898]INFO:--------Reading Emails--------
[2019-05-02 00:10:06,017]INFO:Successfully fetched 0 emails
[2019-05-02 00:10:06,020]INFO:0 appointment(s) scraped from 0 email(s) in this period
[2019-05-02 00:10:06,021]INFO:--------Creating Events--------
[2019-05-02 00:10:06,021]INFO:No events to create in this period
[2019-05-02 00:10:06,022]INFO:########Scanning Period Ends########
[2019-05-02 00:20:05,400]INFO:########Scanning Period Starts########
[2019-05-02 00:20:05,401]INFO:--------Reading Emails--------
[2019-05-02 00:20:06,626]INFO:Successfully fetched 0 emails
[2019-05-02 00:20:06,630]INFO:0 appointment(s) scraped from 0 email(s) in this period
[2019-05-02 00:20:06,639]INFO:--------Creating Events--------
[2019-05-02 00:20:06,640]INFO:No events to create in this period
[2019-05-02 00:20:06,640]INFO:########Scanning Period Ends########
[2019-05-02 00:30:05,004]INFO:########Scanning Period Starts########
[2019-05-02 00:30:05,005]INFO:--------Reading Emails--------
[2019-05-02 00:30:07,717]INFO:Successfully fetched 0 emails
[2019-05-02 00:30:07,720]INFO:0 appointment(s) scraped from 0 email(s) in this period
[2019-05-02 00:30:07,721]INFO:--------Creating Events--------
[2019-05-02 00:30:07,722]INFO:No events to create in this period
[2019-05-02 00:30:07,722]INFO:########Scanning Period Ends########
[2019-05-02 00:40:05,046]INFO:########Scanning Period Starts########
[2019-05-02 00:40:05,047]INFO:--------Reading Emails--------
[2019-05-02 00:40:05,899]INFO:Successfully fetched 0 emails
[2019-05-02 00:40:05,902]INFO:0 appointment(s) scraped from 0 email(s) in this period
[2019-05-02 00:40:05,903]INFO:--------Creating Events--------
[2019-05-02 00:40:05,904]INFO:No events to create in this period
[2019-05-02 00:40:05,904]INFO:########Scanning Period Ends########
[2019-05-02 00:50:05,186]INFO:########Scanning Period Starts########
[2019-05-02 00:50:05,187]INFO:--------Reading Emails--------
[2019-05-02 00:50:06,704]INFO:Successfully fetched 0 emails
[2019-05-02 00:50:06,707]INFO:0 appointment(s) scraped from 0 email(s) in this period
[2019-05-02 00:50:06,717]INFO:--------Creating Events--------
[2019-05-02 00:50:06,718]INFO:No events to create in this period
[2019-05-02 00:50:06,718]INFO:########Scanning Period Ends########
[2019-05-02 01:00:05,053]INFO:########Scanning Period Starts########
[2019-05-02 01:00:05,054]INFO:--------Reading Emails--------
[2019-05-02 01:00:06,395]INFO:Successfully fetched 0 emails
[2019-05-02 01:00:06,403]INFO:0 appointment(s) scraped from 0 email(s) in this period
[2019-05-02 01:00:06,405]INFO:--------Creating Events--------
[2019-05-02 01:00:06,405]INFO:No events to create in this period
[2019-05-02 01:00:06,406]INFO:########Scanning Period Ends########
[2019-05-02 01:10:05,751]INFO:########Scanning Period Starts########
[2019-05-02 01:10:05,751]INFO:--------Reading Emails--------
[2019-05-02 01:10:06,939]INFO:Successfully fetched 0 emails
[2019-05-02 01:10:06,943]INFO:0 appointment(s) scraped from 0 email(s) in this period
[2019-05-02 01:10:06,948]INFO:--------Creating Events--------
[2019-05-02 01:10:06,949]INFO:No events to create in this period
[2019-05-02 01:10:06,949]INFO:########Scanning Period Ends########
[2019-05-02 01:20:05,392]INFO:########Scanning Period Starts########
[2019-05-02 01:20:05,393]INFO:--------Reading Emails--------
[2019-05-02 01:20:06,444]INFO:Successfully fetched 0 emails
[2019-05-02 01:20:06,447]INFO:0 appointment(s) scraped from 0 email(s) in this period
[2019-05-02 01:20:06,448]INFO:--------Creating Events--------
[2019-05-02 01:20:06,449]INFO:No events to create in this period
[2019-05-02 01:20:06,449]INFO:########Scanning Period Ends########
[2019-05-02 01:30:05,737]INFO:########Scanning Period Starts########
[2019-05-02 01:30:05,737]INFO:--------Reading Emails--------
[2019-05-02 01:30:06,750]INFO:Successfully fetched 0 emails
[2019-05-02 01:30:06,754]INFO:0 appointment(s) scraped from 0 email(s) in this period
[2019-05-02 01:30:06,755]INFO:--------Creating Events--------
[2019-05-02 01:30:06,755]INFO:No events to create in this period
[2019-05-02 01:30:06,756]INFO:########Scanning Period Ends########
[2019-05-02 01:40:05,082]INFO:########Scanning Period Starts########
[2019-05-02 01:40:05,083]INFO:--------Reading Emails--------
[2019-05-02 01:40:06,063]INFO:Successfully fetched 0 emails
[2019-05-02 01:40:06,067]INFO:0 appointment(s) scraped from 0 email(s) in this period
[2019-05-02 01:40:06,068]INFO:--------Creating Events--------
[2019-05-02 01:40:06,068]INFO:No events to create in this period
[2019-05-02 01:40:06,069]INFO:########Scanning Period Ends########
[2019-05-02 01:50:05,408]INFO:########Scanning Period Starts########
[2019-05-02 01:50:05,409]INFO:--------Reading Emails--------
[2019-05-02 01:50:06,326]INFO:Successfully fetched 0 emails
[2019-05-02 01:50:06,330]INFO:0 appointment(s) scraped from 0 email(s) in this period
[2019-05-02 01:50:06,330]INFO:--------Creating Events--------
[2019-05-02 01:50:06,331]INFO:No events to create in this period
[2019-05-02 01:50:06,332]INFO:########Scanning Period Ends########
[2019-05-02 02:00:05,641]INFO:########Scanning Period Starts########
[2019-05-02 02:00:05,641]INFO:--------Reading Emails--------
[2019-05-02 02:00:06,716]INFO:Successfully fetched 0 emails
[2019-05-02 02:00:06,720]INFO:0 appointment(s) scraped from 0 email(s) in this period
[2019-05-02 02:00:06,721]INFO:--------Creating Events--------
[2019-05-02 02:00:06,721]INFO:No events to create in this period
[2019-05-02 02:00:06,722]INFO:########Scanning Period Ends########
[2019-05-02 02:10:05,044]INFO:########Scanning Period Starts########
[2019-05-02 02:10:05,044]INFO:--------Reading Emails--------
[2019-05-02 02:10:06,184]INFO:Successfully fetched 0 emails
[2019-05-02 02:10:06,187]INFO:0 appointment(s) scraped from 0 email(s) in this period
[2019-05-02 02:10:06,188]INFO:--------Creating Events--------
[2019-05-02 02:10:06,189]INFO:No events to create in this period
[2019-05-02 02:10:06,190]INFO:########Scanning Period Ends########
[2019-05-02 02:20:05,626]INFO:########Scanning Period Starts########
[2019-05-02 02:20:05,626]INFO:--------Reading Emails--------
[2019-05-02 02:20:06,826]INFO:Successfully fetched 0 emails
[2019-05-02 02:20:06,829]INFO:0 appointment(s) scraped from 0 email(s) in this period
[2019-05-02 02:20:06,839]INFO:--------Creating Events--------
[2019-05-02 02:20:06,840]INFO:No events to create in this period
[2019-05-02 02:20:06,840]INFO:########Scanning Period Ends########
[2019-05-02 02:30:05,169]INFO:########Scanning Period Starts########
[2019-05-02 02:30:05,171]INFO:--------Reading Emails--------
[2019-05-02 02:30:06,450]INFO:Successfully fetched 0 emails
[2019-05-02 02:30:06,453]INFO:0 appointment(s) scraped from 0 email(s) in this period
[2019-05-02 02:30:06,459]INFO:--------Creating Events--------
[2019-05-02 02:30:06,459]INFO:No events to create in this period
[2019-05-02 02:30:06,460]INFO:########Scanning Period Ends########
[2019-05-02 02:40:05,753]INFO:########Scanning Period Starts########
[2019-05-02 02:40:05,754]INFO:--------Reading Emails--------
[2019-05-02 02:40:06,884]INFO:Successfully fetched 0 emails
[2019-05-02 02:40:06,888]INFO:0 appointment(s) scraped from 0 email(s) in this period
[2019-05-02 02:40:06,888]INFO:--------Creating Events--------
[2019-05-02 02:40:06,889]INFO:No events to create in this period
[2019-05-02 02:40:06,889]INFO:########Scanning Period Ends########
[2019-05-02 02:50:05,189]INFO:########Scanning Period Starts########
[2019-05-02 02:50:05,190]INFO:--------Reading Emails--------
[2019-05-02 02:50:06,317]INFO:Successfully fetched 0 emails
[2019-05-02 02:50:06,320]INFO:0 appointment(s) scraped from 0 email(s) in this period
[2019-05-02 02:50:06,321]INFO:--------Creating Events--------
[2019-05-02 02:50:06,322]INFO:No events to create in this period
[2019-05-02 02:50:06,322]INFO:########Scanning Period Ends########
[2019-05-02 03:00:05,607]INFO:########Scanning Period Starts########
[2019-05-02 03:00:05,608]INFO:--------Reading Emails--------
[2019-05-02 03:00:06,578]INFO:Successfully fetched 0 emails
[2019-05-02 03:00:06,581]INFO:0 appointment(s) scraped from 0 email(s) in this period
[2019-05-02 03:00:06,582]INFO:--------Creating Events--------
[2019-05-02 03:00:06,582]INFO:No events to create in this period
[2019-05-02 03:00:06,583]INFO:########Scanning Period Ends########
[2019-05-02 03:10:04,883]INFO:########Scanning Period Starts########
[2019-05-02 03:10:04,884]INFO:--------Reading Emails--------
[2019-05-02 03:10:05,866]INFO:Successfully fetched 0 emails
[2019-05-02 03:10:05,869]INFO:0 appointment(s) scraped from 0 email(s) in this period
[2019-05-02 03:10:05,870]INFO:--------Creating Events--------
[2019-05-02 03:10:05,870]INFO:No events to create in this period
[2019-05-02 03:10:05,871]INFO:########Scanning Period Ends########
[2019-05-02 03:20:05,301]INFO:########Scanning Period Starts########
[2019-05-02 03:20:05,302]INFO:--------Reading Emails--------
[2019-05-02 03:20:06,437]INFO:Successfully fetched 0 emails
[2019-05-02 03:20:06,440]INFO:0 appointment(s) scraped from 0 email(s) in this period
[2019-05-02 03:20:06,441]INFO:--------Creating Events--------
[2019-05-02 03:20:06,441]INFO:No events to create in this period
[2019-05-02 03:20:06,442]INFO:########Scanning Period Ends########
[2019-05-02 03:30:05,795]INFO:########Scanning Period Starts########
[2019-05-02 03:30:05,796]INFO:--------Reading Emails--------
[2019-05-02 03:30:06,709]INFO:Successfully fetched 0 emails
[2019-05-02 03:30:06,712]INFO:0 appointment(s) scraped from 0 email(s) in this period
[2019-05-02 03:30:06,713]INFO:--------Creating Events--------
[2019-05-02 03:30:06,714]INFO:No events to create in this period
[2019-05-02 03:30:06,714]INFO:########Scanning Period Ends########
[2019-05-02 03:40:05,102]INFO:########Scanning Period Starts########
[2019-05-02 03:40:05,103]INFO:--------Reading Emails--------
[2019-05-02 03:40:06,227]INFO:Successfully fetched 0 emails
[2019-05-02 03:40:06,231]INFO:0 appointment(s) scraped from 0 email(s) in this period
[2019-05-02 03:40:06,231]INFO:--------Creating Events--------
[2019-05-02 03:40:06,232]INFO:No events to create in this period
[2019-05-02 03:40:06,233]INFO:########Scanning Period Ends########
[2019-05-02 03:50:05,513]INFO:########Scanning Period Starts########
[2019-05-02 03:50:05,514]INFO:--------Reading Emails--------
[2019-05-02 03:50:06,786]INFO:Successfully fetched 0 emails
[2019-05-02 03:50:06,789]INFO:0 appointment(s) scraped from 0 email(s) in this period
[2019-05-02 03:50:06,799]INFO:--------Creating Events--------
[2019-05-02 03:50:06,800]INFO:No events to create in this period
[2019-05-02 03:50:06,801]INFO:########Scanning Period Ends########
[2019-05-02 04:00:05,179]INFO:########Scanning Period Starts########
[2019-05-02 04:00:05,180]INFO:--------Reading Emails--------
[2019-05-02 04:00:06,487]INFO:Successfully fetched 0 emails
[2019-05-02 04:00:06,491]INFO:0 appointment(s) scraped from 0 email(s) in this period
[2019-05-02 04:00:06,491]INFO:--------Creating Events--------
[2019-05-02 04:00:06,492]INFO:No events to create in this period
[2019-05-02 04:00:06,493]INFO:########Scanning Period Ends########
[2019-05-02 04:10:04,772]INFO:########Scanning Period Starts########
[2019-05-02 04:10:04,772]INFO:--------Reading Emails--------
[2019-05-02 04:10:06,037]INFO:Successfully fetched 0 emails
[2019-05-02 04:10:06,051]INFO:0 appointment(s) scraped from 0 email(s) in this period
[2019-05-02 04:10:06,052]INFO:--------Creating Events--------
[2019-05-02 04:10:06,053]INFO:No events to create in this period
[2019-05-02 04:10:06,053]INFO:########Scanning Period Ends########
[2019-05-02 04:20:05,416]INFO:########Scanning Period Starts########
[2019-05-02 04:20:05,417]INFO:--------Reading Emails--------
[2019-05-02 04:20:06,417]INFO:Successfully fetched 0 emails
[2019-05-02 04:20:06,420]INFO:0 appointment(s) scraped from 0 email(s) in this period
[2019-05-02 04:20:06,421]INFO:--------Creating Events--------
[2019-05-02 04:20:06,422]INFO:No events to create in this period
[2019-05-02 04:20:06,422]INFO:########Scanning Period Ends########
[2019-05-02 04:30:05,743]INFO:########Scanning Period Starts########
[2019-05-02 04:30:05,743]INFO:--------Reading Emails--------
[2019-05-02 04:30:06,826]INFO:Successfully fetched 0 emails
[2019-05-02 04:30:06,829]INFO:0 appointment(s) scraped from 0 email(s) in this period
[2019-05-02 04:30:06,830]INFO:--------Creating Events--------
[2019-05-02 04:30:06,831]INFO:No events to create in this period
[2019-05-02 04:30:06,831]INFO:########Scanning Period Ends########
[2019-05-02 04:40:05,211]INFO:########Scanning Period Starts########
[2019-05-02 04:40:05,212]INFO:--------Reading Emails--------
[2019-05-02 04:40:06,408]INFO:Successfully fetched 0 emails
[2019-05-02 04:40:06,416]INFO:0 appointment(s) scraped from 0 email(s) in this period
[2019-05-02 04:40:06,417]INFO:--------Creating Events--------
[2019-05-02 04:40:06,418]INFO:No events to create in this period
[2019-05-02 04:40:06,419]INFO:########Scanning Period Ends########
[2019-05-02 04:50:05,755]INFO:########Scanning Period Starts########
[2019-05-02 04:50:05,757]INFO:--------Reading Emails--------
[2019-05-02 04:50:07,172]INFO:Successfully fetched 0 emails
[2019-05-02 04:50:07,176]INFO:0 appointment(s) scraped from 0 email(s) in this period
[2019-05-02 04:50:07,181]INFO:--------Creating Events--------
[2019-05-02 04:50:07,181]INFO:No events to create in this period
[2019-05-02 04:50:07,182]INFO:########Scanning Period Ends########
[2019-05-02 05:00:05,525]INFO:########Scanning Period Starts########
[2019-05-02 05:00:05,526]INFO:--------Reading Emails--------
[2019-05-02 05:00:06,732]INFO:Successfully fetched 0 emails
[2019-05-02 05:00:06,736]INFO:0 appointment(s) scraped from 0 email(s) in this period
[2019-05-02 05:00:06,745]INFO:--------Creating Events--------
[2019-05-02 05:00:06,746]INFO:No events to create in this period
[2019-05-02 05:00:06,747]INFO:########Scanning Period Ends########
[2019-05-02 05:10:05,043]INFO:########Scanning Period Starts########
[2019-05-02 05:10:05,044]INFO:--------Reading Emails--------
[2019-05-02 05:10:06,277]INFO:Successfully fetched 0 emails
[2019-05-02 05:10:06,290]INFO:0 appointment(s) scraped from 0 email(s) in this period
[2019-05-02 05:10:06,291]INFO:--------Creating Events--------
[2019-05-02 05:10:06,292]INFO:No events to create in this period
[2019-05-02 05:10:06,293]INFO:########Scanning Period Ends########
[2019-05-02 05:20:05,716]INFO:########Scanning Period Starts########
[2019-05-02 05:20:05,717]INFO:--------Reading Emails--------
[2019-05-02 05:20:06,838]INFO:Successfully fetched 0 emails
[2019-05-02 05:20:06,842]INFO:0 appointment(s) scraped from 0 email(s) in this period
[2019-05-02 05:20:06,842]INFO:--------Creating Events--------
[2019-05-02 05:20:06,843]INFO:No events to create in this period
[2019-05-02 05:20:06,844]INFO:########Scanning Period Ends########
[2019-05-02 05:30:05,164]INFO:########Scanning Period Starts########
[2019-05-02 05:30:05,166]INFO:--------Reading Emails--------
[2019-05-02 05:30:06,193]INFO:Successfully fetched 0 emails
[2019-05-02 05:30:06,196]INFO:0 appointment(s) scraped from 0 email(s) in this period
[2019-05-02 05:30:06,197]INFO:--------Creating Events--------
[2019-05-02 05:30:06,198]INFO:No events to create in this period
[2019-05-02 05:30:06,198]INFO:########Scanning Period Ends########
[2019-05-02 05:40:05,467]INFO:########Scanning Period Starts########
[2019-05-02 05:40:05,468]INFO:--------Reading Emails--------
[2019-05-02 05:40:07,934]INFO:Successfully fetched 0 emails
[2019-05-02 05:40:07,938]INFO:0 appointment(s) scraped from 0 email(s) in this period
[2019-05-02 05:40:07,938]INFO:--------Creating Events--------
[2019-05-02 05:40:07,939]INFO:No events to create in this period
[2019-05-02 05:40:07,939]INFO:########Scanning Period Ends########
[2019-05-02 05:50:05,293]INFO:########Scanning Period Starts########
[2019-05-02 05:50:05,293]INFO:--------Reading Emails--------
[2019-05-02 05:50:06,444]INFO:Successfully fetched 0 emails
[2019-05-02 05:50:06,448]INFO:0 appointment(s) scraped from 0 email(s) in this period
[2019-05-02 05:50:06,453]INFO:--------Creating Events--------
[2019-05-02 05:50:06,454]INFO:No events to create in this period
[2019-05-02 05:50:06,454]INFO:########Scanning Period Ends########
[2019-05-02 06:00:05,770]INFO:########Scanning Period Starts########
[2019-05-02 06:00:05,770]INFO:--------Reading Emails--------
[2019-05-02 06:00:07,056]INFO:Successfully fetched 0 emails
[2019-05-02 06:00:07,059]INFO:0 appointment(s) scraped from 0 email(s) in this period
[2019-05-02 06:00:07,060]INFO:--------Creating Events--------
[2019-05-02 06:00:07,060]INFO:No events to create in this period
[2019-05-02 06:00:07,061]INFO:########Scanning Period Ends########
[2019-05-02 06:10:05,393]INFO:########Scanning Period Starts########
[2019-05-02 06:10:05,394]INFO:--------Reading Emails--------
[2019-05-02 06:10:06,625]INFO:Successfully fetched 0 emails
[2019-05-02 06:10:06,628]INFO:0 appointment(s) scraped from 0 email(s) in this period
[2019-05-02 06:10:06,633]INFO:--------Creating Events--------
[2019-05-02 06:10:06,634]INFO:No events to create in this period
[2019-05-02 06:10:06,634]INFO:########Scanning Period Ends########
[2019-05-02 06:20:05,069]INFO:########Scanning Period Starts########
[2019-05-02 06:20:05,070]INFO:--------Reading Emails--------
[2019-05-02 06:20:06,285]INFO:Successfully fetched 0 emails
[2019-05-02 06:20:06,289]INFO:0 appointment(s) scraped from 0 email(s) in this period
[2019-05-02 06:20:06,299]INFO:--------Creating Events--------
[2019-05-02 06:20:06,300]INFO:No events to create in this period
[2019-05-02 06:20:06,300]INFO:########Scanning Period Ends########
[2019-05-02 06:30:05,748]INFO:########Scanning Period Starts########
[2019-05-02 06:30:05,748]INFO:--------Reading Emails--------
[2019-05-02 06:30:06,944]INFO:Successfully fetched 0 emails
[2019-05-02 06:30:06,948]INFO:0 appointment(s) scraped from 0 email(s) in this period
[2019-05-02 06:30:06,953]INFO:--------Creating Events--------
[2019-05-02 06:30:06,954]INFO:No events to create in this period
[2019-05-02 06:30:06,955]INFO:########Scanning Period Ends########
[2019-05-02 06:40:05,318]INFO:########Scanning Period Starts########
[2019-05-02 06:40:05,318]INFO:--------Reading Emails--------
[2019-05-02 06:40:07,250]INFO:Successfully fetched 0 emails
[2019-05-02 06:40:07,254]INFO:0 appointment(s) scraped from 0 email(s) in this period
[2019-05-02 06:40:07,263]INFO:--------Creating Events--------
[2019-05-02 06:40:07,264]INFO:No events to create in this period
[2019-05-02 06:40:07,265]INFO:########Scanning Period Ends########
[2019-05-02 06:50:05,623]INFO:########Scanning Period Starts########
[2019-05-02 06:50:05,624]INFO:--------Reading Emails--------
[2019-05-02 06:50:06,844]INFO:Successfully fetched 0 emails
[2019-05-02 06:50:06,847]INFO:0 appointment(s) scraped from 0 email(s) in this period
[2019-05-02 06:50:06,848]INFO:--------Creating Events--------
[2019-05-02 06:50:06,849]INFO:No events to create in this period
[2019-05-02 06:50:06,849]INFO:########Scanning Period Ends########
[2019-05-02 07:00:05,189]INFO:########Scanning Period Starts########
[2019-05-02 07:00:05,190]INFO:--------Reading Emails--------
[2019-05-02 07:00:06,386]INFO:Successfully fetched 0 emails
[2019-05-02 07:00:06,389]INFO:0 appointment(s) scraped from 0 email(s) in this period
[2019-05-02 07:00:06,394]INFO:--------Creating Events--------
[2019-05-02 07:00:06,395]INFO:No events to create in this period
[2019-05-02 07:00:06,396]INFO:########Scanning Period Ends########
[2019-05-02 07:10:05,672]INFO:########Scanning Period Starts########
[2019-05-02 07:10:05,673]INFO:--------Reading Emails--------
[2019-05-02 07:10:06,978]INFO:Successfully fetched 0 emails
[2019-05-02 07:10:06,981]INFO:0 appointment(s) scraped from 0 email(s) in this period
[2019-05-02 07:10:06,991]INFO:--------Creating Events--------
[2019-05-02 07:10:06,992]INFO:No events to create in this period
[2019-05-02 07:10:06,992]INFO:########Scanning Period Ends########
[2019-05-02 07:20:05,382]INFO:########Scanning Period Starts########
[2019-05-02 07:20:05,383]INFO:--------Reading Emails--------
[2019-05-02 07:20:06,337]INFO:Successfully fetched 0 emails
[2019-05-02 07:20:06,341]INFO:0 appointment(s) scraped from 0 email(s) in this period
[2019-05-02 07:20:06,342]INFO:--------Creating Events--------
[2019-05-02 07:20:06,342]INFO:No events to create in this period
[2019-05-02 07:20:06,343]INFO:########Scanning Period Ends########
[2019-05-02 07:30:05,690]INFO:########Scanning Period Starts########
[2019-05-02 07:30:05,690]INFO:--------Reading Emails--------
[2019-05-02 07:30:06,792]INFO:Successfully fetched 0 emails
[2019-05-02 07:30:06,796]INFO:0 appointment(s) scraped from 0 email(s) in this period
[2019-05-02 07:30:06,796]INFO:--------Creating Events--------
[2019-05-02 07:30:06,797]INFO:No events to create in this period
[2019-05-02 07:30:06,798]INFO:########Scanning Period Ends########
[2019-05-02 07:40:05,134]INFO:########Scanning Period Starts########
[2019-05-02 07:40:05,135]INFO:--------Reading Emails--------
[2019-05-02 07:40:06,257]INFO:Successfully fetched 0 emails
[2019-05-02 07:40:06,260]INFO:0 appointment(s) scraped from 0 email(s) in this period
[2019-05-02 07:40:06,261]INFO:--------Creating Events--------
[2019-05-02 07:40:06,262]INFO:No events to create in this period
[2019-05-02 07:40:06,262]INFO:########Scanning Period Ends########
[2019-05-02 07:50:05,575]INFO:########Scanning Period Starts########
[2019-05-02 07:50:05,575]INFO:--------Reading Emails--------
[2019-05-02 07:50:06,798]INFO:Successfully fetched 0 emails
[2019-05-02 07:50:06,801]INFO:0 appointment(s) scraped from 0 email(s) in this period
[2019-05-02 07:50:06,806]INFO:--------Creating Events--------
[2019-05-02 07:50:06,807]INFO:No events to create in this period
[2019-05-02 07:50:06,808]INFO:########Scanning Period Ends########
[2019-05-02 08:00:05,132]INFO:########Scanning Period Starts########
[2019-05-02 08:00:05,132]INFO:--------Reading Emails--------
[2019-05-02 08:00:06,503]INFO:Successfully fetched 0 emails
[2019-05-02 08:00:06,506]INFO:0 appointment(s) scraped from 0 email(s) in this period
[2019-05-02 08:00:06,511]INFO:--------Creating Events--------
[2019-05-02 08:00:06,512]INFO:No events to create in this period
[2019-05-02 08:00:06,513]INFO:########Scanning Period Ends########
[2019-05-02 08:10:04,812]INFO:########Scanning Period Starts########
[2019-05-02 08:10:04,812]INFO:--------Reading Emails--------
[2019-05-02 08:10:06,204]INFO:Successfully fetched 0 emails
[2019-05-02 08:10:06,207]INFO:0 appointment(s) scraped from 0 email(s) in this period
[2019-05-02 08:10:06,212]INFO:--------Creating Events--------
[2019-05-02 08:10:06,213]INFO:No events to create in this period
[2019-05-02 08:10:06,214]INFO:########Scanning Period Ends########
[2019-05-02 08:20:05,573]INFO:########Scanning Period Starts########
[2019-05-02 08:20:05,574]INFO:--------Reading Emails--------
[2019-05-02 08:20:06,564]INFO:Successfully fetched 0 emails
[2019-05-02 08:20:06,568]INFO:0 appointment(s) scraped from 0 email(s) in this period
[2019-05-02 08:20:06,569]INFO:--------Creating Events--------
[2019-05-02 08:20:06,569]INFO:No events to create in this period
[2019-05-02 08:20:06,570]INFO:########Scanning Period Ends########
[2019-05-02 08:30:04,873]INFO:########Scanning Period Starts########
[2019-05-02 08:30:04,874]INFO:--------Reading Emails--------
[2019-05-02 08:30:06,273]INFO:Successfully fetched 0 emails
[2019-05-02 08:30:06,276]INFO:0 appointment(s) scraped from 0 email(s) in this period
[2019-05-02 08:30:06,286]INFO:--------Creating Events--------
[2019-05-02 08:30:06,286]INFO:No events to create in this period
[2019-05-02 08:30:06,287]INFO:########Scanning Period Ends########
[2019-05-02 08:40:05,558]INFO:########Scanning Period Starts########
[2019-05-02 08:40:05,559]INFO:--------Reading Emails--------
[2019-05-02 08:40:06,795]INFO:Successfully fetched 0 emails
[2019-05-02 08:40:06,799]INFO:0 appointment(s) scraped from 0 email(s) in this period
[2019-05-02 08:40:06,800]INFO:--------Creating Events--------
[2019-05-02 08:40:06,800]INFO:No events to create in this period
[2019-05-02 08:40:06,801]INFO:########Scanning Period Ends########
[2019-05-02 08:50:05,120]INFO:########Scanning Period Starts########
[2019-05-02 08:50:05,121]INFO:--------Reading Emails--------
[2019-05-02 08:50:06,312]INFO:Successfully fetched 0 emails
[2019-05-02 08:50:06,316]INFO:0 appointment(s) scraped from 0 email(s) in this period
[2019-05-02 08:50:06,316]INFO:--------Creating Events--------
[2019-05-02 08:50:06,317]INFO:No events to create in this period
[2019-05-02 08:50:06,317]INFO:########Scanning Period Ends########
[2019-05-02 09:00:05,617]INFO:########Scanning Period Starts########
[2019-05-02 09:00:05,617]INFO:--------Reading Emails--------
[2019-05-02 09:00:07,045]INFO:Successfully fetched 0 emails
[2019-05-02 09:00:07,048]INFO:0 appointment(s) scraped from 0 email(s) in this period
[2019-05-02 09:00:07,057]INFO:--------Creating Events--------
[2019-05-02 09:00:07,058]INFO:No events to create in this period
[2019-05-02 09:00:07,059]INFO:########Scanning Period Ends########
[2019-05-02 09:10:05,383]INFO:########Scanning Period Starts########
[2019-05-02 09:10:05,383]INFO:--------Reading Emails--------
[2019-05-02 09:10:06,698]INFO:Successfully fetched 0 emails
[2019-05-02 09:10:06,702]INFO:0 appointment(s) scraped from 0 email(s) in this period
[2019-05-02 09:10:06,711]INFO:--------Creating Events--------
[2019-05-02 09:10:06,712]INFO:No events to create in this period
[2019-05-02 09:10:06,713]INFO:########Scanning Period Ends########
[2019-05-02 09:20:05,153]INFO:########Scanning Period Starts########
[2019-05-02 09:20:05,153]INFO:--------Reading Emails--------
[2019-05-02 09:20:06,592]INFO:Successfully fetched 0 emails
[2019-05-02 09:20:06,596]INFO:0 appointment(s) scraped from 0 email(s) in this period
[2019-05-02 09:20:06,601]INFO:--------Creating Events--------
[2019-05-02 09:20:06,602]INFO:No events to create in this period
[2019-05-02 09:20:06,602]INFO:########Scanning Period Ends########
[2019-05-02 09:30:04,911]INFO:########Scanning Period Starts########
[2019-05-02 09:30:04,912]INFO:--------Reading Emails--------
[2019-05-02 09:30:06,319]INFO:Successfully fetched 0 emails
[2019-05-02 09:30:06,322]INFO:0 appointment(s) scraped from 0 email(s) in this period
[2019-05-02 09:30:06,327]INFO:--------Creating Events--------
[2019-05-02 09:30:06,328]INFO:No events to create in this period
[2019-05-02 09:30:06,329]INFO:########Scanning Period Ends########
[2019-05-02 09:40:05,621]INFO:########Scanning Period Starts########
[2019-05-02 09:40:05,622]INFO:--------Reading Emails--------
[2019-05-02 09:40:06,923]INFO:Successfully fetched 0 emails
[2019-05-02 09:40:06,927]INFO:0 appointment(s) scraped from 0 email(s) in this period
[2019-05-02 09:40:06,942]INFO:--------Creating Events--------
[2019-05-02 09:40:06,943]INFO:No events to create in this period
[2019-05-02 09:40:06,943]INFO:########Scanning Period Ends########
[2019-05-02 09:50:05,253]INFO:########Scanning Period Starts########
[2019-05-02 09:50:05,253]INFO:--------Reading Emails--------
[2019-05-02 09:50:06,491]INFO:Successfully fetched 0 emails
[2019-05-02 09:50:06,494]INFO:0 appointment(s) scraped from 0 email(s) in this period
[2019-05-02 09:50:06,504]INFO:--------Creating Events--------
[2019-05-02 09:50:06,504]INFO:No events to create in this period
[2019-05-02 09:50:06,505]INFO:########Scanning Period Ends########
[2019-05-02 10:00:04,772]INFO:########Scanning Period Starts########
[2019-05-02 10:00:04,773]INFO:--------Reading Emails--------
[2019-05-02 10:00:05,715]INFO:Successfully fetched 0 emails
[2019-05-02 10:00:05,719]INFO:0 appointment(s) scraped from 0 email(s) in this period
[2019-05-02 10:00:05,720]INFO:--------Creating Events--------
[2019-05-02 10:00:05,720]INFO:No events to create in this period
[2019-05-02 10:00:05,721]INFO:########Scanning Period Ends########
[2019-05-02 10:10:05,094]INFO:########Scanning Period Starts########
[2019-05-02 10:10:05,094]INFO:--------Reading Emails--------
[2019-05-02 10:10:06,515]INFO:Successfully fetched 0 emails
[2019-05-02 10:10:06,524]INFO:0 appointment(s) scraped from 0 email(s) in this period
[2019-05-02 10:10:06,525]INFO:--------Creating Events--------
[2019-05-02 10:10:06,526]INFO:No events to create in this period
[2019-05-02 10:10:06,526]INFO:########Scanning Period Ends########
[2019-05-02 10:20:04,926]INFO:########Scanning Period Starts########
[2019-05-02 10:20:04,926]INFO:--------Reading Emails--------
[2019-05-02 10:20:05,990]INFO:Successfully fetched 0 emails
[2019-05-02 10:20:05,994]INFO:0 appointment(s) scraped from 0 email(s) in this period
[2019-05-02 10:20:05,994]INFO:--------Creating Events--------
[2019-05-02 10:20:05,995]INFO:No events to create in this period
[2019-05-02 10:20:05,996]INFO:########Scanning Period Ends########
[2019-05-02 10:30:05,294]INFO:########Scanning Period Starts########
[2019-05-02 10:30:05,294]INFO:--------Reading Emails--------
[2019-05-02 10:30:06,336]INFO:Successfully fetched 0 emails
[2019-05-02 10:30:06,339]INFO:0 appointment(s) scraped from 0 email(s) in this period
[2019-05-02 10:30:06,340]INFO:--------Creating Events--------
[2019-05-02 10:30:06,341]INFO:No events to create in this period
[2019-05-02 10:30:06,341]INFO:########Scanning Period Ends########
[2019-05-02 10:40:05,657]INFO:########Scanning Period Starts########
[2019-05-02 10:40:05,658]INFO:--------Reading Emails--------
[2019-05-02 10:40:06,652]INFO:Successfully fetched 0 emails
[2019-05-02 10:40:06,656]INFO:0 appointment(s) scraped from 0 email(s) in this period
[2019-05-02 10:40:06,657]INFO:--------Creating Events--------
[2019-05-02 10:40:06,657]INFO:No events to create in this period
[2019-05-02 10:40:06,658]INFO:########Scanning Period Ends########
[2019-05-02 10:50:04,951]INFO:########Scanning Period Starts########
[2019-05-02 10:50:04,951]INFO:--------Reading Emails--------
[2019-05-02 10:50:05,871]INFO:Successfully fetched 0 emails
[2019-05-02 10:50:05,874]INFO:0 appointment(s) scraped from 0 email(s) in this period
[2019-05-02 10:50:05,875]INFO:--------Creating Events--------
[2019-05-02 10:50:05,876]INFO:No events to create in this period
[2019-05-02 10:50:05,876]INFO:########Scanning Period Ends########
[2019-05-02 11:00:05,183]INFO:########Scanning Period Starts########
[2019-05-02 11:00:05,183]INFO:--------Reading Emails--------
[2019-05-02 11:00:05,999]INFO:Successfully fetched 0 emails
[2019-05-02 11:00:06,002]INFO:0 appointment(s) scraped from 0 email(s) in this period
[2019-05-02 11:00:06,003]INFO:--------Creating Events--------
[2019-05-02 11:00:06,004]INFO:No events to create in this period
[2019-05-02 11:00:06,004]INFO:########Scanning Period Ends########
[2019-05-02 11:10:05,293]INFO:########Scanning Period Starts########
[2019-05-02 11:10:05,294]INFO:--------Reading Emails--------
[2019-05-02 11:10:06,417]INFO:Successfully fetched 0 emails
[2019-05-02 11:10:06,420]INFO:0 appointment(s) scraped from 0 email(s) in this period
[2019-05-02 11:10:06,421]INFO:--------Creating Events--------
[2019-05-02 11:10:06,422]INFO:No events to create in this period
[2019-05-02 11:10:06,422]INFO:########Scanning Period Ends########
[2019-05-02 11:20:04,791]INFO:########Scanning Period Starts########
[2019-05-02 11:20:04,792]INFO:--------Reading Emails--------
[2019-05-02 11:20:05,753]INFO:Successfully fetched 0 emails
[2019-05-02 11:20:05,756]INFO:0 appointment(s) scraped from 0 email(s) in this period
[2019-05-02 11:20:05,757]INFO:--------Creating Events--------
[2019-05-02 11:20:05,758]INFO:No events to create in this period
[2019-05-02 11:20:05,758]INFO:########Scanning Period Ends########
[2019-05-02 11:30:05,038]INFO:########Scanning Period Starts########
[2019-05-02 11:30:05,039]INFO:--------Reading Emails--------
[2019-05-02 11:30:06,227]INFO:Successfully fetched 0 emails
[2019-05-02 11:30:06,230]INFO:0 appointment(s) scraped from 0 email(s) in this period
[2019-05-02 11:30:06,231]INFO:--------Creating Events--------
[2019-05-02 11:30:06,232]INFO:No events to create in this period
[2019-05-02 11:30:06,232]INFO:########Scanning Period Ends########
[2019-05-02 11:40:05,520]INFO:########Scanning Period Starts########
[2019-05-02 11:40:05,520]INFO:--------Reading Emails--------
[2019-05-02 11:40:08,143]INFO:Successfully fetched 0 emails
[2019-05-02 11:40:08,146]INFO:0 appointment(s) scraped from 0 email(s) in this period
[2019-05-02 11:40:08,147]INFO:--------Creating Events--------
[2019-05-02 11:40:08,148]INFO:No events to create in this period
[2019-05-02 11:40:08,149]INFO:########Scanning Period Ends########
[2019-05-02 11:50:05,471]INFO:########Scanning Period Starts########
[2019-05-02 11:50:05,472]INFO:--------Reading Emails--------
[2019-05-02 11:50:06,668]INFO:Successfully fetched 0 emails
[2019-05-02 11:50:06,671]INFO:0 appointment(s) scraped from 0 email(s) in this period
[2019-05-02 11:50:06,672]INFO:--------Creating Events--------
[2019-05-02 11:50:06,673]INFO:No events to create in this period
[2019-05-02 11:50:06,673]INFO:########Scanning Period Ends########
[2019-05-02 12:00:04,983]INFO:########Scanning Period Starts########
[2019-05-02 12:00:04,984]INFO:--------Reading Emails--------
[2019-05-02 12:00:05,960]INFO:Successfully fetched 0 emails
[2019-05-02 12:00:05,963]INFO:0 appointment(s) scraped from 0 email(s) in this period
[2019-05-02 12:00:05,964]INFO:--------Creating Events--------
[2019-05-02 12:00:05,965]INFO:No events to create in this period
[2019-05-02 12:00:05,965]INFO:########Scanning Period Ends########
[2019-05-02 12:10:05,330]INFO:########Scanning Period Starts########
[2019-05-02 12:10:05,330]INFO:--------Reading Emails--------
[2019-05-02 12:10:06,655]INFO:Successfully fetched 0 emails
[2019-05-02 12:10:06,659]INFO:0 appointment(s) scraped from 0 email(s) in this period
[2019-05-02 12:10:06,664]INFO:--------Creating Events--------
[2019-05-02 12:10:06,665]INFO:No events to create in this period
[2019-05-02 12:10:06,665]INFO:########Scanning Period Ends########
[2019-05-02 12:20:05,077]INFO:########Scanning Period Starts########
[2019-05-02 12:20:05,077]INFO:--------Reading Emails--------
[2019-05-02 12:20:06,086]INFO:Successfully fetched 0 emails
[2019-05-02 12:20:06,089]INFO:0 appointment(s) scraped from 0 email(s) in this period
[2019-05-02 12:20:06,090]INFO:--------Creating Events--------
[2019-05-02 12:20:06,091]INFO:No events to create in this period
[2019-05-02 12:20:06,091]INFO:########Scanning Period Ends########
[2019-05-02 12:30:05,385]INFO:########Scanning Period Starts########
[2019-05-02 12:30:05,386]INFO:--------Reading Emails--------
[2019-05-02 12:30:06,661]INFO:Successfully fetched 0 emails
[2019-05-02 12:30:06,664]INFO:0 appointment(s) scraped from 0 email(s) in this period
[2019-05-02 12:30:06,674]INFO:--------Creating Events--------
[2019-05-02 12:30:06,675]INFO:No events to create in this period
[2019-05-02 12:30:06,675]INFO:########Scanning Period Ends########
[2019-05-02 12:40:04,984]INFO:########Scanning Period Starts########
[2019-05-02 12:40:04,984]INFO:--------Reading Emails--------
[2019-05-02 12:40:05,942]INFO:Successfully fetched 0 emails
[2019-05-02 12:40:05,946]INFO:0 appointment(s) scraped from 0 email(s) in this period
[2019-05-02 12:40:05,946]INFO:--------Creating Events--------
[2019-05-02 12:40:05,947]INFO:No events to create in this period
[2019-05-02 12:40:05,948]INFO:########Scanning Period Ends########
[2019-05-02 12:50:05,235]INFO:########Scanning Period Starts########
[2019-05-02 12:50:05,235]INFO:--------Reading Emails--------
[2019-05-02 12:50:06,760]INFO:Successfully fetched 0 emails
[2019-05-02 12:50:06,764]INFO:0 appointment(s) scraped from 0 email(s) in this period
[2019-05-02 12:50:06,769]INFO:--------Creating Events--------
[2019-05-02 12:50:06,769]INFO:No events to create in this period
[2019-05-02 12:50:06,770]INFO:########Scanning Period Ends########
[2019-05-02 13:00:05,075]INFO:########Scanning Period Starts########
[2019-05-02 13:00:05,076]INFO:--------Reading Emails--------
[2019-05-02 13:00:06,146]INFO:Successfully fetched 0 emails
[2019-05-02 13:00:06,149]INFO:0 appointment(s) scraped from 0 email(s) in this period
[2019-05-02 13:00:06,150]INFO:--------Creating Events--------
[2019-05-02 13:00:06,151]INFO:No events to create in this period
[2019-05-02 13:00:06,151]INFO:########Scanning Period Ends########
[2019-05-02 13:10:05,471]INFO:########Scanning Period Starts########
[2019-05-02 13:10:05,472]INFO:--------Reading Emails--------
[2019-05-02 13:10:06,502]INFO:Successfully fetched 0 emails
[2019-05-02 13:10:06,505]INFO:0 appointment(s) scraped from 0 email(s) in this period
[2019-05-02 13:10:06,506]INFO:--------Creating Events--------
[2019-05-02 13:10:06,507]INFO:No events to create in this period
[2019-05-02 13:10:06,507]INFO:########Scanning Period Ends########
[2019-05-02 13:20:04,904]INFO:########Scanning Period Starts########
[2019-05-02 13:20:04,905]INFO:--------Reading Emails--------
[2019-05-02 13:20:06,346]INFO:Successfully fetched 0 emails
[2019-05-02 13:20:06,349]INFO:0 appointment(s) scraped from 0 email(s) in this period
[2019-05-02 13:20:06,354]INFO:--------Creating Events--------
[2019-05-02 13:20:06,355]INFO:No events to create in this period
[2019-05-02 13:20:06,355]INFO:########Scanning Period Ends########
[2019-05-02 13:30:05,677]INFO:########Scanning Period Starts########
[2019-05-02 13:30:05,678]INFO:--------Reading Emails--------
[2019-05-02 13:30:07,514]INFO:Successfully fetched 0 emails
[2019-05-02 13:30:07,528]INFO:0 appointment(s) scraped from 0 email(s) in this period
[2019-05-02 13:30:07,529]INFO:--------Creating Events--------
[2019-05-02 13:30:07,529]INFO:No events to create in this period
[2019-05-02 13:30:07,530]INFO:########Scanning Period Ends########
[2019-05-02 13:40:04,850]INFO:########Scanning Period Starts########
[2019-05-02 13:40:04,851]INFO:--------Reading Emails--------
[2019-05-02 13:40:05,876]INFO:Successfully fetched 0 emails
[2019-05-02 13:40:05,880]INFO:0 appointment(s) scraped from 0 email(s) in this period
[2019-05-02 13:40:05,881]INFO:--------Creating Events--------
[2019-05-02 13:40:05,881]INFO:No events to create in this period
[2019-05-02 13:40:05,882]INFO:########Scanning Period Ends########
[2019-05-02 13:50:05,159]INFO:########Scanning Period Starts########
[2019-05-02 13:50:05,160]INFO:--------Reading Emails--------
[2019-05-02 13:50:06,382]INFO:Successfully fetched 0 emails
[2019-05-02 13:50:06,386]INFO:0 appointment(s) scraped from 0 email(s) in this period
[2019-05-02 13:50:06,387]INFO:--------Creating Events--------
[2019-05-02 13:50:06,387]INFO:No events to create in this period
[2019-05-02 13:50:06,388]INFO:########Scanning Period Ends########
[2019-05-02 14:00:05,689]INFO:########Scanning Period Starts########
[2019-05-02 14:00:05,689]INFO:--------Reading Emails--------
[2019-05-02 14:00:07,965]INFO:Successfully fetched 0 emails
[2019-05-02 14:00:07,969]INFO:0 appointment(s) scraped from 0 email(s) in this period
[2019-05-02 14:00:07,978]INFO:--------Creating Events--------
[2019-05-02 14:00:07,979]INFO:No events to create in this period
[2019-05-02 14:00:07,980]INFO:########Scanning Period Ends########
[2019-05-02 14:10:05,339]INFO:########Scanning Period Starts########
[2019-05-02 14:10:05,339]INFO:--------Reading Emails--------
[2019-05-02 14:10:06,485]INFO:Successfully fetched 0 emails
[2019-05-02 14:10:06,489]INFO:0 appointment(s) scraped from 0 email(s) in this period
[2019-05-02 14:10:06,490]INFO:--------Creating Events--------
[2019-05-02 14:10:06,490]INFO:No events to create in this period
[2019-05-02 14:10:06,491]INFO:########Scanning Period Ends########
[2019-05-02 14:20:04,869]INFO:########Scanning Period Starts########
[2019-05-02 14:20:04,870]INFO:--------Reading Emails--------
[2019-05-02 14:20:05,812]INFO:Successfully fetched 0 emails
[2019-05-02 14:20:05,816]INFO:0 appointment(s) scraped from 0 email(s) in this period
[2019-05-02 14:20:05,816]INFO:--------Creating Events--------
[2019-05-02 14:20:05,817]INFO:No events to create in this period
[2019-05-02 14:20:05,818]INFO:########Scanning Period Ends########
[2019-05-02 14:30:05,119]INFO:########Scanning Period Starts########
[2019-05-02 14:30:05,120]INFO:--------Reading Emails--------
[2019-05-02 14:30:06,207]INFO:Successfully fetched 0 emails
[2019-05-02 14:30:06,210]INFO:0 appointment(s) scraped from 0 email(s) in this period
[2019-05-02 14:30:06,211]INFO:--------Creating Events--------
[2019-05-02 14:30:06,212]INFO:No events to create in this period
[2019-05-02 14:30:06,212]INFO:########Scanning Period Ends########
[2019-05-02 14:40:05,533]INFO:########Scanning Period Starts########
[2019-05-02 14:40:05,534]INFO:--------Reading Emails--------
[2019-05-02 14:40:06,797]INFO:Successfully fetched 0 emails
[2019-05-02 14:40:06,801]INFO:0 appointment(s) scraped from 0 email(s) in this period
[2019-05-02 14:40:06,806]INFO:--------Creating Events--------
[2019-05-02 14:40:06,806]INFO:No events to create in this period
[2019-05-02 14:40:06,807]INFO:########Scanning Period Ends########
[2019-05-02 14:50:05,113]INFO:########Scanning Period Starts########
[2019-05-02 14:50:05,114]INFO:--------Reading Emails--------
[2019-05-02 14:50:05,989]INFO:Successfully fetched 0 emails
[2019-05-02 14:50:05,992]INFO:0 appointment(s) scraped from 0 email(s) in this period
[2019-05-02 14:50:05,993]INFO:--------Creating Events--------
[2019-05-02 14:50:05,994]INFO:No events to create in this period
[2019-05-02 14:50:05,995]INFO:########Scanning Period Ends########
[2019-05-02 15:00:05,272]INFO:########Scanning Period Starts########
[2019-05-02 15:00:05,274]INFO:--------Reading Emails--------
[2019-05-02 15:00:06,295]INFO:Successfully fetched 0 emails
[2019-05-02 15:00:06,298]INFO:0 appointment(s) scraped from 0 email(s) in this period
[2019-05-02 15:00:06,299]INFO:--------Creating Events--------
[2019-05-02 15:00:06,300]INFO:No events to create in this period
[2019-05-02 15:00:06,300]INFO:########Scanning Period Ends########
[2019-05-02 15:10:05,612]INFO:########Scanning Period Starts########
[2019-05-02 15:10:05,613]INFO:--------Reading Emails--------
[2019-05-02 15:10:06,625]INFO:Successfully fetched 0 emails
[2019-05-02 15:10:06,628]INFO:0 appointment(s) scraped from 0 email(s) in this period
[2019-05-02 15:10:06,629]INFO:--------Creating Events--------
[2019-05-02 15:10:06,630]INFO:No events to create in this period
[2019-05-02 15:10:06,630]INFO:########Scanning Period Ends########
[2019-05-02 15:20:05,075]INFO:########Scanning Period Starts########
[2019-05-02 15:20:05,076]INFO:--------Reading Emails--------
[2019-05-02 15:20:06,247]INFO:Successfully fetched 0 emails
[2019-05-02 15:20:06,251]INFO:0 appointment(s) scraped from 0 email(s) in this period
[2019-05-02 15:20:06,256]INFO:--------Creating Events--------
[2019-05-02 15:20:06,257]INFO:No events to create in this period
[2019-05-02 15:20:06,257]INFO:########Scanning Period Ends########
[2019-05-02 15:30:05,613]INFO:########Scanning Period Starts########
[2019-05-02 15:30:05,614]INFO:--------Reading Emails--------
[2019-05-02 15:30:07,071]INFO:Successfully fetched 0 emails
[2019-05-02 15:30:07,074]INFO:0 appointment(s) scraped from 0 email(s) in this period
[2019-05-02 15:30:07,075]INFO:--------Creating Events--------
[2019-05-02 15:30:07,076]INFO:No events to create in this period
[2019-05-02 15:30:07,076]INFO:########Scanning Period Ends########
[2019-05-02 15:40:05,414]INFO:########Scanning Period Starts########
[2019-05-02 15:40:05,415]INFO:--------Reading Emails--------
[2019-05-02 15:40:06,414]INFO:Successfully fetched 0 emails
[2019-05-02 15:40:06,418]INFO:0 appointment(s) scraped from 0 email(s) in this period
[2019-05-02 15:40:06,419]INFO:--------Creating Events--------
[2019-05-02 15:40:06,419]INFO:No events to create in this period
[2019-05-02 15:40:06,420]INFO:########Scanning Period Ends########
[2019-05-02 15:50:05,725]INFO:########Scanning Period Starts########
[2019-05-02 15:50:05,726]INFO:--------Reading Emails--------
[2019-05-02 15:50:07,304]INFO:Successfully fetched 0 emails
[2019-05-02 15:50:07,308]INFO:0 appointment(s) scraped from 0 email(s) in this period
[2019-05-02 15:50:07,317]INFO:--------Creating Events--------
[2019-05-02 15:50:07,318]INFO:No events to create in this period
[2019-05-02 15:50:07,318]INFO:########Scanning Period Ends########
[2019-05-02 16:00:05,602]INFO:########Scanning Period Starts########
[2019-05-02 16:00:05,603]INFO:--------Reading Emails--------
[2019-05-02 16:00:06,782]INFO:Successfully fetched 0 emails
[2019-05-02 16:00:06,785]INFO:0 appointment(s) scraped from 0 email(s) in this period
[2019-05-02 16:00:06,786]INFO:--------Creating Events--------
[2019-05-02 16:00:06,787]INFO:No events to create in this period
[2019-05-02 16:00:06,787]INFO:########Scanning Period Ends########
[2019-05-02 16:10:05,095]INFO:########Scanning Period Starts########
[2019-05-02 16:10:05,096]INFO:--------Reading Emails--------
[2019-05-02 16:10:06,219]INFO:Successfully fetched 0 emails
[2019-05-02 16:10:06,223]INFO:0 appointment(s) scraped from 0 email(s) in this period
[2019-05-02 16:10:06,224]INFO:--------Creating Events--------
[2019-05-02 16:10:06,224]INFO:No events to create in this period
[2019-05-02 16:10:06,225]INFO:########Scanning Period Ends########
[2019-05-02 16:20:05,657]INFO:########Scanning Period Starts########
[2019-05-02 16:20:05,657]INFO:--------Reading Emails--------
[2019-05-02 16:20:06,870]INFO:Successfully fetched 0 emails
[2019-05-02 16:20:06,883]INFO:0 appointment(s) scraped from 0 email(s) in this period
[2019-05-02 16:20:06,884]INFO:--------Creating Events--------
[2019-05-02 16:20:06,885]INFO:No events to create in this period
[2019-05-02 16:20:06,886]INFO:########Scanning Period Ends########
[2019-05-02 16:30:05,213]INFO:########Scanning Period Starts########
[2019-05-02 16:30:05,214]INFO:--------Reading Emails--------
[2019-05-02 16:30:06,314]INFO:Successfully fetched 0 emails
[2019-05-02 16:30:06,317]INFO:0 appointment(s) scraped from 0 email(s) in this period
[2019-05-02 16:30:06,318]INFO:--------Creating Events--------
[2019-05-02 16:30:06,319]INFO:No events to create in this period
[2019-05-02 16:30:06,319]INFO:########Scanning Period Ends########
[2019-05-02 16:40:05,631]INFO:########Scanning Period Starts########
[2019-05-02 16:40:05,632]INFO:--------Reading Emails--------
[2019-05-02 16:40:06,827]INFO:Successfully fetched 0 emails
[2019-05-02 16:40:06,831]INFO:0 appointment(s) scraped from 0 email(s) in this period
[2019-05-02 16:40:06,832]INFO:--------Creating Events--------
[2019-05-02 16:40:06,832]INFO:No events to create in this period
[2019-05-02 16:40:06,833]INFO:########Scanning Period Ends########
[2019-05-02 16:50:05,109]INFO:########Scanning Period Starts########
[2019-05-02 16:50:05,109]INFO:--------Reading Emails--------
[2019-05-02 16:50:06,354]INFO:Successfully fetched 0 emails
[2019-05-02 16:50:06,358]INFO:0 appointment(s) scraped from 0 email(s) in this period
[2019-05-02 16:50:06,363]INFO:--------Creating Events--------
[2019-05-02 16:50:06,363]INFO:No events to create in this period
[2019-05-02 16:50:06,364]INFO:########Scanning Period Ends########
[2019-05-02 17:00:05,717]INFO:########Scanning Period Starts########
[2019-05-02 17:00:05,718]INFO:--------Reading Emails--------
[2019-05-02 17:00:06,685]INFO:Successfully fetched 0 emails
[2019-05-02 17:00:06,688]INFO:0 appointment(s) scraped from 0 email(s) in this period
[2019-05-02 17:00:06,689]INFO:--------Creating Events--------
[2019-05-02 17:00:06,690]INFO:No events to create in this period
[2019-05-02 17:00:06,690]INFO:########Scanning Period Ends########
[2019-05-02 17:10:04,996]INFO:########Scanning Period Starts########
[2019-05-02 17:10:04,997]INFO:--------Reading Emails--------
[2019-05-02 17:10:06,067]INFO:Successfully fetched 0 emails
[2019-05-02 17:10:06,071]INFO:0 appointment(s) scraped from 0 email(s) in this period
[2019-05-02 17:10:06,072]INFO:--------Creating Events--------
[2019-05-02 17:10:06,072]INFO:No events to create in this period
[2019-05-02 17:10:06,073]INFO:########Scanning Period Ends########
[2019-05-02 17:20:05,475]INFO:########Scanning Period Starts########
[2019-05-02 17:20:05,476]INFO:--------Reading Emails--------
[2019-05-02 17:20:06,687]INFO:Successfully fetched 0 emails
[2019-05-02 17:20:06,690]INFO:0 appointment(s) scraped from 0 email(s) in this period
[2019-05-02 17:20:06,699]INFO:--------Creating Events--------
[2019-05-02 17:20:06,700]INFO:No events to create in this period
[2019-05-02 17:20:06,701]INFO:########Scanning Period Ends########
[2019-05-02 17:30:05,019]INFO:########Scanning Period Starts########
[2019-05-02 17:30:05,020]INFO:--------Reading Emails--------
[2019-05-02 17:30:06,035]INFO:Successfully fetched 0 emails
[2019-05-02 17:30:06,039]INFO:0 appointment(s) scraped from 0 email(s) in this period
[2019-05-02 17:30:06,040]INFO:--------Creating Events--------
[2019-05-02 17:30:06,040]INFO:No events to create in this period
[2019-05-02 17:30:06,041]INFO:########Scanning Period Ends########
[2019-05-02 17:40:05,441]INFO:########Scanning Period Starts########
[2019-05-02 17:40:05,442]INFO:--------Reading Emails--------
[2019-05-02 17:40:06,481]INFO:Successfully fetched 0 emails
[2019-05-02 17:40:06,484]INFO:0 appointment(s) scraped from 0 email(s) in this period
[2019-05-02 17:40:06,485]INFO:--------Creating Events--------
[2019-05-02 17:40:06,486]INFO:No events to create in this period
[2019-05-02 17:40:06,486]INFO:########Scanning Period Ends########
[2019-05-02 17:50:04,840]INFO:########Scanning Period Starts########
[2019-05-02 17:50:04,841]INFO:--------Reading Emails--------
[2019-05-02 17:50:06,170]INFO:Successfully fetched 0 emails
[2019-05-02 17:50:06,183]INFO:0 appointment(s) scraped from 0 email(s) in this period
[2019-05-02 17:50:06,184]INFO:--------Creating Events--------
[2019-05-02 17:50:06,185]INFO:No events to create in this period
[2019-05-02 17:50:06,185]INFO:########Scanning Period Ends########
[2019-05-02 18:00:05,576]INFO:########Scanning Period Starts########
[2019-05-02 18:00:05,576]INFO:--------Reading Emails--------
[2019-05-02 18:00:06,581]INFO:Successfully fetched 0 emails
[2019-05-02 18:00:06,585]INFO:0 appointment(s) scraped from 0 email(s) in this period
[2019-05-02 18:00:06,586]INFO:--------Creating Events--------
[2019-05-02 18:00:06,586]INFO:No events to create in this period
[2019-05-02 18:00:06,587]INFO:########Scanning Period Ends########
[2019-05-02 18:10:04,976]INFO:########Scanning Period Starts########
[2019-05-02 18:10:04,976]INFO:--------Reading Emails--------
[2019-05-02 18:10:05,848]INFO:Successfully fetched 0 emails
[2019-05-02 18:10:05,851]INFO:0 appointment(s) scraped from 0 email(s) in this period
[2019-05-02 18:10:05,852]INFO:--------Creating Events--------
[2019-05-02 18:10:05,853]INFO:No events to create in this period
[2019-05-02 18:10:05,853]INFO:########Scanning Period Ends########
[2019-05-02 18:20:05,232]INFO:########Scanning Period Starts########
[2019-05-02 18:20:05,233]INFO:--------Reading Emails--------
[2019-05-02 18:20:06,224]INFO:Successfully fetched 0 emails
[2019-05-02 18:20:06,227]INFO:0 appointment(s) scraped from 0 email(s) in this period
[2019-05-02 18:20:06,228]INFO:--------Creating Events--------
[2019-05-02 18:20:06,228]INFO:No events to create in this period
[2019-05-02 18:20:06,229]INFO:########Scanning Period Ends########
[2019-05-02 18:30:05,500]INFO:########Scanning Period Starts########
[2019-05-02 18:30:05,500]INFO:--------Reading Emails--------
[2019-05-02 18:30:06,545]INFO:Successfully fetched 0 emails
[2019-05-02 18:30:06,548]INFO:0 appointment(s) scraped from 0 email(s) in this period
[2019-05-02 18:30:06,549]INFO:--------Creating Events--------
[2019-05-02 18:30:06,550]INFO:No events to create in this period
[2019-05-02 18:30:06,550]INFO:########Scanning Period Ends########
[2019-05-02 18:40:04,878]INFO:########Scanning Period Starts########
[2019-05-02 18:40:04,879]INFO:--------Reading Emails--------
[2019-05-02 18:40:06,047]INFO:Successfully fetched 0 emails
[2019-05-02 18:40:06,050]INFO:0 appointment(s) scraped from 0 email(s) in this period
[2019-05-02 18:40:06,051]INFO:--------Creating Events--------
[2019-05-02 18:40:06,052]INFO:No events to create in this period
[2019-05-02 18:40:06,052]INFO:########Scanning Period Ends########
[2019-05-02 18:50:05,396]INFO:########Scanning Period Starts########
[2019-05-02 18:50:05,396]INFO:--------Reading Emails--------
[2019-05-02 18:50:06,632]INFO:Successfully fetched 0 emails
[2019-05-02 18:50:06,636]INFO:0 appointment(s) scraped from 0 email(s) in this period
[2019-05-02 18:50:06,636]INFO:--------Creating Events--------
[2019-05-02 18:50:06,637]INFO:No events to create in this period
[2019-05-02 18:50:06,638]INFO:########Scanning Period Ends########
[2019-05-02 19:00:04,968]INFO:########Scanning Period Starts########
[2019-05-02 19:00:04,969]INFO:--------Reading Emails--------
[2019-05-02 19:00:06,026]INFO:Successfully fetched 0 emails
[2019-05-02 19:00:06,029]INFO:0 appointment(s) scraped from 0 email(s) in this period
[2019-05-02 19:00:06,030]INFO:--------Creating Events--------
[2019-05-02 19:00:06,031]INFO:No events to create in this period
[2019-05-02 19:00:06,031]INFO:########Scanning Period Ends########
[2019-05-02 19:10:05,366]INFO:########Scanning Period Starts########
[2019-05-02 19:10:05,366]INFO:--------Reading Emails--------
[2019-05-02 19:10:06,470]INFO:Successfully fetched 0 emails
[2019-05-02 19:10:06,474]INFO:0 appointment(s) scraped from 0 email(s) in this period
[2019-05-02 19:10:06,475]INFO:--------Creating Events--------
[2019-05-02 19:10:06,476]INFO:No events to create in this period
[2019-05-02 19:10:06,476]INFO:########Scanning Period Ends########
[2019-05-02 19:20:04,932]INFO:########Scanning Period Starts########
[2019-05-02 19:20:04,933]INFO:--------Reading Emails--------
[2019-05-02 19:20:06,006]INFO:Successfully fetched 0 emails
[2019-05-02 19:20:06,009]INFO:0 appointment(s) scraped from 0 email(s) in this period
[2019-05-02 19:20:06,010]INFO:--------Creating Events--------
[2019-05-02 19:20:06,011]INFO:No events to create in this period
[2019-05-02 19:20:06,011]INFO:########Scanning Period Ends########
[2019-05-02 19:30:05,350]INFO:########Scanning Period Starts########
[2019-05-02 19:30:05,351]INFO:--------Reading Emails--------
[2019-05-02 19:30:06,553]INFO:Successfully fetched 0 emails
[2019-05-02 19:30:06,556]INFO:0 appointment(s) scraped from 0 email(s) in this period
[2019-05-02 19:30:06,561]INFO:--------Creating Events--------
[2019-05-02 19:30:06,562]INFO:No events to create in this period
[2019-05-02 19:30:06,562]INFO:########Scanning Period Ends########
[2019-05-02 19:40:04,864]INFO:########Scanning Period Starts########
[2019-05-02 19:40:04,865]INFO:--------Reading Emails--------
[2019-05-02 19:40:06,333]INFO:Successfully fetched 0 emails
[2019-05-02 19:40:06,337]INFO:0 appointment(s) scraped from 0 email(s) in this period
[2019-05-02 19:40:06,341]INFO:--------Creating Events--------
[2019-05-02 19:40:06,342]INFO:No events to create in this period
[2019-05-02 19:40:06,343]INFO:########Scanning Period Ends########
[2019-05-02 19:50:05,648]INFO:########Scanning Period Starts########
[2019-05-02 19:50:05,658]INFO:--------Reading Emails--------
[2019-05-02 19:50:06,714]INFO:Successfully fetched 0 emails
[2019-05-02 19:50:06,717]INFO:0 appointment(s) scraped from 0 email(s) in this period
[2019-05-02 19:50:06,718]INFO:--------Creating Events--------
[2019-05-02 19:50:06,719]INFO:No events to create in this period
[2019-05-02 19:50:06,719]INFO:########Scanning Period Ends########
[2019-05-02 20:00:04,986]INFO:########Scanning Period Starts########
[2019-05-02 20:00:04,987]INFO:--------Reading Emails--------
[2019-05-02 20:00:06,322]INFO:Successfully fetched 0 emails
[2019-05-02 20:00:06,326]INFO:0 appointment(s) scraped from 0 email(s) in this period
[2019-05-02 20:00:06,335]INFO:--------Creating Events--------
[2019-05-02 20:00:06,336]INFO:No events to create in this period
[2019-05-02 20:00:06,336]INFO:########Scanning Period Ends########
[2019-05-02 20:10:05,614]INFO:########Scanning Period Starts########
[2019-05-02 20:10:05,614]INFO:--------Reading Emails--------
[2019-05-02 20:10:06,999]INFO:Successfully fetched 0 emails
[2019-05-02 20:10:07,003]INFO:0 appointment(s) scraped from 0 email(s) in this period
[2019-05-02 20:10:07,003]INFO:--------Creating Events--------
[2019-05-02 20:10:07,004]INFO:No events to create in this period
[2019-05-02 20:10:07,005]INFO:########Scanning Period Ends########
[2019-05-02 20:20:05,393]INFO:########Scanning Period Starts########
[2019-05-02 20:20:05,394]INFO:--------Reading Emails--------
[2019-05-02 20:20:06,683]INFO:Successfully fetched 0 emails
[2019-05-02 20:20:06,697]INFO:0 appointment(s) scraped from 0 email(s) in this period
[2019-05-02 20:20:06,698]INFO:--------Creating Events--------
[2019-05-02 20:20:06,698]INFO:No events to create in this period
[2019-05-02 20:20:06,699]INFO:########Scanning Period Ends########
[2019-05-02 20:30:05,030]INFO:########Scanning Period Starts########
[2019-05-02 20:30:05,030]INFO:--------Reading Emails--------
[2019-05-02 20:30:06,244]INFO:Successfully fetched 0 emails
[2019-05-02 20:30:06,247]INFO:0 appointment(s) scraped from 0 email(s) in this period
[2019-05-02 20:30:06,257]INFO:--------Creating Events--------
[2019-05-02 20:30:06,258]INFO:No events to create in this period
[2019-05-02 20:30:06,258]INFO:########Scanning Period Ends########
[2019-05-02 20:40:05,569]INFO:########Scanning Period Starts########
[2019-05-02 20:40:05,570]INFO:--------Reading Emails--------
[2019-05-02 20:40:06,635]INFO:Successfully fetched 0 emails
[2019-05-02 20:40:06,638]INFO:0 appointment(s) scraped from 0 email(s) in this period
[2019-05-02 20:40:06,639]INFO:--------Creating Events--------
[2019-05-02 20:40:06,640]INFO:No events to create in this period
[2019-05-02 20:40:06,640]INFO:########Scanning Period Ends########
[2019-05-02 20:50:05,062]INFO:########Scanning Period Starts########
[2019-05-02 20:50:05,062]INFO:--------Reading Emails--------
[2019-05-02 20:50:06,214]INFO:Successfully fetched 0 emails
[2019-05-02 20:50:06,227]INFO:0 appointment(s) scraped from 0 email(s) in this period
[2019-05-02 20:50:06,228]INFO:--------Creating Events--------
[2019-05-02 20:50:06,229]INFO:No events to create in this period
[2019-05-02 20:50:06,229]INFO:########Scanning Period Ends########
[2019-05-02 21:00:05,526]INFO:########Scanning Period Starts########
[2019-05-02 21:00:05,527]INFO:--------Reading Emails--------
[2019-05-02 21:00:07,168]INFO:Successfully fetched 0 emails
[2019-05-02 21:00:07,172]INFO:0 appointment(s) scraped from 0 email(s) in this period
[2019-05-02 21:00:07,181]INFO:--------Creating Events--------
[2019-05-02 21:00:07,182]INFO:No events to create in this period
[2019-05-02 21:00:07,183]INFO:########Scanning Period Ends########
[2019-05-02 21:10:05,561]INFO:########Scanning Period Starts########
[2019-05-02 21:10:05,562]INFO:--------Reading Emails--------
[2019-05-02 21:10:06,729]INFO:Successfully fetched 0 emails
[2019-05-02 21:10:06,742]INFO:0 appointment(s) scraped from 0 email(s) in this period
[2019-05-02 21:10:06,744]INFO:--------Creating Events--------
[2019-05-02 21:10:06,744]INFO:No events to create in this period
[2019-05-02 21:10:06,745]INFO:########Scanning Period Ends########
[2019-05-02 21:20:05,187]INFO:########Scanning Period Starts########
[2019-05-02 21:20:05,188]INFO:--------Reading Emails--------
[2019-05-02 21:20:06,198]INFO:Successfully fetched 0 emails
[2019-05-02 21:20:06,201]INFO:0 appointment(s) scraped from 0 email(s) in this period
[2019-05-02 21:20:06,202]INFO:--------Creating Events--------
[2019-05-02 21:20:06,203]INFO:No events to create in this period
[2019-05-02 21:20:06,204]INFO:########Scanning Period Ends########
[2019-05-02 21:30:05,556]INFO:########Scanning Period Starts########
[2019-05-02 21:30:05,556]INFO:--------Reading Emails--------
[2019-05-02 21:30:06,943]INFO:Successfully fetched 0 emails
[2019-05-02 21:30:06,956]INFO:0 appointment(s) scraped from 0 email(s) in this period
[2019-05-02 21:30:06,958]INFO:--------Creating Events--------
[2019-05-02 21:30:06,958]INFO:No events to create in this period
[2019-05-02 21:30:06,959]INFO:########Scanning Period Ends########
[2019-05-02 21:40:05,259]INFO:########Scanning Period Starts########
[2019-05-02 21:40:05,259]INFO:--------Reading Emails--------
[2019-05-02 21:40:06,400]INFO:Successfully fetched 0 emails
[2019-05-02 21:40:06,403]INFO:0 appointment(s) scraped from 0 email(s) in this period
[2019-05-02 21:40:06,404]INFO:--------Creating Events--------
[2019-05-02 21:40:06,405]INFO:No events to create in this period
[2019-05-02 21:40:06,405]INFO:########Scanning Period Ends########
[2019-05-02 21:50:05,741]INFO:########Scanning Period Starts########
[2019-05-02 21:50:05,742]INFO:--------Reading Emails--------
[2019-05-02 21:50:06,997]INFO:Successfully fetched 0 emails
[2019-05-02 21:50:07,000]INFO:0 appointment(s) scraped from 0 email(s) in this period
[2019-05-02 21:50:07,005]INFO:--------Creating Events--------
[2019-05-02 21:50:07,006]INFO:No events to create in this period
[2019-05-02 21:50:07,007]INFO:########Scanning Period Ends########
[2019-05-02 22:00:05,392]INFO:########Scanning Period Starts########
[2019-05-02 22:00:05,393]INFO:--------Reading Emails--------
[2019-05-02 22:00:06,578]INFO:Successfully fetched 0 emails
[2019-05-02 22:00:06,581]INFO:0 appointment(s) scraped from 0 email(s) in this period
[2019-05-02 22:00:06,591]INFO:--------Creating Events--------
[2019-05-02 22:00:06,592]INFO:No events to create in this period
[2019-05-02 22:00:06,593]INFO:########Scanning Period Ends########
[2019-05-02 22:10:04,892]INFO:########Scanning Period Starts########
[2019-05-02 22:10:04,892]INFO:--------Reading Emails--------
[2019-05-02 22:10:06,260]INFO:Successfully fetched 0 emails
[2019-05-02 22:10:06,264]INFO:0 appointment(s) scraped from 0 email(s) in this period
[2019-05-02 22:10:06,269]INFO:--------Creating Events--------
[2019-05-02 22:10:06,270]INFO:No events to create in this period
[2019-05-02 22:10:06,270]INFO:########Scanning Period Ends########
[2019-05-02 22:20:05,751]INFO:########Scanning Period Starts########
[2019-05-02 22:20:05,751]INFO:--------Reading Emails--------
[2019-05-02 22:20:06,985]INFO:Successfully fetched 0 emails
[2019-05-02 22:20:06,994]INFO:0 appointment(s) scraped from 0 email(s) in this period
[2019-05-02 22:20:06,995]INFO:--------Creating Events--------
[2019-05-02 22:20:06,996]INFO:No events to create in this period
[2019-05-02 22:20:06,997]INFO:########Scanning Period Ends########
[2019-05-02 22:30:05,295]INFO:########Scanning Period Starts########
[2019-05-02 22:30:05,296]INFO:--------Reading Emails--------
[2019-05-02 22:30:06,693]INFO:Successfully fetched 0 emails
[2019-05-02 22:30:06,696]INFO:0 appointment(s) scraped from 0 email(s) in this period
[2019-05-02 22:30:06,706]INFO:--------Creating Events--------
[2019-05-02 22:30:06,707]INFO:No events to create in this period
[2019-05-02 22:30:06,708]INFO:########Scanning Period Ends########
[2019-05-02 22:40:05,086]INFO:########Scanning Period Starts########
[2019-05-02 22:40:05,087]INFO:--------Reading Emails--------
[2019-05-02 22:40:06,237]INFO:Successfully fetched 0 emails
[2019-05-02 22:40:06,241]INFO:0 appointment(s) scraped from 0 email(s) in this period
[2019-05-02 22:40:06,246]INFO:--------Creating Events--------
[2019-05-02 22:40:06,247]INFO:No events to create in this period
[2019-05-02 22:40:06,247]INFO:########Scanning Period Ends########
[2019-05-02 22:50:05,617]INFO:########Scanning Period Starts########
[2019-05-02 22:50:05,618]INFO:--------Reading Emails--------
[2019-05-02 22:50:06,845]INFO:Successfully fetched 0 emails
[2019-05-02 22:50:06,854]INFO:0 appointment(s) scraped from 0 email(s) in this period
[2019-05-02 22:50:06,855]INFO:--------Creating Events--------
[2019-05-02 22:50:06,856]INFO:No events to create in this period
[2019-05-02 22:50:06,856]INFO:########Scanning Period Ends########
[2019-05-02 23:00:05,133]INFO:########Scanning Period Starts########
[2019-05-02 23:00:05,134]INFO:--------Reading Emails--------
[2019-05-02 23:00:06,347]INFO:Successfully fetched 0 emails
[2019-05-02 23:00:06,350]INFO:0 appointment(s) scraped from 0 email(s) in this period
[2019-05-02 23:00:06,351]INFO:--------Creating Events--------
[2019-05-02 23:00:06,352]INFO:No events to create in this period
[2019-05-02 23:00:06,352]INFO:########Scanning Period Ends########
[2019-05-02 23:10:05,643]INFO:########Scanning Period Starts########
[2019-05-02 23:10:05,644]INFO:--------Reading Emails--------
[2019-05-02 23:10:07,144]INFO:Successfully fetched 0 emails
[2019-05-02 23:10:07,148]INFO:0 appointment(s) scraped from 0 email(s) in this period
[2019-05-02 23:10:07,153]INFO:--------Creating Events--------
[2019-05-02 23:10:07,153]INFO:No events to create in this period
[2019-05-02 23:10:07,154]INFO:########Scanning Period Ends########
[2019-05-02 23:20:05,502]INFO:########Scanning Period Starts########
[2019-05-02 23:20:05,503]INFO:--------Reading Emails--------
[2019-05-02 23:20:06,727]INFO:Successfully fetched 0 emails
[2019-05-02 23:20:06,731]INFO:0 appointment(s) scraped from 0 email(s) in this period
[2019-05-02 23:20:06,731]INFO:--------Creating Events--------
[2019-05-02 23:20:06,732]INFO:No events to create in this period
[2019-05-02 23:20:06,733]INFO:########Scanning Period Ends########
[2019-05-02 23:30:05,014]INFO:########Scanning Period Starts########
[2019-05-02 23:30:05,014]INFO:--------Reading Emails--------
[2019-05-02 23:30:05,967]INFO:Successfully fetched 0 emails
[2019-05-02 23:30:05,970]INFO:0 appointment(s) scraped from 0 email(s) in this period
[2019-05-02 23:30:05,971]INFO:--------Creating Events--------
[2019-05-02 23:30:05,971]INFO:No events to create in this period
[2019-05-02 23:30:05,972]INFO:########Scanning Period Ends########
[2019-05-02 23:40:05,253]INFO:########Scanning Period Starts########
[2019-05-02 23:40:05,254]INFO:--------Reading Emails--------
[2019-05-02 23:40:06,250]INFO:Successfully fetched 0 emails
[2019-05-02 23:40:06,254]INFO:0 appointment(s) scraped from 0 email(s) in this period
[2019-05-02 23:40:06,255]INFO:--------Creating Events--------
[2019-05-02 23:40:06,255]INFO:No events to create in this period
[2019-05-02 23:40:06,256]INFO:########Scanning Period Ends########
[2019-05-02 23:50:05,577]INFO:########Scanning Period Starts########
[2019-05-02 23:50:05,578]INFO:--------Reading Emails--------
[2019-05-02 23:50:06,964]INFO:Successfully fetched 0 emails
[2019-05-02 23:50:06,967]INFO:0 appointment(s) scraped from 0 email(s) in this period
[2019-05-02 23:50:06,977]INFO:--------Creating Events--------
[2019-05-02 23:50:06,978]INFO:No events to create in this period
[2019-05-02 23:50:06,978]INFO:########Scanning Period Ends########
