[2019-05-03 00:00:05,281]INFO:########Scanning Period Starts########
[2019-05-03 00:00:05,281]INFO:--------Reading Emails--------
[2019-05-03 00:00:06,426]INFO:Successfully fetched 0 emails
[2019-05-03 00:00:06,430]INFO:0 appointment(s) scraped from 0 email(s) in this period
[2019-05-03 00:00:06,430]INFO:--------Creating Events--------
[2019-05-03 00:00:06,431]INFO:No events to create in this period
[2019-05-03 00:00:06,432]INFO:########Scanning Period Ends########
[2019-05-03 00:10:05,732]INFO:########Scanning Period Starts########
[2019-05-03 00:10:05,733]INFO:--------Reading Emails--------
[2019-05-03 00:10:06,738]INFO:Successfully fetched 0 emails
[2019-05-03 00:10:06,742]INFO:0 appointment(s) scraped from 0 email(s) in this period
[2019-05-03 00:10:06,742]INFO:--------Creating Events--------
[2019-05-03 00:10:06,743]INFO:No events to create in this period
[2019-05-03 00:10:06,744]INFO:########Scanning Period Ends########
[2019-05-03 00:20:05,133]INFO:########Scanning Period Starts########
[2019-05-03 00:20:05,134]INFO:--------Reading Emails--------
[2019-05-03 00:20:06,348]INFO:Successfully fetched 0 emails
[2019-05-03 00:20:06,351]INFO:0 appointment(s) scraped from 0 email(s) in this period
[2019-05-03 00:20:06,356]INFO:--------Creating Events--------
[2019-05-03 00:20:06,357]INFO:No events to create in this period
[2019-05-03 00:20:06,357]INFO:########Scanning Period Ends########
[2019-05-03 00:30:05,742]INFO:########Scanning Period Starts########
[2019-05-03 00:30:05,743]INFO:--------Reading Emails--------
[2019-05-03 00:30:06,957]INFO:Successfully fetched 0 emails
[2019-05-03 00:30:06,960]INFO:0 appointment(s) scraped from 0 email(s) in this period
[2019-05-03 00:30:06,970]INFO:--------Creating Events--------
[2019-05-03 00:30:06,970]INFO:No events to create in this period
[2019-05-03 00:30:06,971]INFO:########Scanning Period Ends########
[2019-05-03 00:40:05,276]INFO:########Scanning Period Starts########
[2019-05-03 00:40:05,277]INFO:--------Reading Emails--------
[2019-05-03 00:40:06,385]INFO:Successfully fetched 0 emails
[2019-05-03 00:40:06,388]INFO:0 appointment(s) scraped from 0 email(s) in this period
[2019-05-03 00:40:06,389]INFO:--------Creating Events--------
[2019-05-03 00:40:06,390]INFO:No events to create in this period
[2019-05-03 00:40:06,390]INFO:########Scanning Period Ends########
[2019-05-03 00:50:05,706]INFO:########Scanning Period Starts########
[2019-05-03 00:50:05,707]INFO:--------Reading Emails--------
[2019-05-03 00:50:06,798]INFO:Successfully fetched 0 emails
[2019-05-03 00:50:06,802]INFO:0 appointment(s) scraped from 0 email(s) in this period
[2019-05-03 00:50:06,802]INFO:--------Creating Events--------
[2019-05-03 00:50:06,803]INFO:No events to create in this period
[2019-05-03 00:50:06,804]INFO:########Scanning Period Ends########
[2019-05-03 01:00:05,111]INFO:########Scanning Period Starts########
[2019-05-03 01:00:05,111]INFO:--------Reading Emails--------
[2019-05-03 01:00:06,319]INFO:Successfully fetched 0 emails
[2019-05-03 01:00:06,322]INFO:0 appointment(s) scraped from 0 email(s) in this period
[2019-05-03 01:00:06,327]INFO:--------Creating Events--------
[2019-05-03 01:00:06,328]INFO:No events to create in this period
[2019-05-03 01:00:06,329]INFO:########Scanning Period Ends########
[2019-05-03 01:10:05,632]INFO:########Scanning Period Starts########
[2019-05-03 01:10:05,633]INFO:--------Reading Emails--------
[2019-05-03 01:10:06,678]INFO:Successfully fetched 0 emails
[2019-05-03 01:10:06,682]INFO:0 appointment(s) scraped from 0 email(s) in this period
[2019-05-03 01:10:06,682]INFO:--------Creating Events--------
[2019-05-03 01:10:06,683]INFO:No events to create in this period
[2019-05-03 01:10:06,684]INFO:########Scanning Period Ends########
[2019-05-03 01:20:05,037]INFO:########Scanning Period Starts########
[2019-05-03 01:20:05,037]INFO:--------Reading Emails--------
[2019-05-03 01:20:06,094]INFO:Successfully fetched 0 emails
[2019-05-03 01:20:06,098]INFO:0 appointment(s) scraped from 0 email(s) in this period
[2019-05-03 01:20:06,098]INFO:--------Creating Events--------
[2019-05-03 01:20:06,099]INFO:No events to create in this period
[2019-05-03 01:20:06,100]INFO:########Scanning Period Ends########
[2019-05-03 01:30:05,391]INFO:########Scanning Period Starts########
[2019-05-03 01:30:05,391]INFO:--------Reading Emails--------
[2019-05-03 01:30:07,009]INFO:Successfully fetched 0 emails
[2019-05-03 01:30:07,012]INFO:0 appointment(s) scraped from 0 email(s) in this period
[2019-05-03 01:30:07,017]INFO:--------Creating Events--------
[2019-05-03 01:30:07,018]INFO:No events to create in this period
[2019-05-03 01:30:07,019]INFO:########Scanning Period Ends########
[2019-05-03 01:40:05,297]INFO:########Scanning Period Starts########
[2019-05-03 01:40:05,298]INFO:--------Reading Emails--------
[2019-05-03 01:40:06,504]INFO:Successfully fetched 0 emails
[2019-05-03 01:40:06,508]INFO:0 appointment(s) scraped from 0 email(s) in this period
[2019-05-03 01:40:06,508]INFO:--------Creating Events--------
[2019-05-03 01:40:06,509]INFO:No events to create in this period
[2019-05-03 01:40:06,510]INFO:########Scanning Period Ends########
[2019-05-03 01:50:04,854]INFO:########Scanning Period Starts########
[2019-05-03 01:50:04,854]INFO:--------Reading Emails--------
[2019-05-03 01:50:05,790]INFO:Successfully fetched 0 emails
[2019-05-03 01:50:05,794]INFO:0 appointment(s) scraped from 0 email(s) in this period
[2019-05-03 01:50:05,794]INFO:--------Creating Events--------
[2019-05-03 01:50:05,795]INFO:No events to create in this period
[2019-05-03 01:50:05,796]INFO:########Scanning Period Ends########
[2019-05-03 02:00:05,088]INFO:########Scanning Period Starts########
[2019-05-03 02:00:05,089]INFO:--------Reading Emails--------
[2019-05-03 02:00:06,261]INFO:Successfully fetched 0 emails
[2019-05-03 02:00:06,264]INFO:0 appointment(s) scraped from 0 email(s) in this period
[2019-05-03 02:00:06,265]INFO:--------Creating Events--------
[2019-05-03 02:00:06,265]INFO:No events to create in this period
[2019-05-03 02:00:06,266]INFO:########Scanning Period Ends########
[2019-05-03 02:10:05,549]INFO:########Scanning Period Starts########
[2019-05-03 02:10:05,550]INFO:--------Reading Emails--------
[2019-05-03 02:10:06,888]INFO:Successfully fetched 0 emails
[2019-05-03 02:10:06,891]INFO:0 appointment(s) scraped from 0 email(s) in this period
[2019-05-03 02:10:06,896]INFO:--------Creating Events--------
[2019-05-03 02:10:06,897]INFO:No events to create in this period
[2019-05-03 02:10:06,898]INFO:########Scanning Period Ends########
[2019-05-03 02:20:05,285]INFO:########Scanning Period Starts########
[2019-05-03 02:20:05,285]INFO:--------Reading Emails--------
[2019-05-03 02:20:06,451]INFO:Successfully fetched 0 emails
[2019-05-03 02:20:06,455]INFO:0 appointment(s) scraped from 0 email(s) in this period
[2019-05-03 02:20:06,455]INFO:--------Creating Events--------
[2019-05-03 02:20:06,456]INFO:No events to create in this period
[2019-05-03 02:20:06,456]INFO:########Scanning Period Ends########
[2019-05-03 02:30:05,769]INFO:########Scanning Period Starts########
[2019-05-03 02:30:05,770]INFO:--------Reading Emails--------
[2019-05-03 02:30:07,087]INFO:Successfully fetched 0 emails
[2019-05-03 02:30:07,099]INFO:0 appointment(s) scraped from 0 email(s) in this period
[2019-05-03 02:30:07,100]INFO:--------Creating Events--------
[2019-05-03 02:30:07,101]INFO:No events to create in this period
[2019-05-03 02:30:07,101]INFO:########Scanning Period Ends########
[2019-05-03 02:40:05,415]INFO:########Scanning Period Starts########
[2019-05-03 02:40:05,416]INFO:--------Reading Emails--------
[2019-05-03 02:40:06,572]INFO:Successfully fetched 0 emails
[2019-05-03 02:40:06,575]INFO:0 appointment(s) scraped from 0 email(s) in this period
[2019-05-03 02:40:06,576]INFO:--------Creating Events--------
[2019-05-03 02:40:06,576]INFO:No events to create in this period
[2019-05-03 02:40:06,577]INFO:########Scanning Period Ends########
[2019-05-03 02:50:04,867]INFO:########Scanning Period Starts########
[2019-05-03 02:50:04,868]INFO:--------Reading Emails--------
[2019-05-03 02:50:06,097]INFO:Successfully fetched 0 emails
[2019-05-03 02:50:06,100]INFO:0 appointment(s) scraped from 0 email(s) in this period
[2019-05-03 02:50:06,105]INFO:--------Creating Events--------
[2019-05-03 02:50:06,106]INFO:No events to create in this period
[2019-05-03 02:50:06,107]INFO:########Scanning Period Ends########
[2019-05-03 03:00:05,386]INFO:########Scanning Period Starts########
[2019-05-03 03:00:05,386]INFO:--------Reading Emails--------
[2019-05-03 03:00:06,775]INFO:Successfully fetched 0 emails
[2019-05-03 03:00:06,784]INFO:0 appointment(s) scraped from 0 email(s) in this period
[2019-05-03 03:00:06,785]INFO:--------Creating Events--------
[2019-05-03 03:00:06,786]INFO:No events to create in this period
[2019-05-03 03:00:06,786]INFO:########Scanning Period Ends########
[2019-05-03 03:10:05,077]INFO:########Scanning Period Starts########
[2019-05-03 03:10:05,078]INFO:--------Reading Emails--------
[2019-05-03 03:10:06,147]INFO:Successfully fetched 0 emails
[2019-05-03 03:10:06,150]INFO:0 appointment(s) scraped from 0 email(s) in this period
[2019-05-03 03:10:06,151]INFO:--------Creating Events--------
[2019-05-03 03:10:06,151]INFO:No events to create in this period
[2019-05-03 03:10:06,152]INFO:########Scanning Period Ends########
[2019-05-03 03:20:05,488]INFO:########Scanning Period Starts########
[2019-05-03 03:20:05,489]INFO:--------Reading Emails--------
[2019-05-03 03:20:06,673]INFO:Successfully fetched 0 emails
[2019-05-03 03:20:06,676]INFO:0 appointment(s) scraped from 0 email(s) in this period
[2019-05-03 03:20:06,677]INFO:--------Creating Events--------
[2019-05-03 03:20:06,677]INFO:No events to create in this period
[2019-05-03 03:20:06,678]INFO:########Scanning Period Ends########
[2019-05-03 03:30:05,066]INFO:########Scanning Period Starts########
[2019-05-03 03:30:05,067]INFO:--------Reading Emails--------
[2019-05-03 03:30:08,268]INFO:Successfully fetched 0 emails
[2019-05-03 03:30:08,271]INFO:0 appointment(s) scraped from 0 email(s) in this period
[2019-05-03 03:30:08,272]INFO:--------Creating Events--------
[2019-05-03 03:30:08,273]INFO:No events to create in this period
[2019-05-03 03:30:08,274]INFO:########Scanning Period Ends########
[2019-05-03 03:40:05,533]INFO:########Scanning Period Starts########
[2019-05-03 03:40:05,533]INFO:--------Reading Emails--------
[2019-05-03 03:40:06,496]INFO:Successfully fetched 0 emails
[2019-05-03 03:40:06,499]INFO:0 appointment(s) scraped from 0 email(s) in this period
[2019-05-03 03:40:06,500]INFO:--------Creating Events--------
[2019-05-03 03:40:06,501]INFO:No events to create in this period
[2019-05-03 03:40:06,501]INFO:########Scanning Period Ends########
[2019-05-03 03:50:04,818]INFO:########Scanning Period Starts########
[2019-05-03 03:50:04,819]INFO:--------Reading Emails--------
[2019-05-03 03:50:05,977]INFO:Successfully fetched 0 emails
[2019-05-03 03:50:05,980]INFO:0 appointment(s) scraped from 0 email(s) in this period
[2019-05-03 03:50:05,981]INFO:--------Creating Events--------
[2019-05-03 03:50:05,982]INFO:No events to create in this period
[2019-05-03 03:50:05,982]INFO:########Scanning Period Ends########
[2019-05-03 04:00:05,280]INFO:########Scanning Period Starts########
[2019-05-03 04:00:05,280]INFO:--------Reading Emails--------
[2019-05-03 04:00:06,446]INFO:Successfully fetched 0 emails
[2019-05-03 04:00:06,449]INFO:0 appointment(s) scraped from 0 email(s) in this period
[2019-05-03 04:00:06,450]INFO:--------Creating Events--------
[2019-05-03 04:00:06,451]INFO:No events to create in this period
[2019-05-03 04:00:06,451]INFO:########Scanning Period Ends########
[2019-05-03 04:10:05,745]INFO:########Scanning Period Starts########
[2019-05-03 04:10:05,746]INFO:--------Reading Emails--------
[2019-05-03 04:10:07,050]INFO:Successfully fetched 0 emails
[2019-05-03 04:10:07,053]INFO:0 appointment(s) scraped from 0 email(s) in this period
[2019-05-03 04:10:07,058]INFO:--------Creating Events--------
[2019-05-03 04:10:07,059]INFO:No events to create in this period
[2019-05-03 04:10:07,060]INFO:########Scanning Period Ends########
[2019-05-03 04:20:05,462]INFO:########Scanning Period Starts########
[2019-05-03 04:20:05,463]INFO:--------Reading Emails--------
[2019-05-03 04:20:06,435]INFO:Successfully fetched 0 emails
[2019-05-03 04:20:06,438]INFO:0 appointment(s) scraped from 0 email(s) in this period
[2019-05-03 04:20:06,439]INFO:--------Creating Events--------
[2019-05-03 04:20:06,440]INFO:No events to create in this period
[2019-05-03 04:20:06,440]INFO:########Scanning Period Ends########
[2019-05-03 04:30:05,744]INFO:########Scanning Period Starts########
[2019-05-03 04:30:05,744]INFO:--------Reading Emails--------
[2019-05-03 04:30:07,160]INFO:Successfully fetched 0 emails
[2019-05-03 04:30:07,163]INFO:0 appointment(s) scraped from 0 email(s) in this period
[2019-05-03 04:30:07,168]INFO:--------Creating Events--------
[2019-05-03 04:30:07,169]INFO:No events to create in this period
[2019-05-03 04:30:07,170]INFO:########Scanning Period Ends########
[2019-05-03 04:40:05,544]INFO:########Scanning Period Starts########
[2019-05-03 04:40:05,545]INFO:--------Reading Emails--------
[2019-05-03 04:40:06,729]INFO:Successfully fetched 0 emails
[2019-05-03 04:40:06,733]INFO:0 appointment(s) scraped from 0 email(s) in this period
[2019-05-03 04:40:06,738]INFO:--------Creating Events--------
[2019-05-03 04:40:06,738]INFO:No events to create in this period
[2019-05-03 04:40:06,739]INFO:########Scanning Period Ends########
[2019-05-03 04:50:05,050]INFO:########Scanning Period Starts########
[2019-05-03 04:50:05,051]INFO:--------Reading Emails--------
[2019-05-03 04:50:05,977]INFO:Successfully fetched 0 emails
[2019-05-03 04:50:05,980]INFO:0 appointment(s) scraped from 0 email(s) in this period
[2019-05-03 04:50:05,981]INFO:--------Creating Events--------
[2019-05-03 04:50:05,982]INFO:No events to create in this period
[2019-05-03 04:50:05,982]INFO:########Scanning Period Ends########
[2019-05-03 05:00:05,359]INFO:########Scanning Period Starts########
[2019-05-03 05:00:05,360]INFO:--------Reading Emails--------
[2019-05-03 05:00:06,640]INFO:Successfully fetched 0 emails
[2019-05-03 05:00:06,648]INFO:0 appointment(s) scraped from 0 email(s) in this period
[2019-05-03 05:00:06,649]INFO:--------Creating Events--------
[2019-05-03 05:00:06,650]INFO:No events to create in this period
[2019-05-03 05:00:06,651]INFO:########Scanning Period Ends########
[2019-05-03 05:10:04,969]INFO:########Scanning Period Starts########
[2019-05-03 05:10:04,970]INFO:--------Reading Emails--------
[2019-05-03 05:10:06,068]INFO:Successfully fetched 0 emails
[2019-05-03 05:10:06,071]INFO:0 appointment(s) scraped from 0 email(s) in this period
[2019-05-03 05:10:06,072]INFO:--------Creating Events--------
[2019-05-03 05:10:06,072]INFO:No events to create in this period
[2019-05-03 05:10:06,073]INFO:########Scanning Period Ends########
[2019-05-03 05:20:05,478]INFO:########Scanning Period Starts########
[2019-05-03 05:20:05,479]INFO:--------Reading Emails--------
[2019-05-03 05:20:06,745]INFO:Successfully fetched 0 emails
[2019-05-03 05:20:06,748]INFO:0 appointment(s) scraped from 0 email(s) in this period
[2019-05-03 05:20:06,758]INFO:--------Creating Events--------
[2019-05-03 05:20:06,759]INFO:No events to create in this period
[2019-05-03 05:20:06,759]INFO:########Scanning Period Ends########
[2019-05-03 05:30:05,124]INFO:########Scanning Period Starts########
[2019-05-03 05:30:05,125]INFO:--------Reading Emails--------
[2019-05-03 05:30:06,084]INFO:Successfully fetched 0 emails
[2019-05-03 05:30:06,087]INFO:0 appointment(s) scraped from 0 email(s) in this period
[2019-05-03 05:30:06,088]INFO:--------Creating Events--------
[2019-05-03 05:30:06,088]INFO:No events to create in this period
[2019-05-03 05:30:06,089]INFO:########Scanning Period Ends########
[2019-05-03 05:40:05,444]INFO:########Scanning Period Starts########
[2019-05-03 05:40:05,445]INFO:--------Reading Emails--------
[2019-05-03 05:40:06,438]INFO:Successfully fetched 0 emails
[2019-05-03 05:40:06,442]INFO:0 appointment(s) scraped from 0 email(s) in this period
[2019-05-03 05:40:06,443]INFO:--------Creating Events--------
[2019-05-03 05:40:06,443]INFO:No events to create in this period
[2019-05-03 05:40:06,444]INFO:########Scanning Period Ends########
[2019-05-03 05:50:05,799]INFO:########Scanning Period Starts########
[2019-05-03 05:50:05,801]INFO:--------Reading Emails--------
[2019-05-03 05:50:07,009]INFO:Successfully fetched 0 emails
[2019-05-03 05:50:07,013]INFO:0 appointment(s) scraped from 0 email(s) in this period
[2019-05-03 05:50:07,022]INFO:--------Creating Events--------
[2019-05-03 05:50:07,023]INFO:No events to create in this period
[2019-05-03 05:50:07,023]INFO:########Scanning Period Ends########
[2019-05-03 06:00:05,358]INFO:########Scanning Period Starts########
[2019-05-03 06:00:05,358]INFO:--------Reading Emails--------
[2019-05-03 06:00:06,448]INFO:Successfully fetched 0 emails
[2019-05-03 06:00:06,451]INFO:0 appointment(s) scraped from 0 email(s) in this period
[2019-05-03 06:00:06,452]INFO:--------Creating Events--------
[2019-05-03 06:00:06,453]INFO:No events to create in this period
[2019-05-03 06:00:06,453]INFO:########Scanning Period Ends########
[2019-05-03 06:10:05,799]INFO:########Scanning Period Starts########
[2019-05-03 06:10:05,801]INFO:--------Reading Emails--------
[2019-05-03 06:10:06,957]INFO:Successfully fetched 0 emails
[2019-05-03 06:10:06,961]INFO:0 appointment(s) scraped from 0 email(s) in this period
[2019-05-03 06:10:06,961]INFO:--------Creating Events--------
[2019-05-03 06:10:06,962]INFO:No events to create in this period
[2019-05-03 06:10:06,963]INFO:########Scanning Period Ends########
[2019-05-03 06:20:05,372]INFO:########Scanning Period Starts########
[2019-05-03 06:20:05,373]INFO:--------Reading Emails--------
[2019-05-03 06:20:06,812]INFO:Successfully fetched 0 emails
[2019-05-03 06:20:06,815]INFO:0 appointment(s) scraped from 0 email(s) in this period
[2019-05-03 06:20:06,820]INFO:--------Creating Events--------
[2019-05-03 06:20:06,821]INFO:No events to create in this period
[2019-05-03 06:20:06,822]INFO:########Scanning Period Ends########
[2019-05-03 06:30:05,172]INFO:########Scanning Period Starts########
[2019-05-03 06:30:05,173]INFO:--------Reading Emails--------
[2019-05-03 06:30:06,145]INFO:Successfully fetched 0 emails
[2019-05-03 06:30:06,149]INFO:0 appointment(s) scraped from 0 email(s) in this period
[2019-05-03 06:30:06,149]INFO:--------Creating Events--------
[2019-05-03 06:30:06,150]INFO:No events to create in this period
[2019-05-03 06:30:06,151]INFO:########Scanning Period Ends########
[2019-05-03 06:40:05,528]INFO:########Scanning Period Starts########
[2019-05-03 06:40:05,529]INFO:--------Reading Emails--------
[2019-05-03 06:40:06,849]INFO:Successfully fetched 0 emails
[2019-05-03 06:40:06,852]INFO:0 appointment(s) scraped from 0 email(s) in this period
[2019-05-03 06:40:06,857]INFO:--------Creating Events--------
[2019-05-03 06:40:06,858]INFO:No events to create in this period
[2019-05-03 06:40:06,858]INFO:########Scanning Period Ends########
[2019-05-03 06:50:05,174]INFO:########Scanning Period Starts########
[2019-05-03 06:50:05,175]INFO:--------Reading Emails--------
[2019-05-03 06:50:06,118]INFO:Successfully fetched 0 emails
[2019-05-03 06:50:06,121]INFO:0 appointment(s) scraped from 0 email(s) in this period
[2019-05-03 06:50:06,122]INFO:--------Creating Events--------
[2019-05-03 06:50:06,123]INFO:No events to create in this period
[2019-05-03 06:50:06,124]INFO:########Scanning Period Ends########
[2019-05-03 07:00:05,444]INFO:########Scanning Period Starts########
[2019-05-03 07:00:05,445]INFO:--------Reading Emails--------
[2019-05-03 07:00:06,674]INFO:Successfully fetched 0 emails
[2019-05-03 07:00:06,677]INFO:0 appointment(s) scraped from 0 email(s) in this period
[2019-05-03 07:00:06,682]INFO:--------Creating Events--------
[2019-05-03 07:00:06,683]INFO:No events to create in this period
[2019-05-03 07:00:06,683]INFO:########Scanning Period Ends########
[2019-05-03 07:10:04,986]INFO:########Scanning Period Starts########
[2019-05-03 07:10:04,987]INFO:--------Reading Emails--------
[2019-05-03 07:10:06,243]INFO:Successfully fetched 0 emails
[2019-05-03 07:10:06,246]INFO:0 appointment(s) scraped from 0 email(s) in this period
[2019-05-03 07:10:06,256]INFO:--------Creating Events--------
[2019-05-03 07:10:06,257]INFO:No events to create in this period
[2019-05-03 07:10:06,257]INFO:########Scanning Period Ends########
[2019-05-03 07:20:05,600]INFO:########Scanning Period Starts########
[2019-05-03 07:20:05,601]INFO:--------Reading Emails--------
[2019-05-03 07:20:06,759]INFO:Successfully fetched 0 emails
[2019-05-03 07:20:06,762]INFO:0 appointment(s) scraped from 0 email(s) in this period
[2019-05-03 07:20:06,763]INFO:--------Creating Events--------
[2019-05-03 07:20:06,763]INFO:No events to create in this period
[2019-05-03 07:20:06,764]INFO:########Scanning Period Ends########
[2019-05-03 07:30:05,073]INFO:########Scanning Period Starts########
[2019-05-03 07:30:05,074]INFO:--------Reading Emails--------
[2019-05-03 07:30:06,252]INFO:Successfully fetched 0 emails
[2019-05-03 07:30:06,255]INFO:0 appointment(s) scraped from 0 email(s) in this period
[2019-05-03 07:30:06,256]INFO:--------Creating Events--------
[2019-05-03 07:30:06,257]INFO:No events to create in this period
[2019-05-03 07:30:06,257]INFO:########Scanning Period Ends########
[2019-05-03 07:40:05,595]INFO:########Scanning Period Starts########
[2019-05-03 07:40:05,595]INFO:--------Reading Emails--------
[2019-05-03 07:40:06,680]INFO:Successfully fetched 0 emails
[2019-05-03 07:40:06,684]INFO:0 appointment(s) scraped from 0 email(s) in this period
[2019-05-03 07:40:06,685]INFO:--------Creating Events--------
[2019-05-03 07:40:06,685]INFO:No events to create in this period
[2019-05-03 07:40:06,686]INFO:########Scanning Period Ends########
[2019-05-03 07:50:04,973]INFO:########Scanning Period Starts########
[2019-05-03 07:50:04,974]INFO:--------Reading Emails--------
[2019-05-03 07:50:06,364]INFO:Successfully fetched 0 emails
[2019-05-03 07:50:06,372]INFO:0 appointment(s) scraped from 0 email(s) in this period
[2019-05-03 07:50:06,374]INFO:--------Creating Events--------
[2019-05-03 07:50:06,374]INFO:No events to create in this period
[2019-05-03 07:50:06,375]INFO:########Scanning Period Ends########
[2019-05-03 08:00:05,662]INFO:########Scanning Period Starts########
[2019-05-03 08:00:05,662]INFO:--------Reading Emails--------
[2019-05-03 08:00:07,013]INFO:Successfully fetched 0 emails
[2019-05-03 08:00:07,016]INFO:0 appointment(s) scraped from 0 email(s) in this period
[2019-05-03 08:00:07,021]INFO:--------Creating Events--------
[2019-05-03 08:00:07,022]INFO:No events to create in this period
[2019-05-03 08:00:07,023]INFO:########Scanning Period Ends########
[2019-05-03 08:10:05,313]INFO:########Scanning Period Starts########
[2019-05-03 08:10:05,314]INFO:--------Reading Emails--------
[2019-05-03 08:10:06,488]INFO:Successfully fetched 0 emails
[2019-05-03 08:10:06,491]INFO:0 appointment(s) scraped from 0 email(s) in this period
[2019-05-03 08:10:06,492]INFO:--------Creating Events--------
[2019-05-03 08:10:06,493]INFO:No events to create in this period
[2019-05-03 08:10:06,494]INFO:########Scanning Period Ends########
[2019-05-03 08:20:04,889]INFO:########Scanning Period Starts########
[2019-05-03 08:20:04,889]INFO:--------Reading Emails--------
[2019-05-03 08:20:06,125]INFO:Successfully fetched 0 emails
[2019-05-03 08:20:06,129]INFO:0 appointment(s) scraped from 0 email(s) in this period
[2019-05-03 08:20:06,134]INFO:--------Creating Events--------
[2019-05-03 08:20:06,134]INFO:No events to create in this period
[2019-05-03 08:20:06,135]INFO:########Scanning Period Ends########
[2019-05-03 08:30:05,400]INFO:########Scanning Period Starts########
[2019-05-03 08:30:05,401]INFO:--------Reading Emails--------
[2019-05-03 08:30:06,756]INFO:Successfully fetched 0 emails
[2019-05-03 08:30:06,759]INFO:0 appointment(s) scraped from 0 email(s) in this period
[2019-05-03 08:30:06,765]INFO:--------Creating Events--------
[2019-05-03 08:30:06,765]INFO:No events to create in this period
[2019-05-03 08:30:06,766]INFO:########Scanning Period Ends########
[2019-05-03 08:40:05,117]INFO:########Scanning Period Starts########
[2019-05-03 08:40:05,118]INFO:--------Reading Emails--------
[2019-05-03 08:40:07,638]INFO:Successfully fetched 0 emails
[2019-05-03 08:40:07,641]INFO:0 appointment(s) scraped from 0 email(s) in this period
[2019-05-03 08:40:07,642]INFO:--------Creating Events--------
[2019-05-03 08:40:07,643]INFO:No events to create in this period
[2019-05-03 08:40:07,643]INFO:########Scanning Period Ends########
[2019-05-03 08:50:04,966]INFO:########Scanning Period Starts########
[2019-05-03 08:50:04,967]INFO:--------Reading Emails--------
[2019-05-03 08:50:06,133]INFO:Successfully fetched 0 emails
[2019-05-03 08:50:06,137]INFO:0 appointment(s) scraped from 0 email(s) in this period
[2019-05-03 08:50:06,138]INFO:--------Creating Events--------
[2019-05-03 08:50:06,138]INFO:No events to create in this period
[2019-05-03 08:50:06,139]INFO:########Scanning Period Ends########
[2019-05-03 09:00:05,469]INFO:########Scanning Period Starts########
[2019-05-03 09:00:05,469]INFO:--------Reading Emails--------
[2019-05-03 09:00:06,444]INFO:Successfully fetched 0 emails
[2019-05-03 09:00:06,447]INFO:0 appointment(s) scraped from 0 email(s) in this period
[2019-05-03 09:00:06,448]INFO:--------Creating Events--------
[2019-05-03 09:00:06,448]INFO:No events to create in this period
[2019-05-03 09:00:06,449]INFO:########Scanning Period Ends########
[2019-05-03 09:10:05,713]INFO:########Scanning Period Starts########
[2019-05-03 09:10:05,714]INFO:--------Reading Emails--------
[2019-05-03 09:10:07,156]INFO:Successfully fetched 0 emails
[2019-05-03 09:10:07,160]INFO:0 appointment(s) scraped from 0 email(s) in this period
[2019-05-03 09:10:07,165]INFO:--------Creating Events--------
[2019-05-03 09:10:07,165]INFO:No events to create in this period
[2019-05-03 09:10:07,166]INFO:########Scanning Period Ends########
[2019-05-03 09:20:05,519]INFO:########Scanning Period Starts########
[2019-05-03 09:20:05,519]INFO:--------Reading Emails--------
[2019-05-03 09:20:06,496]INFO:Successfully fetched 0 emails
[2019-05-03 09:20:06,500]INFO:0 appointment(s) scraped from 0 email(s) in this period
[2019-05-03 09:20:06,501]INFO:--------Creating Events--------
[2019-05-03 09:20:06,501]INFO:No events to create in this period
[2019-05-03 09:20:06,502]INFO:########Scanning Period Ends########
[2019-05-03 09:30:04,777]INFO:########Scanning Period Starts########
[2019-05-03 09:30:04,777]INFO:--------Reading Emails--------
[2019-05-03 09:30:06,176]INFO:Successfully fetched 0 emails
[2019-05-03 09:30:06,179]INFO:0 appointment(s) scraped from 0 email(s) in this period
[2019-05-03 09:30:06,189]INFO:--------Creating Events--------
[2019-05-03 09:30:06,189]INFO:No events to create in this period
[2019-05-03 09:30:06,190]INFO:########Scanning Period Ends########
[2019-05-03 09:40:05,512]INFO:########Scanning Period Starts########
[2019-05-03 09:40:05,513]INFO:--------Reading Emails--------
[2019-05-03 09:40:06,801]INFO:Successfully fetched 0 emails
[2019-05-03 09:40:06,805]INFO:0 appointment(s) scraped from 0 email(s) in this period
[2019-05-03 09:40:06,810]INFO:--------Creating Events--------
[2019-05-03 09:40:06,810]INFO:No events to create in this period
[2019-05-03 09:40:06,811]INFO:########Scanning Period Ends########
[2019-05-03 09:50:05,124]INFO:########Scanning Period Starts########
[2019-05-03 09:50:05,124]INFO:--------Reading Emails--------
[2019-05-03 09:50:06,332]INFO:Successfully fetched 0 emails
[2019-05-03 09:50:06,336]INFO:0 appointment(s) scraped from 0 email(s) in this period
[2019-05-03 09:50:06,345]INFO:--------Creating Events--------
[2019-05-03 09:50:06,346]INFO:No events to create in this period
[2019-05-03 09:50:06,346]INFO:########Scanning Period Ends########
[2019-05-03 10:00:05,616]INFO:########Scanning Period Starts########
[2019-05-03 10:00:05,617]INFO:--------Reading Emails--------
[2019-05-03 10:00:07,044]INFO:Successfully fetched 0 emails
[2019-05-03 10:00:07,048]INFO:0 appointment(s) scraped from 0 email(s) in this period
[2019-05-03 10:00:07,049]INFO:--------Creating Events--------
[2019-05-03 10:00:07,049]INFO:No events to create in this period
[2019-05-03 10:00:07,050]INFO:########Scanning Period Ends########
[2019-05-03 10:10:05,354]INFO:########Scanning Period Starts########
[2019-05-03 10:10:05,355]INFO:--------Reading Emails--------
[2019-05-03 10:10:06,529]INFO:Successfully fetched 0 emails
[2019-05-03 10:10:06,532]INFO:0 appointment(s) scraped from 0 email(s) in this period
[2019-05-03 10:10:06,533]INFO:--------Creating Events--------
[2019-05-03 10:10:06,534]INFO:No events to create in this period
[2019-05-03 10:10:06,535]INFO:########Scanning Period Ends########
[2019-05-03 10:20:04,909]INFO:########Scanning Period Starts########
[2019-05-03 10:20:04,910]INFO:--------Reading Emails--------
[2019-05-03 10:20:06,189]INFO:Successfully fetched 0 emails
[2019-05-03 10:20:06,193]INFO:0 appointment(s) scraped from 0 email(s) in this period
[2019-05-03 10:20:06,202]INFO:--------Creating Events--------
[2019-05-03 10:20:06,203]INFO:No events to create in this period
[2019-05-03 10:20:06,203]INFO:########Scanning Period Ends########
[2019-05-03 10:30:05,488]INFO:########Scanning Period Starts########
[2019-05-03 10:30:05,488]INFO:--------Reading Emails--------
[2019-05-03 10:30:06,880]INFO:Successfully fetched 0 emails
[2019-05-03 10:30:06,883]INFO:0 appointment(s) scraped from 0 email(s) in this period
[2019-05-03 10:30:06,889]INFO:--------Creating Events--------
[2019-05-03 10:30:06,889]INFO:No events to create in this period
[2019-05-03 10:30:06,890]INFO:########Scanning Period Ends########
[2019-05-03 10:40:05,152]INFO:########Scanning Period Starts########
[2019-05-03 10:40:05,153]INFO:--------Reading Emails--------
[2019-05-03 10:40:06,447]INFO:Successfully fetched 0 emails
[2019-05-03 10:40:06,450]INFO:0 appointment(s) scraped from 0 email(s) in this period
[2019-05-03 10:40:06,459]INFO:--------Creating Events--------
[2019-05-03 10:40:06,460]INFO:No events to create in this period
[2019-05-03 10:40:06,461]INFO:########Scanning Period Ends########
[2019-05-03 10:50:05,781]INFO:########Scanning Period Starts########
[2019-05-03 10:50:05,781]INFO:--------Reading Emails--------
[2019-05-03 10:50:06,985]INFO:Successfully fetched 0 emails
[2019-05-03 10:50:06,988]INFO:0 appointment(s) scraped from 0 email(s) in this period
[2019-05-03 10:50:06,994]INFO:--------Creating Events--------
[2019-05-03 10:50:06,994]INFO:No events to create in this period
[2019-05-03 10:50:06,995]INFO:########Scanning Period Ends########
[2019-05-03 11:00:05,293]INFO:########Scanning Period Starts########
[2019-05-03 11:00:05,294]INFO:--------Reading Emails--------
[2019-05-03 11:00:06,541]INFO:Successfully fetched 0 emails
[2019-05-03 11:00:06,544]INFO:0 appointment(s) scraped from 0 email(s) in this period
[2019-05-03 11:00:06,549]INFO:--------Creating Events--------
[2019-05-03 11:00:06,550]INFO:No events to create in this period
[2019-05-03 11:00:06,551]INFO:########Scanning Period Ends########
[2019-05-03 11:10:04,868]INFO:########Scanning Period Starts########
[2019-05-03 11:10:04,869]INFO:--------Reading Emails--------
[2019-05-03 11:10:06,280]INFO:Successfully fetched 0 emails
[2019-05-03 11:10:06,283]INFO:0 appointment(s) scraped from 0 email(s) in this period
[2019-05-03 11:10:06,288]INFO:--------Creating Events--------
[2019-05-03 11:10:06,289]INFO:No events to create in this period
[2019-05-03 11:10:06,290]INFO:########Scanning Period Ends########
[2019-05-03 11:20:05,677]INFO:########Scanning Period Starts########
[2019-05-03 11:20:05,678]INFO:--------Reading Emails--------
[2019-05-03 11:20:06,945]INFO:Successfully fetched 0 emails
[2019-05-03 11:20:06,948]INFO:0 appointment(s) scraped from 0 email(s) in this period
[2019-05-03 11:20:06,958]INFO:--------Creating Events--------
[2019-05-03 11:20:06,959]INFO:No events to create in this period
[2019-05-03 11:20:06,959]INFO:########Scanning Period Ends########
[2019-05-03 11:30:05,229]INFO:########Scanning Period Starts########
[2019-05-03 11:30:05,229]INFO:--------Reading Emails--------
[2019-05-03 11:30:06,169]INFO:Successfully fetched 0 emails
[2019-05-03 11:30:06,172]INFO:0 appointment(s) scraped from 0 email(s) in this period
[2019-05-03 11:30:06,173]INFO:--------Creating Events--------
[2019-05-03 11:30:06,174]INFO:No events to create in this period
[2019-05-03 11:30:06,175]INFO:########Scanning Period Ends########
[2019-05-03 11:40:05,480]INFO:########Scanning Period Starts########
[2019-05-03 11:40:05,481]INFO:--------Reading Emails--------
[2019-05-03 11:40:06,487]INFO:Successfully fetched 0 emails
[2019-05-03 11:40:06,491]INFO:0 appointment(s) scraped from 0 email(s) in this period
[2019-05-03 11:40:06,491]INFO:--------Creating Events--------
[2019-05-03 11:40:06,492]INFO:No events to create in this period
[2019-05-03 11:40:06,493]INFO:########Scanning Period Ends########
[2019-05-03 11:50:04,900]INFO:########Scanning Period Starts########
[2019-05-03 11:50:04,902]INFO:--------Reading Emails--------
[2019-05-03 11:50:06,100]INFO:Successfully fetched 0 emails
[2019-05-03 11:50:06,109]INFO:0 appointment(s) scraped from 0 email(s) in this period
[2019-05-03 11:50:06,110]INFO:--------Creating Events--------
[2019-05-03 11:50:06,110]INFO:No events to create in this period
[2019-05-03 11:50:06,111]INFO:########Scanning Period Ends########
[2019-05-03 12:00:05,451]INFO:########Scanning Period Starts########
[2019-05-03 12:00:05,451]INFO:--------Reading Emails--------
[2019-05-03 12:00:06,757]INFO:Successfully fetched 0 emails
[2019-05-03 12:00:06,761]INFO:0 appointment(s) scraped from 0 email(s) in this period
[2019-05-03 12:00:06,770]INFO:--------Creating Events--------
[2019-05-03 12:00:06,771]INFO:No events to create in this period
[2019-05-03 12:00:06,772]INFO:########Scanning Period Ends########
[2019-05-03 12:10:05,075]INFO:########Scanning Period Starts########
[2019-05-03 12:10:05,075]INFO:--------Reading Emails--------
[2019-05-03 12:10:06,071]INFO:Successfully fetched 0 emails
[2019-05-03 12:10:06,074]INFO:0 appointment(s) scraped from 0 email(s) in this period
[2019-05-03 12:10:06,075]INFO:--------Creating Events--------
[2019-05-03 12:10:06,076]INFO:No events to create in this period
[2019-05-03 12:10:06,077]INFO:########Scanning Period Ends########
[2019-05-03 12:20:05,550]INFO:########Scanning Period Starts########
[2019-05-03 12:20:05,550]INFO:--------Reading Emails--------
[2019-05-03 12:20:06,910]INFO:Successfully fetched 0 emails
[2019-05-03 12:20:06,913]INFO:0 appointment(s) scraped from 0 email(s) in this period
[2019-05-03 12:20:06,923]INFO:--------Creating Events--------
[2019-05-03 12:20:06,924]INFO:No events to create in this period
[2019-05-03 12:20:06,924]INFO:########Scanning Period Ends########
[2019-05-03 12:30:05,235]INFO:########Scanning Period Starts########
[2019-05-03 12:30:05,235]INFO:--------Reading Emails--------
[2019-05-03 12:30:06,577]INFO:Successfully fetched 0 emails
[2019-05-03 12:30:06,580]INFO:0 appointment(s) scraped from 0 email(s) in this period
[2019-05-03 12:30:06,585]INFO:--------Creating Events--------
[2019-05-03 12:30:06,586]INFO:No events to create in this period
[2019-05-03 12:30:06,587]INFO:########Scanning Period Ends########
[2019-05-03 12:40:04,941]INFO:########Scanning Period Starts########
[2019-05-03 12:40:04,942]INFO:--------Reading Emails--------
[2019-05-03 12:40:06,125]INFO:Successfully fetched 0 emails
[2019-05-03 12:40:06,138]INFO:0 appointment(s) scraped from 0 email(s) in this period
[2019-05-03 12:40:06,139]INFO:--------Creating Events--------
[2019-05-03 12:40:06,140]INFO:No events to create in this period
[2019-05-03 12:40:06,140]INFO:########Scanning Period Ends########
[2019-05-03 12:50:05,475]INFO:########Scanning Period Starts########
[2019-05-03 12:50:05,475]INFO:--------Reading Emails--------
[2019-05-03 12:50:06,733]INFO:Successfully fetched 0 emails
[2019-05-03 12:50:06,736]INFO:0 appointment(s) scraped from 0 email(s) in this period
[2019-05-03 12:50:06,741]INFO:--------Creating Events--------
[2019-05-03 12:50:06,742]INFO:No events to create in this period
[2019-05-03 12:50:06,743]INFO:########Scanning Period Ends########
[2019-05-03 13:00:05,036]INFO:########Scanning Period Starts########
[2019-05-03 13:00:05,037]INFO:--------Reading Emails--------
[2019-05-03 13:00:06,026]INFO:Successfully fetched 0 emails
[2019-05-03 13:00:06,029]INFO:0 appointment(s) scraped from 0 email(s) in this period
[2019-05-03 13:00:06,030]INFO:--------Creating Events--------
[2019-05-03 13:00:06,031]INFO:No events to create in this period
[2019-05-03 13:00:06,031]INFO:########Scanning Period Ends########
[2019-05-03 13:10:05,294]INFO:########Scanning Period Starts########
[2019-05-03 13:10:05,294]INFO:--------Reading Emails--------
[2019-05-03 13:10:06,499]INFO:Successfully fetched 0 emails
[2019-05-03 13:10:06,502]INFO:0 appointment(s) scraped from 0 email(s) in this period
[2019-05-03 13:10:06,503]INFO:--------Creating Events--------
[2019-05-03 13:10:06,503]INFO:No events to create in this period
[2019-05-03 13:10:06,504]INFO:########Scanning Period Ends########
[2019-05-03 13:20:04,859]INFO:########Scanning Period Starts########
[2019-05-03 13:20:04,859]INFO:--------Reading Emails--------
[2019-05-03 13:20:06,039]INFO:Successfully fetched 0 emails
[2019-05-03 13:20:06,043]INFO:0 appointment(s) scraped from 0 email(s) in this period
[2019-05-03 13:20:06,043]INFO:--------Creating Events--------
[2019-05-03 13:20:06,044]INFO:No events to create in this period
[2019-05-03 13:20:06,045]INFO:########Scanning Period Ends########
[2019-05-03 13:30:05,348]INFO:########Scanning Period Starts########
[2019-05-03 13:30:05,348]INFO:--------Reading Emails--------
[2019-05-03 13:30:06,624]INFO:Successfully fetched 0 emails
[2019-05-03 13:30:06,627]INFO:0 appointment(s) scraped from 0 email(s) in this period
[2019-05-03 13:30:06,632]INFO:--------Creating Events--------
[2019-05-03 13:30:06,633]INFO:No events to create in this period
[2019-05-03 13:30:06,634]INFO:########Scanning Period Ends########
[2019-05-03 13:40:04,962]INFO:########Scanning Period Starts########
[2019-05-03 13:40:04,963]INFO:--------Reading Emails--------
[2019-05-03 13:40:06,268]INFO:Successfully fetched 0 emails
[2019-05-03 13:40:06,272]INFO:0 appointment(s) scraped from 0 email(s) in this period
[2019-05-03 13:40:06,281]INFO:--------Creating Events--------
[2019-05-03 13:40:06,282]INFO:No events to create in this period
[2019-05-03 13:40:06,283]INFO:########Scanning Period Ends########
[2019-05-03 13:50:05,618]INFO:########Scanning Period Starts########
[2019-05-03 13:50:05,618]INFO:--------Reading Emails--------
[2019-05-03 13:50:06,818]INFO:Successfully fetched 0 emails
[2019-05-03 13:50:06,821]INFO:0 appointment(s) scraped from 0 email(s) in this period
[2019-05-03 13:50:06,822]INFO:--------Creating Events--------
[2019-05-03 13:50:06,823]INFO:No events to create in this period
[2019-05-03 13:50:06,823]INFO:########Scanning Period Ends########
[2019-05-03 14:00:05,119]INFO:########Scanning Period Starts########
[2019-05-03 14:00:05,120]INFO:--------Reading Emails--------
[2019-05-03 14:00:06,526]INFO:Successfully fetched 0 emails
[2019-05-03 14:00:06,530]INFO:0 appointment(s) scraped from 0 email(s) in this period
[2019-05-03 14:00:06,539]INFO:--------Creating Events--------
[2019-05-03 14:00:06,540]INFO:No events to create in this period
[2019-05-03 14:00:06,541]INFO:########Scanning Period Ends########
[2019-05-03 14:10:04,946]INFO:########Scanning Period Starts########
[2019-05-03 14:10:04,947]INFO:--------Reading Emails--------
[2019-05-03 14:10:06,089]INFO:Successfully fetched 0 emails
[2019-05-03 14:10:06,098]INFO:0 appointment(s) scraped from 0 email(s) in this period
[2019-05-03 14:10:06,099]INFO:--------Creating Events--------
[2019-05-03 14:10:06,100]INFO:No events to create in this period
[2019-05-03 14:10:06,101]INFO:########Scanning Period Ends########
[2019-05-03 14:20:05,500]INFO:########Scanning Period Starts########
[2019-05-03 14:20:05,501]INFO:--------Reading Emails--------
[2019-05-03 14:20:06,890]INFO:Successfully fetched 0 emails
[2019-05-03 14:20:06,893]INFO:0 appointment(s) scraped from 0 email(s) in this period
[2019-05-03 14:20:06,902]INFO:--------Creating Events--------
[2019-05-03 14:20:06,903]INFO:No events to create in this period
[2019-05-03 14:20:06,904]INFO:########Scanning Period Ends########
[2019-05-03 14:30:05,220]INFO:########Scanning Period Starts########
[2019-05-03 14:30:05,220]INFO:--------Reading Emails--------
[2019-05-03 14:30:06,430]INFO:Successfully fetched 0 emails
[2019-05-03 14:30:06,443]INFO:0 appointment(s) scraped from 0 email(s) in this period
[2019-05-03 14:30:06,444]INFO:--------Creating Events--------
[2019-05-03 14:30:06,445]INFO:No events to create in this period
[2019-05-03 14:30:06,446]INFO:########Scanning Period Ends########
[2019-05-03 14:40:05,765]INFO:########Scanning Period Starts########
[2019-05-03 14:40:05,765]INFO:--------Reading Emails--------
[2019-05-03 14:40:06,870]INFO:Successfully fetched 0 emails
[2019-05-03 14:40:06,874]INFO:0 appointment(s) scraped from 0 email(s) in this period
[2019-05-03 14:40:06,875]INFO:--------Creating Events--------
[2019-05-03 14:40:06,875]INFO:No events to create in this period
[2019-05-03 14:40:06,876]INFO:########Scanning Period Ends########
[2019-05-03 14:50:05,153]INFO:########Scanning Period Starts########
[2019-05-03 14:50:05,153]INFO:--------Reading Emails--------
[2019-05-03 14:50:06,128]INFO:Successfully fetched 0 emails
[2019-05-03 14:50:06,132]INFO:0 appointment(s) scraped from 0 email(s) in this period
[2019-05-03 14:50:06,133]INFO:--------Creating Events--------
[2019-05-03 14:50:06,133]INFO:No events to create in this period
[2019-05-03 14:50:06,134]INFO:########Scanning Period Ends########
[2019-05-03 15:00:05,435]INFO:########Scanning Period Starts########
[2019-05-03 15:00:05,435]INFO:--------Reading Emails--------
[2019-05-03 15:00:06,659]INFO:Successfully fetched 0 emails
[2019-05-03 15:00:06,663]INFO:0 appointment(s) scraped from 0 email(s) in this period
[2019-05-03 15:00:06,673]INFO:--------Creating Events--------
[2019-05-03 15:00:06,673]INFO:No events to create in this period
[2019-05-03 15:00:06,674]INFO:########Scanning Period Ends########
[2019-05-03 15:10:04,983]INFO:########Scanning Period Starts########
[2019-05-03 15:10:04,984]INFO:--------Reading Emails--------
[2019-05-03 15:10:06,206]INFO:Successfully fetched 0 emails
[2019-05-03 15:10:06,210]INFO:0 appointment(s) scraped from 0 email(s) in this period
[2019-05-03 15:10:06,220]INFO:--------Creating Events--------
[2019-05-03 15:10:06,221]INFO:No events to create in this period
[2019-05-03 15:10:06,221]INFO:########Scanning Period Ends########
[2019-05-03 15:20:05,599]INFO:########Scanning Period Starts########
[2019-05-03 15:20:05,600]INFO:--------Reading Emails--------
[2019-05-03 15:20:06,751]INFO:Successfully fetched 0 emails
[2019-05-03 15:20:06,755]INFO:0 appointment(s) scraped from 0 email(s) in this period
[2019-05-03 15:20:06,756]INFO:--------Creating Events--------
[2019-05-03 15:20:06,756]INFO:No events to create in this period
[2019-05-03 15:20:06,757]INFO:########Scanning Period Ends########
[2019-05-03 15:30:05,084]INFO:########Scanning Period Starts########
[2019-05-03 15:30:05,085]INFO:--------Reading Emails--------
[2019-05-03 15:30:06,405]INFO:Successfully fetched 0 emails
[2019-05-03 15:30:06,409]INFO:0 appointment(s) scraped from 0 email(s) in this period
[2019-05-03 15:30:06,413]INFO:--------Creating Events--------
[2019-05-03 15:30:06,414]INFO:No events to create in this period
[2019-05-03 15:30:06,415]INFO:########Scanning Period Ends########
[2019-05-03 15:40:05,701]INFO:########Scanning Period Starts########
[2019-05-03 15:40:05,702]INFO:--------Reading Emails--------
[2019-05-03 15:40:07,177]INFO:Successfully fetched 0 emails
[2019-05-03 15:40:07,181]INFO:0 appointment(s) scraped from 0 email(s) in this period
[2019-05-03 15:40:07,190]INFO:--------Creating Events--------
[2019-05-03 15:40:07,191]INFO:No events to create in this period
[2019-05-03 15:40:07,192]INFO:########Scanning Period Ends########
[2019-05-03 15:50:05,558]INFO:########Scanning Period Starts########
[2019-05-03 15:50:05,558]INFO:--------Reading Emails--------
[2019-05-03 15:50:06,733]INFO:Successfully fetched 0 emails
[2019-05-03 15:50:06,737]INFO:0 appointment(s) scraped from 0 email(s) in this period
[2019-05-03 15:50:06,742]INFO:--------Creating Events--------
[2019-05-03 15:50:06,742]INFO:No events to create in this period
[2019-05-03 15:50:06,743]INFO:########Scanning Period Ends########
[2019-05-03 16:00:05,084]INFO:########Scanning Period Starts########
[2019-05-03 16:00:05,084]INFO:--------Reading Emails--------
[2019-05-03 16:00:06,667]INFO:Successfully fetched 0 emails
[2019-05-03 16:00:06,671]INFO:0 appointment(s) scraped from 0 email(s) in this period
[2019-05-03 16:00:06,680]INFO:--------Creating Events--------
[2019-05-03 16:00:06,681]INFO:No events to create in this period
[2019-05-03 16:00:06,682]INFO:########Scanning Period Ends########
[2019-05-03 16:10:05,036]INFO:########Scanning Period Starts########
[2019-05-03 16:10:05,037]INFO:--------Reading Emails--------
[2019-05-03 16:10:06,205]INFO:Successfully fetched 0 emails
[2019-05-03 16:10:06,209]INFO:0 appointment(s) scraped from 0 email(s) in this period
[2019-05-03 16:10:06,210]INFO:--------Creating Events--------
[2019-05-03 16:10:06,210]INFO:No events to create in this period
[2019-05-03 16:10:06,211]INFO:########Scanning Period Ends########
[2019-05-03 16:20:05,656]INFO:########Scanning Period Starts########
[2019-05-03 16:20:05,657]INFO:--------Reading Emails--------
[2019-05-03 16:20:06,975]INFO:Successfully fetched 0 emails
[2019-05-03 16:20:06,988]INFO:0 appointment(s) scraped from 0 email(s) in this period
[2019-05-03 16:20:06,989]INFO:--------Creating Events--------
[2019-05-03 16:20:06,990]INFO:No events to create in this period
[2019-05-03 16:20:06,990]INFO:########Scanning Period Ends########
[2019-05-03 16:30:05,372]INFO:########Scanning Period Starts########
[2019-05-03 16:30:05,372]INFO:--------Reading Emails--------
[2019-05-03 16:30:06,769]INFO:Successfully fetched 0 emails
[2019-05-03 16:30:06,773]INFO:0 appointment(s) scraped from 0 email(s) in this period
[2019-05-03 16:30:06,778]INFO:--------Creating Events--------
[2019-05-03 16:30:06,779]INFO:No events to create in this period
[2019-05-03 16:30:06,779]INFO:########Scanning Period Ends########
[2019-05-03 16:40:05,126]INFO:########Scanning Period Starts########
[2019-05-03 16:40:05,126]INFO:--------Reading Emails--------
[2019-05-03 16:40:06,252]INFO:Successfully fetched 0 emails
[2019-05-03 16:40:06,256]INFO:0 appointment(s) scraped from 0 email(s) in this period
[2019-05-03 16:40:06,256]INFO:--------Creating Events--------
[2019-05-03 16:40:06,257]INFO:No events to create in this period
[2019-05-03 16:40:06,258]INFO:########Scanning Period Ends########
[2019-05-03 16:50:05,569]INFO:########Scanning Period Starts########
[2019-05-03 16:50:05,569]INFO:--------Reading Emails--------
[2019-05-03 16:50:06,778]INFO:Successfully fetched 0 emails
[2019-05-03 16:50:06,781]INFO:0 appointment(s) scraped from 0 email(s) in this period
[2019-05-03 16:50:06,791]INFO:--------Creating Events--------
[2019-05-03 16:50:06,791]INFO:No events to create in this period
[2019-05-03 16:50:06,792]INFO:########Scanning Period Ends########
[2019-05-03 17:00:05,142]INFO:########Scanning Period Starts########
[2019-05-03 17:00:05,143]INFO:--------Reading Emails--------
[2019-05-03 17:00:06,690]INFO:Successfully fetched 0 emails
[2019-05-03 17:00:06,693]INFO:0 appointment(s) scraped from 0 email(s) in this period
[2019-05-03 17:00:06,694]INFO:--------Creating Events--------
[2019-05-03 17:00:06,695]INFO:No events to create in this period
[2019-05-03 17:00:06,696]INFO:########Scanning Period Ends########
[2019-05-03 17:10:05,067]INFO:########Scanning Period Starts########
[2019-05-03 17:10:05,067]INFO:--------Reading Emails--------
[2019-05-03 17:10:06,240]INFO:Successfully fetched 0 emails
[2019-05-03 17:10:06,248]INFO:0 appointment(s) scraped from 0 email(s) in this period
[2019-05-03 17:10:06,250]INFO:--------Creating Events--------
[2019-05-03 17:10:06,250]INFO:No events to create in this period
[2019-05-03 17:10:06,251]INFO:########Scanning Period Ends########
[2019-05-03 17:20:05,609]INFO:########Scanning Period Starts########
[2019-05-03 17:20:05,610]INFO:--------Reading Emails--------
[2019-05-03 17:20:06,906]INFO:Successfully fetched 0 emails
[2019-05-03 17:20:06,909]INFO:0 appointment(s) scraped from 0 email(s) in this period
[2019-05-03 17:20:06,918]INFO:--------Creating Events--------
[2019-05-03 17:20:06,919]INFO:No events to create in this period
[2019-05-03 17:20:06,919]INFO:########Scanning Period Ends########
[2019-05-03 17:30:05,261]INFO:########Scanning Period Starts########
[2019-05-03 17:30:05,262]INFO:--------Reading Emails--------
[2019-05-03 17:30:06,601]INFO:Successfully fetched 0 emails
[2019-05-03 17:30:06,605]INFO:0 appointment(s) scraped from 0 email(s) in this period
[2019-05-03 17:30:06,610]INFO:--------Creating Events--------
[2019-05-03 17:30:06,610]INFO:No events to create in this period
[2019-05-03 17:30:06,611]INFO:########Scanning Period Ends########
[2019-05-03 17:40:04,878]INFO:########Scanning Period Starts########
[2019-05-03 17:40:04,879]INFO:--------Reading Emails--------
[2019-05-03 17:40:06,169]INFO:Successfully fetched 0 emails
[2019-05-03 17:40:06,172]INFO:0 appointment(s) scraped from 0 email(s) in this period
[2019-05-03 17:40:06,182]INFO:--------Creating Events--------
[2019-05-03 17:40:06,183]INFO:No events to create in this period
[2019-05-03 17:40:06,183]INFO:########Scanning Period Ends########
[2019-05-03 17:50:05,472]INFO:########Scanning Period Starts########
[2019-05-03 17:50:05,473]INFO:--------Reading Emails--------
[2019-05-03 17:50:07,143]INFO:Successfully fetched 0 emails
[2019-05-03 17:50:07,146]INFO:0 appointment(s) scraped from 0 email(s) in this period
[2019-05-03 17:50:07,147]INFO:--------Creating Events--------
[2019-05-03 17:50:07,148]INFO:No events to create in this period
[2019-05-03 17:50:07,148]INFO:########Scanning Period Ends########
[2019-05-03 18:00:05,468]INFO:########Scanning Period Starts########
[2019-05-03 18:00:05,469]INFO:--------Reading Emails--------
[2019-05-03 18:00:06,945]INFO:Successfully fetched 0 emails
[2019-05-03 18:00:06,954]INFO:0 appointment(s) scraped from 0 email(s) in this period
[2019-05-03 18:00:06,955]INFO:--------Creating Events--------
[2019-05-03 18:00:06,956]INFO:No events to create in this period
[2019-05-03 18:00:06,956]INFO:########Scanning Period Ends########
[2019-05-03 18:10:05,326]INFO:########Scanning Period Starts########
[2019-05-03 18:10:05,326]INFO:--------Reading Emails--------
[2019-05-03 18:10:06,362]INFO:Successfully fetched 0 emails
[2019-05-03 18:10:06,366]INFO:0 appointment(s) scraped from 0 email(s) in this period
[2019-05-03 18:10:06,367]INFO:--------Creating Events--------
[2019-05-03 18:10:06,367]INFO:No events to create in this period
[2019-05-03 18:10:06,368]INFO:########Scanning Period Ends########
[2019-05-03 18:20:05,739]INFO:########Scanning Period Starts########
[2019-05-03 18:20:05,740]INFO:--------Reading Emails--------
[2019-05-03 18:20:07,215]INFO:Successfully fetched 0 emails
[2019-05-03 18:20:07,219]INFO:0 appointment(s) scraped from 0 email(s) in this period
[2019-05-03 18:20:07,224]INFO:--------Creating Events--------
[2019-05-03 18:20:07,224]INFO:No events to create in this period
[2019-05-03 18:20:07,225]INFO:########Scanning Period Ends########
[2019-05-03 18:30:05,562]INFO:########Scanning Period Starts########
[2019-05-03 18:30:05,562]INFO:--------Reading Emails--------
[2019-05-03 18:30:07,440]INFO:Successfully fetched 0 emails
[2019-05-03 18:30:07,443]INFO:0 appointment(s) scraped from 0 email(s) in this period
[2019-05-03 18:30:07,444]INFO:--------Creating Events--------
[2019-05-03 18:30:07,445]INFO:No events to create in this period
[2019-05-03 18:30:07,445]INFO:########Scanning Period Ends########
[2019-05-03 18:40:05,786]INFO:########Scanning Period Starts########
[2019-05-03 18:40:05,786]INFO:--------Reading Emails--------
[2019-05-03 18:40:07,063]INFO:Successfully fetched 0 emails
[2019-05-03 18:40:07,066]INFO:0 appointment(s) scraped from 0 email(s) in this period
[2019-05-03 18:40:07,076]INFO:--------Creating Events--------
[2019-05-03 18:40:07,077]INFO:No events to create in this period
[2019-05-03 18:40:07,077]INFO:########Scanning Period Ends########
[2019-05-03 18:50:05,406]INFO:########Scanning Period Starts########
[2019-05-03 18:50:05,406]INFO:--------Reading Emails--------
[2019-05-03 18:50:06,503]INFO:Successfully fetched 0 emails
[2019-05-03 18:50:06,507]INFO:0 appointment(s) scraped from 0 email(s) in this period
[2019-05-03 18:50:06,507]INFO:--------Creating Events--------
[2019-05-03 18:50:06,508]INFO:No events to create in this period
[2019-05-03 18:50:06,508]INFO:########Scanning Period Ends########
[2019-05-03 19:00:04,830]INFO:########Scanning Period Starts########
[2019-05-03 19:00:04,830]INFO:--------Reading Emails--------
[2019-05-03 19:00:05,738]INFO:Successfully fetched 0 emails
[2019-05-03 19:00:05,741]INFO:0 appointment(s) scraped from 0 email(s) in this period
[2019-05-03 19:00:05,742]INFO:--------Creating Events--------
[2019-05-03 19:00:05,743]INFO:No events to create in this period
[2019-05-03 19:00:05,743]INFO:########Scanning Period Ends########
[2019-05-03 19:10:05,079]INFO:########Scanning Period Starts########
[2019-05-03 19:10:05,080]INFO:--------Reading Emails--------
[2019-05-03 19:10:06,571]INFO:Successfully fetched 0 emails
[2019-05-03 19:10:06,575]INFO:0 appointment(s) scraped from 0 email(s) in this period
[2019-05-03 19:10:06,584]INFO:--------Creating Events--------
[2019-05-03 19:10:06,585]INFO:No events to create in this period
[2019-05-03 19:10:06,586]INFO:########Scanning Period Ends########
[2019-05-03 19:20:05,008]INFO:########Scanning Period Starts########
[2019-05-03 19:20:05,009]INFO:--------Reading Emails--------
[2019-05-03 19:20:05,957]INFO:Successfully fetched 0 emails
[2019-05-03 19:20:05,961]INFO:0 appointment(s) scraped from 0 email(s) in this period
[2019-05-03 19:20:05,962]INFO:--------Creating Events--------
[2019-05-03 19:20:05,962]INFO:No events to create in this period
[2019-05-03 19:20:05,963]INFO:########Scanning Period Ends########
[2019-05-03 19:30:05,279]INFO:########Scanning Period Starts########
[2019-05-03 19:30:05,279]INFO:--------Reading Emails--------
[2019-05-03 19:30:06,997]INFO:Successfully fetched 0 emails
[2019-05-03 19:30:07,001]INFO:0 appointment(s) scraped from 0 email(s) in this period
[2019-05-03 19:30:07,006]INFO:--------Creating Events--------
[2019-05-03 19:30:07,007]INFO:No events to create in this period
[2019-05-03 19:30:07,007]INFO:########Scanning Period Ends########
[2019-05-03 19:40:05,337]INFO:########Scanning Period Starts########
[2019-05-03 19:40:05,337]INFO:--------Reading Emails--------
[2019-05-03 19:40:06,726]INFO:Successfully fetched 0 emails
[2019-05-03 19:40:06,729]INFO:0 appointment(s) scraped from 0 email(s) in this period
[2019-05-03 19:40:06,760]INFO:--------Creating Events--------
[2019-05-03 19:40:06,761]INFO:No events to create in this period
[2019-05-03 19:40:06,762]INFO:########Scanning Period Ends########
[2019-05-03 19:50:05,093]INFO:########Scanning Period Starts########
[2019-05-03 19:50:05,093]INFO:--------Reading Emails--------
[2019-05-03 19:50:06,032]INFO:Successfully fetched 0 emails
[2019-05-03 19:50:06,035]INFO:0 appointment(s) scraped from 0 email(s) in this period
[2019-05-03 19:50:06,036]INFO:--------Creating Events--------
[2019-05-03 19:50:06,037]INFO:No events to create in this period
[2019-05-03 19:50:06,037]INFO:########Scanning Period Ends########
[2019-05-03 20:00:05,386]INFO:########Scanning Period Starts########
[2019-05-03 20:00:05,386]INFO:--------Reading Emails--------
[2019-05-03 20:00:06,523]INFO:Successfully fetched 0 emails
[2019-05-03 20:00:06,526]INFO:0 appointment(s) scraped from 0 email(s) in this period
[2019-05-03 20:00:06,527]INFO:--------Creating Events--------
[2019-05-03 20:00:06,528]INFO:No events to create in this period
[2019-05-03 20:00:06,528]INFO:########Scanning Period Ends########
[2019-05-03 20:10:04,840]INFO:########Scanning Period Starts########
[2019-05-03 20:10:04,841]INFO:--------Reading Emails--------
[2019-05-03 20:10:06,259]INFO:Successfully fetched 0 emails
[2019-05-03 20:10:06,263]INFO:0 appointment(s) scraped from 0 email(s) in this period
[2019-05-03 20:10:06,268]INFO:--------Creating Events--------
[2019-05-03 20:10:06,268]INFO:No events to create in this period
[2019-05-03 20:10:06,269]INFO:########Scanning Period Ends########
[2019-05-03 20:20:05,647]INFO:########Scanning Period Starts########
[2019-05-03 20:20:05,648]INFO:--------Reading Emails--------
[2019-05-03 20:20:06,816]INFO:Successfully fetched 0 emails
[2019-05-03 20:20:06,819]INFO:0 appointment(s) scraped from 0 email(s) in this period
[2019-05-03 20:20:06,820]INFO:--------Creating Events--------
[2019-05-03 20:20:06,821]INFO:No events to create in this period
[2019-05-03 20:20:06,821]INFO:########Scanning Period Ends########
[2019-05-03 20:30:05,144]INFO:########Scanning Period Starts########
[2019-05-03 20:30:05,144]INFO:--------Reading Emails--------
[2019-05-03 20:30:06,132]INFO:Successfully fetched 0 emails
[2019-05-03 20:30:06,136]INFO:0 appointment(s) scraped from 0 email(s) in this period
[2019-05-03 20:30:06,137]INFO:--------Creating Events--------
[2019-05-03 20:30:06,137]INFO:No events to create in this period
[2019-05-03 20:30:06,138]INFO:########Scanning Period Ends########
[2019-05-03 20:40:05,465]INFO:########Scanning Period Starts########
[2019-05-03 20:40:05,466]INFO:--------Reading Emails--------
[2019-05-03 20:40:06,957]INFO:Successfully fetched 0 emails
[2019-05-03 20:40:06,960]INFO:0 appointment(s) scraped from 0 email(s) in this period
[2019-05-03 20:40:06,965]INFO:--------Creating Events--------
[2019-05-03 20:40:06,966]INFO:No events to create in this period
[2019-05-03 20:40:06,967]INFO:########Scanning Period Ends########
[2019-05-03 20:50:05,310]INFO:########Scanning Period Starts########
[2019-05-03 20:50:05,310]INFO:--------Reading Emails--------
[2019-05-03 20:50:06,602]INFO:Successfully fetched 0 emails
[2019-05-03 20:50:06,606]INFO:0 appointment(s) scraped from 0 email(s) in this period
[2019-05-03 20:50:06,615]INFO:--------Creating Events--------
[2019-05-03 20:50:06,616]INFO:No events to create in this period
[2019-05-03 20:50:06,617]INFO:########Scanning Period Ends########
[2019-05-03 21:00:04,947]INFO:########Scanning Period Starts########
[2019-05-03 21:00:04,948]INFO:--------Reading Emails--------
[2019-05-03 21:00:06,298]INFO:Successfully fetched 0 emails
[2019-05-03 21:00:06,301]INFO:0 appointment(s) scraped from 0 email(s) in this period
[2019-05-03 21:00:06,306]INFO:--------Creating Events--------
[2019-05-03 21:00:06,307]INFO:No events to create in this period
[2019-05-03 21:00:06,307]INFO:########Scanning Period Ends########
[2019-05-03 21:10:05,651]INFO:########Scanning Period Starts########
[2019-05-03 21:10:05,652]INFO:--------Reading Emails--------
[2019-05-03 21:10:06,934]INFO:Successfully fetched 0 emails
[2019-05-03 21:10:06,947]INFO:0 appointment(s) scraped from 0 email(s) in this period
[2019-05-03 21:10:06,948]INFO:--------Creating Events--------
[2019-05-03 21:10:06,949]INFO:No events to create in this period
[2019-05-03 21:10:06,949]INFO:########Scanning Period Ends########
[2019-05-03 21:20:05,385]INFO:########Scanning Period Starts########
[2019-05-03 21:20:05,386]INFO:--------Reading Emails--------
[2019-05-03 21:20:06,421]INFO:Successfully fetched 0 emails
[2019-05-03 21:20:06,424]INFO:0 appointment(s) scraped from 0 email(s) in this period
[2019-05-03 21:20:06,425]INFO:--------Creating Events--------
[2019-05-03 21:20:06,426]INFO:No events to create in this period
[2019-05-03 21:20:06,426]INFO:########Scanning Period Ends########
[2019-05-03 21:30:05,754]INFO:########Scanning Period Starts########
[2019-05-03 21:30:05,755]INFO:--------Reading Emails--------
[2019-05-03 21:30:06,905]INFO:Successfully fetched 0 emails
[2019-05-03 21:30:06,908]INFO:0 appointment(s) scraped from 0 email(s) in this period
[2019-05-03 21:30:06,909]INFO:--------Creating Events--------
[2019-05-03 21:30:06,909]INFO:No events to create in this period
[2019-05-03 21:30:06,910]INFO:########Scanning Period Ends########
[2019-05-03 21:40:05,242]INFO:########Scanning Period Starts########
[2019-05-03 21:40:05,242]INFO:--------Reading Emails--------
[2019-05-03 21:40:06,419]INFO:Successfully fetched 0 emails
[2019-05-03 21:40:06,423]INFO:0 appointment(s) scraped from 0 email(s) in this period
[2019-05-03 21:40:06,432]INFO:--------Creating Events--------
[2019-05-03 21:40:06,433]INFO:No events to create in this period
[2019-05-03 21:40:06,434]INFO:########Scanning Period Ends########
[2019-05-03 21:50:05,726]INFO:########Scanning Period Starts########
[2019-05-03 21:50:05,727]INFO:--------Reading Emails--------
[2019-05-03 21:50:06,788]INFO:Successfully fetched 0 emails
[2019-05-03 21:50:06,792]INFO:0 appointment(s) scraped from 0 email(s) in this period
[2019-05-03 21:50:06,793]INFO:--------Creating Events--------
[2019-05-03 21:50:06,793]INFO:No events to create in this period
[2019-05-03 21:50:06,794]INFO:########Scanning Period Ends########
[2019-05-03 22:00:05,147]INFO:########Scanning Period Starts########
[2019-05-03 22:00:05,148]INFO:--------Reading Emails--------
[2019-05-03 22:00:05,980]INFO:Successfully fetched 0 emails
[2019-05-03 22:00:05,983]INFO:0 appointment(s) scraped from 0 email(s) in this period
[2019-05-03 22:00:05,984]INFO:--------Creating Events--------
[2019-05-03 22:00:05,985]INFO:No events to create in this period
[2019-05-03 22:00:05,985]INFO:########Scanning Period Ends########
[2019-05-03 22:10:05,290]INFO:########Scanning Period Starts########
[2019-05-03 22:10:05,291]INFO:--------Reading Emails--------
[2019-05-03 22:10:06,667]INFO:Successfully fetched 0 emails
[2019-05-03 22:10:06,671]INFO:0 appointment(s) scraped from 0 email(s) in this period
[2019-05-03 22:10:06,680]INFO:--------Creating Events--------
[2019-05-03 22:10:06,681]INFO:No events to create in this period
[2019-05-03 22:10:06,682]INFO:########Scanning Period Ends########
[2019-05-03 22:20:05,103]INFO:########Scanning Period Starts########
[2019-05-03 22:20:05,104]INFO:--------Reading Emails--------
[2019-05-03 22:20:06,098]INFO:Successfully fetched 0 emails
[2019-05-03 22:20:06,101]INFO:0 appointment(s) scraped from 0 email(s) in this period
[2019-05-03 22:20:06,102]INFO:--------Creating Events--------
[2019-05-03 22:20:06,103]INFO:No events to create in this period
[2019-05-03 22:20:06,104]INFO:########Scanning Period Ends########
[2019-05-03 22:30:05,428]INFO:########Scanning Period Starts########
[2019-05-03 22:30:05,428]INFO:--------Reading Emails--------
[2019-05-03 22:30:06,498]INFO:Successfully fetched 0 emails
[2019-05-03 22:30:06,501]INFO:0 appointment(s) scraped from 0 email(s) in this period
[2019-05-03 22:30:06,502]INFO:--------Creating Events--------
[2019-05-03 22:30:06,503]INFO:No events to create in this period
[2019-05-03 22:30:06,503]INFO:########Scanning Period Ends########
[2019-05-03 22:40:04,883]INFO:########Scanning Period Starts########
[2019-05-03 22:40:04,884]INFO:--------Reading Emails--------
[2019-05-03 22:40:06,028]INFO:Successfully fetched 0 emails
[2019-05-03 22:40:06,032]INFO:0 appointment(s) scraped from 0 email(s) in this period
[2019-05-03 22:40:06,037]INFO:--------Creating Events--------
[2019-05-03 22:40:06,038]INFO:No events to create in this period
[2019-05-03 22:40:06,038]INFO:########Scanning Period Ends########
[2019-05-03 22:50:05,312]INFO:########Scanning Period Starts########
[2019-05-03 22:50:05,312]INFO:--------Reading Emails--------
[2019-05-03 22:50:06,450]INFO:Successfully fetched 0 emails
[2019-05-03 22:50:06,454]INFO:0 appointment(s) scraped from 0 email(s) in this period
[2019-05-03 22:50:06,455]INFO:--------Creating Events--------
[2019-05-03 22:50:06,455]INFO:No events to create in this period
[2019-05-03 22:50:06,456]INFO:########Scanning Period Ends########
[2019-05-03 23:00:05,802]INFO:########Scanning Period Starts########
[2019-05-03 23:00:05,802]INFO:--------Reading Emails--------
[2019-05-03 23:00:07,265]INFO:Successfully fetched 0 emails
[2019-05-03 23:00:07,274]INFO:0 appointment(s) scraped from 0 email(s) in this period
[2019-05-03 23:00:07,275]INFO:--------Creating Events--------
[2019-05-03 23:00:07,275]INFO:No events to create in this period
[2019-05-03 23:00:07,276]INFO:########Scanning Period Ends########
[2019-05-03 23:10:05,626]INFO:########Scanning Period Starts########
[2019-05-03 23:10:05,627]INFO:--------Reading Emails--------
[2019-05-03 23:10:06,513]INFO:Successfully fetched 0 emails
[2019-05-03 23:10:06,517]INFO:0 appointment(s) scraped from 0 email(s) in this period
[2019-05-03 23:10:06,518]INFO:--------Creating Events--------
[2019-05-03 23:10:06,518]INFO:No events to create in this period
[2019-05-03 23:10:06,519]INFO:########Scanning Period Ends########
[2019-05-03 23:20:04,968]INFO:########Scanning Period Starts########
[2019-05-03 23:20:04,968]INFO:--------Reading Emails--------
[2019-05-03 23:20:06,286]INFO:Successfully fetched 0 emails
[2019-05-03 23:20:06,300]INFO:0 appointment(s) scraped from 0 email(s) in this period
[2019-05-03 23:20:06,301]INFO:--------Creating Events--------
[2019-05-03 23:20:06,302]INFO:No events to create in this period
[2019-05-03 23:20:06,302]INFO:########Scanning Period Ends########
[2019-05-03 23:30:05,671]INFO:########Scanning Period Starts########
[2019-05-03 23:30:05,672]INFO:--------Reading Emails--------
[2019-05-03 23:30:06,799]INFO:Successfully fetched 0 emails
[2019-05-03 23:30:06,802]INFO:0 appointment(s) scraped from 0 email(s) in this period
[2019-05-03 23:30:06,803]INFO:--------Creating Events--------
[2019-05-03 23:30:06,804]INFO:No events to create in this period
[2019-05-03 23:30:06,804]INFO:########Scanning Period Ends########
[2019-05-03 23:40:05,191]INFO:########Scanning Period Starts########
[2019-05-03 23:40:05,192]INFO:--------Reading Emails--------
[2019-05-03 23:40:06,148]INFO:Successfully fetched 0 emails
[2019-05-03 23:40:06,151]INFO:0 appointment(s) scraped from 0 email(s) in this period
[2019-05-03 23:40:06,152]INFO:--------Creating Events--------
[2019-05-03 23:40:06,153]INFO:No events to create in this period
[2019-05-03 23:40:06,153]INFO:########Scanning Period Ends########
[2019-05-03 23:50:05,490]INFO:########Scanning Period Starts########
[2019-05-03 23:50:05,491]INFO:--------Reading Emails--------
[2019-05-03 23:50:06,689]INFO:Successfully fetched 0 emails
[2019-05-03 23:50:06,693]INFO:0 appointment(s) scraped from 0 email(s) in this period
[2019-05-03 23:50:06,702]INFO:--------Creating Events--------
[2019-05-03 23:50:06,703]INFO:No events to create in this period
[2019-05-03 23:50:06,704]INFO:########Scanning Period Ends########
