[2019-04-14 00:00:04,878]INFO:########Scanning Period Starts########
[2019-04-14 00:00:04,879]INFO:--------Reading Emails--------
[2019-04-14 00:00:06,125]INFO:Successfully fetched 0 emails
[2019-04-14 00:00:06,128]INFO:0 appointment(s) scraped from 0 email(s) in this period
[2019-04-14 00:00:06,139]INFO:--------Creating Events--------
[2019-04-14 00:00:06,139]INFO:No events to create in this period
[2019-04-14 00:00:06,140]INFO:########Scanning Period Ends########
[2019-04-14 00:10:05,503]INFO:########Scanning Period Starts########
[2019-04-14 00:10:05,504]INFO:--------Reading Emails--------
[2019-04-14 00:10:06,796]INFO:Successfully fetched 0 emails
[2019-04-14 00:10:06,804]INFO:0 appointment(s) scraped from 0 email(s) in this period
[2019-04-14 00:10:06,806]INFO:--------Creating Events--------
[2019-04-14 00:10:06,806]INFO:No events to create in this period
[2019-04-14 00:10:06,807]INFO:########Scanning Period Ends########
[2019-04-14 00:20:05,186]INFO:########Scanning Period Starts########
[2019-04-14 00:20:05,186]INFO:--------Reading Emails--------
[2019-04-14 00:20:06,375]INFO:Successfully fetched 0 emails
[2019-04-14 00:20:06,379]INFO:0 appointment(s) scraped from 0 email(s) in this period
[2019-04-14 00:20:06,379]INFO:--------Creating Events--------
[2019-04-14 00:20:06,380]INFO:No events to create in this period
[2019-04-14 00:20:06,381]INFO:########Scanning Period Ends########
[2019-04-14 00:30:05,660]INFO:########Scanning Period Starts########
[2019-04-14 00:30:05,661]INFO:--------Reading Emails--------
[2019-04-14 00:30:06,737]INFO:Successfully fetched 0 emails
[2019-04-14 00:30:06,741]INFO:0 appointment(s) scraped from 0 email(s) in this period
[2019-04-14 00:30:06,741]INFO:--------Creating Events--------
[2019-04-14 00:30:06,742]INFO:No events to create in this period
[2019-04-14 00:30:06,743]INFO:########Scanning Period Ends########
[2019-04-14 00:40:05,060]INFO:########Scanning Period Starts########
[2019-04-14 00:40:05,061]INFO:--------Reading Emails--------
[2019-04-14 00:40:06,035]INFO:Successfully fetched 0 emails
[2019-04-14 00:40:06,038]INFO:0 appointment(s) scraped from 0 email(s) in this period
[2019-04-14 00:40:06,039]INFO:--------Creating Events--------
[2019-04-14 00:40:06,040]INFO:No events to create in this period
[2019-04-14 00:40:06,040]INFO:########Scanning Period Ends########
[2019-04-14 00:50:05,378]INFO:########Scanning Period Starts########
[2019-04-14 00:50:05,378]INFO:--------Reading Emails--------
[2019-04-14 00:50:06,483]INFO:Successfully fetched 0 emails
[2019-04-14 00:50:06,486]INFO:0 appointment(s) scraped from 0 email(s) in this period
[2019-04-14 00:50:06,487]INFO:--------Creating Events--------
[2019-04-14 00:50:06,487]INFO:No events to create in this period
[2019-04-14 00:50:06,488]INFO:########Scanning Period Ends########
[2019-04-14 01:00:05,788]INFO:########Scanning Period Starts########
[2019-04-14 01:00:05,789]INFO:--------Reading Emails--------
[2019-04-14 01:00:07,250]INFO:Successfully fetched 0 emails
[2019-04-14 01:00:07,253]INFO:0 appointment(s) scraped from 0 email(s) in this period
[2019-04-14 01:00:07,258]INFO:--------Creating Events--------
[2019-04-14 01:00:07,259]INFO:No events to create in this period
[2019-04-14 01:00:07,259]INFO:########Scanning Period Ends########
[2019-04-14 01:10:05,629]INFO:########Scanning Period Starts########
[2019-04-14 01:10:05,629]INFO:--------Reading Emails--------
[2019-04-14 01:10:06,848]INFO:Successfully fetched 0 emails
[2019-04-14 01:10:06,857]INFO:0 appointment(s) scraped from 0 email(s) in this period
[2019-04-14 01:10:06,858]INFO:--------Creating Events--------
[2019-04-14 01:10:06,859]INFO:No events to create in this period
[2019-04-14 01:10:06,859]INFO:########Scanning Period Ends########
[2019-04-14 01:20:05,246]INFO:########Scanning Period Starts########
[2019-04-14 01:20:05,247]INFO:--------Reading Emails--------
[2019-04-14 01:20:06,562]INFO:Successfully fetched 0 emails
[2019-04-14 01:20:06,565]INFO:0 appointment(s) scraped from 0 email(s) in this period
[2019-04-14 01:20:06,575]INFO:--------Creating Events--------
[2019-04-14 01:20:06,576]INFO:No events to create in this period
[2019-04-14 01:20:06,576]INFO:########Scanning Period Ends########
[2019-04-14 01:30:04,909]INFO:########Scanning Period Starts########
[2019-04-14 01:30:04,909]INFO:--------Reading Emails--------
[2019-04-14 01:30:06,049]INFO:Successfully fetched 0 emails
[2019-04-14 01:30:06,052]INFO:0 appointment(s) scraped from 0 email(s) in this period
[2019-04-14 01:30:06,053]INFO:--------Creating Events--------
[2019-04-14 01:30:06,054]INFO:No events to create in this period
[2019-04-14 01:30:06,054]INFO:########Scanning Period Ends########
[2019-04-14 01:40:05,382]INFO:########Scanning Period Starts########
[2019-04-14 01:40:05,383]INFO:--------Reading Emails--------
[2019-04-14 01:40:06,381]INFO:Successfully fetched 0 emails
[2019-04-14 01:40:06,385]INFO:0 appointment(s) scraped from 0 email(s) in this period
[2019-04-14 01:40:06,385]INFO:--------Creating Events--------
[2019-04-14 01:40:06,386]INFO:No events to create in this period
[2019-04-14 01:40:06,386]INFO:########Scanning Period Ends########
[2019-04-14 01:50:05,660]INFO:########Scanning Period Starts########
[2019-04-14 01:50:05,660]INFO:--------Reading Emails--------
[2019-04-14 01:50:06,885]INFO:Successfully fetched 0 emails
[2019-04-14 01:50:06,888]INFO:0 appointment(s) scraped from 0 email(s) in this period
[2019-04-14 01:50:06,898]INFO:--------Creating Events--------
[2019-04-14 01:50:06,898]INFO:No events to create in this period
[2019-04-14 01:50:06,899]INFO:########Scanning Period Ends########
[2019-04-14 02:00:05,212]INFO:########Scanning Period Starts########
[2019-04-14 02:00:05,212]INFO:--------Reading Emails--------
[2019-04-14 02:00:06,937]INFO:Successfully fetched 0 emails
[2019-04-14 02:00:06,940]INFO:0 appointment(s) scraped from 0 email(s) in this period
[2019-04-14 02:00:06,950]INFO:--------Creating Events--------
[2019-04-14 02:00:06,950]INFO:No events to create in this period
[2019-04-14 02:00:06,951]INFO:########Scanning Period Ends########
[2019-04-14 02:10:05,261]INFO:########Scanning Period Starts########
[2019-04-14 02:10:05,261]INFO:--------Reading Emails--------
[2019-04-14 02:10:06,663]INFO:Successfully fetched 0 emails
[2019-04-14 02:10:06,667]INFO:0 appointment(s) scraped from 0 email(s) in this period
[2019-04-14 02:10:06,676]INFO:--------Creating Events--------
[2019-04-14 02:10:06,677]INFO:No events to create in this period
[2019-04-14 02:10:06,678]INFO:########Scanning Period Ends########
[2019-04-14 02:20:05,089]INFO:########Scanning Period Starts########
[2019-04-14 02:20:05,089]INFO:--------Reading Emails--------
[2019-04-14 02:20:06,082]INFO:Successfully fetched 0 emails
[2019-04-14 02:20:06,085]INFO:0 appointment(s) scraped from 0 email(s) in this period
[2019-04-14 02:20:06,086]INFO:--------Creating Events--------
[2019-04-14 02:20:06,087]INFO:No events to create in this period
[2019-04-14 02:20:06,087]INFO:########Scanning Period Ends########
[2019-04-14 02:30:05,411]INFO:########Scanning Period Starts########
[2019-04-14 02:30:05,412]INFO:--------Reading Emails--------
[2019-04-14 02:30:06,734]INFO:Successfully fetched 0 emails
[2019-04-14 02:30:06,737]INFO:0 appointment(s) scraped from 0 email(s) in this period
[2019-04-14 02:30:06,747]INFO:--------Creating Events--------
[2019-04-14 02:30:06,747]INFO:No events to create in this period
[2019-04-14 02:30:06,748]INFO:########Scanning Period Ends########
[2019-04-14 02:40:05,059]INFO:########Scanning Period Starts########
[2019-04-14 02:40:05,059]INFO:--------Reading Emails--------
[2019-04-14 02:40:06,414]INFO:Successfully fetched 0 emails
[2019-04-14 02:40:06,418]INFO:0 appointment(s) scraped from 0 email(s) in this period
[2019-04-14 02:40:06,427]INFO:--------Creating Events--------
[2019-04-14 02:40:06,428]INFO:No events to create in this period
[2019-04-14 02:40:06,429]INFO:########Scanning Period Ends########
[2019-04-14 02:50:05,700]INFO:########Scanning Period Starts########
[2019-04-14 02:50:05,701]INFO:--------Reading Emails--------
[2019-04-14 02:50:06,734]INFO:Successfully fetched 0 emails
[2019-04-14 02:50:06,738]INFO:0 appointment(s) scraped from 0 email(s) in this period
[2019-04-14 02:50:06,739]INFO:--------Creating Events--------
[2019-04-14 02:50:06,739]INFO:No events to create in this period
[2019-04-14 02:50:06,740]INFO:########Scanning Period Ends########
[2019-04-14 03:00:05,063]INFO:########Scanning Period Starts########
[2019-04-14 03:00:05,063]INFO:--------Reading Emails--------
[2019-04-14 03:00:06,020]INFO:Successfully fetched 0 emails
[2019-04-14 03:00:06,023]INFO:0 appointment(s) scraped from 0 email(s) in this period
[2019-04-14 03:00:06,024]INFO:--------Creating Events--------
[2019-04-14 03:00:06,025]INFO:No events to create in this period
[2019-04-14 03:00:06,025]INFO:########Scanning Period Ends########
[2019-04-14 03:10:05,308]INFO:########Scanning Period Starts########
[2019-04-14 03:10:05,309]INFO:--------Reading Emails--------
[2019-04-14 03:10:06,163]INFO:Successfully fetched 0 emails
[2019-04-14 03:10:06,167]INFO:0 appointment(s) scraped from 0 email(s) in this period
[2019-04-14 03:10:06,167]INFO:--------Creating Events--------
[2019-04-14 03:10:06,168]INFO:No events to create in this period
[2019-04-14 03:10:06,169]INFO:########Scanning Period Ends########
[2019-04-14 03:20:05,596]INFO:########Scanning Period Starts########
[2019-04-14 03:20:05,596]INFO:--------Reading Emails--------
[2019-04-14 03:20:07,305]INFO:Successfully fetched 0 emails
[2019-04-14 03:20:07,308]INFO:0 appointment(s) scraped from 0 email(s) in this period
[2019-04-14 03:20:07,313]INFO:--------Creating Events--------
[2019-04-14 03:20:07,314]INFO:No events to create in this period
[2019-04-14 03:20:07,315]INFO:########Scanning Period Ends########
[2019-04-14 03:30:05,651]INFO:########Scanning Period Starts########
[2019-04-14 03:30:05,651]INFO:--------Reading Emails--------
[2019-04-14 03:30:06,583]INFO:Successfully fetched 0 emails
[2019-04-14 03:30:06,586]INFO:0 appointment(s) scraped from 0 email(s) in this period
[2019-04-14 03:30:06,587]INFO:--------Creating Events--------
[2019-04-14 03:30:06,587]INFO:No events to create in this period
[2019-04-14 03:30:06,588]INFO:########Scanning Period Ends########
[2019-04-14 03:40:04,919]INFO:########Scanning Period Starts########
[2019-04-14 03:40:04,920]INFO:--------Reading Emails--------
[2019-04-14 03:40:06,171]INFO:Successfully fetched 0 emails
[2019-04-14 03:40:06,174]INFO:0 appointment(s) scraped from 0 email(s) in this period
[2019-04-14 03:40:06,184]INFO:--------Creating Events--------
[2019-04-14 03:40:06,184]INFO:No events to create in this period
[2019-04-14 03:40:06,185]INFO:########Scanning Period Ends########
[2019-04-14 03:50:05,538]INFO:########Scanning Period Starts########
[2019-04-14 03:50:05,539]INFO:--------Reading Emails--------
[2019-04-14 03:50:06,621]INFO:Successfully fetched 0 emails
[2019-04-14 03:50:06,624]INFO:0 appointment(s) scraped from 0 email(s) in this period
[2019-04-14 03:50:06,625]INFO:--------Creating Events--------
[2019-04-14 03:50:06,626]INFO:No events to create in this period
[2019-04-14 03:50:06,626]INFO:########Scanning Period Ends########
[2019-04-14 04:00:04,919]INFO:########Scanning Period Starts########
[2019-04-14 04:00:04,920]INFO:--------Reading Emails--------
[2019-04-14 04:00:05,873]INFO:Successfully fetched 0 emails
[2019-04-14 04:00:05,876]INFO:0 appointment(s) scraped from 0 email(s) in this period
[2019-04-14 04:00:05,877]INFO:--------Creating Events--------
[2019-04-14 04:00:05,877]INFO:No events to create in this period
[2019-04-14 04:00:05,878]INFO:########Scanning Period Ends########
[2019-04-14 04:10:05,185]INFO:########Scanning Period Starts########
[2019-04-14 04:10:05,186]INFO:--------Reading Emails--------
[2019-04-14 04:10:06,292]INFO:Successfully fetched 0 emails
[2019-04-14 04:10:06,296]INFO:0 appointment(s) scraped from 0 email(s) in this period
[2019-04-14 04:10:06,296]INFO:--------Creating Events--------
[2019-04-14 04:10:06,297]INFO:No events to create in this period
[2019-04-14 04:10:06,297]INFO:########Scanning Period Ends########
[2019-04-14 04:20:05,690]INFO:########Scanning Period Starts########
[2019-04-14 04:20:05,690]INFO:--------Reading Emails--------
[2019-04-14 04:20:06,704]INFO:Successfully fetched 0 emails
[2019-04-14 04:20:06,707]INFO:0 appointment(s) scraped from 0 email(s) in this period
[2019-04-14 04:20:06,708]INFO:--------Creating Events--------
[2019-04-14 04:20:06,709]INFO:No events to create in this period
[2019-04-14 04:20:06,709]INFO:########Scanning Period Ends########
[2019-04-14 04:30:05,026]INFO:########Scanning Period Starts########
[2019-04-14 04:30:05,026]INFO:--------Reading Emails--------
[2019-04-14 04:30:06,315]INFO:Successfully fetched 0 emails
[2019-04-14 04:30:06,318]INFO:0 appointment(s) scraped from 0 email(s) in this period
[2019-04-14 04:30:06,327]INFO:--------Creating Events--------
[2019-04-14 04:30:06,328]INFO:No events to create in this period
[2019-04-14 04:30:06,329]INFO:########Scanning Period Ends########
[2019-04-14 04:40:05,650]INFO:########Scanning Period Starts########
[2019-04-14 04:40:05,650]INFO:--------Reading Emails--------
[2019-04-14 04:40:06,634]INFO:Successfully fetched 0 emails
[2019-04-14 04:40:06,637]INFO:0 appointment(s) scraped from 0 email(s) in this period
[2019-04-14 04:40:06,638]INFO:--------Creating Events--------
[2019-04-14 04:40:06,639]INFO:No events to create in this period
[2019-04-14 04:40:06,639]INFO:########Scanning Period Ends########
[2019-04-14 04:50:04,954]INFO:########Scanning Period Starts########
[2019-04-14 04:50:04,955]INFO:--------Reading Emails--------
[2019-04-14 04:50:05,825]INFO:Successfully fetched 0 emails
[2019-04-14 04:50:05,828]INFO:0 appointment(s) scraped from 0 email(s) in this period
[2019-04-14 04:50:05,829]INFO:--------Creating Events--------
[2019-04-14 04:50:05,829]INFO:No events to create in this period
[2019-04-14 04:50:05,830]INFO:########Scanning Period Ends########
[2019-04-14 05:00:05,125]INFO:########Scanning Period Starts########
[2019-04-14 05:00:05,125]INFO:--------Reading Emails--------
[2019-04-14 05:00:06,132]INFO:Successfully fetched 0 emails
[2019-04-14 05:00:06,135]INFO:0 appointment(s) scraped from 0 email(s) in this period
[2019-04-14 05:00:06,136]INFO:--------Creating Events--------
[2019-04-14 05:00:06,137]INFO:No events to create in this period
[2019-04-14 05:00:06,137]INFO:########Scanning Period Ends########
[2019-04-14 05:10:05,464]INFO:########Scanning Period Starts########
[2019-04-14 05:10:05,464]INFO:--------Reading Emails--------
[2019-04-14 05:10:06,734]INFO:Successfully fetched 0 emails
[2019-04-14 05:10:06,737]INFO:0 appointment(s) scraped from 0 email(s) in this period
[2019-04-14 05:10:06,742]INFO:--------Creating Events--------
[2019-04-14 05:10:06,743]INFO:No events to create in this period
[2019-04-14 05:10:06,744]INFO:########Scanning Period Ends########
[2019-04-14 05:20:05,162]INFO:########Scanning Period Starts########
[2019-04-14 05:20:05,162]INFO:--------Reading Emails--------
[2019-04-14 05:20:06,237]INFO:Successfully fetched 0 emails
[2019-04-14 05:20:06,241]INFO:0 appointment(s) scraped from 0 email(s) in this period
[2019-04-14 05:20:06,241]INFO:--------Creating Events--------
[2019-04-14 05:20:06,242]INFO:No events to create in this period
[2019-04-14 05:20:06,243]INFO:########Scanning Period Ends########
[2019-04-14 05:30:05,556]INFO:########Scanning Period Starts########
[2019-04-14 05:30:05,556]INFO:--------Reading Emails--------
[2019-04-14 05:30:06,744]INFO:Successfully fetched 0 emails
[2019-04-14 05:30:06,747]INFO:0 appointment(s) scraped from 0 email(s) in this period
[2019-04-14 05:30:06,748]INFO:--------Creating Events--------
[2019-04-14 05:30:06,749]INFO:No events to create in this period
[2019-04-14 05:30:06,749]INFO:########Scanning Period Ends########
[2019-04-14 05:40:05,051]INFO:########Scanning Period Starts########
[2019-04-14 05:40:05,052]INFO:--------Reading Emails--------
[2019-04-14 05:40:06,093]INFO:Successfully fetched 0 emails
[2019-04-14 05:40:06,097]INFO:0 appointment(s) scraped from 0 email(s) in this period
[2019-04-14 05:40:06,097]INFO:--------Creating Events--------
[2019-04-14 05:40:06,098]INFO:No events to create in this period
[2019-04-14 05:40:06,098]INFO:########Scanning Period Ends########
[2019-04-14 05:50:05,398]INFO:########Scanning Period Starts########
[2019-04-14 05:50:05,398]INFO:--------Reading Emails--------
[2019-04-14 05:50:06,409]INFO:Successfully fetched 0 emails
[2019-04-14 05:50:06,413]INFO:0 appointment(s) scraped from 0 email(s) in this period
[2019-04-14 05:50:06,413]INFO:--------Creating Events--------
[2019-04-14 05:50:06,414]INFO:No events to create in this period
[2019-04-14 05:50:06,414]INFO:########Scanning Period Ends########
[2019-04-14 06:00:05,724]INFO:########Scanning Period Starts########
[2019-04-14 06:00:05,724]INFO:--------Reading Emails--------
[2019-04-14 06:00:06,601]INFO:Successfully fetched 0 emails
[2019-04-14 06:00:06,604]INFO:0 appointment(s) scraped from 0 email(s) in this period
[2019-04-14 06:00:06,605]INFO:--------Creating Events--------
[2019-04-14 06:00:06,606]INFO:No events to create in this period
[2019-04-14 06:00:06,606]INFO:########Scanning Period Ends########
[2019-04-14 06:10:04,896]INFO:########Scanning Period Starts########
[2019-04-14 06:10:04,897]INFO:--------Reading Emails--------
[2019-04-14 06:10:06,081]INFO:Successfully fetched 0 emails
[2019-04-14 06:10:06,084]INFO:0 appointment(s) scraped from 0 email(s) in this period
[2019-04-14 06:10:06,085]INFO:--------Creating Events--------
[2019-04-14 06:10:06,085]INFO:No events to create in this period
[2019-04-14 06:10:06,086]INFO:########Scanning Period Ends########
[2019-04-14 06:20:05,445]INFO:########Scanning Period Starts########
[2019-04-14 06:20:05,446]INFO:--------Reading Emails--------
[2019-04-14 06:20:06,634]INFO:Successfully fetched 0 emails
[2019-04-14 06:20:06,637]INFO:0 appointment(s) scraped from 0 email(s) in this period
[2019-04-14 06:20:06,638]INFO:--------Creating Events--------
[2019-04-14 06:20:06,639]INFO:No events to create in this period
[2019-04-14 06:20:06,639]INFO:########Scanning Period Ends########
[2019-04-14 06:30:04,971]INFO:########Scanning Period Starts########
[2019-04-14 06:30:04,972]INFO:--------Reading Emails--------
[2019-04-14 06:30:06,453]INFO:Successfully fetched 0 emails
[2019-04-14 06:30:06,456]INFO:0 appointment(s) scraped from 0 email(s) in this period
[2019-04-14 06:30:06,461]INFO:--------Creating Events--------
[2019-04-14 06:30:06,462]INFO:No events to create in this period
[2019-04-14 06:30:06,462]INFO:########Scanning Period Ends########
[2019-04-14 06:40:05,763]INFO:########Scanning Period Starts########
[2019-04-14 06:40:05,764]INFO:--------Reading Emails--------
[2019-04-14 06:40:07,061]INFO:Successfully fetched 0 emails
[2019-04-14 06:40:07,070]INFO:0 appointment(s) scraped from 0 email(s) in this period
[2019-04-14 06:40:07,071]INFO:--------Creating Events--------
[2019-04-14 06:40:07,072]INFO:No events to create in this period
[2019-04-14 06:40:07,072]INFO:########Scanning Period Ends########
[2019-04-14 06:50:05,428]INFO:########Scanning Period Starts########
[2019-04-14 06:50:05,429]INFO:--------Reading Emails--------
[2019-04-14 06:50:06,416]INFO:Successfully fetched 0 emails
[2019-04-14 06:50:06,419]INFO:0 appointment(s) scraped from 0 email(s) in this period
[2019-04-14 06:50:06,420]INFO:--------Creating Events--------
[2019-04-14 06:50:06,420]INFO:No events to create in this period
[2019-04-14 06:50:06,421]INFO:########Scanning Period Ends########
[2019-04-14 07:00:05,673]INFO:########Scanning Period Starts########
[2019-04-14 07:00:05,674]INFO:--------Reading Emails--------
[2019-04-14 07:00:06,842]INFO:Successfully fetched 0 emails
[2019-04-14 07:00:06,845]INFO:0 appointment(s) scraped from 0 email(s) in this period
[2019-04-14 07:00:06,846]INFO:--------Creating Events--------
[2019-04-14 07:00:06,846]INFO:No events to create in this period
[2019-04-14 07:00:06,847]INFO:########Scanning Period Ends########
[2019-04-14 07:10:05,125]INFO:########Scanning Period Starts########
[2019-04-14 07:10:05,126]INFO:--------Reading Emails--------
[2019-04-14 07:10:06,187]INFO:Successfully fetched 0 emails
[2019-04-14 07:10:06,191]INFO:0 appointment(s) scraped from 0 email(s) in this period
[2019-04-14 07:10:06,191]INFO:--------Creating Events--------
[2019-04-14 07:10:06,192]INFO:No events to create in this period
[2019-04-14 07:10:06,193]INFO:########Scanning Period Ends########
[2019-04-14 07:20:05,572]INFO:########Scanning Period Starts########
[2019-04-14 07:20:05,573]INFO:--------Reading Emails--------
[2019-04-14 07:20:06,812]INFO:Successfully fetched 0 emails
[2019-04-14 07:20:06,815]INFO:0 appointment(s) scraped from 0 email(s) in this period
[2019-04-14 07:20:06,825]INFO:--------Creating Events--------
[2019-04-14 07:20:06,825]INFO:No events to create in this period
[2019-04-14 07:20:06,826]INFO:########Scanning Period Ends########
[2019-04-14 07:30:05,131]INFO:########Scanning Period Starts########
[2019-04-14 07:30:05,132]INFO:--------Reading Emails--------
[2019-04-14 07:30:06,086]INFO:Successfully fetched 0 emails
[2019-04-14 07:30:06,090]INFO:0 appointment(s) scraped from 0 email(s) in this period
[2019-04-14 07:30:06,091]INFO:--------Creating Events--------
[2019-04-14 07:30:06,091]INFO:No events to create in this period
[2019-04-14 07:30:06,092]INFO:########Scanning Period Ends########
[2019-04-14 07:40:05,399]INFO:########Scanning Period Starts########
[2019-04-14 07:40:05,399]INFO:--------Reading Emails--------
[2019-04-14 07:40:06,444]INFO:Successfully fetched 0 emails
[2019-04-14 07:40:06,447]INFO:0 appointment(s) scraped from 0 email(s) in this period
[2019-04-14 07:40:06,448]INFO:--------Creating Events--------
[2019-04-14 07:40:06,448]INFO:No events to create in this period
[2019-04-14 07:40:06,449]INFO:########Scanning Period Ends########
[2019-04-14 07:50:05,774]INFO:########Scanning Period Starts########
[2019-04-14 07:50:05,775]INFO:--------Reading Emails--------
[2019-04-14 07:50:07,009]INFO:Successfully fetched 0 emails
[2019-04-14 07:50:07,013]INFO:0 appointment(s) scraped from 0 email(s) in this period
[2019-04-14 07:50:07,018]INFO:--------Creating Events--------
[2019-04-14 07:50:07,018]INFO:No events to create in this period
[2019-04-14 07:50:07,019]INFO:########Scanning Period Ends########
[2019-04-14 08:00:05,376]INFO:########Scanning Period Starts########
[2019-04-14 08:00:05,376]INFO:--------Reading Emails--------
[2019-04-14 08:00:06,666]INFO:Successfully fetched 0 emails
[2019-04-14 08:00:06,679]INFO:0 appointment(s) scraped from 0 email(s) in this period
[2019-04-14 08:00:06,681]INFO:--------Creating Events--------
[2019-04-14 08:00:06,681]INFO:No events to create in this period
[2019-04-14 08:00:06,682]INFO:########Scanning Period Ends########
[2019-04-14 08:10:04,984]INFO:########Scanning Period Starts########
[2019-04-14 08:10:04,985]INFO:--------Reading Emails--------
[2019-04-14 08:10:06,105]INFO:Successfully fetched 0 emails
[2019-04-14 08:10:06,109]INFO:0 appointment(s) scraped from 0 email(s) in this period
[2019-04-14 08:10:06,110]INFO:--------Creating Events--------
[2019-04-14 08:10:06,110]INFO:No events to create in this period
[2019-04-14 08:10:06,111]INFO:########Scanning Period Ends########
[2019-04-14 08:20:05,495]INFO:########Scanning Period Starts########
[2019-04-14 08:20:05,496]INFO:--------Reading Emails--------
[2019-04-14 08:20:06,355]INFO:Successfully fetched 0 emails
[2019-04-14 08:20:06,358]INFO:0 appointment(s) scraped from 0 email(s) in this period
[2019-04-14 08:20:06,359]INFO:--------Creating Events--------
[2019-04-14 08:20:06,360]INFO:No events to create in this period
[2019-04-14 08:20:06,360]INFO:########Scanning Period Ends########
[2019-04-14 08:30:05,758]INFO:########Scanning Period Starts########
[2019-04-14 08:30:05,759]INFO:--------Reading Emails--------
[2019-04-14 08:30:06,875]INFO:Successfully fetched 0 emails
[2019-04-14 08:30:06,879]INFO:0 appointment(s) scraped from 0 email(s) in this period
[2019-04-14 08:30:06,885]INFO:--------Creating Events--------
[2019-04-14 08:30:06,885]INFO:No events to create in this period
[2019-04-14 08:30:06,886]INFO:########Scanning Period Ends########
[2019-04-14 08:40:05,212]INFO:########Scanning Period Starts########
[2019-04-14 08:40:05,212]INFO:--------Reading Emails--------
[2019-04-14 08:40:06,316]INFO:Successfully fetched 0 emails
[2019-04-14 08:40:06,319]INFO:0 appointment(s) scraped from 0 email(s) in this period
[2019-04-14 08:40:06,320]INFO:--------Creating Events--------
[2019-04-14 08:40:06,320]INFO:No events to create in this period
[2019-04-14 08:40:06,321]INFO:########Scanning Period Ends########
[2019-04-14 08:50:05,595]INFO:########Scanning Period Starts########
[2019-04-14 08:50:05,596]INFO:--------Reading Emails--------
[2019-04-14 08:50:06,814]INFO:Successfully fetched 0 emails
[2019-04-14 08:50:06,818]INFO:0 appointment(s) scraped from 0 email(s) in this period
[2019-04-14 08:50:06,822]INFO:--------Creating Events--------
[2019-04-14 08:50:06,823]INFO:No events to create in this period
[2019-04-14 08:50:06,824]INFO:########Scanning Period Ends########
[2019-04-14 09:00:05,140]INFO:########Scanning Period Starts########
[2019-04-14 09:00:05,141]INFO:--------Reading Emails--------
[2019-04-14 09:00:06,330]INFO:Successfully fetched 0 emails
[2019-04-14 09:00:06,333]INFO:0 appointment(s) scraped from 0 email(s) in this period
[2019-04-14 09:00:06,343]INFO:--------Creating Events--------
[2019-04-14 09:00:06,344]INFO:No events to create in this period
[2019-04-14 09:00:06,344]INFO:########Scanning Period Ends########
[2019-04-14 09:10:05,625]INFO:########Scanning Period Starts########
[2019-04-14 09:10:05,626]INFO:--------Reading Emails--------
[2019-04-14 09:10:06,920]INFO:Successfully fetched 0 emails
[2019-04-14 09:10:06,923]INFO:0 appointment(s) scraped from 0 email(s) in this period
[2019-04-14 09:10:06,933]INFO:--------Creating Events--------
[2019-04-14 09:10:06,933]INFO:No events to create in this period
[2019-04-14 09:10:06,934]INFO:########Scanning Period Ends########
[2019-04-14 09:20:05,327]INFO:########Scanning Period Starts########
[2019-04-14 09:20:05,327]INFO:--------Reading Emails--------
[2019-04-14 09:20:06,556]INFO:Successfully fetched 0 emails
[2019-04-14 09:20:06,559]INFO:0 appointment(s) scraped from 0 email(s) in this period
[2019-04-14 09:20:06,564]INFO:--------Creating Events--------
[2019-04-14 09:20:06,565]INFO:No events to create in this period
[2019-04-14 09:20:06,566]INFO:########Scanning Period Ends########
[2019-04-14 09:30:04,881]INFO:########Scanning Period Starts########
[2019-04-14 09:30:04,882]INFO:--------Reading Emails--------
[2019-04-14 09:30:07,500]INFO:Successfully fetched 0 emails
[2019-04-14 09:30:07,503]INFO:0 appointment(s) scraped from 0 email(s) in this period
[2019-04-14 09:30:07,504]INFO:--------Creating Events--------
[2019-04-14 09:30:07,504]INFO:No events to create in this period
[2019-04-14 09:30:07,505]INFO:########Scanning Period Ends########
[2019-04-14 09:40:04,785]INFO:########Scanning Period Starts########
[2019-04-14 09:40:04,786]INFO:--------Reading Emails--------
[2019-04-14 09:40:08,312]INFO:Successfully fetched 0 emails
[2019-04-14 09:40:08,316]INFO:0 appointment(s) scraped from 0 email(s) in this period
[2019-04-14 09:40:08,317]INFO:--------Creating Events--------
[2019-04-14 09:40:08,317]INFO:No events to create in this period
[2019-04-14 09:40:08,318]INFO:########Scanning Period Ends########
[2019-04-14 09:50:05,615]INFO:########Scanning Period Starts########
[2019-04-14 09:50:05,615]INFO:--------Reading Emails--------
[2019-04-14 09:50:08,500]INFO:Successfully fetched 0 emails
[2019-04-14 09:50:08,503]INFO:0 appointment(s) scraped from 0 email(s) in this period
[2019-04-14 09:50:08,504]INFO:--------Creating Events--------
[2019-04-14 09:50:08,505]INFO:No events to create in this period
[2019-04-14 09:50:08,505]INFO:########Scanning Period Ends########
[2019-04-14 10:00:04,786]INFO:########Scanning Period Starts########
[2019-04-14 10:00:04,787]INFO:--------Reading Emails--------
[2019-04-14 10:00:06,015]INFO:Successfully fetched 0 emails
[2019-04-14 10:00:06,018]INFO:0 appointment(s) scraped from 0 email(s) in this period
[2019-04-14 10:00:06,023]INFO:--------Creating Events--------
[2019-04-14 10:00:06,024]INFO:No events to create in this period
[2019-04-14 10:00:06,025]INFO:########Scanning Period Ends########
[2019-04-14 10:10:05,358]INFO:########Scanning Period Starts########
[2019-04-14 10:10:05,358]INFO:--------Reading Emails--------
[2019-04-14 10:10:06,534]INFO:Successfully fetched 0 emails
[2019-04-14 10:10:06,537]INFO:0 appointment(s) scraped from 0 email(s) in this period
[2019-04-14 10:10:06,547]INFO:--------Creating Events--------
[2019-04-14 10:10:06,548]INFO:No events to create in this period
[2019-04-14 10:10:06,549]INFO:########Scanning Period Ends########
[2019-04-14 10:20:04,929]INFO:########Scanning Period Starts########
[2019-04-14 10:20:04,930]INFO:--------Reading Emails--------
[2019-04-14 10:20:06,047]INFO:Successfully fetched 0 emails
[2019-04-14 10:20:06,050]INFO:0 appointment(s) scraped from 0 email(s) in this period
[2019-04-14 10:20:06,051]INFO:--------Creating Events--------
[2019-04-14 10:20:06,052]INFO:No events to create in this period
[2019-04-14 10:20:06,052]INFO:########Scanning Period Ends########
[2019-04-14 10:30:05,384]INFO:########Scanning Period Starts########
[2019-04-14 10:30:05,385]INFO:--------Reading Emails--------
[2019-04-14 10:30:07,011]INFO:Successfully fetched 0 emails
[2019-04-14 10:30:07,014]INFO:0 appointment(s) scraped from 0 email(s) in this period
[2019-04-14 10:30:07,023]INFO:--------Creating Events--------
[2019-04-14 10:30:07,024]INFO:No events to create in this period
[2019-04-14 10:30:07,024]INFO:########Scanning Period Ends########
[2019-04-14 10:40:05,297]INFO:########Scanning Period Starts########
[2019-04-14 10:40:05,297]INFO:--------Reading Emails--------
[2019-04-14 10:40:06,552]INFO:Successfully fetched 0 emails
[2019-04-14 10:40:06,555]INFO:0 appointment(s) scraped from 0 email(s) in this period
[2019-04-14 10:40:06,560]INFO:--------Creating Events--------
[2019-04-14 10:40:06,561]INFO:No events to create in this period
[2019-04-14 10:40:06,562]INFO:########Scanning Period Ends########
[2019-04-14 10:50:04,869]INFO:########Scanning Period Starts########
[2019-04-14 10:50:04,869]INFO:--------Reading Emails--------
[2019-04-14 10:50:06,674]INFO:Successfully fetched 0 emails
[2019-04-14 10:50:06,677]INFO:0 appointment(s) scraped from 0 email(s) in this period
[2019-04-14 10:50:06,678]INFO:--------Creating Events--------
[2019-04-14 10:50:06,678]INFO:No events to create in this period
[2019-04-14 10:50:06,679]INFO:########Scanning Period Ends########
[2019-04-14 11:00:04,975]INFO:########Scanning Period Starts########
[2019-04-14 11:00:04,976]INFO:--------Reading Emails--------
[2019-04-14 11:00:06,172]INFO:Successfully fetched 0 emails
[2019-04-14 11:00:06,175]INFO:0 appointment(s) scraped from 0 email(s) in this period
[2019-04-14 11:00:06,176]INFO:--------Creating Events--------
[2019-04-14 11:00:06,177]INFO:No events to create in this period
[2019-04-14 11:00:06,177]INFO:########Scanning Period Ends########
[2019-04-14 11:10:05,505]INFO:########Scanning Period Starts########
[2019-04-14 11:10:05,505]INFO:--------Reading Emails--------
[2019-04-14 11:10:07,045]INFO:Successfully fetched 0 emails
[2019-04-14 11:10:07,049]INFO:0 appointment(s) scraped from 0 email(s) in this period
[2019-04-14 11:10:07,058]INFO:--------Creating Events--------
[2019-04-14 11:10:07,059]INFO:No events to create in this period
[2019-04-14 11:10:07,060]INFO:########Scanning Period Ends########
[2019-04-14 11:20:05,460]INFO:########Scanning Period Starts########
[2019-04-14 11:20:05,461]INFO:--------Reading Emails--------
[2019-04-14 11:20:06,373]INFO:Successfully fetched 0 emails
[2019-04-14 11:20:06,376]INFO:0 appointment(s) scraped from 0 email(s) in this period
[2019-04-14 11:20:06,377]INFO:--------Creating Events--------
[2019-04-14 11:20:06,378]INFO:No events to create in this period
[2019-04-14 11:20:06,378]INFO:########Scanning Period Ends########
[2019-04-14 11:30:05,674]INFO:########Scanning Period Starts########
[2019-04-14 11:30:05,675]INFO:--------Reading Emails--------
[2019-04-14 11:30:06,532]INFO:Successfully fetched 0 emails
[2019-04-14 11:30:06,535]INFO:0 appointment(s) scraped from 0 email(s) in this period
[2019-04-14 11:30:06,536]INFO:--------Creating Events--------
[2019-04-14 11:30:06,537]INFO:No events to create in this period
[2019-04-14 11:30:06,537]INFO:########Scanning Period Ends########
[2019-04-14 11:40:04,914]INFO:########Scanning Period Starts########
[2019-04-14 11:40:04,914]INFO:--------Reading Emails--------
[2019-04-14 11:40:05,941]INFO:Successfully fetched 0 emails
[2019-04-14 11:40:05,945]INFO:0 appointment(s) scraped from 0 email(s) in this period
[2019-04-14 11:40:05,945]INFO:--------Creating Events--------
[2019-04-14 11:40:05,946]INFO:No events to create in this period
[2019-04-14 11:40:05,946]INFO:########Scanning Period Ends########
[2019-04-14 11:50:05,245]INFO:########Scanning Period Starts########
[2019-04-14 11:50:05,245]INFO:--------Reading Emails--------
[2019-04-14 11:50:06,331]INFO:Successfully fetched 0 emails
[2019-04-14 11:50:06,334]INFO:0 appointment(s) scraped from 0 email(s) in this period
[2019-04-14 11:50:06,335]INFO:--------Creating Events--------
[2019-04-14 11:50:06,336]INFO:No events to create in this period
[2019-04-14 11:50:06,336]INFO:########Scanning Period Ends########
[2019-04-14 12:00:05,621]INFO:########Scanning Period Starts########
[2019-04-14 12:00:05,621]INFO:--------Reading Emails--------
[2019-04-14 12:00:06,843]INFO:Successfully fetched 0 emails
[2019-04-14 12:00:06,846]INFO:0 appointment(s) scraped from 0 email(s) in this period
[2019-04-14 12:00:06,851]INFO:--------Creating Events--------
[2019-04-14 12:00:06,852]INFO:No events to create in this period
[2019-04-14 12:00:06,852]INFO:########Scanning Period Ends########
[2019-04-14 12:10:05,193]INFO:########Scanning Period Starts########
[2019-04-14 12:10:05,194]INFO:--------Reading Emails--------
[2019-04-14 12:10:07,186]INFO:Successfully fetched 0 emails
[2019-04-14 12:10:07,190]INFO:0 appointment(s) scraped from 0 email(s) in this period
[2019-04-14 12:10:07,190]INFO:--------Creating Events--------
[2019-04-14 12:10:07,191]INFO:No events to create in this period
[2019-04-14 12:10:07,191]INFO:########Scanning Period Ends########
[2019-04-14 12:20:05,582]INFO:########Scanning Period Starts########
[2019-04-14 12:20:05,583]INFO:--------Reading Emails--------
[2019-04-14 12:20:06,651]INFO:Successfully fetched 0 emails
[2019-04-14 12:20:06,655]INFO:0 appointment(s) scraped from 0 email(s) in this period
[2019-04-14 12:20:06,655]INFO:--------Creating Events--------
[2019-04-14 12:20:06,656]INFO:No events to create in this period
[2019-04-14 12:20:06,656]INFO:########Scanning Period Ends########
[2019-04-14 12:30:04,922]INFO:########Scanning Period Starts########
[2019-04-14 12:30:04,923]INFO:--------Reading Emails--------
[2019-04-14 12:30:06,834]INFO:Successfully fetched 0 emails
[2019-04-14 12:30:06,837]INFO:0 appointment(s) scraped from 0 email(s) in this period
[2019-04-14 12:30:06,838]INFO:--------Creating Events--------
[2019-04-14 12:30:06,839]INFO:No events to create in this period
[2019-04-14 12:30:06,839]INFO:########Scanning Period Ends########
[2019-04-14 12:40:05,114]INFO:########Scanning Period Starts########
[2019-04-14 12:40:05,115]INFO:--------Reading Emails--------
[2019-04-14 12:40:06,033]INFO:Successfully fetched 0 emails
[2019-04-14 12:40:06,036]INFO:0 appointment(s) scraped from 0 email(s) in this period
[2019-04-14 12:40:06,037]INFO:--------Creating Events--------
[2019-04-14 12:40:06,038]INFO:No events to create in this period
[2019-04-14 12:40:06,038]INFO:########Scanning Period Ends########
[2019-04-14 12:50:05,373]INFO:########Scanning Period Starts########
[2019-04-14 12:50:05,374]INFO:--------Reading Emails--------
[2019-04-14 12:50:06,432]INFO:Successfully fetched 0 emails
[2019-04-14 12:50:06,435]INFO:0 appointment(s) scraped from 0 email(s) in this period
[2019-04-14 12:50:06,436]INFO:--------Creating Events--------
[2019-04-14 12:50:06,436]INFO:No events to create in this period
[2019-04-14 12:50:06,437]INFO:########Scanning Period Ends########
[2019-04-14 13:00:05,747]INFO:########Scanning Period Starts########
[2019-04-14 13:00:05,748]INFO:--------Reading Emails--------
[2019-04-14 13:00:06,772]INFO:Successfully fetched 0 emails
[2019-04-14 13:00:06,775]INFO:0 appointment(s) scraped from 0 email(s) in this period
[2019-04-14 13:00:06,776]INFO:--------Creating Events--------
[2019-04-14 13:00:06,777]INFO:No events to create in this period
[2019-04-14 13:00:06,777]INFO:########Scanning Period Ends########
[2019-04-14 13:10:05,109]INFO:########Scanning Period Starts########
[2019-04-14 13:10:05,110]INFO:--------Reading Emails--------
[2019-04-14 13:10:05,867]INFO:Successfully fetched 0 emails
[2019-04-14 13:10:05,871]INFO:0 appointment(s) scraped from 0 email(s) in this period
[2019-04-14 13:10:05,872]INFO:--------Creating Events--------
[2019-04-14 13:10:05,872]INFO:No events to create in this period
[2019-04-14 13:10:05,873]INFO:########Scanning Period Ends########
[2019-04-14 13:20:05,278]INFO:########Scanning Period Starts########
[2019-04-14 13:20:05,279]INFO:--------Reading Emails--------
[2019-04-14 13:20:06,370]INFO:Successfully fetched 0 emails
[2019-04-14 13:20:06,373]INFO:0 appointment(s) scraped from 0 email(s) in this period
[2019-04-14 13:20:06,374]INFO:--------Creating Events--------
[2019-04-14 13:20:06,374]INFO:No events to create in this period
[2019-04-14 13:20:06,375]INFO:########Scanning Period Ends########
[2019-04-14 13:30:05,692]INFO:########Scanning Period Starts########
[2019-04-14 13:30:05,693]INFO:--------Reading Emails--------
[2019-04-14 13:30:06,894]INFO:Successfully fetched 0 emails
[2019-04-14 13:30:06,897]INFO:0 appointment(s) scraped from 0 email(s) in this period
[2019-04-14 13:30:06,902]INFO:--------Creating Events--------
[2019-04-14 13:30:06,903]INFO:No events to create in this period
[2019-04-14 13:30:06,904]INFO:########Scanning Period Ends########
[2019-04-14 13:40:05,179]INFO:########Scanning Period Starts########
[2019-04-14 13:40:05,180]INFO:--------Reading Emails--------
[2019-04-14 13:40:06,390]INFO:Successfully fetched 0 emails
[2019-04-14 13:40:06,393]INFO:0 appointment(s) scraped from 0 email(s) in this period
[2019-04-14 13:40:06,394]INFO:--------Creating Events--------
[2019-04-14 13:40:06,395]INFO:No events to create in this period
[2019-04-14 13:40:06,395]INFO:########Scanning Period Ends########
[2019-04-14 13:50:05,684]INFO:########Scanning Period Starts########
[2019-04-14 13:50:05,684]INFO:--------Reading Emails--------
[2019-04-14 13:50:07,067]INFO:Successfully fetched 0 emails
[2019-04-14 13:50:07,071]INFO:0 appointment(s) scraped from 0 email(s) in this period
[2019-04-14 13:50:07,076]INFO:--------Creating Events--------
[2019-04-14 13:50:07,076]INFO:No events to create in this period
[2019-04-14 13:50:07,077]INFO:########Scanning Period Ends########
[2019-04-14 14:00:05,437]INFO:########Scanning Period Starts########
[2019-04-14 14:00:05,438]INFO:--------Reading Emails--------
[2019-04-14 14:00:07,704]INFO:Successfully fetched 0 emails
[2019-04-14 14:00:07,708]INFO:0 appointment(s) scraped from 0 email(s) in this period
[2019-04-14 14:00:07,708]INFO:--------Creating Events--------
[2019-04-14 14:00:07,709]INFO:No events to create in this period
[2019-04-14 14:00:07,710]INFO:########Scanning Period Ends########
[2019-04-14 14:10:05,020]INFO:########Scanning Period Starts########
[2019-04-14 14:10:05,021]INFO:--------Reading Emails--------
[2019-04-14 14:10:06,509]INFO:Successfully fetched 0 emails
[2019-04-14 14:10:06,513]INFO:0 appointment(s) scraped from 0 email(s) in this period
[2019-04-14 14:10:06,522]INFO:--------Creating Events--------
[2019-04-14 14:10:06,523]INFO:No events to create in this period
[2019-04-14 14:10:06,523]INFO:########Scanning Period Ends########
[2019-04-14 14:20:04,917]INFO:########Scanning Period Starts########
[2019-04-14 14:20:04,918]INFO:--------Reading Emails--------
[2019-04-14 14:20:06,205]INFO:Successfully fetched 0 emails
[2019-04-14 14:20:06,209]INFO:0 appointment(s) scraped from 0 email(s) in this period
[2019-04-14 14:20:06,214]INFO:--------Creating Events--------
[2019-04-14 14:20:06,214]INFO:No events to create in this period
[2019-04-14 14:20:06,215]INFO:########Scanning Period Ends########
[2019-04-14 14:30:05,593]INFO:########Scanning Period Starts########
[2019-04-14 14:30:05,593]INFO:--------Reading Emails--------
[2019-04-14 14:30:07,855]INFO:Successfully fetched 0 emails
[2019-04-14 14:30:07,859]INFO:0 appointment(s) scraped from 0 email(s) in this period
[2019-04-14 14:30:07,860]INFO:--------Creating Events--------
[2019-04-14 14:30:07,860]INFO:No events to create in this period
[2019-04-14 14:30:07,861]INFO:########Scanning Period Ends########
[2019-04-14 14:40:05,222]INFO:########Scanning Period Starts########
[2019-04-14 14:40:05,222]INFO:--------Reading Emails--------
[2019-04-14 14:40:06,415]INFO:Successfully fetched 0 emails
[2019-04-14 14:40:06,418]INFO:0 appointment(s) scraped from 0 email(s) in this period
[2019-04-14 14:40:06,423]INFO:--------Creating Events--------
[2019-04-14 14:40:06,424]INFO:No events to create in this period
[2019-04-14 14:40:06,425]INFO:########Scanning Period Ends########
[2019-04-14 14:50:05,683]INFO:########Scanning Period Starts########
[2019-04-14 14:50:05,684]INFO:--------Reading Emails--------
[2019-04-14 14:50:07,840]INFO:Successfully fetched 0 emails
[2019-04-14 14:50:07,844]INFO:0 appointment(s) scraped from 0 email(s) in this period
[2019-04-14 14:50:07,845]INFO:--------Creating Events--------
[2019-04-14 14:50:07,846]INFO:No events to create in this period
[2019-04-14 14:50:07,846]INFO:########Scanning Period Ends########
[2019-04-14 15:00:05,140]INFO:########Scanning Period Starts########
[2019-04-14 15:00:05,141]INFO:--------Reading Emails--------
[2019-04-14 15:00:06,166]INFO:Successfully fetched 0 emails
[2019-04-14 15:00:06,169]INFO:0 appointment(s) scraped from 0 email(s) in this period
[2019-04-14 15:00:06,170]INFO:--------Creating Events--------
[2019-04-14 15:00:06,170]INFO:No events to create in this period
[2019-04-14 15:00:06,171]INFO:########Scanning Period Ends########
[2019-04-14 15:10:05,455]INFO:########Scanning Period Starts########
[2019-04-14 15:10:05,455]INFO:--------Reading Emails--------
[2019-04-14 15:10:14,726]INFO:Successfully fetched 0 emails
[2019-04-14 15:10:14,729]INFO:0 appointment(s) scraped from 0 email(s) in this period
[2019-04-14 15:10:14,730]INFO:--------Creating Events--------
[2019-04-14 15:10:14,731]INFO:No events to create in this period
[2019-04-14 15:10:14,731]INFO:########Scanning Period Ends########
[2019-04-14 15:20:05,155]INFO:########Scanning Period Starts########
[2019-04-14 15:20:05,156]INFO:--------Reading Emails--------
[2019-04-14 15:20:06,447]INFO:Successfully fetched 0 emails
[2019-04-14 15:20:06,460]INFO:0 appointment(s) scraped from 0 email(s) in this period
[2019-04-14 15:20:06,462]INFO:--------Creating Events--------
[2019-04-14 15:20:06,462]INFO:No events to create in this period
[2019-04-14 15:20:06,463]INFO:########Scanning Period Ends########
[2019-04-14 15:30:04,789]INFO:########Scanning Period Starts########
[2019-04-14 15:30:04,789]INFO:--------Reading Emails--------
[2019-04-14 15:30:05,885]INFO:Successfully fetched 0 emails
[2019-04-14 15:30:05,888]INFO:0 appointment(s) scraped from 0 email(s) in this period
[2019-04-14 15:30:05,889]INFO:--------Creating Events--------
[2019-04-14 15:30:05,889]INFO:No events to create in this period
[2019-04-14 15:30:05,890]INFO:########Scanning Period Ends########
[2019-04-14 15:40:05,170]INFO:########Scanning Period Starts########
[2019-04-14 15:40:05,171]INFO:--------Reading Emails--------
[2019-04-14 15:40:06,527]INFO:Successfully fetched 0 emails
[2019-04-14 15:40:06,530]INFO:0 appointment(s) scraped from 0 email(s) in this period
[2019-04-14 15:40:06,539]INFO:--------Creating Events--------
[2019-04-14 15:40:06,540]INFO:No events to create in this period
[2019-04-14 15:40:06,541]INFO:########Scanning Period Ends########
[2019-04-14 15:50:04,868]INFO:########Scanning Period Starts########
[2019-04-14 15:50:04,869]INFO:--------Reading Emails--------
[2019-04-14 15:50:06,012]INFO:Successfully fetched 0 emails
[2019-04-14 15:50:06,015]INFO:0 appointment(s) scraped from 0 email(s) in this period
[2019-04-14 15:50:06,016]INFO:--------Creating Events--------
[2019-04-14 15:50:06,017]INFO:No events to create in this period
[2019-04-14 15:50:06,017]INFO:########Scanning Period Ends########
[2019-04-14 16:00:05,298]INFO:########Scanning Period Starts########
[2019-04-14 16:00:05,299]INFO:--------Reading Emails--------
[2019-04-14 16:00:06,478]INFO:Successfully fetched 0 emails
[2019-04-14 16:00:06,481]INFO:0 appointment(s) scraped from 0 email(s) in this period
[2019-04-14 16:00:06,482]INFO:--------Creating Events--------
[2019-04-14 16:00:06,482]INFO:No events to create in this period
[2019-04-14 16:00:06,483]INFO:########Scanning Period Ends########
[2019-04-14 16:10:04,794]INFO:########Scanning Period Starts########
[2019-04-14 16:10:04,795]INFO:--------Reading Emails--------
[2019-04-14 16:10:05,750]INFO:Successfully fetched 0 emails
[2019-04-14 16:10:05,753]INFO:0 appointment(s) scraped from 0 email(s) in this period
[2019-04-14 16:10:05,754]INFO:--------Creating Events--------
[2019-04-14 16:10:05,754]INFO:No events to create in this period
[2019-04-14 16:10:05,755]INFO:########Scanning Period Ends########
[2019-04-14 16:20:05,106]INFO:########Scanning Period Starts########
[2019-04-14 16:20:05,107]INFO:--------Reading Emails--------
[2019-04-14 16:20:06,098]INFO:Successfully fetched 0 emails
[2019-04-14 16:20:06,101]INFO:0 appointment(s) scraped from 0 email(s) in this period
[2019-04-14 16:20:06,102]INFO:--------Creating Events--------
[2019-04-14 16:20:06,102]INFO:No events to create in this period
[2019-04-14 16:20:06,103]INFO:########Scanning Period Ends########
[2019-04-14 16:30:05,419]INFO:########Scanning Period Starts########
[2019-04-14 16:30:05,419]INFO:--------Reading Emails--------
[2019-04-14 16:30:07,224]INFO:Successfully fetched 0 emails
[2019-04-14 16:30:07,228]INFO:0 appointment(s) scraped from 0 email(s) in this period
[2019-04-14 16:30:07,237]INFO:--------Creating Events--------
[2019-04-14 16:30:07,238]INFO:No events to create in this period
[2019-04-14 16:30:07,239]INFO:########Scanning Period Ends########
[2019-04-14 16:40:05,577]INFO:########Scanning Period Starts########
[2019-04-14 16:40:05,578]INFO:--------Reading Emails--------
[2019-04-14 16:40:06,869]INFO:Successfully fetched 0 emails
[2019-04-14 16:40:06,872]INFO:0 appointment(s) scraped from 0 email(s) in this period
[2019-04-14 16:40:06,877]INFO:--------Creating Events--------
[2019-04-14 16:40:06,878]INFO:No events to create in this period
[2019-04-14 16:40:06,879]INFO:########Scanning Period Ends########
[2019-04-14 16:50:05,247]INFO:########Scanning Period Starts########
[2019-04-14 16:50:05,248]INFO:--------Reading Emails--------
[2019-04-14 16:50:06,382]INFO:Successfully fetched 0 emails
[2019-04-14 16:50:06,386]INFO:0 appointment(s) scraped from 0 email(s) in this period
[2019-04-14 16:50:06,386]INFO:--------Creating Events--------
[2019-04-14 16:50:06,387]INFO:No events to create in this period
[2019-04-14 16:50:06,387]INFO:########Scanning Period Ends########
[2019-04-14 17:00:05,663]INFO:########Scanning Period Starts########
[2019-04-14 17:00:05,664]INFO:--------Reading Emails--------
[2019-04-14 17:00:07,039]INFO:Successfully fetched 0 emails
[2019-04-14 17:00:07,043]INFO:0 appointment(s) scraped from 0 email(s) in this period
[2019-04-14 17:00:07,048]INFO:--------Creating Events--------
[2019-04-14 17:00:07,048]INFO:No events to create in this period
[2019-04-14 17:00:07,049]INFO:########Scanning Period Ends########
[2019-04-14 17:10:05,406]INFO:########Scanning Period Starts########
[2019-04-14 17:10:05,407]INFO:--------Reading Emails--------
[2019-04-14 17:10:06,400]INFO:Successfully fetched 0 emails
[2019-04-14 17:10:06,404]INFO:0 appointment(s) scraped from 0 email(s) in this period
[2019-04-14 17:10:06,404]INFO:--------Creating Events--------
[2019-04-14 17:10:06,405]INFO:No events to create in this period
[2019-04-14 17:10:06,405]INFO:########Scanning Period Ends########
[2019-04-14 17:20:05,809]INFO:########Scanning Period Starts########
[2019-04-14 17:20:05,809]INFO:--------Reading Emails--------
[2019-04-14 17:20:06,872]INFO:Successfully fetched 0 emails
[2019-04-14 17:20:06,875]INFO:0 appointment(s) scraped from 0 email(s) in this period
[2019-04-14 17:20:06,876]INFO:--------Creating Events--------
[2019-04-14 17:20:06,876]INFO:No events to create in this period
[2019-04-14 17:20:06,877]INFO:########Scanning Period Ends########
[2019-04-14 17:30:05,220]INFO:########Scanning Period Starts########
[2019-04-14 17:30:05,220]INFO:--------Reading Emails--------
[2019-04-14 17:30:06,693]INFO:Successfully fetched 0 emails
[2019-04-14 17:30:06,697]INFO:0 appointment(s) scraped from 0 email(s) in this period
[2019-04-14 17:30:06,707]INFO:--------Creating Events--------
[2019-04-14 17:30:06,707]INFO:No events to create in this period
[2019-04-14 17:30:06,708]INFO:########Scanning Period Ends########
[2019-04-14 17:40:05,078]INFO:########Scanning Period Starts########
[2019-04-14 17:40:05,078]INFO:--------Reading Emails--------
[2019-04-14 17:40:06,359]INFO:Successfully fetched 0 emails
[2019-04-14 17:40:06,363]INFO:0 appointment(s) scraped from 0 email(s) in this period
[2019-04-14 17:40:06,372]INFO:--------Creating Events--------
[2019-04-14 17:40:06,373]INFO:No events to create in this period
[2019-04-14 17:40:06,374]INFO:########Scanning Period Ends########
[2019-04-14 17:50:05,687]INFO:########Scanning Period Starts########
[2019-04-14 17:50:05,688]INFO:--------Reading Emails--------
[2019-04-14 17:50:07,064]INFO:Successfully fetched 0 emails
[2019-04-14 17:50:07,068]INFO:0 appointment(s) scraped from 0 email(s) in this period
[2019-04-14 17:50:07,077]INFO:--------Creating Events--------
[2019-04-14 17:50:07,078]INFO:No events to create in this period
[2019-04-14 17:50:07,078]INFO:########Scanning Period Ends########
[2019-04-14 18:00:05,419]INFO:########Scanning Period Starts########
[2019-04-14 18:00:05,420]INFO:--------Reading Emails--------
[2019-04-14 18:00:06,304]INFO:Successfully fetched 0 emails
[2019-04-14 18:00:06,308]INFO:0 appointment(s) scraped from 0 email(s) in this period
[2019-04-14 18:00:06,308]INFO:--------Creating Events--------
[2019-04-14 18:00:06,309]INFO:No events to create in this period
[2019-04-14 18:00:06,310]INFO:########Scanning Period Ends########
[2019-04-14 18:10:05,650]INFO:########Scanning Period Starts########
[2019-04-14 18:10:05,651]INFO:--------Reading Emails--------
[2019-04-14 18:10:06,937]INFO:Successfully fetched 0 emails
[2019-04-14 18:10:06,941]INFO:0 appointment(s) scraped from 0 email(s) in this period
[2019-04-14 18:10:06,950]INFO:--------Creating Events--------
[2019-04-14 18:10:06,951]INFO:No events to create in this period
[2019-04-14 18:10:06,952]INFO:########Scanning Period Ends########
[2019-04-14 18:20:05,360]INFO:########Scanning Period Starts########
[2019-04-14 18:20:05,360]INFO:--------Reading Emails--------
[2019-04-14 18:20:06,286]INFO:Successfully fetched 0 emails
[2019-04-14 18:20:06,290]INFO:0 appointment(s) scraped from 0 email(s) in this period
[2019-04-14 18:20:06,290]INFO:--------Creating Events--------
[2019-04-14 18:20:06,291]INFO:No events to create in this period
[2019-04-14 18:20:06,291]INFO:########Scanning Period Ends########
[2019-04-14 18:30:05,605]INFO:########Scanning Period Starts########
[2019-04-14 18:30:05,606]INFO:--------Reading Emails--------
[2019-04-14 18:30:06,771]INFO:Successfully fetched 0 emails
[2019-04-14 18:30:06,774]INFO:0 appointment(s) scraped from 0 email(s) in this period
[2019-04-14 18:30:06,775]INFO:--------Creating Events--------
[2019-04-14 18:30:06,775]INFO:No events to create in this period
[2019-04-14 18:30:06,776]INFO:########Scanning Period Ends########
[2019-04-14 18:40:05,072]INFO:########Scanning Period Starts########
[2019-04-14 18:40:05,073]INFO:--------Reading Emails--------
[2019-04-14 18:40:05,996]INFO:Successfully fetched 0 emails
[2019-04-14 18:40:05,999]INFO:0 appointment(s) scraped from 0 email(s) in this period
[2019-04-14 18:40:06,000]INFO:--------Creating Events--------
[2019-04-14 18:40:06,000]INFO:No events to create in this period
[2019-04-14 18:40:06,001]INFO:########Scanning Period Ends########
[2019-04-14 18:50:05,294]INFO:########Scanning Period Starts########
[2019-04-14 18:50:05,295]INFO:--------Reading Emails--------
[2019-04-14 18:50:06,239]INFO:Successfully fetched 0 emails
[2019-04-14 18:50:06,242]INFO:0 appointment(s) scraped from 0 email(s) in this period
[2019-04-14 18:50:06,243]INFO:--------Creating Events--------
[2019-04-14 18:50:06,244]INFO:No events to create in this period
[2019-04-14 18:50:06,244]INFO:########Scanning Period Ends########
[2019-04-14 19:00:05,575]INFO:########Scanning Period Starts########
[2019-04-14 19:00:05,576]INFO:--------Reading Emails--------
[2019-04-14 19:00:06,638]INFO:Successfully fetched 0 emails
[2019-04-14 19:00:06,641]INFO:0 appointment(s) scraped from 0 email(s) in this period
[2019-04-14 19:00:06,642]INFO:--------Creating Events--------
[2019-04-14 19:00:06,642]INFO:No events to create in this period
[2019-04-14 19:00:06,643]INFO:########Scanning Period Ends########
[2019-04-14 19:10:04,963]INFO:########Scanning Period Starts########
[2019-04-14 19:10:04,963]INFO:--------Reading Emails--------
[2019-04-14 19:10:06,341]INFO:Successfully fetched 0 emails
[2019-04-14 19:10:06,345]INFO:0 appointment(s) scraped from 0 email(s) in this period
[2019-04-14 19:10:06,354]INFO:--------Creating Events--------
[2019-04-14 19:10:06,355]INFO:No events to create in this period
[2019-04-14 19:10:06,355]INFO:########Scanning Period Ends########
[2019-04-14 19:20:05,776]INFO:########Scanning Period Starts########
[2019-04-14 19:20:05,776]INFO:--------Reading Emails--------
[2019-04-14 19:20:06,790]INFO:Successfully fetched 0 emails
[2019-04-14 19:20:06,793]INFO:0 appointment(s) scraped from 0 email(s) in this period
[2019-04-14 19:20:06,794]INFO:--------Creating Events--------
[2019-04-14 19:20:06,795]INFO:No events to create in this period
[2019-04-14 19:20:06,795]INFO:########Scanning Period Ends########
[2019-04-14 19:30:05,095]INFO:########Scanning Period Starts########
[2019-04-14 19:30:05,096]INFO:--------Reading Emails--------
[2019-04-14 19:30:06,049]INFO:Successfully fetched 0 emails
[2019-04-14 19:30:06,053]INFO:0 appointment(s) scraped from 0 email(s) in this period
[2019-04-14 19:30:06,053]INFO:--------Creating Events--------
[2019-04-14 19:30:06,054]INFO:No events to create in this period
[2019-04-14 19:30:06,054]INFO:########Scanning Period Ends########
[2019-04-14 19:40:05,365]INFO:########Scanning Period Starts########
[2019-04-14 19:40:05,366]INFO:--------Reading Emails--------
[2019-04-14 19:40:06,373]INFO:Successfully fetched 0 emails
[2019-04-14 19:40:06,376]INFO:0 appointment(s) scraped from 0 email(s) in this period
[2019-04-14 19:40:06,377]INFO:--------Creating Events--------
[2019-04-14 19:40:06,377]INFO:No events to create in this period
[2019-04-14 19:40:06,378]INFO:########Scanning Period Ends########
[2019-04-14 19:50:05,762]INFO:########Scanning Period Starts########
[2019-04-14 19:50:05,763]INFO:--------Reading Emails--------
[2019-04-14 19:50:06,778]INFO:Successfully fetched 0 emails
[2019-04-14 19:50:06,782]INFO:0 appointment(s) scraped from 0 email(s) in this period
[2019-04-14 19:50:06,782]INFO:--------Creating Events--------
[2019-04-14 19:50:06,783]INFO:No events to create in this period
[2019-04-14 19:50:06,783]INFO:########Scanning Period Ends########
[2019-04-14 20:00:05,118]INFO:########Scanning Period Starts########
[2019-04-14 20:00:05,119]INFO:--------Reading Emails--------
[2019-04-14 20:00:06,020]INFO:Successfully fetched 0 emails
[2019-04-14 20:00:06,023]INFO:0 appointment(s) scraped from 0 email(s) in this period
[2019-04-14 20:00:06,024]INFO:--------Creating Events--------
[2019-04-14 20:00:06,024]INFO:No events to create in this period
[2019-04-14 20:00:06,025]INFO:########Scanning Period Ends########
[2019-04-14 20:10:05,381]INFO:########Scanning Period Starts########
[2019-04-14 20:10:05,382]INFO:--------Reading Emails--------
[2019-04-14 20:10:06,551]INFO:Successfully fetched 0 emails
[2019-04-14 20:10:06,554]INFO:0 appointment(s) scraped from 0 email(s) in this period
[2019-04-14 20:10:06,555]INFO:--------Creating Events--------
[2019-04-14 20:10:06,555]INFO:No events to create in this period
[2019-04-14 20:10:06,556]INFO:########Scanning Period Ends########
[2019-04-14 20:20:04,973]INFO:########Scanning Period Starts########
[2019-04-14 20:20:04,973]INFO:--------Reading Emails--------
[2019-04-14 20:20:06,139]INFO:Successfully fetched 0 emails
[2019-04-14 20:20:06,142]INFO:0 appointment(s) scraped from 0 email(s) in this period
[2019-04-14 20:20:06,143]INFO:--------Creating Events--------
[2019-04-14 20:20:06,144]INFO:No events to create in this period
[2019-04-14 20:20:06,144]INFO:########Scanning Period Ends########
[2019-04-14 20:30:05,428]INFO:########Scanning Period Starts########
[2019-04-14 20:30:05,428]INFO:--------Reading Emails--------
[2019-04-14 20:30:06,595]INFO:Successfully fetched 0 emails
[2019-04-14 20:30:06,598]INFO:0 appointment(s) scraped from 0 email(s) in this period
[2019-04-14 20:30:06,599]INFO:--------Creating Events--------
[2019-04-14 20:30:06,600]INFO:No events to create in this period
[2019-04-14 20:30:06,600]INFO:########Scanning Period Ends########
[2019-04-14 20:40:04,874]INFO:########Scanning Period Starts########
[2019-04-14 20:40:04,874]INFO:--------Reading Emails--------
[2019-04-14 20:40:05,920]INFO:Successfully fetched 0 emails
[2019-04-14 20:40:05,924]INFO:0 appointment(s) scraped from 0 email(s) in this period
[2019-04-14 20:40:05,924]INFO:--------Creating Events--------
[2019-04-14 20:40:05,925]INFO:No events to create in this period
[2019-04-14 20:40:05,925]INFO:########Scanning Period Ends########
[2019-04-14 20:50:05,305]INFO:########Scanning Period Starts########
[2019-04-14 20:50:05,306]INFO:--------Reading Emails--------
[2019-04-14 20:50:06,454]INFO:Successfully fetched 1 emails
[2019-04-14 20:50:06,515]INFO:1 appointment(s) scraped from 1 email(s) in this period
[2019-04-14 20:50:06,516]INFO:--------Creating Events--------
[2019-04-14 20:50:06,530]INFO:URL being requested: GET https://www.googleapis.com/discovery/v1/apis/calendar/v3/rest
[2019-04-14 20:50:06,943]INFO:URL being requested: POST https://www.googleapis.com/calendar/v3/calendars/primary/events?alt=json
[2019-04-14 20:50:07,001]INFO:Refreshing due to a 401 (attempt 1/2)
[2019-04-14 20:50:07,003]INFO:Refreshing access_token
[2019-04-14 20:50:07,556]INFO:Event created for [Camon Crocker] for course [Multivariable Calculus] from [2019-04-16 15:00:00] to [2019-04-16 15:30:00]
[2019-04-14 20:50:07,557]INFO:########Scanning Period Ends########
[2019-04-14 21:00:04,860]INFO:########Scanning Period Starts########
[2019-04-14 21:00:04,860]INFO:--------Reading Emails--------
[2019-04-14 21:00:05,913]INFO:Successfully fetched 0 emails
[2019-04-14 21:00:05,916]INFO:0 appointment(s) scraped from 0 email(s) in this period
[2019-04-14 21:00:05,917]INFO:--------Creating Events--------
[2019-04-14 21:00:05,918]INFO:No events to create in this period
[2019-04-14 21:00:05,918]INFO:########Scanning Period Ends########
[2019-04-14 21:10:05,242]INFO:########Scanning Period Starts########
[2019-04-14 21:10:05,243]INFO:--------Reading Emails--------
[2019-04-14 21:10:06,322]INFO:Successfully fetched 0 emails
[2019-04-14 21:10:06,325]INFO:0 appointment(s) scraped from 0 email(s) in this period
[2019-04-14 21:10:06,326]INFO:--------Creating Events--------
[2019-04-14 21:10:06,327]INFO:No events to create in this period
[2019-04-14 21:10:06,327]INFO:########Scanning Period Ends########
[2019-04-14 21:20:05,677]INFO:########Scanning Period Starts########
[2019-04-14 21:20:05,678]INFO:--------Reading Emails--------
[2019-04-14 21:20:07,036]INFO:Successfully fetched 0 emails
[2019-04-14 21:20:07,039]INFO:0 appointment(s) scraped from 0 email(s) in this period
[2019-04-14 21:20:07,044]INFO:--------Creating Events--------
[2019-04-14 21:20:07,045]INFO:No events to create in this period
[2019-04-14 21:20:07,045]INFO:########Scanning Period Ends########
[2019-04-14 21:30:05,367]INFO:########Scanning Period Starts########
[2019-04-14 21:30:05,368]INFO:--------Reading Emails--------
[2019-04-14 21:30:07,092]INFO:Successfully fetched 0 emails
[2019-04-14 21:30:07,096]INFO:0 appointment(s) scraped from 0 email(s) in this period
[2019-04-14 21:30:07,105]INFO:--------Creating Events--------
[2019-04-14 21:30:07,106]INFO:No events to create in this period
[2019-04-14 21:30:07,107]INFO:########Scanning Period Ends########
[2019-04-14 21:40:05,408]INFO:########Scanning Period Starts########
[2019-04-14 21:40:05,408]INFO:--------Reading Emails--------
[2019-04-14 21:40:06,937]INFO:Successfully fetched 0 emails
[2019-04-14 21:40:06,941]INFO:0 appointment(s) scraped from 0 email(s) in this period
[2019-04-14 21:40:06,951]INFO:--------Creating Events--------
[2019-04-14 21:40:06,951]INFO:No events to create in this period
[2019-04-14 21:40:06,952]INFO:########Scanning Period Ends########
[2019-04-14 21:50:05,262]INFO:########Scanning Period Starts########
[2019-04-14 21:50:05,262]INFO:--------Reading Emails--------
[2019-04-14 21:50:06,291]INFO:Successfully fetched 0 emails
[2019-04-14 21:50:06,294]INFO:0 appointment(s) scraped from 0 email(s) in this period
[2019-04-14 21:50:06,295]INFO:--------Creating Events--------
[2019-04-14 21:50:06,296]INFO:No events to create in this period
[2019-04-14 21:50:06,296]INFO:########Scanning Period Ends########
[2019-04-14 22:00:05,556]INFO:########Scanning Period Starts########
[2019-04-14 22:00:05,556]INFO:--------Reading Emails--------
[2019-04-14 22:00:06,621]INFO:Successfully fetched 0 emails
[2019-04-14 22:00:06,624]INFO:0 appointment(s) scraped from 0 email(s) in this period
[2019-04-14 22:00:06,625]INFO:--------Creating Events--------
[2019-04-14 22:00:06,626]INFO:No events to create in this period
[2019-04-14 22:00:06,626]INFO:########Scanning Period Ends########
[2019-04-14 22:10:04,939]INFO:########Scanning Period Starts########
[2019-04-14 22:10:04,939]INFO:--------Reading Emails--------
[2019-04-14 22:10:06,657]INFO:Successfully fetched 0 emails
[2019-04-14 22:10:06,661]INFO:0 appointment(s) scraped from 0 email(s) in this period
[2019-04-14 22:10:06,661]INFO:--------Creating Events--------
[2019-04-14 22:10:06,662]INFO:No events to create in this period
[2019-04-14 22:10:06,663]INFO:########Scanning Period Ends########
[2019-04-14 22:20:05,048]INFO:########Scanning Period Starts########
[2019-04-14 22:20:05,049]INFO:--------Reading Emails--------
[2019-04-14 22:20:06,831]INFO:Successfully fetched 0 emails
[2019-04-14 22:20:06,834]INFO:0 appointment(s) scraped from 0 email(s) in this period
[2019-04-14 22:20:06,835]INFO:--------Creating Events--------
[2019-04-14 22:20:06,836]INFO:No events to create in this period
[2019-04-14 22:20:06,836]INFO:########Scanning Period Ends########
[2019-04-14 22:30:05,172]INFO:########Scanning Period Starts########
[2019-04-14 22:30:05,172]INFO:--------Reading Emails--------
[2019-04-14 22:30:07,406]INFO:Successfully fetched 0 emails
[2019-04-14 22:30:07,410]INFO:0 appointment(s) scraped from 0 email(s) in this period
[2019-04-14 22:30:07,411]INFO:--------Creating Events--------
[2019-04-14 22:30:07,411]INFO:No events to create in this period
[2019-04-14 22:30:07,412]INFO:########Scanning Period Ends########
[2019-04-14 22:40:05,793]INFO:########Scanning Period Starts########
[2019-04-14 22:40:05,793]INFO:--------Reading Emails--------
[2019-04-14 22:40:07,438]INFO:Successfully fetched 0 emails
[2019-04-14 22:40:07,451]INFO:0 appointment(s) scraped from 0 email(s) in this period
[2019-04-14 22:40:07,453]INFO:--------Creating Events--------
[2019-04-14 22:40:07,453]INFO:No events to create in this period
[2019-04-14 22:40:07,454]INFO:########Scanning Period Ends########
[2019-04-14 22:50:05,772]INFO:########Scanning Period Starts########
[2019-04-14 22:50:05,772]INFO:--------Reading Emails--------
[2019-04-14 22:50:07,387]INFO:Successfully fetched 0 emails
[2019-04-14 22:50:07,391]INFO:0 appointment(s) scraped from 0 email(s) in this period
[2019-04-14 22:50:07,400]INFO:--------Creating Events--------
[2019-04-14 22:50:07,401]INFO:No events to create in this period
[2019-04-14 22:50:07,401]INFO:########Scanning Period Ends########
[2019-04-14 23:00:05,693]INFO:########Scanning Period Starts########
[2019-04-14 23:00:05,693]INFO:--------Reading Emails--------
[2019-04-14 23:00:07,241]INFO:Successfully fetched 0 emails
[2019-04-14 23:00:07,244]INFO:0 appointment(s) scraped from 0 email(s) in this period
[2019-04-14 23:00:07,254]INFO:--------Creating Events--------
[2019-04-14 23:00:07,255]INFO:No events to create in this period
[2019-04-14 23:00:07,255]INFO:########Scanning Period Ends########
[2019-04-14 23:10:05,558]INFO:########Scanning Period Starts########
[2019-04-14 23:10:05,558]INFO:--------Reading Emails--------
[2019-04-14 23:10:07,276]INFO:Successfully fetched 0 emails
[2019-04-14 23:10:07,279]INFO:0 appointment(s) scraped from 0 email(s) in this period
[2019-04-14 23:10:07,284]INFO:--------Creating Events--------
[2019-04-14 23:10:07,285]INFO:No events to create in this period
[2019-04-14 23:10:07,285]INFO:########Scanning Period Ends########
[2019-04-14 23:20:05,674]INFO:########Scanning Period Starts########
[2019-04-14 23:20:05,674]INFO:--------Reading Emails--------
[2019-04-14 23:20:06,613]INFO:Successfully fetched 0 emails
[2019-04-14 23:20:06,617]INFO:0 appointment(s) scraped from 0 email(s) in this period
[2019-04-14 23:20:06,617]INFO:--------Creating Events--------
[2019-04-14 23:20:06,618]INFO:No events to create in this period
[2019-04-14 23:20:06,618]INFO:########Scanning Period Ends########
[2019-04-14 23:30:04,931]INFO:########Scanning Period Starts########
[2019-04-14 23:30:04,932]INFO:--------Reading Emails--------
[2019-04-14 23:30:05,965]INFO:Successfully fetched 0 emails
[2019-04-14 23:30:05,968]INFO:0 appointment(s) scraped from 0 email(s) in this period
[2019-04-14 23:30:05,969]INFO:--------Creating Events--------
[2019-04-14 23:30:05,970]INFO:No events to create in this period
[2019-04-14 23:30:05,970]INFO:########Scanning Period Ends########
[2019-04-14 23:40:05,280]INFO:########Scanning Period Starts########
[2019-04-14 23:40:05,280]INFO:--------Reading Emails--------
[2019-04-14 23:40:06,468]INFO:Successfully fetched 0 emails
[2019-04-14 23:40:06,472]INFO:0 appointment(s) scraped from 0 email(s) in this period
[2019-04-14 23:40:06,472]INFO:--------Creating Events--------
[2019-04-14 23:40:06,473]INFO:No events to create in this period
[2019-04-14 23:40:06,473]INFO:########Scanning Period Ends########
[2019-04-14 23:50:05,767]INFO:########Scanning Period Starts########
[2019-04-14 23:50:05,767]INFO:--------Reading Emails--------
[2019-04-14 23:50:07,090]INFO:Successfully fetched 0 emails
[2019-04-14 23:50:07,093]INFO:0 appointment(s) scraped from 0 email(s) in this period
[2019-04-14 23:50:07,102]INFO:--------Creating Events--------
[2019-04-14 23:50:07,103]INFO:No events to create in this period
[2019-04-14 23:50:07,104]INFO:########Scanning Period Ends########
