[2019-04-06 00:00:05,796]INFO:########Scanning Period Starts########
[2019-04-06 00:00:05,797]INFO:--------Reading Emails--------
[2019-04-06 00:00:06,738]INFO:Successfully fetched 0 emails
[2019-04-06 00:00:06,742]INFO:0 appointment(s) scraped from 0 email(s) in this period
[2019-04-06 00:00:06,743]INFO:--------Creating Events--------
[2019-04-06 00:00:06,743]INFO:No events to create in this period
[2019-04-06 00:00:06,744]INFO:########Scanning Period Ends########
[2019-04-06 00:10:05,048]INFO:########Scanning Period Starts########
[2019-04-06 00:10:05,049]INFO:--------Reading Emails--------
[2019-04-06 00:10:05,830]INFO:Successfully fetched 0 emails
[2019-04-06 00:10:05,834]INFO:0 appointment(s) scraped from 0 email(s) in this period
[2019-04-06 00:10:05,834]INFO:--------Creating Events--------
[2019-04-06 00:10:05,835]INFO:No events to create in this period
[2019-04-06 00:10:05,836]INFO:########Scanning Period Ends########
[2019-04-06 00:20:05,273]INFO:########Scanning Period Starts########
[2019-04-06 00:20:05,274]INFO:--------Reading Emails--------
[2019-04-06 00:20:06,366]INFO:Successfully fetched 0 emails
[2019-04-06 00:20:06,369]INFO:0 appointment(s) scraped from 0 email(s) in this period
[2019-04-06 00:20:06,370]INFO:--------Creating Events--------
[2019-04-06 00:20:06,371]INFO:No events to create in this period
[2019-04-06 00:20:06,371]INFO:########Scanning Period Ends########
[2019-04-06 00:30:05,669]INFO:########Scanning Period Starts########
[2019-04-06 00:30:05,670]INFO:--------Reading Emails--------
[2019-04-06 00:30:06,832]INFO:Successfully fetched 0 emails
[2019-04-06 00:30:06,835]INFO:0 appointment(s) scraped from 0 email(s) in this period
[2019-04-06 00:30:06,836]INFO:--------Creating Events--------
[2019-04-06 00:30:06,836]INFO:No events to create in this period
[2019-04-06 00:30:06,837]INFO:########Scanning Period Ends########
[2019-04-06 00:40:05,178]INFO:########Scanning Period Starts########
[2019-04-06 00:40:05,179]INFO:--------Reading Emails--------
[2019-04-06 00:40:06,179]INFO:Successfully fetched 0 emails
[2019-04-06 00:40:06,183]INFO:0 appointment(s) scraped from 0 email(s) in this period
[2019-04-06 00:40:06,184]INFO:--------Creating Events--------
[2019-04-06 00:40:06,184]INFO:No events to create in this period
[2019-04-06 00:40:06,185]INFO:########Scanning Period Ends########
[2019-04-06 00:50:05,535]INFO:########Scanning Period Starts########
[2019-04-06 00:50:05,536]INFO:--------Reading Emails--------
[2019-04-06 00:50:06,539]INFO:Successfully fetched 0 emails
[2019-04-06 00:50:06,542]INFO:0 appointment(s) scraped from 0 email(s) in this period
[2019-04-06 00:50:06,543]INFO:--------Creating Events--------
[2019-04-06 00:50:06,544]INFO:No events to create in this period
[2019-04-06 00:50:06,544]INFO:########Scanning Period Ends########
[2019-04-06 01:00:04,840]INFO:########Scanning Period Starts########
[2019-04-06 01:00:04,840]INFO:--------Reading Emails--------
[2019-04-06 01:00:05,789]INFO:Successfully fetched 0 emails
[2019-04-06 01:00:05,792]INFO:0 appointment(s) scraped from 0 email(s) in this period
[2019-04-06 01:00:05,793]INFO:--------Creating Events--------
[2019-04-06 01:00:05,794]INFO:No events to create in this period
[2019-04-06 01:00:05,794]INFO:########Scanning Period Ends########
[2019-04-06 01:10:05,126]INFO:########Scanning Period Starts########
[2019-04-06 01:10:05,127]INFO:--------Reading Emails--------
[2019-04-06 01:10:06,322]INFO:Successfully fetched 0 emails
[2019-04-06 01:10:06,326]INFO:0 appointment(s) scraped from 0 email(s) in this period
[2019-04-06 01:10:06,341]INFO:--------Creating Events--------
[2019-04-06 01:10:06,342]INFO:No events to create in this period
[2019-04-06 01:10:06,342]INFO:########Scanning Period Ends########
[2019-04-06 01:20:05,789]INFO:########Scanning Period Starts########
[2019-04-06 01:20:05,790]INFO:--------Reading Emails--------
[2019-04-06 01:20:06,849]INFO:Successfully fetched 0 emails
[2019-04-06 01:20:06,853]INFO:0 appointment(s) scraped from 0 email(s) in this period
[2019-04-06 01:20:06,854]INFO:--------Creating Events--------
[2019-04-06 01:20:06,854]INFO:No events to create in this period
[2019-04-06 01:20:06,855]INFO:########Scanning Period Ends########
[2019-04-06 01:30:05,189]INFO:########Scanning Period Starts########
[2019-04-06 01:30:05,189]INFO:--------Reading Emails--------
[2019-04-06 01:30:06,107]INFO:Successfully fetched 0 emails
[2019-04-06 01:30:06,111]INFO:0 appointment(s) scraped from 0 email(s) in this period
[2019-04-06 01:30:06,112]INFO:--------Creating Events--------
[2019-04-06 01:30:06,112]INFO:No events to create in this period
[2019-04-06 01:30:06,113]INFO:########Scanning Period Ends########
[2019-04-06 01:40:05,488]INFO:########Scanning Period Starts########
[2019-04-06 01:40:05,489]INFO:--------Reading Emails--------
[2019-04-06 01:40:06,764]INFO:Successfully fetched 0 emails
[2019-04-06 01:40:06,767]INFO:0 appointment(s) scraped from 0 email(s) in this period
[2019-04-06 01:40:06,772]INFO:--------Creating Events--------
[2019-04-06 01:40:06,773]INFO:No events to create in this period
[2019-04-06 01:40:06,774]INFO:########Scanning Period Ends########
[2019-04-06 01:50:05,086]INFO:########Scanning Period Starts########
[2019-04-06 01:50:05,087]INFO:--------Reading Emails--------
[2019-04-06 01:50:06,214]INFO:Successfully fetched 0 emails
[2019-04-06 01:50:06,218]INFO:0 appointment(s) scraped from 0 email(s) in this period
[2019-04-06 01:50:06,219]INFO:--------Creating Events--------
[2019-04-06 01:50:06,219]INFO:No events to create in this period
[2019-04-06 01:50:06,220]INFO:########Scanning Period Ends########
[2019-04-06 02:00:05,556]INFO:########Scanning Period Starts########
[2019-04-06 02:00:05,557]INFO:--------Reading Emails--------
[2019-04-06 02:00:06,651]INFO:Successfully fetched 0 emails
[2019-04-06 02:00:06,654]INFO:0 appointment(s) scraped from 0 email(s) in this period
[2019-04-06 02:00:06,655]INFO:--------Creating Events--------
[2019-04-06 02:00:06,656]INFO:No events to create in this period
[2019-04-06 02:00:06,656]INFO:########Scanning Period Ends########
[2019-04-06 02:10:05,066]INFO:########Scanning Period Starts########
[2019-04-06 02:10:05,067]INFO:--------Reading Emails--------
[2019-04-06 02:10:06,219]INFO:Successfully fetched 0 emails
[2019-04-06 02:10:06,222]INFO:0 appointment(s) scraped from 0 email(s) in this period
[2019-04-06 02:10:06,231]INFO:--------Creating Events--------
[2019-04-06 02:10:06,232]INFO:No events to create in this period
[2019-04-06 02:10:06,233]INFO:########Scanning Period Ends########
[2019-04-06 02:20:05,713]INFO:########Scanning Period Starts########
[2019-04-06 02:20:05,713]INFO:--------Reading Emails--------
[2019-04-06 02:20:06,762]INFO:Successfully fetched 0 emails
[2019-04-06 02:20:06,766]INFO:0 appointment(s) scraped from 0 email(s) in this period
[2019-04-06 02:20:06,767]INFO:--------Creating Events--------
[2019-04-06 02:20:06,767]INFO:No events to create in this period
[2019-04-06 02:20:06,768]INFO:########Scanning Period Ends########
[2019-04-06 02:30:05,170]INFO:########Scanning Period Starts########
[2019-04-06 02:30:05,170]INFO:--------Reading Emails--------
[2019-04-06 02:30:06,267]INFO:Successfully fetched 0 emails
[2019-04-06 02:30:06,270]INFO:0 appointment(s) scraped from 0 email(s) in this period
[2019-04-06 02:30:06,271]INFO:--------Creating Events--------
[2019-04-06 02:30:06,272]INFO:No events to create in this period
[2019-04-06 02:30:06,272]INFO:########Scanning Period Ends########
[2019-04-06 02:40:05,594]INFO:########Scanning Period Starts########
[2019-04-06 02:40:05,595]INFO:--------Reading Emails--------
[2019-04-06 02:40:06,817]INFO:Successfully fetched 0 emails
[2019-04-06 02:40:06,820]INFO:0 appointment(s) scraped from 0 email(s) in this period
[2019-04-06 02:40:06,821]INFO:--------Creating Events--------
[2019-04-06 02:40:06,822]INFO:No events to create in this period
[2019-04-06 02:40:06,822]INFO:########Scanning Period Ends########
[2019-04-06 02:50:05,155]INFO:########Scanning Period Starts########
[2019-04-06 02:50:05,156]INFO:--------Reading Emails--------
[2019-04-06 02:50:06,069]INFO:Successfully fetched 0 emails
[2019-04-06 02:50:06,073]INFO:0 appointment(s) scraped from 0 email(s) in this period
[2019-04-06 02:50:06,074]INFO:--------Creating Events--------
[2019-04-06 02:50:06,074]INFO:No events to create in this period
[2019-04-06 02:50:06,075]INFO:########Scanning Period Ends########
[2019-04-06 03:00:05,386]INFO:########Scanning Period Starts########
[2019-04-06 03:00:05,386]INFO:--------Reading Emails--------
[2019-04-06 03:00:06,582]INFO:Successfully fetched 0 emails
[2019-04-06 03:00:06,585]INFO:0 appointment(s) scraped from 0 email(s) in this period
[2019-04-06 03:00:06,586]INFO:--------Creating Events--------
[2019-04-06 03:00:06,587]INFO:No events to create in this period
[2019-04-06 03:00:06,588]INFO:########Scanning Period Ends########
[2019-04-06 03:10:04,910]INFO:########Scanning Period Starts########
[2019-04-06 03:10:04,910]INFO:--------Reading Emails--------
[2019-04-06 03:10:05,773]INFO:Successfully fetched 0 emails
[2019-04-06 03:10:05,776]INFO:0 appointment(s) scraped from 0 email(s) in this period
[2019-04-06 03:10:05,777]INFO:--------Creating Events--------
[2019-04-06 03:10:05,778]INFO:No events to create in this period
[2019-04-06 03:10:05,778]INFO:########Scanning Period Ends########
[2019-04-06 03:20:05,170]INFO:########Scanning Period Starts########
[2019-04-06 03:20:05,172]INFO:--------Reading Emails--------
[2019-04-06 03:20:06,179]INFO:Successfully fetched 0 emails
[2019-04-06 03:20:06,183]INFO:0 appointment(s) scraped from 0 email(s) in this period
[2019-04-06 03:20:06,183]INFO:--------Creating Events--------
[2019-04-06 03:20:06,184]INFO:No events to create in this period
[2019-04-06 03:20:06,185]INFO:########Scanning Period Ends########
[2019-04-06 03:30:05,567]INFO:########Scanning Period Starts########
[2019-04-06 03:30:05,567]INFO:--------Reading Emails--------
[2019-04-06 03:30:06,518]INFO:Successfully fetched 0 emails
[2019-04-06 03:30:06,522]INFO:0 appointment(s) scraped from 0 email(s) in this period
[2019-04-06 03:30:06,523]INFO:--------Creating Events--------
[2019-04-06 03:30:06,523]INFO:No events to create in this period
[2019-04-06 03:30:06,524]INFO:########Scanning Period Ends########
[2019-04-06 03:40:04,845]INFO:########Scanning Period Starts########
[2019-04-06 03:40:04,847]INFO:--------Reading Emails--------
[2019-04-06 03:40:05,870]INFO:Successfully fetched 0 emails
[2019-04-06 03:40:05,873]INFO:0 appointment(s) scraped from 0 email(s) in this period
[2019-04-06 03:40:05,874]INFO:--------Creating Events--------
[2019-04-06 03:40:05,875]INFO:No events to create in this period
[2019-04-06 03:40:05,875]INFO:########Scanning Period Ends########
[2019-04-06 03:50:05,179]INFO:########Scanning Period Starts########
[2019-04-06 03:50:05,180]INFO:--------Reading Emails--------
[2019-04-06 03:50:05,978]INFO:Successfully fetched 0 emails
[2019-04-06 03:50:05,989]INFO:0 appointment(s) scraped from 0 email(s) in this period
[2019-04-06 03:50:05,990]INFO:--------Creating Events--------
[2019-04-06 03:50:05,991]INFO:No events to create in this period
[2019-04-06 03:50:05,992]INFO:########Scanning Period Ends########
[2019-04-06 04:00:05,326]INFO:########Scanning Period Starts########
[2019-04-06 04:00:05,327]INFO:--------Reading Emails--------
[2019-04-06 04:00:06,257]INFO:Successfully fetched 0 emails
[2019-04-06 04:00:06,261]INFO:0 appointment(s) scraped from 0 email(s) in this period
[2019-04-06 04:00:06,262]INFO:--------Creating Events--------
[2019-04-06 04:00:06,262]INFO:No events to create in this period
[2019-04-06 04:00:06,263]INFO:########Scanning Period Ends########
[2019-04-06 04:10:05,627]INFO:########Scanning Period Starts########
[2019-04-06 04:10:05,628]INFO:--------Reading Emails--------
[2019-04-06 04:10:06,442]INFO:Successfully fetched 0 emails
[2019-04-06 04:10:06,445]INFO:0 appointment(s) scraped from 0 email(s) in this period
[2019-04-06 04:10:06,446]INFO:--------Creating Events--------
[2019-04-06 04:10:06,447]INFO:No events to create in this period
[2019-04-06 04:10:06,448]INFO:########Scanning Period Ends########
[2019-04-06 04:20:04,844]INFO:########Scanning Period Starts########
[2019-04-06 04:20:04,845]INFO:--------Reading Emails--------
[2019-04-06 04:20:05,751]INFO:Successfully fetched 0 emails
[2019-04-06 04:20:05,754]INFO:0 appointment(s) scraped from 0 email(s) in this period
[2019-04-06 04:20:05,755]INFO:--------Creating Events--------
[2019-04-06 04:20:05,756]INFO:No events to create in this period
[2019-04-06 04:20:05,756]INFO:########Scanning Period Ends########
[2019-04-06 04:30:05,075]INFO:########Scanning Period Starts########
[2019-04-06 04:30:05,075]INFO:--------Reading Emails--------
[2019-04-06 04:30:06,027]INFO:Successfully fetched 0 emails
[2019-04-06 04:30:06,031]INFO:0 appointment(s) scraped from 0 email(s) in this period
[2019-04-06 04:30:06,031]INFO:--------Creating Events--------
[2019-04-06 04:30:06,032]INFO:No events to create in this period
[2019-04-06 04:30:06,033]INFO:########Scanning Period Ends########
[2019-04-06 04:40:05,366]INFO:########Scanning Period Starts########
[2019-04-06 04:40:05,367]INFO:--------Reading Emails--------
[2019-04-06 04:40:06,348]INFO:Successfully fetched 0 emails
[2019-04-06 04:40:06,351]INFO:0 appointment(s) scraped from 0 email(s) in this period
[2019-04-06 04:40:06,352]INFO:--------Creating Events--------
[2019-04-06 04:40:06,352]INFO:No events to create in this period
[2019-04-06 04:40:06,353]INFO:########Scanning Period Ends########
[2019-04-06 04:50:05,664]INFO:########Scanning Period Starts########
[2019-04-06 04:50:05,667]INFO:--------Reading Emails--------
[2019-04-06 04:50:06,788]INFO:Successfully fetched 0 emails
[2019-04-06 04:50:06,792]INFO:0 appointment(s) scraped from 0 email(s) in this period
[2019-04-06 04:50:06,793]INFO:--------Creating Events--------
[2019-04-06 04:50:06,793]INFO:No events to create in this period
[2019-04-06 04:50:06,794]INFO:########Scanning Period Ends########
[2019-04-06 05:00:05,092]INFO:########Scanning Period Starts########
[2019-04-06 05:00:05,093]INFO:--------Reading Emails--------
[2019-04-06 05:00:06,075]INFO:Successfully fetched 0 emails
[2019-04-06 05:00:06,078]INFO:0 appointment(s) scraped from 0 email(s) in this period
[2019-04-06 05:00:06,079]INFO:--------Creating Events--------
[2019-04-06 05:00:06,080]INFO:No events to create in this period
[2019-04-06 05:00:06,080]INFO:########Scanning Period Ends########
[2019-04-06 05:10:05,433]INFO:########Scanning Period Starts########
[2019-04-06 05:10:05,434]INFO:--------Reading Emails--------
[2019-04-06 05:10:06,462]INFO:Successfully fetched 0 emails
[2019-04-06 05:10:06,466]INFO:0 appointment(s) scraped from 0 email(s) in this period
[2019-04-06 05:10:06,466]INFO:--------Creating Events--------
[2019-04-06 05:10:06,467]INFO:No events to create in this period
[2019-04-06 05:10:06,468]INFO:########Scanning Period Ends########
[2019-04-06 05:20:04,862]INFO:########Scanning Period Starts########
[2019-04-06 05:20:04,862]INFO:--------Reading Emails--------
[2019-04-06 05:20:05,647]INFO:Successfully fetched 0 emails
[2019-04-06 05:20:05,651]INFO:0 appointment(s) scraped from 0 email(s) in this period
[2019-04-06 05:20:05,651]INFO:--------Creating Events--------
[2019-04-06 05:20:05,652]INFO:No events to create in this period
[2019-04-06 05:20:05,653]INFO:########Scanning Period Ends########
[2019-04-06 05:30:04,946]INFO:########Scanning Period Starts########
[2019-04-06 05:30:04,946]INFO:--------Reading Emails--------
[2019-04-06 05:30:05,927]INFO:Successfully fetched 0 emails
[2019-04-06 05:30:05,930]INFO:0 appointment(s) scraped from 0 email(s) in this period
[2019-04-06 05:30:05,931]INFO:--------Creating Events--------
[2019-04-06 05:30:05,932]INFO:No events to create in this period
[2019-04-06 05:30:05,932]INFO:########Scanning Period Ends########
[2019-04-06 05:40:05,263]INFO:########Scanning Period Starts########
[2019-04-06 05:40:05,264]INFO:--------Reading Emails--------
[2019-04-06 05:40:06,171]INFO:Successfully fetched 0 emails
[2019-04-06 05:40:06,174]INFO:0 appointment(s) scraped from 0 email(s) in this period
[2019-04-06 05:40:06,175]INFO:--------Creating Events--------
[2019-04-06 05:40:06,176]INFO:No events to create in this period
[2019-04-06 05:40:06,176]INFO:########Scanning Period Ends########
[2019-04-06 05:50:05,562]INFO:########Scanning Period Starts########
[2019-04-06 05:50:05,563]INFO:--------Reading Emails--------
[2019-04-06 05:50:06,459]INFO:Successfully fetched 0 emails
[2019-04-06 05:50:06,462]INFO:0 appointment(s) scraped from 0 email(s) in this period
[2019-04-06 05:50:06,463]INFO:--------Creating Events--------
[2019-04-06 05:50:06,464]INFO:No events to create in this period
[2019-04-06 05:50:06,464]INFO:########Scanning Period Ends########
[2019-04-06 06:00:05,779]INFO:########Scanning Period Starts########
[2019-04-06 06:00:05,780]INFO:--------Reading Emails--------
[2019-04-06 06:00:06,808]INFO:Successfully fetched 0 emails
[2019-04-06 06:00:06,811]INFO:0 appointment(s) scraped from 0 email(s) in this period
[2019-04-06 06:00:06,812]INFO:--------Creating Events--------
[2019-04-06 06:00:06,813]INFO:No events to create in this period
[2019-04-06 06:00:06,813]INFO:########Scanning Period Ends########
[2019-04-06 06:10:05,086]INFO:########Scanning Period Starts########
[2019-04-06 06:10:05,086]INFO:--------Reading Emails--------
[2019-04-06 06:10:06,233]INFO:Successfully fetched 0 emails
[2019-04-06 06:10:06,237]INFO:0 appointment(s) scraped from 0 email(s) in this period
[2019-04-06 06:10:06,237]INFO:--------Creating Events--------
[2019-04-06 06:10:06,238]INFO:No events to create in this period
[2019-04-06 06:10:06,239]INFO:########Scanning Period Ends########
[2019-04-06 06:20:05,669]INFO:########Scanning Period Starts########
[2019-04-06 06:20:05,669]INFO:--------Reading Emails--------
[2019-04-06 06:20:06,588]INFO:Successfully fetched 0 emails
[2019-04-06 06:20:06,591]INFO:0 appointment(s) scraped from 0 email(s) in this period
[2019-04-06 06:20:06,592]INFO:--------Creating Events--------
[2019-04-06 06:20:06,593]INFO:No events to create in this period
[2019-04-06 06:20:06,593]INFO:########Scanning Period Ends########
[2019-04-06 06:30:04,953]INFO:########Scanning Period Starts########
[2019-04-06 06:30:04,954]INFO:--------Reading Emails--------
[2019-04-06 06:30:05,750]INFO:Successfully fetched 0 emails
[2019-04-06 06:30:05,753]INFO:0 appointment(s) scraped from 0 email(s) in this period
[2019-04-06 06:30:05,758]INFO:--------Creating Events--------
[2019-04-06 06:30:05,759]INFO:No events to create in this period
[2019-04-06 06:30:05,760]INFO:########Scanning Period Ends########
[2019-04-06 06:40:05,087]INFO:########Scanning Period Starts########
[2019-04-06 06:40:05,088]INFO:--------Reading Emails--------
[2019-04-06 06:40:06,020]INFO:Successfully fetched 0 emails
[2019-04-06 06:40:06,023]INFO:0 appointment(s) scraped from 0 email(s) in this period
[2019-04-06 06:40:06,024]INFO:--------Creating Events--------
[2019-04-06 06:40:06,025]INFO:No events to create in this period
[2019-04-06 06:40:06,025]INFO:########Scanning Period Ends########
[2019-04-06 06:50:05,308]INFO:########Scanning Period Starts########
[2019-04-06 06:50:05,309]INFO:--------Reading Emails--------
[2019-04-06 06:50:06,199]INFO:Successfully fetched 0 emails
[2019-04-06 06:50:06,202]INFO:0 appointment(s) scraped from 0 email(s) in this period
[2019-04-06 06:50:06,203]INFO:--------Creating Events--------
[2019-04-06 06:50:06,203]INFO:No events to create in this period
[2019-04-06 06:50:06,204]INFO:########Scanning Period Ends########
[2019-04-06 07:00:05,547]INFO:########Scanning Period Starts########
[2019-04-06 07:00:05,548]INFO:--------Reading Emails--------
[2019-04-06 07:00:06,486]INFO:Successfully fetched 0 emails
[2019-04-06 07:00:06,490]INFO:0 appointment(s) scraped from 0 email(s) in this period
[2019-04-06 07:00:06,490]INFO:--------Creating Events--------
[2019-04-06 07:00:06,491]INFO:No events to create in this period
[2019-04-06 07:00:06,492]INFO:########Scanning Period Ends########
[2019-04-06 07:10:04,864]INFO:########Scanning Period Starts########
[2019-04-06 07:10:04,864]INFO:--------Reading Emails--------
[2019-04-06 07:10:05,627]INFO:Successfully fetched 0 emails
[2019-04-06 07:10:05,630]INFO:0 appointment(s) scraped from 0 email(s) in this period
[2019-04-06 07:10:05,631]INFO:--------Creating Events--------
[2019-04-06 07:10:05,632]INFO:No events to create in this period
[2019-04-06 07:10:05,632]INFO:########Scanning Period Ends########
[2019-04-06 07:20:04,999]INFO:########Scanning Period Starts########
[2019-04-06 07:20:05,000]INFO:--------Reading Emails--------
[2019-04-06 07:20:06,040]INFO:Successfully fetched 0 emails
[2019-04-06 07:20:06,043]INFO:0 appointment(s) scraped from 0 email(s) in this period
[2019-04-06 07:20:06,052]INFO:--------Creating Events--------
[2019-04-06 07:20:06,053]INFO:No events to create in this period
[2019-04-06 07:20:06,053]INFO:########Scanning Period Ends########
[2019-04-06 07:30:05,372]INFO:########Scanning Period Starts########
[2019-04-06 07:30:05,372]INFO:--------Reading Emails--------
[2019-04-06 07:30:06,487]INFO:Successfully fetched 0 emails
[2019-04-06 07:30:06,490]INFO:0 appointment(s) scraped from 0 email(s) in this period
[2019-04-06 07:30:06,491]INFO:--------Creating Events--------
[2019-04-06 07:30:06,492]INFO:No events to create in this period
[2019-04-06 07:30:06,492]INFO:########Scanning Period Ends########
[2019-04-06 07:40:04,847]INFO:########Scanning Period Starts########
[2019-04-06 07:40:04,848]INFO:--------Reading Emails--------
[2019-04-06 07:40:05,646]INFO:Successfully fetched 0 emails
[2019-04-06 07:40:05,650]INFO:0 appointment(s) scraped from 0 email(s) in this period
[2019-04-06 07:40:05,651]INFO:--------Creating Events--------
[2019-04-06 07:40:05,651]INFO:No events to create in this period
[2019-04-06 07:40:05,652]INFO:########Scanning Period Ends########
[2019-04-06 07:50:04,960]INFO:########Scanning Period Starts########
[2019-04-06 07:50:04,960]INFO:--------Reading Emails--------
[2019-04-06 07:50:05,720]INFO:Successfully fetched 0 emails
[2019-04-06 07:50:05,723]INFO:0 appointment(s) scraped from 0 email(s) in this period
[2019-04-06 07:50:05,724]INFO:--------Creating Events--------
[2019-04-06 07:50:05,725]INFO:No events to create in this period
[2019-04-06 07:50:05,725]INFO:########Scanning Period Ends########
[2019-04-06 08:00:05,051]INFO:########Scanning Period Starts########
[2019-04-06 08:00:05,052]INFO:--------Reading Emails--------
[2019-04-06 08:00:06,588]INFO:Successfully fetched 0 emails
[2019-04-06 08:00:06,591]INFO:0 appointment(s) scraped from 0 email(s) in this period
[2019-04-06 08:00:06,592]INFO:--------Creating Events--------
[2019-04-06 08:00:06,593]INFO:No events to create in this period
[2019-04-06 08:00:06,593]INFO:########Scanning Period Ends########
[2019-04-06 08:10:04,915]INFO:########Scanning Period Starts########
[2019-04-06 08:10:04,915]INFO:--------Reading Emails--------
[2019-04-06 08:10:06,146]INFO:Successfully fetched 0 emails
[2019-04-06 08:10:06,149]INFO:0 appointment(s) scraped from 0 email(s) in this period
[2019-04-06 08:10:06,154]INFO:--------Creating Events--------
[2019-04-06 08:10:06,155]INFO:No events to create in this period
[2019-04-06 08:10:06,156]INFO:########Scanning Period Ends########
[2019-04-06 08:20:05,588]INFO:########Scanning Period Starts########
[2019-04-06 08:20:05,588]INFO:--------Reading Emails--------
[2019-04-06 08:20:06,552]INFO:Successfully fetched 0 emails
[2019-04-06 08:20:06,556]INFO:0 appointment(s) scraped from 0 email(s) in this period
[2019-04-06 08:20:06,557]INFO:--------Creating Events--------
[2019-04-06 08:20:06,557]INFO:No events to create in this period
[2019-04-06 08:20:06,558]INFO:########Scanning Period Ends########
[2019-04-06 08:30:04,923]INFO:########Scanning Period Starts########
[2019-04-06 08:30:04,928]INFO:--------Reading Emails--------
[2019-04-06 08:30:05,764]INFO:Successfully fetched 0 emails
[2019-04-06 08:30:05,767]INFO:0 appointment(s) scraped from 0 email(s) in this period
[2019-04-06 08:30:05,768]INFO:--------Creating Events--------
[2019-04-06 08:30:05,769]INFO:No events to create in this period
[2019-04-06 08:30:05,769]INFO:########Scanning Period Ends########
[2019-04-06 08:40:05,119]INFO:########Scanning Period Starts########
[2019-04-06 08:40:05,120]INFO:--------Reading Emails--------
[2019-04-06 08:40:06,468]INFO:Successfully fetched 0 emails
[2019-04-06 08:40:06,471]INFO:0 appointment(s) scraped from 0 email(s) in this period
[2019-04-06 08:40:06,472]INFO:--------Creating Events--------
[2019-04-06 08:40:06,473]INFO:No events to create in this period
[2019-04-06 08:40:06,473]INFO:########Scanning Period Ends########
[2019-04-06 08:50:05,777]INFO:########Scanning Period Starts########
[2019-04-06 08:50:05,777]INFO:--------Reading Emails--------
[2019-04-06 08:50:06,915]INFO:Successfully fetched 0 emails
[2019-04-06 08:50:06,918]INFO:0 appointment(s) scraped from 0 email(s) in this period
[2019-04-06 08:50:06,919]INFO:--------Creating Events--------
[2019-04-06 08:50:06,920]INFO:No events to create in this period
[2019-04-06 08:50:06,920]INFO:########Scanning Period Ends########
[2019-04-06 09:00:05,239]INFO:########Scanning Period Starts########
[2019-04-06 09:00:05,239]INFO:--------Reading Emails--------
[2019-04-06 09:00:06,331]INFO:Successfully fetched 0 emails
[2019-04-06 09:00:06,334]INFO:0 appointment(s) scraped from 0 email(s) in this period
[2019-04-06 09:00:06,339]INFO:--------Creating Events--------
[2019-04-06 09:00:06,340]INFO:No events to create in this period
[2019-04-06 09:00:06,341]INFO:########Scanning Period Ends########
[2019-04-06 09:10:05,660]INFO:########Scanning Period Starts########
[2019-04-06 09:10:05,661]INFO:--------Reading Emails--------
[2019-04-06 09:10:06,527]INFO:Successfully fetched 0 emails
[2019-04-06 09:10:06,531]INFO:0 appointment(s) scraped from 0 email(s) in this period
[2019-04-06 09:10:06,532]INFO:--------Creating Events--------
[2019-04-06 09:10:06,532]INFO:No events to create in this period
[2019-04-06 09:10:06,533]INFO:########Scanning Period Ends########
[2019-04-06 09:20:04,995]INFO:########Scanning Period Starts########
[2019-04-06 09:20:04,995]INFO:--------Reading Emails--------
[2019-04-06 09:20:05,915]INFO:Successfully fetched 0 emails
[2019-04-06 09:20:05,918]INFO:0 appointment(s) scraped from 0 email(s) in this period
[2019-04-06 09:20:05,919]INFO:--------Creating Events--------
[2019-04-06 09:20:05,920]INFO:No events to create in this period
[2019-04-06 09:20:05,921]INFO:########Scanning Period Ends########
[2019-04-06 09:30:05,274]INFO:########Scanning Period Starts########
[2019-04-06 09:30:05,275]INFO:--------Reading Emails--------
[2019-04-06 09:30:06,477]INFO:Successfully fetched 0 emails
[2019-04-06 09:30:06,480]INFO:0 appointment(s) scraped from 0 email(s) in this period
[2019-04-06 09:30:06,490]INFO:--------Creating Events--------
[2019-04-06 09:30:06,491]INFO:No events to create in this period
[2019-04-06 09:30:06,491]INFO:########Scanning Period Ends########
[2019-04-06 09:40:04,803]INFO:########Scanning Period Starts########
[2019-04-06 09:40:04,803]INFO:--------Reading Emails--------
[2019-04-06 09:40:05,596]INFO:Successfully fetched 0 emails
[2019-04-06 09:40:05,600]INFO:0 appointment(s) scraped from 0 email(s) in this period
[2019-04-06 09:40:05,600]INFO:--------Creating Events--------
[2019-04-06 09:40:05,601]INFO:No events to create in this period
[2019-04-06 09:40:05,601]INFO:########Scanning Period Ends########
[2019-04-06 09:50:04,918]INFO:########Scanning Period Starts########
[2019-04-06 09:50:04,919]INFO:--------Reading Emails--------
[2019-04-06 09:50:05,887]INFO:Successfully fetched 0 emails
[2019-04-06 09:50:05,896]INFO:0 appointment(s) scraped from 0 email(s) in this period
[2019-04-06 09:50:05,897]INFO:--------Creating Events--------
[2019-04-06 09:50:05,898]INFO:No events to create in this period
[2019-04-06 09:50:05,898]INFO:########Scanning Period Ends########
[2019-04-06 10:00:05,214]INFO:########Scanning Period Starts########
[2019-04-06 10:00:05,215]INFO:--------Reading Emails--------
[2019-04-06 10:00:06,173]INFO:Successfully fetched 0 emails
[2019-04-06 10:00:06,176]INFO:0 appointment(s) scraped from 0 email(s) in this period
[2019-04-06 10:00:06,177]INFO:--------Creating Events--------
[2019-04-06 10:00:06,178]INFO:No events to create in this period
[2019-04-06 10:00:06,178]INFO:########Scanning Period Ends########
[2019-04-06 10:10:05,486]INFO:########Scanning Period Starts########
[2019-04-06 10:10:05,487]INFO:--------Reading Emails--------
[2019-04-06 10:10:06,387]INFO:Successfully fetched 0 emails
[2019-04-06 10:10:06,390]INFO:0 appointment(s) scraped from 0 email(s) in this period
[2019-04-06 10:10:06,391]INFO:--------Creating Events--------
[2019-04-06 10:10:06,391]INFO:No events to create in this period
[2019-04-06 10:10:06,392]INFO:########Scanning Period Ends########
[2019-04-06 10:20:05,767]INFO:########Scanning Period Starts########
[2019-04-06 10:20:05,768]INFO:--------Reading Emails--------
[2019-04-06 10:20:07,236]INFO:Successfully fetched 0 emails
[2019-04-06 10:20:07,239]INFO:0 appointment(s) scraped from 0 email(s) in this period
[2019-04-06 10:20:07,248]INFO:--------Creating Events--------
[2019-04-06 10:20:07,249]INFO:No events to create in this period
[2019-04-06 10:20:07,250]INFO:########Scanning Period Ends########
[2019-04-06 10:30:05,500]INFO:########Scanning Period Starts########
[2019-04-06 10:30:05,500]INFO:--------Reading Emails--------
[2019-04-06 10:30:06,322]INFO:Successfully fetched 0 emails
[2019-04-06 10:30:06,325]INFO:0 appointment(s) scraped from 0 email(s) in this period
[2019-04-06 10:30:06,326]INFO:--------Creating Events--------
[2019-04-06 10:30:06,327]INFO:No events to create in this period
[2019-04-06 10:30:06,328]INFO:########Scanning Period Ends########
[2019-04-06 10:40:05,658]INFO:########Scanning Period Starts########
[2019-04-06 10:40:05,659]INFO:--------Reading Emails--------
[2019-04-06 10:40:06,737]INFO:Successfully fetched 0 emails
[2019-04-06 10:40:06,741]INFO:0 appointment(s) scraped from 0 email(s) in this period
[2019-04-06 10:40:06,751]INFO:--------Creating Events--------
[2019-04-06 10:40:06,751]INFO:No events to create in this period
[2019-04-06 10:40:06,752]INFO:########Scanning Period Ends########
[2019-04-06 10:50:05,152]INFO:########Scanning Period Starts########
[2019-04-06 10:50:05,153]INFO:--------Reading Emails--------
[2019-04-06 10:50:06,145]INFO:Successfully fetched 0 emails
[2019-04-06 10:50:06,148]INFO:0 appointment(s) scraped from 0 email(s) in this period
[2019-04-06 10:50:06,149]INFO:--------Creating Events--------
[2019-04-06 10:50:06,150]INFO:No events to create in this period
[2019-04-06 10:50:06,150]INFO:########Scanning Period Ends########
[2019-04-06 11:00:05,472]INFO:########Scanning Period Starts########
[2019-04-06 11:00:05,472]INFO:--------Reading Emails--------
[2019-04-06 11:00:06,669]INFO:Successfully fetched 0 emails
[2019-04-06 11:00:06,673]INFO:0 appointment(s) scraped from 0 email(s) in this period
[2019-04-06 11:00:06,673]INFO:--------Creating Events--------
[2019-04-06 11:00:06,674]INFO:No events to create in this period
[2019-04-06 11:00:06,675]INFO:########Scanning Period Ends########
[2019-04-06 11:10:04,993]INFO:########Scanning Period Starts########
[2019-04-06 11:10:04,993]INFO:--------Reading Emails--------
[2019-04-06 11:10:05,829]INFO:Successfully fetched 0 emails
[2019-04-06 11:10:05,832]INFO:0 appointment(s) scraped from 0 email(s) in this period
[2019-04-06 11:10:05,833]INFO:--------Creating Events--------
[2019-04-06 11:10:05,834]INFO:No events to create in this period
[2019-04-06 11:10:05,834]INFO:########Scanning Period Ends########
[2019-04-06 11:20:05,276]INFO:########Scanning Period Starts########
[2019-04-06 11:20:05,279]INFO:--------Reading Emails--------
[2019-04-06 11:20:06,492]INFO:Successfully fetched 0 emails
[2019-04-06 11:20:06,495]INFO:0 appointment(s) scraped from 0 email(s) in this period
[2019-04-06 11:20:06,497]INFO:--------Creating Events--------
[2019-04-06 11:20:06,498]INFO:No events to create in this period
[2019-04-06 11:20:06,498]INFO:########Scanning Period Ends########
[2019-04-06 11:30:04,828]INFO:########Scanning Period Starts########
[2019-04-06 11:30:04,828]INFO:--------Reading Emails--------
[2019-04-06 11:30:05,728]INFO:Successfully fetched 0 emails
[2019-04-06 11:30:05,731]INFO:0 appointment(s) scraped from 0 email(s) in this period
[2019-04-06 11:30:05,732]INFO:--------Creating Events--------
[2019-04-06 11:30:05,732]INFO:No events to create in this period
[2019-04-06 11:30:05,733]INFO:########Scanning Period Ends########
[2019-04-06 11:40:05,036]INFO:########Scanning Period Starts########
[2019-04-06 11:40:05,037]INFO:--------Reading Emails--------
[2019-04-06 11:40:06,202]INFO:Successfully fetched 0 emails
[2019-04-06 11:40:06,205]INFO:0 appointment(s) scraped from 0 email(s) in this period
[2019-04-06 11:40:06,206]INFO:--------Creating Events--------
[2019-04-06 11:40:06,207]INFO:No events to create in this period
[2019-04-06 11:40:06,208]INFO:########Scanning Period Ends########
[2019-04-06 11:50:05,563]INFO:########Scanning Period Starts########
[2019-04-06 11:50:05,564]INFO:--------Reading Emails--------
[2019-04-06 11:50:06,709]INFO:Successfully fetched 0 emails
[2019-04-06 11:50:06,712]INFO:0 appointment(s) scraped from 0 email(s) in this period
[2019-04-06 11:50:06,713]INFO:--------Creating Events--------
[2019-04-06 11:50:06,713]INFO:No events to create in this period
[2019-04-06 11:50:06,714]INFO:########Scanning Period Ends########
[2019-04-06 12:00:04,998]INFO:########Scanning Period Starts########
[2019-04-06 12:00:04,998]INFO:--------Reading Emails--------
[2019-04-06 12:00:06,126]INFO:Successfully fetched 0 emails
[2019-04-06 12:00:06,130]INFO:0 appointment(s) scraped from 0 email(s) in this period
[2019-04-06 12:00:06,131]INFO:--------Creating Events--------
[2019-04-06 12:00:06,131]INFO:No events to create in this period
[2019-04-06 12:00:06,132]INFO:########Scanning Period Ends########
[2019-04-06 12:10:05,419]INFO:########Scanning Period Starts########
[2019-04-06 12:10:05,419]INFO:--------Reading Emails--------
[2019-04-06 12:10:06,632]INFO:Successfully fetched 0 emails
[2019-04-06 12:10:06,635]INFO:0 appointment(s) scraped from 0 email(s) in this period
[2019-04-06 12:10:06,640]INFO:--------Creating Events--------
[2019-04-06 12:10:06,641]INFO:No events to create in this period
[2019-04-06 12:10:06,641]INFO:########Scanning Period Ends########
[2019-04-06 12:20:05,080]INFO:########Scanning Period Starts########
[2019-04-06 12:20:05,081]INFO:--------Reading Emails--------
[2019-04-06 12:20:05,943]INFO:Successfully fetched 0 emails
[2019-04-06 12:20:05,946]INFO:0 appointment(s) scraped from 0 email(s) in this period
[2019-04-06 12:20:05,947]INFO:--------Creating Events--------
[2019-04-06 12:20:05,952]INFO:No events to create in this period
[2019-04-06 12:20:05,953]INFO:########Scanning Period Ends########
[2019-04-06 12:30:05,257]INFO:########Scanning Period Starts########
[2019-04-06 12:30:05,257]INFO:--------Reading Emails--------
[2019-04-06 12:30:06,286]INFO:Successfully fetched 0 emails
[2019-04-06 12:30:06,289]INFO:0 appointment(s) scraped from 0 email(s) in this period
[2019-04-06 12:30:06,290]INFO:--------Creating Events--------
[2019-04-06 12:30:06,291]INFO:No events to create in this period
[2019-04-06 12:30:06,291]INFO:########Scanning Period Ends########
[2019-04-06 12:40:05,601]INFO:########Scanning Period Starts########
[2019-04-06 12:40:05,602]INFO:--------Reading Emails--------
[2019-04-06 12:40:07,311]INFO:Successfully fetched 0 emails
[2019-04-06 12:40:07,314]INFO:0 appointment(s) scraped from 0 email(s) in this period
[2019-04-06 12:40:07,315]INFO:--------Creating Events--------
[2019-04-06 12:40:07,316]INFO:No events to create in this period
[2019-04-06 12:40:07,316]INFO:########Scanning Period Ends########
[2019-04-06 12:50:05,645]INFO:########Scanning Period Starts########
[2019-04-06 12:50:05,645]INFO:--------Reading Emails--------
[2019-04-06 12:50:06,689]INFO:Successfully fetched 0 emails
[2019-04-06 12:50:06,693]INFO:0 appointment(s) scraped from 0 email(s) in this period
[2019-04-06 12:50:06,694]INFO:--------Creating Events--------
[2019-04-06 12:50:06,694]INFO:No events to create in this period
[2019-04-06 12:50:06,695]INFO:########Scanning Period Ends########
[2019-04-06 13:00:04,992]INFO:########Scanning Period Starts########
[2019-04-06 13:00:04,992]INFO:--------Reading Emails--------
[2019-04-06 13:00:05,999]INFO:Successfully fetched 0 emails
[2019-04-06 13:00:06,003]INFO:0 appointment(s) scraped from 0 email(s) in this period
[2019-04-06 13:00:06,003]INFO:--------Creating Events--------
[2019-04-06 13:00:06,004]INFO:No events to create in this period
[2019-04-06 13:00:06,005]INFO:########Scanning Period Ends########
[2019-04-06 13:10:05,357]INFO:########Scanning Period Starts########
[2019-04-06 13:10:05,357]INFO:--------Reading Emails--------
[2019-04-06 13:10:06,296]INFO:Successfully fetched 0 emails
[2019-04-06 13:10:06,299]INFO:0 appointment(s) scraped from 0 email(s) in this period
[2019-04-06 13:10:06,304]INFO:--------Creating Events--------
[2019-04-06 13:10:06,305]INFO:No events to create in this period
[2019-04-06 13:10:06,306]INFO:########Scanning Period Ends########
[2019-04-06 13:20:05,739]INFO:########Scanning Period Starts########
[2019-04-06 13:20:05,739]INFO:--------Reading Emails--------
[2019-04-06 13:20:06,961]INFO:Successfully fetched 0 emails
[2019-04-06 13:20:06,964]INFO:0 appointment(s) scraped from 0 email(s) in this period
[2019-04-06 13:20:06,969]INFO:--------Creating Events--------
[2019-04-06 13:20:06,970]INFO:No events to create in this period
[2019-04-06 13:20:06,971]INFO:########Scanning Period Ends########
[2019-04-06 13:30:05,244]INFO:########Scanning Period Starts########
[2019-04-06 13:30:05,244]INFO:--------Reading Emails--------
[2019-04-06 13:30:06,090]INFO:Successfully fetched 0 emails
[2019-04-06 13:30:06,093]INFO:0 appointment(s) scraped from 0 email(s) in this period
[2019-04-06 13:30:06,094]INFO:--------Creating Events--------
[2019-04-06 13:30:06,094]INFO:No events to create in this period
[2019-04-06 13:30:06,095]INFO:########Scanning Period Ends########
[2019-04-06 13:40:05,459]INFO:########Scanning Period Starts########
[2019-04-06 13:40:05,460]INFO:--------Reading Emails--------
[2019-04-06 13:40:06,483]INFO:Successfully fetched 0 emails
[2019-04-06 13:40:06,486]INFO:0 appointment(s) scraped from 0 email(s) in this period
[2019-04-06 13:40:06,487]INFO:--------Creating Events--------
[2019-04-06 13:40:06,488]INFO:No events to create in this period
[2019-04-06 13:40:06,488]INFO:########Scanning Period Ends########
[2019-04-06 13:50:04,769]INFO:########Scanning Period Starts########
[2019-04-06 13:50:04,769]INFO:--------Reading Emails--------
[2019-04-06 13:50:06,225]INFO:Successfully fetched 0 emails
[2019-04-06 13:50:06,228]INFO:0 appointment(s) scraped from 0 email(s) in this period
[2019-04-06 13:50:06,229]INFO:--------Creating Events--------
[2019-04-06 13:50:06,230]INFO:No events to create in this period
[2019-04-06 13:50:06,230]INFO:########Scanning Period Ends########
[2019-04-06 14:00:05,610]INFO:########Scanning Period Starts########
[2019-04-06 14:00:05,611]INFO:--------Reading Emails--------
[2019-04-06 14:00:07,260]INFO:Successfully fetched 0 emails
[2019-04-06 14:00:07,263]INFO:0 appointment(s) scraped from 0 email(s) in this period
[2019-04-06 14:00:07,264]INFO:--------Creating Events--------
[2019-04-06 14:00:07,265]INFO:No events to create in this period
[2019-04-06 14:00:07,265]INFO:########Scanning Period Ends########
[2019-04-06 14:10:05,602]INFO:########Scanning Period Starts########
[2019-04-06 14:10:05,602]INFO:--------Reading Emails--------
[2019-04-06 14:10:06,442]INFO:Successfully fetched 0 emails
[2019-04-06 14:10:06,445]INFO:0 appointment(s) scraped from 0 email(s) in this period
[2019-04-06 14:10:06,446]INFO:--------Creating Events--------
[2019-04-06 14:10:06,447]INFO:No events to create in this period
[2019-04-06 14:10:06,447]INFO:########Scanning Period Ends########
[2019-04-06 14:20:04,833]INFO:########Scanning Period Starts########
[2019-04-06 14:20:04,834]INFO:--------Reading Emails--------
[2019-04-06 14:20:05,640]INFO:Successfully fetched 0 emails
[2019-04-06 14:20:05,644]INFO:0 appointment(s) scraped from 0 email(s) in this period
[2019-04-06 14:20:05,645]INFO:--------Creating Events--------
[2019-04-06 14:20:05,645]INFO:No events to create in this period
[2019-04-06 14:20:05,646]INFO:########Scanning Period Ends########
[2019-04-06 14:30:04,981]INFO:########Scanning Period Starts########
[2019-04-06 14:30:04,981]INFO:--------Reading Emails--------
[2019-04-06 14:30:06,082]INFO:Successfully fetched 0 emails
[2019-04-06 14:30:06,085]INFO:0 appointment(s) scraped from 0 email(s) in this period
[2019-04-06 14:30:06,086]INFO:--------Creating Events--------
[2019-04-06 14:30:06,087]INFO:No events to create in this period
[2019-04-06 14:30:06,087]INFO:########Scanning Period Ends########
[2019-04-06 14:40:05,372]INFO:########Scanning Period Starts########
[2019-04-06 14:40:05,373]INFO:--------Reading Emails--------
[2019-04-06 14:40:06,702]INFO:Successfully fetched 0 emails
[2019-04-06 14:40:06,705]INFO:0 appointment(s) scraped from 0 email(s) in this period
[2019-04-06 14:40:06,706]INFO:--------Creating Events--------
[2019-04-06 14:40:06,707]INFO:No events to create in this period
[2019-04-06 14:40:06,707]INFO:########Scanning Period Ends########
[2019-04-06 14:50:05,052]INFO:########Scanning Period Starts########
[2019-04-06 14:50:05,053]INFO:--------Reading Emails--------
[2019-04-06 14:50:06,108]INFO:Successfully fetched 0 emails
[2019-04-06 14:50:06,111]INFO:0 appointment(s) scraped from 0 email(s) in this period
[2019-04-06 14:50:06,121]INFO:--------Creating Events--------
[2019-04-06 14:50:06,121]INFO:No events to create in this period
[2019-04-06 14:50:06,122]INFO:########Scanning Period Ends########
[2019-04-06 15:00:05,442]INFO:########Scanning Period Starts########
[2019-04-06 15:00:05,443]INFO:--------Reading Emails--------
[2019-04-06 15:00:06,434]INFO:Successfully fetched 0 emails
[2019-04-06 15:00:06,438]INFO:0 appointment(s) scraped from 0 email(s) in this period
[2019-04-06 15:00:06,438]INFO:--------Creating Events--------
[2019-04-06 15:00:06,439]INFO:No events to create in this period
[2019-04-06 15:00:06,440]INFO:########Scanning Period Ends########
[2019-04-06 15:10:05,750]INFO:########Scanning Period Starts########
[2019-04-06 15:10:05,751]INFO:--------Reading Emails--------
[2019-04-06 15:10:06,718]INFO:Successfully fetched 0 emails
[2019-04-06 15:10:06,721]INFO:0 appointment(s) scraped from 0 email(s) in this period
[2019-04-06 15:10:06,722]INFO:--------Creating Events--------
[2019-04-06 15:10:06,723]INFO:No events to create in this period
[2019-04-06 15:10:06,723]INFO:########Scanning Period Ends########
[2019-04-06 15:20:05,086]INFO:########Scanning Period Starts########
[2019-04-06 15:20:05,087]INFO:--------Reading Emails--------
[2019-04-06 15:20:05,924]INFO:Successfully fetched 0 emails
[2019-04-06 15:20:05,928]INFO:0 appointment(s) scraped from 0 email(s) in this period
[2019-04-06 15:20:05,929]INFO:--------Creating Events--------
[2019-04-06 15:20:05,929]INFO:No events to create in this period
[2019-04-06 15:20:05,930]INFO:########Scanning Period Ends########
[2019-04-06 15:30:05,225]INFO:########Scanning Period Starts########
[2019-04-06 15:30:05,226]INFO:--------Reading Emails--------
[2019-04-06 15:30:06,338]INFO:Successfully fetched 0 emails
[2019-04-06 15:30:06,342]INFO:0 appointment(s) scraped from 0 email(s) in this period
[2019-04-06 15:30:06,343]INFO:--------Creating Events--------
[2019-04-06 15:30:06,343]INFO:No events to create in this period
[2019-04-06 15:30:06,344]INFO:########Scanning Period Ends########
[2019-04-06 15:40:05,644]INFO:########Scanning Period Starts########
[2019-04-06 15:40:05,644]INFO:--------Reading Emails--------
[2019-04-06 15:40:06,724]INFO:Successfully fetched 0 emails
[2019-04-06 15:40:06,727]INFO:0 appointment(s) scraped from 0 email(s) in this period
[2019-04-06 15:40:06,728]INFO:--------Creating Events--------
[2019-04-06 15:40:06,729]INFO:No events to create in this period
[2019-04-06 15:40:06,729]INFO:########Scanning Period Ends########
[2019-04-06 15:50:05,103]INFO:########Scanning Period Starts########
[2019-04-06 15:50:05,103]INFO:--------Reading Emails--------
[2019-04-06 15:50:06,056]INFO:Successfully fetched 0 emails
[2019-04-06 15:50:06,060]INFO:0 appointment(s) scraped from 0 email(s) in this period
[2019-04-06 15:50:06,061]INFO:--------Creating Events--------
[2019-04-06 15:50:06,061]INFO:No events to create in this period
[2019-04-06 15:50:06,062]INFO:########Scanning Period Ends########
[2019-04-06 16:00:05,356]INFO:########Scanning Period Starts########
[2019-04-06 16:00:05,357]INFO:--------Reading Emails--------
[2019-04-06 16:00:06,445]INFO:Successfully fetched 0 emails
[2019-04-06 16:00:06,448]INFO:0 appointment(s) scraped from 0 email(s) in this period
[2019-04-06 16:00:06,449]INFO:--------Creating Events--------
[2019-04-06 16:00:06,450]INFO:No events to create in this period
[2019-04-06 16:00:06,450]INFO:########Scanning Period Ends########
[2019-04-06 16:10:05,772]INFO:########Scanning Period Starts########
[2019-04-06 16:10:05,772]INFO:--------Reading Emails--------
[2019-04-06 16:10:06,789]INFO:Successfully fetched 0 emails
[2019-04-06 16:10:06,793]INFO:0 appointment(s) scraped from 0 email(s) in this period
[2019-04-06 16:10:06,793]INFO:--------Creating Events--------
[2019-04-06 16:10:06,794]INFO:No events to create in this period
[2019-04-06 16:10:06,795]INFO:########Scanning Period Ends########
[2019-04-06 16:20:05,183]INFO:########Scanning Period Starts########
[2019-04-06 16:20:05,184]INFO:--------Reading Emails--------
[2019-04-06 16:20:06,268]INFO:Successfully fetched 0 emails
[2019-04-06 16:20:06,272]INFO:0 appointment(s) scraped from 0 email(s) in this period
[2019-04-06 16:20:06,273]INFO:--------Creating Events--------
[2019-04-06 16:20:06,273]INFO:No events to create in this period
[2019-04-06 16:20:06,274]INFO:########Scanning Period Ends########
[2019-04-06 16:30:05,690]INFO:########Scanning Period Starts########
[2019-04-06 16:30:05,691]INFO:--------Reading Emails--------
[2019-04-06 16:30:06,761]INFO:Successfully fetched 0 emails
[2019-04-06 16:30:06,764]INFO:0 appointment(s) scraped from 0 email(s) in this period
[2019-04-06 16:30:06,765]INFO:--------Creating Events--------
[2019-04-06 16:30:06,766]INFO:No events to create in this period
[2019-04-06 16:30:06,766]INFO:########Scanning Period Ends########
[2019-04-06 16:40:05,066]INFO:########Scanning Period Starts########
[2019-04-06 16:40:05,066]INFO:--------Reading Emails--------
[2019-04-06 16:40:06,061]INFO:Successfully fetched 0 emails
[2019-04-06 16:40:06,064]INFO:0 appointment(s) scraped from 0 email(s) in this period
[2019-04-06 16:40:06,065]INFO:--------Creating Events--------
[2019-04-06 16:40:06,066]INFO:No events to create in this period
[2019-04-06 16:40:06,066]INFO:########Scanning Period Ends########
[2019-04-06 16:50:05,383]INFO:########Scanning Period Starts########
[2019-04-06 16:50:05,383]INFO:--------Reading Emails--------
[2019-04-06 16:50:06,430]INFO:Successfully fetched 0 emails
[2019-04-06 16:50:06,433]INFO:0 appointment(s) scraped from 0 email(s) in this period
[2019-04-06 16:50:06,434]INFO:--------Creating Events--------
[2019-04-06 16:50:06,434]INFO:No events to create in this period
[2019-04-06 16:50:06,435]INFO:########Scanning Period Ends########
[2019-04-06 17:00:05,757]INFO:########Scanning Period Starts########
[2019-04-06 17:00:05,758]INFO:--------Reading Emails--------
[2019-04-06 17:00:06,892]INFO:Successfully fetched 0 emails
[2019-04-06 17:00:06,895]INFO:0 appointment(s) scraped from 0 email(s) in this period
[2019-04-06 17:00:06,896]INFO:--------Creating Events--------
[2019-04-06 17:00:06,896]INFO:No events to create in this period
[2019-04-06 17:00:06,897]INFO:########Scanning Period Ends########
[2019-04-06 17:10:05,287]INFO:########Scanning Period Starts########
[2019-04-06 17:10:05,287]INFO:--------Reading Emails--------
[2019-04-06 17:10:06,118]INFO:Successfully fetched 0 emails
[2019-04-06 17:10:06,121]INFO:0 appointment(s) scraped from 0 email(s) in this period
[2019-04-06 17:10:06,122]INFO:--------Creating Events--------
[2019-04-06 17:10:06,123]INFO:No events to create in this period
[2019-04-06 17:10:06,123]INFO:########Scanning Period Ends########
[2019-04-06 17:20:05,531]INFO:########Scanning Period Starts########
[2019-04-06 17:20:05,532]INFO:--------Reading Emails--------
[2019-04-06 17:20:06,450]INFO:Successfully fetched 0 emails
[2019-04-06 17:20:06,453]INFO:0 appointment(s) scraped from 0 email(s) in this period
[2019-04-06 17:20:06,463]INFO:--------Creating Events--------
[2019-04-06 17:20:06,464]INFO:No events to create in this period
[2019-04-06 17:20:06,465]INFO:########Scanning Period Ends########
[2019-04-06 17:30:05,756]INFO:########Scanning Period Starts########
[2019-04-06 17:30:05,757]INFO:--------Reading Emails--------
[2019-04-06 17:30:06,735]INFO:Successfully fetched 0 emails
[2019-04-06 17:30:06,739]INFO:0 appointment(s) scraped from 0 email(s) in this period
[2019-04-06 17:30:06,740]INFO:--------Creating Events--------
[2019-04-06 17:30:06,740]INFO:No events to create in this period
[2019-04-06 17:30:06,741]INFO:########Scanning Period Ends########
[2019-04-06 17:40:05,104]INFO:########Scanning Period Starts########
[2019-04-06 17:40:05,104]INFO:--------Reading Emails--------
[2019-04-06 17:40:05,967]INFO:Successfully fetched 0 emails
[2019-04-06 17:40:05,971]INFO:0 appointment(s) scraped from 0 email(s) in this period
[2019-04-06 17:40:05,972]INFO:--------Creating Events--------
[2019-04-06 17:40:05,972]INFO:No events to create in this period
[2019-04-06 17:40:05,973]INFO:########Scanning Period Ends########
[2019-04-06 17:50:05,333]INFO:########Scanning Period Starts########
[2019-04-06 17:50:05,333]INFO:--------Reading Emails--------
[2019-04-06 17:50:06,527]INFO:Successfully fetched 0 emails
[2019-04-06 17:50:06,535]INFO:0 appointment(s) scraped from 0 email(s) in this period
[2019-04-06 17:50:06,537]INFO:--------Creating Events--------
[2019-04-06 17:50:06,537]INFO:No events to create in this period
[2019-04-06 17:50:06,538]INFO:########Scanning Period Ends########
[2019-04-06 18:00:04,867]INFO:########Scanning Period Starts########
[2019-04-06 18:00:04,867]INFO:--------Reading Emails--------
[2019-04-06 18:00:05,895]INFO:Successfully fetched 0 emails
[2019-04-06 18:00:05,899]INFO:0 appointment(s) scraped from 0 email(s) in this period
[2019-04-06 18:00:05,899]INFO:--------Creating Events--------
[2019-04-06 18:00:05,900]INFO:No events to create in this period
[2019-04-06 18:00:05,901]INFO:########Scanning Period Ends########
[2019-04-06 18:10:05,294]INFO:########Scanning Period Starts########
[2019-04-06 18:10:05,294]INFO:--------Reading Emails--------
[2019-04-06 18:10:06,227]INFO:Successfully fetched 0 emails
[2019-04-06 18:10:06,230]INFO:0 appointment(s) scraped from 0 email(s) in this period
[2019-04-06 18:10:06,231]INFO:--------Creating Events--------
[2019-04-06 18:10:06,232]INFO:No events to create in this period
[2019-04-06 18:10:06,232]INFO:########Scanning Period Ends########
[2019-04-06 18:20:05,641]INFO:########Scanning Period Starts########
[2019-04-06 18:20:05,641]INFO:--------Reading Emails--------
[2019-04-06 18:20:06,661]INFO:Successfully fetched 0 emails
[2019-04-06 18:20:06,664]INFO:0 appointment(s) scraped from 0 email(s) in this period
[2019-04-06 18:20:06,665]INFO:--------Creating Events--------
[2019-04-06 18:20:06,666]INFO:No events to create in this period
[2019-04-06 18:20:06,666]INFO:########Scanning Period Ends########
[2019-04-06 18:30:04,968]INFO:########Scanning Period Starts########
[2019-04-06 18:30:04,969]INFO:--------Reading Emails--------
[2019-04-06 18:30:06,083]INFO:Successfully fetched 0 emails
[2019-04-06 18:30:06,086]INFO:0 appointment(s) scraped from 0 email(s) in this period
[2019-04-06 18:30:06,087]INFO:--------Creating Events--------
[2019-04-06 18:30:06,088]INFO:No events to create in this period
[2019-04-06 18:30:06,088]INFO:########Scanning Period Ends########
[2019-04-06 18:40:05,466]INFO:########Scanning Period Starts########
[2019-04-06 18:40:05,467]INFO:--------Reading Emails--------
[2019-04-06 18:40:06,486]INFO:Successfully fetched 0 emails
[2019-04-06 18:40:06,489]INFO:0 appointment(s) scraped from 0 email(s) in this period
[2019-04-06 18:40:06,490]INFO:--------Creating Events--------
[2019-04-06 18:40:06,491]INFO:No events to create in this period
[2019-04-06 18:40:06,491]INFO:########Scanning Period Ends########
[2019-04-06 18:50:04,817]INFO:########Scanning Period Starts########
[2019-04-06 18:50:04,818]INFO:--------Reading Emails--------
[2019-04-06 18:50:05,850]INFO:Successfully fetched 0 emails
[2019-04-06 18:50:05,854]INFO:0 appointment(s) scraped from 0 email(s) in this period
[2019-04-06 18:50:05,855]INFO:--------Creating Events--------
[2019-04-06 18:50:05,855]INFO:No events to create in this period
[2019-04-06 18:50:05,856]INFO:########Scanning Period Ends########
[2019-04-06 19:00:05,186]INFO:########Scanning Period Starts########
[2019-04-06 19:00:05,187]INFO:--------Reading Emails--------
[2019-04-06 19:00:06,339]INFO:Successfully fetched 0 emails
[2019-04-06 19:00:06,342]INFO:0 appointment(s) scraped from 0 email(s) in this period
[2019-04-06 19:00:06,343]INFO:--------Creating Events--------
[2019-04-06 19:00:06,343]INFO:No events to create in this period
[2019-04-06 19:00:06,344]INFO:########Scanning Period Ends########
[2019-04-06 19:10:05,668]INFO:########Scanning Period Starts########
[2019-04-06 19:10:05,669]INFO:--------Reading Emails--------
[2019-04-06 19:10:06,601]INFO:Successfully fetched 0 emails
[2019-04-06 19:10:06,604]INFO:0 appointment(s) scraped from 0 email(s) in this period
[2019-04-06 19:10:06,605]INFO:--------Creating Events--------
[2019-04-06 19:10:06,606]INFO:No events to create in this period
[2019-04-06 19:10:06,606]INFO:########Scanning Period Ends########
[2019-04-06 19:20:04,989]INFO:########Scanning Period Starts########
[2019-04-06 19:20:04,990]INFO:--------Reading Emails--------
[2019-04-06 19:20:06,139]INFO:Successfully fetched 0 emails
[2019-04-06 19:20:06,142]INFO:0 appointment(s) scraped from 0 email(s) in this period
[2019-04-06 19:20:06,143]INFO:--------Creating Events--------
[2019-04-06 19:20:06,143]INFO:No events to create in this period
[2019-04-06 19:20:06,144]INFO:########Scanning Period Ends########
[2019-04-06 19:30:05,499]INFO:########Scanning Period Starts########
[2019-04-06 19:30:05,500]INFO:--------Reading Emails--------
[2019-04-06 19:30:06,691]INFO:Successfully fetched 0 emails
[2019-04-06 19:30:06,704]INFO:0 appointment(s) scraped from 0 email(s) in this period
[2019-04-06 19:30:06,705]INFO:--------Creating Events--------
[2019-04-06 19:30:06,706]INFO:No events to create in this period
[2019-04-06 19:30:06,706]INFO:########Scanning Period Ends########
[2019-04-06 19:40:05,041]INFO:########Scanning Period Starts########
[2019-04-06 19:40:05,042]INFO:--------Reading Emails--------
[2019-04-06 19:40:05,912]INFO:Successfully fetched 0 emails
[2019-04-06 19:40:05,916]INFO:0 appointment(s) scraped from 0 email(s) in this period
[2019-04-06 19:40:05,917]INFO:--------Creating Events--------
[2019-04-06 19:40:05,917]INFO:No events to create in this period
[2019-04-06 19:40:05,918]INFO:########Scanning Period Ends########
[2019-04-06 19:50:05,319]INFO:########Scanning Period Starts########
[2019-04-06 19:50:05,320]INFO:--------Reading Emails--------
[2019-04-06 19:50:06,426]INFO:Successfully fetched 0 emails
[2019-04-06 19:50:06,430]INFO:0 appointment(s) scraped from 0 email(s) in this period
[2019-04-06 19:50:06,447]INFO:--------Creating Events--------
[2019-04-06 19:50:06,448]INFO:No events to create in this period
[2019-04-06 19:50:06,449]INFO:########Scanning Period Ends########
[2019-04-06 20:00:05,755]INFO:########Scanning Period Starts########
[2019-04-06 20:00:05,756]INFO:--------Reading Emails--------
[2019-04-06 20:00:06,742]INFO:Successfully fetched 0 emails
[2019-04-06 20:00:06,745]INFO:0 appointment(s) scraped from 0 email(s) in this period
[2019-04-06 20:00:06,746]INFO:--------Creating Events--------
[2019-04-06 20:00:06,747]INFO:No events to create in this period
[2019-04-06 20:00:06,747]INFO:########Scanning Period Ends########
[2019-04-06 20:10:05,100]INFO:########Scanning Period Starts########
[2019-04-06 20:10:05,101]INFO:--------Reading Emails--------
[2019-04-06 20:10:06,107]INFO:Successfully fetched 0 emails
[2019-04-06 20:10:06,110]INFO:0 appointment(s) scraped from 0 email(s) in this period
[2019-04-06 20:10:06,111]INFO:--------Creating Events--------
[2019-04-06 20:10:06,112]INFO:No events to create in this period
[2019-04-06 20:10:06,113]INFO:########Scanning Period Ends########
[2019-04-06 20:20:05,513]INFO:########Scanning Period Starts########
[2019-04-06 20:20:05,514]INFO:--------Reading Emails--------
[2019-04-06 20:20:06,581]INFO:Successfully fetched 0 emails
[2019-04-06 20:20:06,585]INFO:0 appointment(s) scraped from 0 email(s) in this period
[2019-04-06 20:20:06,585]INFO:--------Creating Events--------
[2019-04-06 20:20:06,586]INFO:No events to create in this period
[2019-04-06 20:20:06,587]INFO:########Scanning Period Ends########
[2019-04-06 20:30:04,886]INFO:########Scanning Period Starts########
[2019-04-06 20:30:04,887]INFO:--------Reading Emails--------
[2019-04-06 20:30:05,828]INFO:Successfully fetched 0 emails
[2019-04-06 20:30:05,831]INFO:0 appointment(s) scraped from 0 email(s) in this period
[2019-04-06 20:30:05,832]INFO:--------Creating Events--------
[2019-04-06 20:30:05,833]INFO:No events to create in this period
[2019-04-06 20:30:05,833]INFO:########Scanning Period Ends########
[2019-04-06 20:40:05,179]INFO:########Scanning Period Starts########
[2019-04-06 20:40:05,180]INFO:--------Reading Emails--------
[2019-04-06 20:40:06,241]INFO:Successfully fetched 0 emails
[2019-04-06 20:40:06,244]INFO:0 appointment(s) scraped from 0 email(s) in this period
[2019-04-06 20:40:06,245]INFO:--------Creating Events--------
[2019-04-06 20:40:06,246]INFO:No events to create in this period
[2019-04-06 20:40:06,247]INFO:########Scanning Period Ends########
[2019-04-06 20:50:05,578]INFO:########Scanning Period Starts########
[2019-04-06 20:50:05,579]INFO:--------Reading Emails--------
[2019-04-06 20:50:06,456]INFO:Successfully fetched 0 emails
[2019-04-06 20:50:06,460]INFO:0 appointment(s) scraped from 0 email(s) in this period
[2019-04-06 20:50:06,461]INFO:--------Creating Events--------
[2019-04-06 20:50:06,461]INFO:No events to create in this period
[2019-04-06 20:50:06,462]INFO:########Scanning Period Ends########
[2019-04-06 21:00:05,778]INFO:########Scanning Period Starts########
[2019-04-06 21:00:05,778]INFO:--------Reading Emails--------
[2019-04-06 21:00:06,997]INFO:Successfully fetched 0 emails
[2019-04-06 21:00:07,000]INFO:0 appointment(s) scraped from 0 email(s) in this period
[2019-04-06 21:00:07,005]INFO:--------Creating Events--------
[2019-04-06 21:00:07,006]INFO:No events to create in this period
[2019-04-06 21:00:07,007]INFO:########Scanning Period Ends########
[2019-04-06 21:10:05,318]INFO:########Scanning Period Starts########
[2019-04-06 21:10:05,319]INFO:--------Reading Emails--------
[2019-04-06 21:10:06,356]INFO:Successfully fetched 0 emails
[2019-04-06 21:10:06,359]INFO:0 appointment(s) scraped from 0 email(s) in this period
[2019-04-06 21:10:06,360]INFO:--------Creating Events--------
[2019-04-06 21:10:06,360]INFO:No events to create in this period
[2019-04-06 21:10:06,361]INFO:########Scanning Period Ends########
[2019-04-06 21:20:05,739]INFO:########Scanning Period Starts########
[2019-04-06 21:20:05,740]INFO:--------Reading Emails--------
[2019-04-06 21:20:06,574]INFO:Successfully fetched 0 emails
[2019-04-06 21:20:06,577]INFO:0 appointment(s) scraped from 0 email(s) in this period
[2019-04-06 21:20:06,578]INFO:--------Creating Events--------
[2019-04-06 21:20:06,579]INFO:No events to create in this period
[2019-04-06 21:20:06,579]INFO:########Scanning Period Ends########
[2019-04-06 21:30:04,911]INFO:########Scanning Period Starts########
[2019-04-06 21:30:04,911]INFO:--------Reading Emails--------
[2019-04-06 21:30:06,022]INFO:Successfully fetched 0 emails
[2019-04-06 21:30:06,025]INFO:0 appointment(s) scraped from 0 email(s) in this period
[2019-04-06 21:30:06,026]INFO:--------Creating Events--------
[2019-04-06 21:30:06,027]INFO:No events to create in this period
[2019-04-06 21:30:06,028]INFO:########Scanning Period Ends########
[2019-04-06 21:40:05,363]INFO:########Scanning Period Starts########
[2019-04-06 21:40:05,364]INFO:--------Reading Emails--------
[2019-04-06 21:40:06,542]INFO:Successfully fetched 0 emails
[2019-04-06 21:40:06,546]INFO:0 appointment(s) scraped from 0 email(s) in this period
[2019-04-06 21:40:06,547]INFO:--------Creating Events--------
[2019-04-06 21:40:06,547]INFO:No events to create in this period
[2019-04-06 21:40:06,557]INFO:########Scanning Period Ends########
[2019-04-06 21:50:04,860]INFO:########Scanning Period Starts########
[2019-04-06 21:50:04,860]INFO:--------Reading Emails--------
[2019-04-06 21:50:05,881]INFO:Successfully fetched 0 emails
[2019-04-06 21:50:05,885]INFO:0 appointment(s) scraped from 0 email(s) in this period
[2019-04-06 21:50:05,885]INFO:--------Creating Events--------
[2019-04-06 21:50:05,886]INFO:No events to create in this period
[2019-04-06 21:50:05,887]INFO:########Scanning Period Ends########
[2019-04-06 22:00:05,207]INFO:########Scanning Period Starts########
[2019-04-06 22:00:05,208]INFO:--------Reading Emails--------
[2019-04-06 22:00:06,292]INFO:Successfully fetched 0 emails
[2019-04-06 22:00:06,296]INFO:0 appointment(s) scraped from 0 email(s) in this period
[2019-04-06 22:00:06,296]INFO:--------Creating Events--------
[2019-04-06 22:00:06,297]INFO:No events to create in this period
[2019-04-06 22:00:06,298]INFO:########Scanning Period Ends########
[2019-04-06 22:10:05,623]INFO:########Scanning Period Starts########
[2019-04-06 22:10:05,624]INFO:--------Reading Emails--------
[2019-04-06 22:10:06,968]INFO:Successfully fetched 0 emails
[2019-04-06 22:10:06,972]INFO:0 appointment(s) scraped from 0 email(s) in this period
[2019-04-06 22:10:06,981]INFO:--------Creating Events--------
[2019-04-06 22:10:06,982]INFO:No events to create in this period
[2019-04-06 22:10:06,983]INFO:########Scanning Period Ends########
[2019-04-06 22:20:05,444]INFO:########Scanning Period Starts########
[2019-04-06 22:20:05,445]INFO:--------Reading Emails--------
[2019-04-06 22:20:06,338]INFO:Successfully fetched 0 emails
[2019-04-06 22:20:06,342]INFO:0 appointment(s) scraped from 0 email(s) in this period
[2019-04-06 22:20:06,343]INFO:--------Creating Events--------
[2019-04-06 22:20:06,343]INFO:No events to create in this period
[2019-04-06 22:20:06,344]INFO:########Scanning Period Ends########
[2019-04-06 22:30:05,691]INFO:########Scanning Period Starts########
[2019-04-06 22:30:05,692]INFO:--------Reading Emails--------
[2019-04-06 22:30:06,930]INFO:Successfully fetched 0 emails
[2019-04-06 22:30:06,933]INFO:0 appointment(s) scraped from 0 email(s) in this period
[2019-04-06 22:30:06,943]INFO:--------Creating Events--------
[2019-04-06 22:30:06,944]INFO:No events to create in this period
[2019-04-06 22:30:06,944]INFO:########Scanning Period Ends########
[2019-04-06 22:40:05,256]INFO:########Scanning Period Starts########
[2019-04-06 22:40:05,258]INFO:--------Reading Emails--------
[2019-04-06 22:40:06,050]INFO:Successfully fetched 0 emails
[2019-04-06 22:40:06,054]INFO:0 appointment(s) scraped from 0 email(s) in this period
[2019-04-06 22:40:06,055]INFO:--------Creating Events--------
[2019-04-06 22:40:06,055]INFO:No events to create in this period
[2019-04-06 22:40:06,056]INFO:########Scanning Period Ends########
[2019-04-06 22:50:05,386]INFO:########Scanning Period Starts########
[2019-04-06 22:50:05,386]INFO:--------Reading Emails--------
[2019-04-06 22:50:06,462]INFO:Successfully fetched 0 emails
[2019-04-06 22:50:06,466]INFO:0 appointment(s) scraped from 0 email(s) in this period
[2019-04-06 22:50:06,467]INFO:--------Creating Events--------
[2019-04-06 22:50:06,467]INFO:No events to create in this period
[2019-04-06 22:50:06,468]INFO:########Scanning Period Ends########
[2019-04-06 23:00:05,837]INFO:########Scanning Period Starts########
[2019-04-06 23:00:05,838]INFO:--------Reading Emails--------
[2019-04-06 23:00:06,992]INFO:Successfully fetched 0 emails
[2019-04-06 23:00:06,995]INFO:0 appointment(s) scraped from 0 email(s) in this period
[2019-04-06 23:00:07,005]INFO:--------Creating Events--------
[2019-04-06 23:00:07,006]INFO:No events to create in this period
[2019-04-06 23:00:07,006]INFO:########Scanning Period Ends########
[2019-04-06 23:10:05,385]INFO:########Scanning Period Starts########
[2019-04-06 23:10:05,386]INFO:--------Reading Emails--------
[2019-04-06 23:10:06,533]INFO:Successfully fetched 0 emails
[2019-04-06 23:10:06,536]INFO:0 appointment(s) scraped from 0 email(s) in this period
[2019-04-06 23:10:06,546]INFO:--------Creating Events--------
[2019-04-06 23:10:06,546]INFO:No events to create in this period
[2019-04-06 23:10:06,547]INFO:########Scanning Period Ends########
[2019-04-06 23:20:04,936]INFO:########Scanning Period Starts########
[2019-04-06 23:20:04,936]INFO:--------Reading Emails--------
[2019-04-06 23:20:05,923]INFO:Successfully fetched 0 emails
[2019-04-06 23:20:05,927]INFO:0 appointment(s) scraped from 0 email(s) in this period
[2019-04-06 23:20:05,928]INFO:--------Creating Events--------
[2019-04-06 23:20:05,928]INFO:No events to create in this period
[2019-04-06 23:20:05,929]INFO:########Scanning Period Ends########
[2019-04-06 23:30:05,300]INFO:########Scanning Period Starts########
[2019-04-06 23:30:05,301]INFO:--------Reading Emails--------
[2019-04-06 23:30:06,328]INFO:Successfully fetched 0 emails
[2019-04-06 23:30:06,331]INFO:0 appointment(s) scraped from 0 email(s) in this period
[2019-04-06 23:30:06,332]INFO:--------Creating Events--------
[2019-04-06 23:30:06,333]INFO:No events to create in this period
[2019-04-06 23:30:06,333]INFO:########Scanning Period Ends########
[2019-04-06 23:40:05,614]INFO:########Scanning Period Starts########
[2019-04-06 23:40:05,614]INFO:--------Reading Emails--------
[2019-04-06 23:40:06,614]INFO:Successfully fetched 0 emails
[2019-04-06 23:40:06,618]INFO:0 appointment(s) scraped from 0 email(s) in this period
[2019-04-06 23:40:06,619]INFO:--------Creating Events--------
[2019-04-06 23:40:06,619]INFO:No events to create in this period
[2019-04-06 23:40:06,620]INFO:########Scanning Period Ends########
[2019-04-06 23:50:04,948]INFO:########Scanning Period Starts########
[2019-04-06 23:50:04,949]INFO:--------Reading Emails--------
[2019-04-06 23:50:06,015]INFO:Successfully fetched 0 emails
[2019-04-06 23:50:06,019]INFO:0 appointment(s) scraped from 0 email(s) in this period
[2019-04-06 23:50:06,020]INFO:--------Creating Events--------
[2019-04-06 23:50:06,020]INFO:No events to create in this period
[2019-04-06 23:50:06,021]INFO:########Scanning Period Ends########
