[2019-04-21 00:00:05,600]INFO:########Scanning Period Starts########
[2019-04-21 00:00:05,601]INFO:--------Reading Emails--------
[2019-04-21 00:00:06,471]INFO:Successfully fetched 0 emails
[2019-04-21 00:00:06,474]INFO:0 appointment(s) scraped from 0 email(s) in this period
[2019-04-21 00:00:06,475]INFO:--------Creating Events--------
[2019-04-21 00:00:06,476]INFO:No events to create in this period
[2019-04-21 00:00:06,476]INFO:########Scanning Period Ends########
[2019-04-21 00:10:04,796]INFO:########Scanning Period Starts########
[2019-04-21 00:10:04,797]INFO:--------Reading Emails--------
[2019-04-21 00:10:05,837]INFO:Successfully fetched 0 emails
[2019-04-21 00:10:05,841]INFO:0 appointment(s) scraped from 0 email(s) in this period
[2019-04-21 00:10:05,842]INFO:--------Creating Events--------
[2019-04-21 00:10:05,843]INFO:No events to create in this period
[2019-04-21 00:10:05,843]INFO:########Scanning Period Ends########
[2019-04-21 00:20:05,271]INFO:########Scanning Period Starts########
[2019-04-21 00:20:05,272]INFO:--------Reading Emails--------
[2019-04-21 00:20:06,551]INFO:Successfully fetched 0 emails
[2019-04-21 00:20:06,555]INFO:0 appointment(s) scraped from 0 email(s) in this period
[2019-04-21 00:20:06,564]INFO:--------Creating Events--------
[2019-04-21 00:20:06,565]INFO:No events to create in this period
[2019-04-21 00:20:06,566]INFO:########Scanning Period Ends########
[2019-04-21 00:30:04,914]INFO:########Scanning Period Starts########
[2019-04-21 00:30:04,915]INFO:--------Reading Emails--------
[2019-04-21 00:30:05,791]INFO:Successfully fetched 0 emails
[2019-04-21 00:30:05,794]INFO:0 appointment(s) scraped from 0 email(s) in this period
[2019-04-21 00:30:05,795]INFO:--------Creating Events--------
[2019-04-21 00:30:05,796]INFO:No events to create in this period
[2019-04-21 00:30:05,796]INFO:########Scanning Period Ends########
[2019-04-21 00:40:05,120]INFO:########Scanning Period Starts########
[2019-04-21 00:40:05,121]INFO:--------Reading Emails--------
[2019-04-21 00:40:06,280]INFO:Successfully fetched 0 emails
[2019-04-21 00:40:06,283]INFO:0 appointment(s) scraped from 0 email(s) in this period
[2019-04-21 00:40:06,284]INFO:--------Creating Events--------
[2019-04-21 00:40:06,285]INFO:No events to create in this period
[2019-04-21 00:40:06,285]INFO:########Scanning Period Ends########
[2019-04-21 00:50:05,599]INFO:########Scanning Period Starts########
[2019-04-21 00:50:05,599]INFO:--------Reading Emails--------
[2019-04-21 00:50:07,490]INFO:Successfully fetched 0 emails
[2019-04-21 00:50:07,503]INFO:0 appointment(s) scraped from 0 email(s) in this period
[2019-04-21 00:50:07,505]INFO:--------Creating Events--------
[2019-04-21 00:50:07,505]INFO:No events to create in this period
[2019-04-21 00:50:07,506]INFO:########Scanning Period Ends########
[2019-04-21 01:00:04,816]INFO:########Scanning Period Starts########
[2019-04-21 01:00:04,817]INFO:--------Reading Emails--------
[2019-04-21 01:00:05,620]INFO:Successfully fetched 0 emails
[2019-04-21 01:00:05,624]INFO:0 appointment(s) scraped from 0 email(s) in this period
[2019-04-21 01:00:05,625]INFO:--------Creating Events--------
[2019-04-21 01:00:05,625]INFO:No events to create in this period
[2019-04-21 01:00:05,626]INFO:########Scanning Period Ends########
[2019-04-21 01:10:05,017]INFO:########Scanning Period Starts########
[2019-04-21 01:10:05,017]INFO:--------Reading Emails--------
[2019-04-21 01:10:06,053]INFO:Successfully fetched 0 emails
[2019-04-21 01:10:06,056]INFO:0 appointment(s) scraped from 0 email(s) in this period
[2019-04-21 01:10:06,057]INFO:--------Creating Events--------
[2019-04-21 01:10:06,058]INFO:No events to create in this period
[2019-04-21 01:10:06,058]INFO:########Scanning Period Ends########
[2019-04-21 01:20:05,509]INFO:########Scanning Period Starts########
[2019-04-21 01:20:05,510]INFO:--------Reading Emails--------
[2019-04-21 01:20:06,560]INFO:Successfully fetched 0 emails
[2019-04-21 01:20:06,564]INFO:0 appointment(s) scraped from 0 email(s) in this period
[2019-04-21 01:20:06,564]INFO:--------Creating Events--------
[2019-04-21 01:20:06,565]INFO:No events to create in this period
[2019-04-21 01:20:06,566]INFO:########Scanning Period Ends########
[2019-04-21 01:30:04,885]INFO:########Scanning Period Starts########
[2019-04-21 01:30:04,886]INFO:--------Reading Emails--------
[2019-04-21 01:30:06,280]INFO:Successfully fetched 0 emails
[2019-04-21 01:30:06,283]INFO:0 appointment(s) scraped from 0 email(s) in this period
[2019-04-21 01:30:06,288]INFO:--------Creating Events--------
[2019-04-21 01:30:06,289]INFO:No events to create in this period
[2019-04-21 01:30:06,290]INFO:########Scanning Period Ends########
[2019-04-21 01:40:05,627]INFO:########Scanning Period Starts########
[2019-04-21 01:40:05,627]INFO:--------Reading Emails--------
[2019-04-21 01:40:06,755]INFO:Successfully fetched 0 emails
[2019-04-21 01:40:06,768]INFO:0 appointment(s) scraped from 0 email(s) in this period
[2019-04-21 01:40:06,770]INFO:--------Creating Events--------
[2019-04-21 01:40:06,770]INFO:No events to create in this period
[2019-04-21 01:40:06,771]INFO:########Scanning Period Ends########
[2019-04-21 01:50:05,159]INFO:########Scanning Period Starts########
[2019-04-21 01:50:05,160]INFO:--------Reading Emails--------
[2019-04-21 01:50:06,453]INFO:Successfully fetched 0 emails
[2019-04-21 01:50:06,456]INFO:0 appointment(s) scraped from 0 email(s) in this period
[2019-04-21 01:50:06,457]INFO:--------Creating Events--------
[2019-04-21 01:50:06,457]INFO:No events to create in this period
[2019-04-21 01:50:06,458]INFO:########Scanning Period Ends########
[2019-04-21 02:00:05,754]INFO:########Scanning Period Starts########
[2019-04-21 02:00:05,755]INFO:--------Reading Emails--------
[2019-04-21 02:00:08,187]INFO:Successfully fetched 0 emails
[2019-04-21 02:00:08,191]INFO:0 appointment(s) scraped from 0 email(s) in this period
[2019-04-21 02:00:08,191]INFO:--------Creating Events--------
[2019-04-21 02:00:08,192]INFO:No events to create in this period
[2019-04-21 02:00:08,193]INFO:########Scanning Period Ends########
[2019-04-21 02:10:05,519]INFO:########Scanning Period Starts########
[2019-04-21 02:10:05,520]INFO:--------Reading Emails--------
[2019-04-21 02:10:06,691]INFO:Successfully fetched 0 emails
[2019-04-21 02:10:06,694]INFO:0 appointment(s) scraped from 0 email(s) in this period
[2019-04-21 02:10:06,695]INFO:--------Creating Events--------
[2019-04-21 02:10:06,695]INFO:No events to create in this period
[2019-04-21 02:10:06,696]INFO:########Scanning Period Ends########
[2019-04-21 02:20:05,104]INFO:########Scanning Period Starts########
[2019-04-21 02:20:05,105]INFO:--------Reading Emails--------
[2019-04-21 02:20:07,346]INFO:Successfully fetched 0 emails
[2019-04-21 02:20:07,349]INFO:0 appointment(s) scraped from 0 email(s) in this period
[2019-04-21 02:20:07,350]INFO:--------Creating Events--------
[2019-04-21 02:20:07,351]INFO:No events to create in this period
[2019-04-21 02:20:07,351]INFO:########Scanning Period Ends########
[2019-04-21 02:30:05,673]INFO:########Scanning Period Starts########
[2019-04-21 02:30:05,673]INFO:--------Reading Emails--------
[2019-04-21 02:30:07,671]INFO:Successfully fetched 0 emails
[2019-04-21 02:30:07,675]INFO:0 appointment(s) scraped from 0 email(s) in this period
[2019-04-21 02:30:07,680]INFO:--------Creating Events--------
[2019-04-21 02:30:07,681]INFO:No events to create in this period
[2019-04-21 02:30:07,682]INFO:########Scanning Period Ends########
[2019-04-21 02:40:05,007]INFO:########Scanning Period Starts########
[2019-04-21 02:40:05,008]INFO:--------Reading Emails--------
[2019-04-21 02:40:06,322]INFO:Successfully fetched 0 emails
[2019-04-21 02:40:06,325]INFO:0 appointment(s) scraped from 0 email(s) in this period
[2019-04-21 02:40:06,335]INFO:--------Creating Events--------
[2019-04-21 02:40:06,336]INFO:No events to create in this period
[2019-04-21 02:40:06,336]INFO:########Scanning Period Ends########
[2019-04-21 02:50:05,661]INFO:########Scanning Period Starts########
[2019-04-21 02:50:05,661]INFO:--------Reading Emails--------
[2019-04-21 02:50:06,891]INFO:Successfully fetched 0 emails
[2019-04-21 02:50:06,904]INFO:0 appointment(s) scraped from 0 email(s) in this period
[2019-04-21 02:50:06,905]INFO:--------Creating Events--------
[2019-04-21 02:50:06,906]INFO:No events to create in this period
[2019-04-21 02:50:06,906]INFO:########Scanning Period Ends########
[2019-04-21 03:00:05,275]INFO:########Scanning Period Starts########
[2019-04-21 03:00:05,275]INFO:--------Reading Emails--------
[2019-04-21 03:00:06,210]INFO:Successfully fetched 0 emails
[2019-04-21 03:00:06,214]INFO:0 appointment(s) scraped from 0 email(s) in this period
[2019-04-21 03:00:06,215]INFO:--------Creating Events--------
[2019-04-21 03:00:06,215]INFO:No events to create in this period
[2019-04-21 03:00:06,216]INFO:########Scanning Period Ends########
[2019-04-21 03:10:05,556]INFO:########Scanning Period Starts########
[2019-04-21 03:10:05,557]INFO:--------Reading Emails--------
[2019-04-21 03:10:06,365]INFO:Successfully fetched 0 emails
[2019-04-21 03:10:06,369]INFO:0 appointment(s) scraped from 0 email(s) in this period
[2019-04-21 03:10:06,370]INFO:--------Creating Events--------
[2019-04-21 03:10:06,370]INFO:No events to create in this period
[2019-04-21 03:10:06,371]INFO:########Scanning Period Ends########
[2019-04-21 03:20:05,763]INFO:########Scanning Period Starts########
[2019-04-21 03:20:05,764]INFO:--------Reading Emails--------
[2019-04-21 03:20:06,809]INFO:Successfully fetched 0 emails
[2019-04-21 03:20:06,819]INFO:0 appointment(s) scraped from 0 email(s) in this period
[2019-04-21 03:20:06,820]INFO:--------Creating Events--------
[2019-04-21 03:20:06,821]INFO:No events to create in this period
[2019-04-21 03:20:06,821]INFO:########Scanning Period Ends########
[2019-04-21 03:30:05,191]INFO:########Scanning Period Starts########
[2019-04-21 03:30:05,192]INFO:--------Reading Emails--------
[2019-04-21 03:30:06,114]INFO:Successfully fetched 0 emails
[2019-04-21 03:30:06,117]INFO:0 appointment(s) scraped from 0 email(s) in this period
[2019-04-21 03:30:06,118]INFO:--------Creating Events--------
[2019-04-21 03:30:06,119]INFO:No events to create in this period
[2019-04-21 03:30:06,120]INFO:########Scanning Period Ends########
[2019-04-21 03:40:05,475]INFO:########Scanning Period Starts########
[2019-04-21 03:40:05,475]INFO:--------Reading Emails--------
[2019-04-21 03:40:06,344]INFO:Successfully fetched 0 emails
[2019-04-21 03:40:06,348]INFO:0 appointment(s) scraped from 0 email(s) in this period
[2019-04-21 03:40:06,349]INFO:--------Creating Events--------
[2019-04-21 03:40:06,349]INFO:No events to create in this period
[2019-04-21 03:40:06,350]INFO:########Scanning Period Ends########
[2019-04-21 03:50:05,654]INFO:########Scanning Period Starts########
[2019-04-21 03:50:05,655]INFO:--------Reading Emails--------
[2019-04-21 03:50:06,890]INFO:Successfully fetched 0 emails
[2019-04-21 03:50:06,894]INFO:0 appointment(s) scraped from 0 email(s) in this period
[2019-04-21 03:50:06,904]INFO:--------Creating Events--------
[2019-04-21 03:50:06,904]INFO:No events to create in this period
[2019-04-21 03:50:06,905]INFO:########Scanning Period Ends########
[2019-04-21 04:00:05,271]INFO:########Scanning Period Starts########
[2019-04-21 04:00:05,272]INFO:--------Reading Emails--------
[2019-04-21 04:00:06,330]INFO:Successfully fetched 0 emails
[2019-04-21 04:00:06,334]INFO:0 appointment(s) scraped from 0 email(s) in this period
[2019-04-21 04:00:06,334]INFO:--------Creating Events--------
[2019-04-21 04:00:06,335]INFO:No events to create in this period
[2019-04-21 04:00:06,336]INFO:########Scanning Period Ends########
[2019-04-21 04:10:05,722]INFO:########Scanning Period Starts########
[2019-04-21 04:10:05,723]INFO:--------Reading Emails--------
[2019-04-21 04:10:06,828]INFO:Successfully fetched 0 emails
[2019-04-21 04:10:06,842]INFO:0 appointment(s) scraped from 0 email(s) in this period
[2019-04-21 04:10:06,843]INFO:--------Creating Events--------
[2019-04-21 04:10:06,844]INFO:No events to create in this period
[2019-04-21 04:10:06,844]INFO:########Scanning Period Ends########
[2019-04-21 04:20:05,272]INFO:########Scanning Period Starts########
[2019-04-21 04:20:05,272]INFO:--------Reading Emails--------
[2019-04-21 04:20:06,196]INFO:Successfully fetched 0 emails
[2019-04-21 04:20:06,200]INFO:0 appointment(s) scraped from 0 email(s) in this period
[2019-04-21 04:20:06,200]INFO:--------Creating Events--------
[2019-04-21 04:20:06,201]INFO:No events to create in this period
[2019-04-21 04:20:06,202]INFO:########Scanning Period Ends########
[2019-04-21 04:30:05,570]INFO:########Scanning Period Starts########
[2019-04-21 04:30:05,571]INFO:--------Reading Emails--------
[2019-04-21 04:30:06,764]INFO:Successfully fetched 0 emails
[2019-04-21 04:30:06,768]INFO:0 appointment(s) scraped from 0 email(s) in this period
[2019-04-21 04:30:06,773]INFO:--------Creating Events--------
[2019-04-21 04:30:06,774]INFO:No events to create in this period
[2019-04-21 04:30:06,774]INFO:########Scanning Period Ends########
[2019-04-21 04:40:05,126]INFO:########Scanning Period Starts########
[2019-04-21 04:40:05,127]INFO:--------Reading Emails--------
[2019-04-21 04:40:06,107]INFO:Successfully fetched 0 emails
[2019-04-21 04:40:06,111]INFO:0 appointment(s) scraped from 0 email(s) in this period
[2019-04-21 04:40:06,112]INFO:--------Creating Events--------
[2019-04-21 04:40:06,112]INFO:No events to create in this period
[2019-04-21 04:40:06,113]INFO:########Scanning Period Ends########
[2019-04-21 04:50:05,520]INFO:########Scanning Period Starts########
[2019-04-21 04:50:05,521]INFO:--------Reading Emails--------
[2019-04-21 04:50:06,480]INFO:Successfully fetched 0 emails
[2019-04-21 04:50:06,484]INFO:0 appointment(s) scraped from 0 email(s) in this period
[2019-04-21 04:50:06,485]INFO:--------Creating Events--------
[2019-04-21 04:50:06,485]INFO:No events to create in this period
[2019-04-21 04:50:06,486]INFO:########Scanning Period Ends########
[2019-04-21 05:00:04,833]INFO:########Scanning Period Starts########
[2019-04-21 05:00:04,833]INFO:--------Reading Emails--------
[2019-04-21 05:00:05,824]INFO:Successfully fetched 0 emails
[2019-04-21 05:00:05,827]INFO:0 appointment(s) scraped from 0 email(s) in this period
[2019-04-21 05:00:05,828]INFO:--------Creating Events--------
[2019-04-21 05:00:05,828]INFO:No events to create in this period
[2019-04-21 05:00:05,829]INFO:########Scanning Period Ends########
[2019-04-21 05:10:05,172]INFO:########Scanning Period Starts########
[2019-04-21 05:10:05,172]INFO:--------Reading Emails--------
[2019-04-21 05:10:06,112]INFO:Successfully fetched 0 emails
[2019-04-21 05:10:06,116]INFO:0 appointment(s) scraped from 0 email(s) in this period
[2019-04-21 05:10:06,121]INFO:--------Creating Events--------
[2019-04-21 05:10:06,122]INFO:No events to create in this period
[2019-04-21 05:10:06,122]INFO:########Scanning Period Ends########
[2019-04-21 05:20:05,557]INFO:########Scanning Period Starts########
[2019-04-21 05:20:05,557]INFO:--------Reading Emails--------
[2019-04-21 05:20:06,684]INFO:Successfully fetched 0 emails
[2019-04-21 05:20:06,687]INFO:0 appointment(s) scraped from 0 email(s) in this period
[2019-04-21 05:20:06,688]INFO:--------Creating Events--------
[2019-04-21 05:20:06,689]INFO:No events to create in this period
[2019-04-21 05:20:06,689]INFO:########Scanning Period Ends########
[2019-04-21 05:30:05,035]INFO:########Scanning Period Starts########
[2019-04-21 05:30:05,036]INFO:--------Reading Emails--------
[2019-04-21 05:30:06,090]INFO:Successfully fetched 0 emails
[2019-04-21 05:30:06,093]INFO:0 appointment(s) scraped from 0 email(s) in this period
[2019-04-21 05:30:06,094]INFO:--------Creating Events--------
[2019-04-21 05:30:06,095]INFO:No events to create in this period
[2019-04-21 05:30:06,095]INFO:########Scanning Period Ends########
[2019-04-21 05:40:05,522]INFO:########Scanning Period Starts########
[2019-04-21 05:40:05,523]INFO:--------Reading Emails--------
[2019-04-21 05:40:06,698]INFO:Successfully fetched 0 emails
[2019-04-21 05:40:06,702]INFO:0 appointment(s) scraped from 0 email(s) in this period
[2019-04-21 05:40:06,707]INFO:--------Creating Events--------
[2019-04-21 05:40:06,708]INFO:No events to create in this period
[2019-04-21 05:40:06,709]INFO:########Scanning Period Ends########
[2019-04-21 05:50:05,030]INFO:########Scanning Period Starts########
[2019-04-21 05:50:05,030]INFO:--------Reading Emails--------
[2019-04-21 05:50:06,127]INFO:Successfully fetched 0 emails
[2019-04-21 05:50:06,131]INFO:0 appointment(s) scraped from 0 email(s) in this period
[2019-04-21 05:50:06,132]INFO:--------Creating Events--------
[2019-04-21 05:50:06,132]INFO:No events to create in this period
[2019-04-21 05:50:06,133]INFO:########Scanning Period Ends########
[2019-04-21 06:00:05,488]INFO:########Scanning Period Starts########
[2019-04-21 06:00:05,490]INFO:--------Reading Emails--------
[2019-04-21 06:00:06,707]INFO:Successfully fetched 0 emails
[2019-04-21 06:00:06,710]INFO:0 appointment(s) scraped from 0 email(s) in this period
[2019-04-21 06:00:06,728]INFO:--------Creating Events--------
[2019-04-21 06:00:06,729]INFO:No events to create in this period
[2019-04-21 06:00:06,730]INFO:########Scanning Period Ends########
[2019-04-21 06:10:05,069]INFO:########Scanning Period Starts########
[2019-04-21 06:10:05,070]INFO:--------Reading Emails--------
[2019-04-21 06:10:05,951]INFO:Successfully fetched 0 emails
[2019-04-21 06:10:05,954]INFO:0 appointment(s) scraped from 0 email(s) in this period
[2019-04-21 06:10:05,955]INFO:--------Creating Events--------
[2019-04-21 06:10:05,956]INFO:No events to create in this period
[2019-04-21 06:10:05,956]INFO:########Scanning Period Ends########
[2019-04-21 06:20:05,376]INFO:########Scanning Period Starts########
[2019-04-21 06:20:05,377]INFO:--------Reading Emails--------
[2019-04-21 06:20:06,499]INFO:Successfully fetched 0 emails
[2019-04-21 06:20:06,503]INFO:0 appointment(s) scraped from 0 email(s) in this period
[2019-04-21 06:20:06,503]INFO:--------Creating Events--------
[2019-04-21 06:20:06,504]INFO:No events to create in this period
[2019-04-21 06:20:06,505]INFO:########Scanning Period Ends########
[2019-04-21 06:30:04,890]INFO:########Scanning Period Starts########
[2019-04-21 06:30:04,890]INFO:--------Reading Emails--------
[2019-04-21 06:30:06,111]INFO:Successfully fetched 0 emails
[2019-04-21 06:30:06,115]INFO:0 appointment(s) scraped from 0 email(s) in this period
[2019-04-21 06:30:06,120]INFO:--------Creating Events--------
[2019-04-21 06:30:06,121]INFO:No events to create in this period
[2019-04-21 06:30:06,122]INFO:########Scanning Period Ends########
[2019-04-21 06:40:05,465]INFO:########Scanning Period Starts########
[2019-04-21 06:40:05,466]INFO:--------Reading Emails--------
[2019-04-21 06:40:06,532]INFO:Successfully fetched 0 emails
[2019-04-21 06:40:06,536]INFO:0 appointment(s) scraped from 0 email(s) in this period
[2019-04-21 06:40:06,537]INFO:--------Creating Events--------
[2019-04-21 06:40:06,537]INFO:No events to create in this period
[2019-04-21 06:40:06,538]INFO:########Scanning Period Ends########
[2019-04-21 06:50:04,893]INFO:########Scanning Period Starts########
[2019-04-21 06:50:04,893]INFO:--------Reading Emails--------
[2019-04-21 06:50:05,930]INFO:Successfully fetched 0 emails
[2019-04-21 06:50:05,934]INFO:0 appointment(s) scraped from 0 email(s) in this period
[2019-04-21 06:50:05,934]INFO:--------Creating Events--------
[2019-04-21 06:50:05,935]INFO:No events to create in this period
[2019-04-21 06:50:05,936]INFO:########Scanning Period Ends########
[2019-04-21 07:00:05,291]INFO:########Scanning Period Starts########
[2019-04-21 07:00:05,293]INFO:--------Reading Emails--------
[2019-04-21 07:00:06,322]INFO:Successfully fetched 0 emails
[2019-04-21 07:00:06,326]INFO:0 appointment(s) scraped from 0 email(s) in this period
[2019-04-21 07:00:06,335]INFO:--------Creating Events--------
[2019-04-21 07:00:06,336]INFO:No events to create in this period
[2019-04-21 07:00:06,336]INFO:########Scanning Period Ends########
[2019-04-21 07:10:05,710]INFO:########Scanning Period Starts########
[2019-04-21 07:10:05,711]INFO:--------Reading Emails--------
[2019-04-21 07:10:06,658]INFO:Successfully fetched 0 emails
[2019-04-21 07:10:06,662]INFO:0 appointment(s) scraped from 0 email(s) in this period
[2019-04-21 07:10:06,663]INFO:--------Creating Events--------
[2019-04-21 07:10:06,664]INFO:No events to create in this period
[2019-04-21 07:10:06,664]INFO:########Scanning Period Ends########
[2019-04-21 07:20:05,102]INFO:########Scanning Period Starts########
[2019-04-21 07:20:05,102]INFO:--------Reading Emails--------
[2019-04-21 07:20:06,198]INFO:Successfully fetched 0 emails
[2019-04-21 07:20:06,202]INFO:0 appointment(s) scraped from 0 email(s) in this period
[2019-04-21 07:20:06,203]INFO:--------Creating Events--------
[2019-04-21 07:20:06,203]INFO:No events to create in this period
[2019-04-21 07:20:06,204]INFO:########Scanning Period Ends########
[2019-04-21 07:30:05,530]INFO:########Scanning Period Starts########
[2019-04-21 07:30:05,530]INFO:--------Reading Emails--------
[2019-04-21 07:30:06,694]INFO:Successfully fetched 0 emails
[2019-04-21 07:30:06,697]INFO:0 appointment(s) scraped from 0 email(s) in this period
[2019-04-21 07:30:06,698]INFO:--------Creating Events--------
[2019-04-21 07:30:06,699]INFO:No events to create in this period
[2019-04-21 07:30:06,718]INFO:########Scanning Period Ends########
[2019-04-21 07:40:05,053]INFO:########Scanning Period Starts########
[2019-04-21 07:40:05,055]INFO:--------Reading Emails--------
[2019-04-21 07:40:06,271]INFO:Successfully fetched 0 emails
[2019-04-21 07:40:06,274]INFO:0 appointment(s) scraped from 0 email(s) in this period
[2019-04-21 07:40:06,284]INFO:--------Creating Events--------
[2019-04-21 07:40:06,285]INFO:No events to create in this period
[2019-04-21 07:40:06,285]INFO:########Scanning Period Ends########
[2019-04-21 07:50:05,630]INFO:########Scanning Period Starts########
[2019-04-21 07:50:05,631]INFO:--------Reading Emails--------
[2019-04-21 07:50:07,009]INFO:Successfully fetched 0 emails
[2019-04-21 07:50:07,013]INFO:0 appointment(s) scraped from 0 email(s) in this period
[2019-04-21 07:50:07,022]INFO:--------Creating Events--------
[2019-04-21 07:50:07,023]INFO:No events to create in this period
[2019-04-21 07:50:07,024]INFO:########Scanning Period Ends########
[2019-04-21 08:00:05,369]INFO:########Scanning Period Starts########
[2019-04-21 08:00:05,369]INFO:--------Reading Emails--------
[2019-04-21 08:00:06,520]INFO:Successfully fetched 0 emails
[2019-04-21 08:00:06,524]INFO:0 appointment(s) scraped from 0 email(s) in this period
[2019-04-21 08:00:06,524]INFO:--------Creating Events--------
[2019-04-21 08:00:06,525]INFO:No events to create in this period
[2019-04-21 08:00:06,525]INFO:########Scanning Period Ends########
[2019-04-21 08:10:04,955]INFO:########Scanning Period Starts########
[2019-04-21 08:10:04,956]INFO:--------Reading Emails--------
[2019-04-21 08:10:06,031]INFO:Successfully fetched 0 emails
[2019-04-21 08:10:06,035]INFO:0 appointment(s) scraped from 0 email(s) in this period
[2019-04-21 08:10:06,036]INFO:--------Creating Events--------
[2019-04-21 08:10:06,036]INFO:No events to create in this period
[2019-04-21 08:10:06,037]INFO:########Scanning Period Ends########
[2019-04-21 08:20:05,432]INFO:########Scanning Period Starts########
[2019-04-21 08:20:05,433]INFO:--------Reading Emails--------
[2019-04-21 08:20:06,670]INFO:Successfully fetched 0 emails
[2019-04-21 08:20:06,673]INFO:0 appointment(s) scraped from 0 email(s) in this period
[2019-04-21 08:20:06,683]INFO:--------Creating Events--------
[2019-04-21 08:20:06,684]INFO:No events to create in this period
[2019-04-21 08:20:06,684]INFO:########Scanning Period Ends########
[2019-04-21 08:30:05,049]INFO:########Scanning Period Starts########
[2019-04-21 08:30:05,050]INFO:--------Reading Emails--------
[2019-04-21 08:30:06,196]INFO:Successfully fetched 0 emails
[2019-04-21 08:30:06,200]INFO:0 appointment(s) scraped from 0 email(s) in this period
[2019-04-21 08:30:06,210]INFO:--------Creating Events--------
[2019-04-21 08:30:06,210]INFO:No events to create in this period
[2019-04-21 08:30:06,211]INFO:########Scanning Period Ends########
[2019-04-21 08:40:05,584]INFO:########Scanning Period Starts########
[2019-04-21 08:40:05,584]INFO:--------Reading Emails--------
[2019-04-21 08:40:06,637]INFO:Successfully fetched 0 emails
[2019-04-21 08:40:06,641]INFO:0 appointment(s) scraped from 0 email(s) in this period
[2019-04-21 08:40:06,642]INFO:--------Creating Events--------
[2019-04-21 08:40:06,643]INFO:No events to create in this period
[2019-04-21 08:40:06,643]INFO:########Scanning Period Ends########
[2019-04-21 08:50:05,028]INFO:########Scanning Period Starts########
[2019-04-21 08:50:05,028]INFO:--------Reading Emails--------
[2019-04-21 08:50:06,111]INFO:Successfully fetched 0 emails
[2019-04-21 08:50:06,114]INFO:0 appointment(s) scraped from 0 email(s) in this period
[2019-04-21 08:50:06,115]INFO:--------Creating Events--------
[2019-04-21 08:50:06,116]INFO:No events to create in this period
[2019-04-21 08:50:06,116]INFO:########Scanning Period Ends########
[2019-04-21 09:00:05,501]INFO:########Scanning Period Starts########
[2019-04-21 09:00:05,501]INFO:--------Reading Emails--------
[2019-04-21 09:00:06,782]INFO:Successfully fetched 0 emails
[2019-04-21 09:00:06,791]INFO:0 appointment(s) scraped from 0 email(s) in this period
[2019-04-21 09:00:06,793]INFO:--------Creating Events--------
[2019-04-21 09:00:06,793]INFO:No events to create in this period
[2019-04-21 09:00:06,794]INFO:########Scanning Period Ends########
[2019-04-21 09:10:05,128]INFO:########Scanning Period Starts########
[2019-04-21 09:10:05,129]INFO:--------Reading Emails--------
[2019-04-21 09:10:06,002]INFO:Successfully fetched 0 emails
[2019-04-21 09:10:06,006]INFO:0 appointment(s) scraped from 0 email(s) in this period
[2019-04-21 09:10:06,006]INFO:--------Creating Events--------
[2019-04-21 09:10:06,007]INFO:No events to create in this period
[2019-04-21 09:10:06,008]INFO:########Scanning Period Ends########
[2019-04-21 09:20:05,467]INFO:########Scanning Period Starts########
[2019-04-21 09:20:05,469]INFO:--------Reading Emails--------
[2019-04-21 09:20:06,360]INFO:Successfully fetched 0 emails
[2019-04-21 09:20:06,364]INFO:0 appointment(s) scraped from 0 email(s) in this period
[2019-04-21 09:20:06,365]INFO:--------Creating Events--------
[2019-04-21 09:20:06,365]INFO:No events to create in this period
[2019-04-21 09:20:06,366]INFO:########Scanning Period Ends########
[2019-04-21 09:30:05,715]INFO:########Scanning Period Starts########
[2019-04-21 09:30:05,716]INFO:--------Reading Emails--------
[2019-04-21 09:30:06,731]INFO:Successfully fetched 0 emails
[2019-04-21 09:30:06,735]INFO:0 appointment(s) scraped from 0 email(s) in this period
[2019-04-21 09:30:06,736]INFO:--------Creating Events--------
[2019-04-21 09:30:06,736]INFO:No events to create in this period
[2019-04-21 09:30:06,737]INFO:########Scanning Period Ends########
[2019-04-21 09:40:05,077]INFO:########Scanning Period Starts########
[2019-04-21 09:40:05,077]INFO:--------Reading Emails--------
[2019-04-21 09:40:06,103]INFO:Successfully fetched 0 emails
[2019-04-21 09:40:06,107]INFO:0 appointment(s) scraped from 0 email(s) in this period
[2019-04-21 09:40:06,107]INFO:--------Creating Events--------
[2019-04-21 09:40:06,108]INFO:No events to create in this period
[2019-04-21 09:40:06,109]INFO:########Scanning Period Ends########
[2019-04-21 09:50:05,443]INFO:########Scanning Period Starts########
[2019-04-21 09:50:05,443]INFO:--------Reading Emails--------
[2019-04-21 09:50:06,437]INFO:Successfully fetched 0 emails
[2019-04-21 09:50:06,441]INFO:0 appointment(s) scraped from 0 email(s) in this period
[2019-04-21 09:50:06,441]INFO:--------Creating Events--------
[2019-04-21 09:50:06,442]INFO:No events to create in this period
[2019-04-21 09:50:06,443]INFO:########Scanning Period Ends########
[2019-04-21 10:00:05,756]INFO:########Scanning Period Starts########
[2019-04-21 10:00:05,756]INFO:--------Reading Emails--------
[2019-04-21 10:00:06,653]INFO:Successfully fetched 0 emails
[2019-04-21 10:00:06,657]INFO:0 appointment(s) scraped from 0 email(s) in this period
[2019-04-21 10:00:06,658]INFO:--------Creating Events--------
[2019-04-21 10:00:06,659]INFO:No events to create in this period
[2019-04-21 10:00:06,659]INFO:########Scanning Period Ends########
[2019-04-21 10:10:05,074]INFO:########Scanning Period Starts########
[2019-04-21 10:10:05,075]INFO:--------Reading Emails--------
[2019-04-21 10:10:05,982]INFO:Successfully fetched 0 emails
[2019-04-21 10:10:05,985]INFO:0 appointment(s) scraped from 0 email(s) in this period
[2019-04-21 10:10:05,986]INFO:--------Creating Events--------
[2019-04-21 10:10:05,987]INFO:No events to create in this period
[2019-04-21 10:10:05,987]INFO:########Scanning Period Ends########
[2019-04-21 10:20:05,407]INFO:########Scanning Period Starts########
[2019-04-21 10:20:05,408]INFO:--------Reading Emails--------
[2019-04-21 10:20:06,393]INFO:Successfully fetched 0 emails
[2019-04-21 10:20:06,396]INFO:0 appointment(s) scraped from 0 email(s) in this period
[2019-04-21 10:20:06,397]INFO:--------Creating Events--------
[2019-04-21 10:20:06,397]INFO:No events to create in this period
[2019-04-21 10:20:06,398]INFO:########Scanning Period Ends########
[2019-04-21 10:30:05,735]INFO:########Scanning Period Starts########
[2019-04-21 10:30:05,735]INFO:--------Reading Emails--------
[2019-04-21 10:30:06,845]INFO:Successfully fetched 0 emails
[2019-04-21 10:30:06,848]INFO:0 appointment(s) scraped from 0 email(s) in this period
[2019-04-21 10:30:06,849]INFO:--------Creating Events--------
[2019-04-21 10:30:06,850]INFO:No events to create in this period
[2019-04-21 10:30:06,850]INFO:########Scanning Period Ends########
[2019-04-21 10:40:05,159]INFO:########Scanning Period Starts########
[2019-04-21 10:40:05,159]INFO:--------Reading Emails--------
[2019-04-21 10:40:06,593]INFO:Successfully fetched 0 emails
[2019-04-21 10:40:06,596]INFO:0 appointment(s) scraped from 0 email(s) in this period
[2019-04-21 10:40:06,597]INFO:--------Creating Events--------
[2019-04-21 10:40:06,598]INFO:No events to create in this period
[2019-04-21 10:40:06,598]INFO:########Scanning Period Ends########
[2019-04-21 10:50:04,963]INFO:########Scanning Period Starts########
[2019-04-21 10:50:04,963]INFO:--------Reading Emails--------
[2019-04-21 10:50:05,864]INFO:Successfully fetched 0 emails
[2019-04-21 10:50:05,868]INFO:0 appointment(s) scraped from 0 email(s) in this period
[2019-04-21 10:50:05,869]INFO:--------Creating Events--------
[2019-04-21 10:50:05,869]INFO:No events to create in this period
[2019-04-21 10:50:05,870]INFO:########Scanning Period Ends########
[2019-04-21 11:00:05,238]INFO:########Scanning Period Starts########
[2019-04-21 11:00:05,239]INFO:--------Reading Emails--------
[2019-04-21 11:00:06,330]INFO:Successfully fetched 0 emails
[2019-04-21 11:00:06,333]INFO:0 appointment(s) scraped from 0 email(s) in this period
[2019-04-21 11:00:06,334]INFO:--------Creating Events--------
[2019-04-21 11:00:06,335]INFO:No events to create in this period
[2019-04-21 11:00:06,335]INFO:########Scanning Period Ends########
[2019-04-21 11:10:05,683]INFO:########Scanning Period Starts########
[2019-04-21 11:10:05,684]INFO:--------Reading Emails--------
[2019-04-21 11:10:06,718]INFO:Successfully fetched 0 emails
[2019-04-21 11:10:06,721]INFO:0 appointment(s) scraped from 0 email(s) in this period
[2019-04-21 11:10:06,722]INFO:--------Creating Events--------
[2019-04-21 11:10:06,723]INFO:No events to create in this period
[2019-04-21 11:10:06,723]INFO:########Scanning Period Ends########
[2019-04-21 11:20:05,099]INFO:########Scanning Period Starts########
[2019-04-21 11:20:05,100]INFO:--------Reading Emails--------
[2019-04-21 11:20:06,458]INFO:Successfully fetched 0 emails
[2019-04-21 11:20:06,461]INFO:0 appointment(s) scraped from 0 email(s) in this period
[2019-04-21 11:20:06,462]INFO:--------Creating Events--------
[2019-04-21 11:20:06,463]INFO:No events to create in this period
[2019-04-21 11:20:06,463]INFO:########Scanning Period Ends########
[2019-04-21 11:30:05,836]INFO:########Scanning Period Starts########
[2019-04-21 11:30:05,837]INFO:--------Reading Emails--------
[2019-04-21 11:30:07,233]INFO:Successfully fetched 0 emails
[2019-04-21 11:30:07,242]INFO:0 appointment(s) scraped from 0 email(s) in this period
[2019-04-21 11:30:07,243]INFO:--------Creating Events--------
[2019-04-21 11:30:07,244]INFO:No events to create in this period
[2019-04-21 11:30:07,244]INFO:########Scanning Period Ends########
[2019-04-21 11:40:05,617]INFO:########Scanning Period Starts########
[2019-04-21 11:40:05,617]INFO:--------Reading Emails--------
[2019-04-21 11:40:06,792]INFO:Successfully fetched 0 emails
[2019-04-21 11:40:06,805]INFO:0 appointment(s) scraped from 0 email(s) in this period
[2019-04-21 11:40:06,807]INFO:--------Creating Events--------
[2019-04-21 11:40:06,807]INFO:No events to create in this period
[2019-04-21 11:40:06,808]INFO:########Scanning Period Ends########
[2019-04-21 11:50:05,137]INFO:########Scanning Period Starts########
[2019-04-21 11:50:05,138]INFO:--------Reading Emails--------
[2019-04-21 11:50:06,806]INFO:Successfully fetched 0 emails
[2019-04-21 11:50:06,809]INFO:0 appointment(s) scraped from 0 email(s) in this period
[2019-04-21 11:50:06,810]INFO:--------Creating Events--------
[2019-04-21 11:50:06,811]INFO:No events to create in this period
[2019-04-21 11:50:06,811]INFO:########Scanning Period Ends########
[2019-04-21 12:00:05,174]INFO:########Scanning Period Starts########
[2019-04-21 12:00:05,174]INFO:--------Reading Emails--------
[2019-04-21 12:00:06,380]INFO:Successfully fetched 0 emails
[2019-04-21 12:00:06,389]INFO:0 appointment(s) scraped from 0 email(s) in this period
[2019-04-21 12:00:06,390]INFO:--------Creating Events--------
[2019-04-21 12:00:06,390]INFO:No events to create in this period
[2019-04-21 12:00:06,391]INFO:########Scanning Period Ends########
[2019-04-21 12:10:05,715]INFO:########Scanning Period Starts########
[2019-04-21 12:10:05,715]INFO:--------Reading Emails--------
[2019-04-21 12:10:07,501]INFO:Successfully fetched 0 emails
[2019-04-21 12:10:07,505]INFO:0 appointment(s) scraped from 0 email(s) in this period
[2019-04-21 12:10:07,514]INFO:--------Creating Events--------
[2019-04-21 12:10:07,515]INFO:No events to create in this period
[2019-04-21 12:10:07,516]INFO:########Scanning Period Ends########
[2019-04-21 12:20:04,974]INFO:########Scanning Period Starts########
[2019-04-21 12:20:04,976]INFO:--------Reading Emails--------
[2019-04-21 12:20:06,355]INFO:Successfully fetched 0 emails
[2019-04-21 12:20:06,368]INFO:0 appointment(s) scraped from 0 email(s) in this period
[2019-04-21 12:20:06,369]INFO:--------Creating Events--------
[2019-04-21 12:20:06,370]INFO:No events to create in this period
[2019-04-21 12:20:06,371]INFO:########Scanning Period Ends########
[2019-04-21 12:30:05,772]INFO:########Scanning Period Starts########
[2019-04-21 12:30:05,773]INFO:--------Reading Emails--------
[2019-04-21 12:30:06,792]INFO:Successfully fetched 0 emails
[2019-04-21 12:30:06,796]INFO:0 appointment(s) scraped from 0 email(s) in this period
[2019-04-21 12:30:06,797]INFO:--------Creating Events--------
[2019-04-21 12:30:06,797]INFO:No events to create in this period
[2019-04-21 12:30:06,798]INFO:########Scanning Period Ends########
[2019-04-21 12:40:05,153]INFO:########Scanning Period Starts########
[2019-04-21 12:40:05,153]INFO:--------Reading Emails--------
[2019-04-21 12:40:07,711]INFO:Successfully fetched 0 emails
[2019-04-21 12:40:07,714]INFO:0 appointment(s) scraped from 0 email(s) in this period
[2019-04-21 12:40:07,715]INFO:--------Creating Events--------
[2019-04-21 12:40:07,716]INFO:No events to create in this period
[2019-04-21 12:40:07,716]INFO:########Scanning Period Ends########
[2019-04-21 12:50:05,048]INFO:########Scanning Period Starts########
[2019-04-21 12:50:05,049]INFO:--------Reading Emails--------
[2019-04-21 12:50:05,912]INFO:Successfully fetched 0 emails
[2019-04-21 12:50:05,916]INFO:0 appointment(s) scraped from 0 email(s) in this period
[2019-04-21 12:50:05,916]INFO:--------Creating Events--------
[2019-04-21 12:50:05,917]INFO:No events to create in this period
[2019-04-21 12:50:05,917]INFO:########Scanning Period Ends########
[2019-04-21 13:00:05,340]INFO:########Scanning Period Starts########
[2019-04-21 13:00:05,341]INFO:--------Reading Emails--------
[2019-04-21 13:00:06,436]INFO:Successfully fetched 0 emails
[2019-04-21 13:00:06,440]INFO:0 appointment(s) scraped from 0 email(s) in this period
[2019-04-21 13:00:06,441]INFO:--------Creating Events--------
[2019-04-21 13:00:06,442]INFO:No events to create in this period
[2019-04-21 13:00:06,442]INFO:########Scanning Period Ends########
[2019-04-21 13:10:05,819]INFO:########Scanning Period Starts########
[2019-04-21 13:10:05,820]INFO:--------Reading Emails--------
[2019-04-21 13:10:06,857]INFO:Successfully fetched 0 emails
[2019-04-21 13:10:06,861]INFO:0 appointment(s) scraped from 0 email(s) in this period
[2019-04-21 13:10:06,862]INFO:--------Creating Events--------
[2019-04-21 13:10:06,862]INFO:No events to create in this period
[2019-04-21 13:10:06,863]INFO:########Scanning Period Ends########
[2019-04-21 13:20:05,263]INFO:########Scanning Period Starts########
[2019-04-21 13:20:05,263]INFO:--------Reading Emails--------
[2019-04-21 13:20:06,423]INFO:Successfully fetched 0 emails
[2019-04-21 13:20:06,426]INFO:0 appointment(s) scraped from 0 email(s) in this period
[2019-04-21 13:20:06,436]INFO:--------Creating Events--------
[2019-04-21 13:20:06,437]INFO:No events to create in this period
[2019-04-21 13:20:06,438]INFO:########Scanning Period Ends########
[2019-04-21 13:30:05,769]INFO:########Scanning Period Starts########
[2019-04-21 13:30:05,769]INFO:--------Reading Emails--------
[2019-04-21 13:30:06,794]INFO:Successfully fetched 0 emails
[2019-04-21 13:30:06,797]INFO:0 appointment(s) scraped from 0 email(s) in this period
[2019-04-21 13:30:06,798]INFO:--------Creating Events--------
[2019-04-21 13:30:06,798]INFO:No events to create in this period
[2019-04-21 13:30:06,799]INFO:########Scanning Period Ends########
[2019-04-21 13:40:05,162]INFO:########Scanning Period Starts########
[2019-04-21 13:40:05,163]INFO:--------Reading Emails--------
[2019-04-21 13:40:06,021]INFO:Successfully fetched 0 emails
[2019-04-21 13:40:06,024]INFO:0 appointment(s) scraped from 0 email(s) in this period
[2019-04-21 13:40:06,025]INFO:--------Creating Events--------
[2019-04-21 13:40:06,026]INFO:No events to create in this period
[2019-04-21 13:40:06,026]INFO:########Scanning Period Ends########
[2019-04-21 13:50:05,380]INFO:########Scanning Period Starts########
[2019-04-21 13:50:05,380]INFO:--------Reading Emails--------
[2019-04-21 13:50:06,442]INFO:Successfully fetched 0 emails
[2019-04-21 13:50:06,445]INFO:0 appointment(s) scraped from 0 email(s) in this period
[2019-04-21 13:50:06,446]INFO:--------Creating Events--------
[2019-04-21 13:50:06,447]INFO:No events to create in this period
[2019-04-21 13:50:06,447]INFO:########Scanning Period Ends########
[2019-04-21 14:00:05,807]INFO:########Scanning Period Starts########
[2019-04-21 14:00:05,808]INFO:--------Reading Emails--------
[2019-04-21 14:00:06,784]INFO:Successfully fetched 0 emails
[2019-04-21 14:00:06,788]INFO:0 appointment(s) scraped from 0 email(s) in this period
[2019-04-21 14:00:06,788]INFO:--------Creating Events--------
[2019-04-21 14:00:06,789]INFO:No events to create in this period
[2019-04-21 14:00:06,790]INFO:########Scanning Period Ends########
[2019-04-21 14:10:05,157]INFO:########Scanning Period Starts########
[2019-04-21 14:10:05,157]INFO:--------Reading Emails--------
[2019-04-21 14:10:05,968]INFO:Successfully fetched 0 emails
[2019-04-21 14:10:05,971]INFO:0 appointment(s) scraped from 0 email(s) in this period
[2019-04-21 14:10:05,972]INFO:--------Creating Events--------
[2019-04-21 14:10:05,973]INFO:No events to create in this period
[2019-04-21 14:10:05,973]INFO:########Scanning Period Ends########
[2019-04-21 14:20:05,410]INFO:########Scanning Period Starts########
[2019-04-21 14:20:05,411]INFO:--------Reading Emails--------
[2019-04-21 14:20:06,470]INFO:Successfully fetched 0 emails
[2019-04-21 14:20:06,474]INFO:0 appointment(s) scraped from 0 email(s) in this period
[2019-04-21 14:20:06,475]INFO:--------Creating Events--------
[2019-04-21 14:20:06,475]INFO:No events to create in this period
[2019-04-21 14:20:06,476]INFO:########Scanning Period Ends########
[2019-04-21 14:30:05,810]INFO:########Scanning Period Starts########
[2019-04-21 14:30:05,811]INFO:--------Reading Emails--------
[2019-04-21 14:30:06,861]INFO:Successfully fetched 0 emails
[2019-04-21 14:30:06,865]INFO:0 appointment(s) scraped from 0 email(s) in this period
[2019-04-21 14:30:06,866]INFO:--------Creating Events--------
[2019-04-21 14:30:06,866]INFO:No events to create in this period
[2019-04-21 14:30:06,867]INFO:########Scanning Period Ends########
[2019-04-21 14:40:05,214]INFO:########Scanning Period Starts########
[2019-04-21 14:40:05,216]INFO:--------Reading Emails--------
[2019-04-21 14:40:06,246]INFO:Successfully fetched 0 emails
[2019-04-21 14:40:06,250]INFO:0 appointment(s) scraped from 0 email(s) in this period
[2019-04-21 14:40:06,251]INFO:--------Creating Events--------
[2019-04-21 14:40:06,252]INFO:No events to create in this period
[2019-04-21 14:40:06,252]INFO:########Scanning Period Ends########
[2019-04-21 14:50:05,117]INFO:########Scanning Period Starts########
[2019-04-21 14:50:05,117]INFO:--------Reading Emails--------
[2019-04-21 14:50:05,910]INFO:Successfully fetched 0 emails
[2019-04-21 14:50:05,914]INFO:0 appointment(s) scraped from 0 email(s) in this period
[2019-04-21 14:50:05,915]INFO:--------Creating Events--------
[2019-04-21 14:50:05,915]INFO:No events to create in this period
[2019-04-21 14:50:05,916]INFO:########Scanning Period Ends########
[2019-04-21 15:00:05,252]INFO:########Scanning Period Starts########
[2019-04-21 15:00:05,252]INFO:--------Reading Emails--------
[2019-04-21 15:00:06,250]INFO:Successfully fetched 0 emails
[2019-04-21 15:00:06,254]INFO:0 appointment(s) scraped from 0 email(s) in this period
[2019-04-21 15:00:06,255]INFO:--------Creating Events--------
[2019-04-21 15:00:06,255]INFO:No events to create in this period
[2019-04-21 15:00:06,256]INFO:########Scanning Period Ends########
[2019-04-21 15:10:05,583]INFO:########Scanning Period Starts########
[2019-04-21 15:10:05,583]INFO:--------Reading Emails--------
[2019-04-21 15:10:06,605]INFO:Successfully fetched 0 emails
[2019-04-21 15:10:06,608]INFO:0 appointment(s) scraped from 0 email(s) in this period
[2019-04-21 15:10:06,609]INFO:--------Creating Events--------
[2019-04-21 15:10:06,610]INFO:No events to create in this period
[2019-04-21 15:10:06,610]INFO:########Scanning Period Ends########
[2019-04-21 15:20:05,061]INFO:########Scanning Period Starts########
[2019-04-21 15:20:05,062]INFO:--------Reading Emails--------
[2019-04-21 15:20:05,898]INFO:Successfully fetched 0 emails
[2019-04-21 15:20:05,902]INFO:0 appointment(s) scraped from 0 email(s) in this period
[2019-04-21 15:20:05,903]INFO:--------Creating Events--------
[2019-04-21 15:20:05,903]INFO:No events to create in this period
[2019-04-21 15:20:05,904]INFO:########Scanning Period Ends########
[2019-04-21 15:30:05,276]INFO:########Scanning Period Starts########
[2019-04-21 15:30:05,277]INFO:--------Reading Emails--------
[2019-04-21 15:30:06,240]INFO:Successfully fetched 0 emails
[2019-04-21 15:30:06,244]INFO:0 appointment(s) scraped from 0 email(s) in this period
[2019-04-21 15:30:06,244]INFO:--------Creating Events--------
[2019-04-21 15:30:06,245]INFO:No events to create in this period
[2019-04-21 15:30:06,246]INFO:########Scanning Period Ends########
[2019-04-21 15:40:05,574]INFO:########Scanning Period Starts########
[2019-04-21 15:40:05,575]INFO:--------Reading Emails--------
[2019-04-21 15:40:06,693]INFO:Successfully fetched 0 emails
[2019-04-21 15:40:06,696]INFO:0 appointment(s) scraped from 0 email(s) in this period
[2019-04-21 15:40:06,697]INFO:--------Creating Events--------
[2019-04-21 15:40:06,698]INFO:No events to create in this period
[2019-04-21 15:40:06,698]INFO:########Scanning Period Ends########
[2019-04-21 15:50:05,038]INFO:########Scanning Period Starts########
[2019-04-21 15:50:05,039]INFO:--------Reading Emails--------
[2019-04-21 15:50:05,944]INFO:Successfully fetched 0 emails
[2019-04-21 15:50:05,947]INFO:0 appointment(s) scraped from 0 email(s) in this period
[2019-04-21 15:50:05,948]INFO:--------Creating Events--------
[2019-04-21 15:50:05,949]INFO:No events to create in this period
[2019-04-21 15:50:05,949]INFO:########Scanning Period Ends########
[2019-04-21 16:00:05,291]INFO:########Scanning Period Starts########
[2019-04-21 16:00:05,292]INFO:--------Reading Emails--------
[2019-04-21 16:00:06,504]INFO:Successfully fetched 0 emails
[2019-04-21 16:00:06,508]INFO:0 appointment(s) scraped from 0 email(s) in this period
[2019-04-21 16:00:06,517]INFO:--------Creating Events--------
[2019-04-21 16:00:06,518]INFO:No events to create in this period
[2019-04-21 16:00:06,519]INFO:########Scanning Period Ends########
[2019-04-21 16:10:04,919]INFO:########Scanning Period Starts########
[2019-04-21 16:10:04,919]INFO:--------Reading Emails--------
[2019-04-21 16:10:05,885]INFO:Successfully fetched 0 emails
[2019-04-21 16:10:05,888]INFO:0 appointment(s) scraped from 0 email(s) in this period
[2019-04-21 16:10:05,889]INFO:--------Creating Events--------
[2019-04-21 16:10:05,889]INFO:No events to create in this period
[2019-04-21 16:10:05,890]INFO:########Scanning Period Ends########
[2019-04-21 16:20:05,296]INFO:########Scanning Period Starts########
[2019-04-21 16:20:05,296]INFO:--------Reading Emails--------
[2019-04-21 16:20:06,438]INFO:Successfully fetched 0 emails
[2019-04-21 16:20:06,441]INFO:0 appointment(s) scraped from 0 email(s) in this period
[2019-04-21 16:20:06,442]INFO:--------Creating Events--------
[2019-04-21 16:20:06,443]INFO:No events to create in this period
[2019-04-21 16:20:06,443]INFO:########Scanning Period Ends########
[2019-04-21 16:30:05,829]INFO:########Scanning Period Starts########
[2019-04-21 16:30:05,830]INFO:--------Reading Emails--------
[2019-04-21 16:30:06,885]INFO:Successfully fetched 0 emails
[2019-04-21 16:30:06,888]INFO:0 appointment(s) scraped from 0 email(s) in this period
[2019-04-21 16:30:06,889]INFO:--------Creating Events--------
[2019-04-21 16:30:06,889]INFO:No events to create in this period
[2019-04-21 16:30:06,890]INFO:########Scanning Period Ends########
[2019-04-21 16:40:05,251]INFO:########Scanning Period Starts########
[2019-04-21 16:40:05,252]INFO:--------Reading Emails--------
[2019-04-21 16:40:06,351]INFO:Successfully fetched 0 emails
[2019-04-21 16:40:06,354]INFO:0 appointment(s) scraped from 0 email(s) in this period
[2019-04-21 16:40:06,355]INFO:--------Creating Events--------
[2019-04-21 16:40:06,356]INFO:No events to create in this period
[2019-04-21 16:40:06,356]INFO:########Scanning Period Ends########
[2019-04-21 16:50:05,704]INFO:########Scanning Period Starts########
[2019-04-21 16:50:05,704]INFO:--------Reading Emails--------
[2019-04-21 16:50:06,971]INFO:Successfully fetched 0 emails
[2019-04-21 16:50:06,975]INFO:0 appointment(s) scraped from 0 email(s) in this period
[2019-04-21 16:50:06,984]INFO:--------Creating Events--------
[2019-04-21 16:50:06,985]INFO:No events to create in this period
[2019-04-21 16:50:06,986]INFO:########Scanning Period Ends########
[2019-04-21 17:00:05,308]INFO:########Scanning Period Starts########
[2019-04-21 17:00:05,309]INFO:--------Reading Emails--------
[2019-04-21 17:00:08,940]INFO:Successfully fetched 0 emails
[2019-04-21 17:00:08,944]INFO:0 appointment(s) scraped from 0 email(s) in this period
[2019-04-21 17:00:08,945]INFO:--------Creating Events--------
[2019-04-21 17:00:08,945]INFO:No events to create in this period
[2019-04-21 17:00:08,946]INFO:########Scanning Period Ends########
[2019-04-21 17:10:05,297]INFO:########Scanning Period Starts########
[2019-04-21 17:10:05,298]INFO:--------Reading Emails--------
[2019-04-21 17:10:07,329]INFO:Successfully fetched 0 emails
[2019-04-21 17:10:07,333]INFO:0 appointment(s) scraped from 0 email(s) in this period
[2019-04-21 17:10:07,334]INFO:--------Creating Events--------
[2019-04-21 17:10:07,334]INFO:No events to create in this period
[2019-04-21 17:10:07,335]INFO:########Scanning Period Ends########
[2019-04-21 17:20:05,743]INFO:########Scanning Period Starts########
[2019-04-21 17:20:05,744]INFO:--------Reading Emails--------
[2019-04-21 17:20:07,263]INFO:Successfully fetched 0 emails
[2019-04-21 17:20:07,266]INFO:0 appointment(s) scraped from 0 email(s) in this period
[2019-04-21 17:20:07,276]INFO:--------Creating Events--------
[2019-04-21 17:20:07,277]INFO:No events to create in this period
[2019-04-21 17:20:07,277]INFO:########Scanning Period Ends########
[2019-04-21 17:30:05,630]INFO:########Scanning Period Starts########
[2019-04-21 17:30:05,631]INFO:--------Reading Emails--------
[2019-04-21 17:30:06,980]INFO:Successfully fetched 0 emails
[2019-04-21 17:30:06,984]INFO:0 appointment(s) scraped from 0 email(s) in this period
[2019-04-21 17:30:06,989]INFO:--------Creating Events--------
[2019-04-21 17:30:06,990]INFO:No events to create in this period
[2019-04-21 17:30:06,991]INFO:########Scanning Period Ends########
[2019-04-21 17:40:05,314]INFO:########Scanning Period Starts########
[2019-04-21 17:40:05,315]INFO:--------Reading Emails--------
[2019-04-21 17:40:12,922]INFO:Successfully fetched 0 emails
[2019-04-21 17:40:12,925]INFO:0 appointment(s) scraped from 0 email(s) in this period
[2019-04-21 17:40:12,926]INFO:--------Creating Events--------
[2019-04-21 17:40:12,927]INFO:No events to create in this period
[2019-04-21 17:40:12,928]INFO:########Scanning Period Ends########
[2019-04-21 17:50:05,245]INFO:########Scanning Period Starts########
[2019-04-21 17:50:05,246]INFO:--------Reading Emails--------
[2019-04-21 17:50:06,188]INFO:Successfully fetched 0 emails
[2019-04-21 17:50:06,191]INFO:0 appointment(s) scraped from 0 email(s) in this period
[2019-04-21 17:50:06,192]INFO:--------Creating Events--------
[2019-04-21 17:50:06,192]INFO:No events to create in this period
[2019-04-21 17:50:06,193]INFO:########Scanning Period Ends########
[2019-04-21 18:00:05,488]INFO:########Scanning Period Starts########
[2019-04-21 18:00:05,488]INFO:--------Reading Emails--------
[2019-04-21 18:00:08,727]INFO:Successfully fetched 0 emails
[2019-04-21 18:00:08,731]INFO:0 appointment(s) scraped from 0 email(s) in this period
[2019-04-21 18:00:08,732]INFO:--------Creating Events--------
[2019-04-21 18:00:08,732]INFO:No events to create in this period
[2019-04-21 18:00:08,733]INFO:########Scanning Period Ends########
[2019-04-21 18:10:05,079]INFO:########Scanning Period Starts########
[2019-04-21 18:10:05,079]INFO:--------Reading Emails--------
[2019-04-21 18:10:09,127]INFO:Successfully fetched 0 emails
[2019-04-21 18:10:09,131]INFO:0 appointment(s) scraped from 0 email(s) in this period
[2019-04-21 18:10:09,132]INFO:--------Creating Events--------
[2019-04-21 18:10:09,132]INFO:No events to create in this period
[2019-04-21 18:10:09,133]INFO:########Scanning Period Ends########
[2019-04-21 18:20:05,530]INFO:########Scanning Period Starts########
[2019-04-21 18:20:05,530]INFO:--------Reading Emails--------
[2019-04-21 18:20:06,511]INFO:Successfully fetched 0 emails
[2019-04-21 18:20:06,514]INFO:0 appointment(s) scraped from 0 email(s) in this period
[2019-04-21 18:20:06,515]INFO:--------Creating Events--------
[2019-04-21 18:20:06,516]INFO:No events to create in this period
[2019-04-21 18:20:06,516]INFO:########Scanning Period Ends########
[2019-04-21 18:30:04,890]INFO:########Scanning Period Starts########
[2019-04-21 18:30:04,891]INFO:--------Reading Emails--------
[2019-04-21 18:30:06,338]INFO:Successfully fetched 0 emails
[2019-04-21 18:30:06,345]INFO:0 appointment(s) scraped from 0 email(s) in this period
[2019-04-21 18:30:06,346]INFO:--------Creating Events--------
[2019-04-21 18:30:06,346]INFO:No events to create in this period
[2019-04-21 18:30:06,347]INFO:########Scanning Period Ends########
[2019-04-21 18:40:05,701]INFO:########Scanning Period Starts########
[2019-04-21 18:40:05,701]INFO:--------Reading Emails--------
[2019-04-21 18:40:07,533]INFO:Successfully fetched 0 emails
[2019-04-21 18:40:07,542]INFO:0 appointment(s) scraped from 0 email(s) in this period
[2019-04-21 18:40:07,543]INFO:--------Creating Events--------
[2019-04-21 18:40:07,544]INFO:No events to create in this period
[2019-04-21 18:40:07,544]INFO:########Scanning Period Ends########
[2019-04-21 18:50:04,921]INFO:########Scanning Period Starts########
[2019-04-21 18:50:04,922]INFO:--------Reading Emails--------
[2019-04-21 18:50:05,860]INFO:Successfully fetched 0 emails
[2019-04-21 18:50:05,863]INFO:0 appointment(s) scraped from 0 email(s) in this period
[2019-04-21 18:50:05,864]INFO:--------Creating Events--------
[2019-04-21 18:50:05,865]INFO:No events to create in this period
[2019-04-21 18:50:05,866]INFO:########Scanning Period Ends########
[2019-04-21 19:00:05,184]INFO:########Scanning Period Starts########
[2019-04-21 19:00:05,184]INFO:--------Reading Emails--------
[2019-04-21 19:00:06,139]INFO:Successfully fetched 0 emails
[2019-04-21 19:00:06,142]INFO:0 appointment(s) scraped from 0 email(s) in this period
[2019-04-21 19:00:06,143]INFO:--------Creating Events--------
[2019-04-21 19:00:06,144]INFO:No events to create in this period
[2019-04-21 19:00:06,144]INFO:########Scanning Period Ends########
[2019-04-21 19:10:05,429]INFO:########Scanning Period Starts########
[2019-04-21 19:10:05,430]INFO:--------Reading Emails--------
[2019-04-21 19:10:06,512]INFO:Successfully fetched 0 emails
[2019-04-21 19:10:06,515]INFO:0 appointment(s) scraped from 0 email(s) in this period
[2019-04-21 19:10:06,516]INFO:--------Creating Events--------
[2019-04-21 19:10:06,517]INFO:No events to create in this period
[2019-04-21 19:10:06,517]INFO:########Scanning Period Ends########
[2019-04-21 19:20:04,965]INFO:########Scanning Period Starts########
[2019-04-21 19:20:04,966]INFO:--------Reading Emails--------
[2019-04-21 19:20:05,890]INFO:Successfully fetched 0 emails
[2019-04-21 19:20:05,893]INFO:0 appointment(s) scraped from 0 email(s) in this period
[2019-04-21 19:20:05,894]INFO:--------Creating Events--------
[2019-04-21 19:20:05,895]INFO:No events to create in this period
[2019-04-21 19:20:05,895]INFO:########Scanning Period Ends########
[2019-04-21 19:30:05,292]INFO:########Scanning Period Starts########
[2019-04-21 19:30:05,293]INFO:--------Reading Emails--------
[2019-04-21 19:30:06,666]INFO:Successfully fetched 0 emails
[2019-04-21 19:30:06,675]INFO:0 appointment(s) scraped from 0 email(s) in this period
[2019-04-21 19:30:06,676]INFO:--------Creating Events--------
[2019-04-21 19:30:06,677]INFO:No events to create in this period
[2019-04-21 19:30:06,677]INFO:########Scanning Period Ends########
[2019-04-21 19:40:05,075]INFO:########Scanning Period Starts########
[2019-04-21 19:40:05,076]INFO:--------Reading Emails--------
[2019-04-21 19:40:06,371]INFO:Successfully fetched 0 emails
[2019-04-21 19:40:06,384]INFO:0 appointment(s) scraped from 0 email(s) in this period
[2019-04-21 19:40:06,385]INFO:--------Creating Events--------
[2019-04-21 19:40:06,386]INFO:No events to create in this period
[2019-04-21 19:40:06,387]INFO:########Scanning Period Ends########
[2019-04-21 19:50:05,706]INFO:########Scanning Period Starts########
[2019-04-21 19:50:05,707]INFO:--------Reading Emails--------
[2019-04-21 19:50:06,736]INFO:Successfully fetched 0 emails
[2019-04-21 19:50:06,740]INFO:0 appointment(s) scraped from 0 email(s) in this period
[2019-04-21 19:50:06,741]INFO:--------Creating Events--------
[2019-04-21 19:50:06,741]INFO:No events to create in this period
[2019-04-21 19:50:06,742]INFO:########Scanning Period Ends########
[2019-04-21 20:00:05,093]INFO:########Scanning Period Starts########
[2019-04-21 20:00:05,094]INFO:--------Reading Emails--------
[2019-04-21 20:00:06,817]INFO:Successfully fetched 0 emails
[2019-04-21 20:00:06,821]INFO:0 appointment(s) scraped from 0 email(s) in this period
[2019-04-21 20:00:06,826]INFO:--------Creating Events--------
[2019-04-21 20:00:06,827]INFO:No events to create in this period
[2019-04-21 20:00:06,827]INFO:########Scanning Period Ends########
[2019-04-21 20:10:05,174]INFO:########Scanning Period Starts########
[2019-04-21 20:10:05,175]INFO:--------Reading Emails--------
[2019-04-21 20:10:06,184]INFO:Successfully fetched 0 emails
[2019-04-21 20:10:06,188]INFO:0 appointment(s) scraped from 0 email(s) in this period
[2019-04-21 20:10:06,188]INFO:--------Creating Events--------
[2019-04-21 20:10:06,189]INFO:No events to create in this period
[2019-04-21 20:10:06,190]INFO:########Scanning Period Ends########
[2019-04-21 20:20:05,615]INFO:########Scanning Period Starts########
[2019-04-21 20:20:05,616]INFO:--------Reading Emails--------
[2019-04-21 20:20:06,727]INFO:Successfully fetched 0 emails
[2019-04-21 20:20:06,730]INFO:0 appointment(s) scraped from 0 email(s) in this period
[2019-04-21 20:20:06,731]INFO:--------Creating Events--------
[2019-04-21 20:20:06,732]INFO:No events to create in this period
[2019-04-21 20:20:06,732]INFO:########Scanning Period Ends########
[2019-04-21 20:30:05,086]INFO:########Scanning Period Starts########
[2019-04-21 20:30:05,086]INFO:--------Reading Emails--------
[2019-04-21 20:30:06,462]INFO:Successfully fetched 1 emails
[2019-04-21 20:30:06,526]INFO:1 appointment(s) scraped from 1 email(s) in this period
[2019-04-21 20:30:06,527]INFO:--------Creating Events--------
[2019-04-21 20:30:06,542]INFO:URL being requested: GET https://www.googleapis.com/discovery/v1/apis/calendar/v3/rest
[2019-04-21 20:30:06,945]INFO:URL being requested: POST https://www.googleapis.com/calendar/v3/calendars/primary/events?alt=json
[2019-04-21 20:30:07,035]INFO:Refreshing due to a 401 (attempt 1/2)
[2019-04-21 20:30:07,037]INFO:Refreshing access_token
[2019-04-21 20:30:07,809]INFO:Event created for [Mateo Aguilar] for course [Calculus II] from [2019-04-25 13:30:00] to [2019-04-25 14:00:00]
[2019-04-21 20:30:07,810]INFO:########Scanning Period Ends########
[2019-04-21 20:40:05,149]INFO:########Scanning Period Starts########
[2019-04-21 20:40:05,150]INFO:--------Reading Emails--------
[2019-04-21 20:40:06,218]INFO:Successfully fetched 0 emails
[2019-04-21 20:40:06,221]INFO:0 appointment(s) scraped from 0 email(s) in this period
[2019-04-21 20:40:06,222]INFO:--------Creating Events--------
[2019-04-21 20:40:06,223]INFO:No events to create in this period
[2019-04-21 20:40:06,223]INFO:########Scanning Period Ends########
[2019-04-21 20:50:05,544]INFO:########Scanning Period Starts########
[2019-04-21 20:50:05,545]INFO:--------Reading Emails--------
[2019-04-21 20:50:06,648]INFO:Successfully fetched 0 emails
[2019-04-21 20:50:06,652]INFO:0 appointment(s) scraped from 0 email(s) in this period
[2019-04-21 20:50:06,652]INFO:--------Creating Events--------
[2019-04-21 20:50:06,653]INFO:No events to create in this period
[2019-04-21 20:50:06,654]INFO:########Scanning Period Ends########
[2019-04-21 21:00:04,956]INFO:########Scanning Period Starts########
[2019-04-21 21:00:04,957]INFO:--------Reading Emails--------
[2019-04-21 21:00:08,380]INFO:Successfully fetched 0 emails
[2019-04-21 21:00:08,385]INFO:0 appointment(s) scraped from 0 email(s) in this period
[2019-04-21 21:00:08,386]INFO:--------Creating Events--------
[2019-04-21 21:00:08,386]INFO:No events to create in this period
[2019-04-21 21:00:08,387]INFO:########Scanning Period Ends########
[2019-04-21 21:10:05,704]INFO:########Scanning Period Starts########
[2019-04-21 21:10:05,705]INFO:--------Reading Emails--------
[2019-04-21 21:10:06,674]INFO:Successfully fetched 0 emails
[2019-04-21 21:10:06,677]INFO:0 appointment(s) scraped from 0 email(s) in this period
[2019-04-21 21:10:06,678]INFO:--------Creating Events--------
[2019-04-21 21:10:06,679]INFO:No events to create in this period
[2019-04-21 21:10:06,679]INFO:########Scanning Period Ends########
[2019-04-21 21:20:05,063]INFO:########Scanning Period Starts########
[2019-04-21 21:20:05,064]INFO:--------Reading Emails--------
[2019-04-21 21:20:06,349]INFO:Successfully fetched 0 emails
[2019-04-21 21:20:06,353]INFO:0 appointment(s) scraped from 0 email(s) in this period
[2019-04-21 21:20:06,362]INFO:--------Creating Events--------
[2019-04-21 21:20:06,363]INFO:No events to create in this period
[2019-04-21 21:20:06,364]INFO:########Scanning Period Ends########
[2019-04-21 21:30:05,670]INFO:########Scanning Period Starts########
[2019-04-21 21:30:05,670]INFO:--------Reading Emails--------
[2019-04-21 21:30:06,823]INFO:Successfully fetched 0 emails
[2019-04-21 21:30:06,826]INFO:0 appointment(s) scraped from 0 email(s) in this period
[2019-04-21 21:30:06,827]INFO:--------Creating Events--------
[2019-04-21 21:30:06,828]INFO:No events to create in this period
[2019-04-21 21:30:06,829]INFO:########Scanning Period Ends########
[2019-04-21 21:40:05,138]INFO:########Scanning Period Starts########
[2019-04-21 21:40:05,139]INFO:--------Reading Emails--------
[2019-04-21 21:40:06,290]INFO:Successfully fetched 0 emails
[2019-04-21 21:40:06,293]INFO:0 appointment(s) scraped from 0 email(s) in this period
[2019-04-21 21:40:06,294]INFO:--------Creating Events--------
[2019-04-21 21:40:06,295]INFO:No events to create in this period
[2019-04-21 21:40:06,295]INFO:########Scanning Period Ends########
[2019-04-21 21:50:05,654]INFO:########Scanning Period Starts########
[2019-04-21 21:50:05,655]INFO:--------Reading Emails--------
[2019-04-21 21:50:06,774]INFO:Successfully fetched 0 emails
[2019-04-21 21:50:06,777]INFO:0 appointment(s) scraped from 0 email(s) in this period
[2019-04-21 21:50:06,778]INFO:--------Creating Events--------
[2019-04-21 21:50:06,779]INFO:No events to create in this period
[2019-04-21 21:50:06,779]INFO:########Scanning Period Ends########
[2019-04-21 22:00:05,174]INFO:########Scanning Period Starts########
[2019-04-21 22:00:05,175]INFO:--------Reading Emails--------
[2019-04-21 22:00:06,335]INFO:Successfully fetched 0 emails
[2019-04-21 22:00:06,339]INFO:0 appointment(s) scraped from 0 email(s) in this period
[2019-04-21 22:00:06,348]INFO:--------Creating Events--------
[2019-04-21 22:00:06,349]INFO:No events to create in this period
[2019-04-21 22:00:06,350]INFO:########Scanning Period Ends########
[2019-04-21 22:10:05,714]INFO:########Scanning Period Starts########
[2019-04-21 22:10:05,714]INFO:--------Reading Emails--------
[2019-04-21 22:10:07,452]INFO:Successfully fetched 0 emails
[2019-04-21 22:10:07,456]INFO:0 appointment(s) scraped from 0 email(s) in this period
[2019-04-21 22:10:07,461]INFO:--------Creating Events--------
[2019-04-21 22:10:07,462]INFO:No events to create in this period
[2019-04-21 22:10:07,462]INFO:########Scanning Period Ends########
[2019-04-21 22:20:04,924]INFO:########Scanning Period Starts########
[2019-04-21 22:20:04,925]INFO:--------Reading Emails--------
[2019-04-21 22:20:09,804]INFO:Successfully fetched 0 emails
[2019-04-21 22:20:09,807]INFO:0 appointment(s) scraped from 0 email(s) in this period
[2019-04-21 22:20:09,808]INFO:--------Creating Events--------
[2019-04-21 22:20:09,809]INFO:No events to create in this period
[2019-04-21 22:20:09,809]INFO:########Scanning Period Ends########
[2019-04-21 22:30:05,222]INFO:########Scanning Period Starts########
[2019-04-21 22:30:05,223]INFO:--------Reading Emails--------
[2019-04-21 22:30:06,783]INFO:Successfully fetched 0 emails
[2019-04-21 22:30:06,787]INFO:0 appointment(s) scraped from 0 email(s) in this period
[2019-04-21 22:30:06,792]INFO:--------Creating Events--------
[2019-04-21 22:30:06,793]INFO:No events to create in this period
[2019-04-21 22:30:06,794]INFO:########Scanning Period Ends########
[2019-04-21 22:40:05,134]INFO:########Scanning Period Starts########
[2019-04-21 22:40:05,134]INFO:--------Reading Emails--------
[2019-04-21 22:40:06,173]INFO:Successfully fetched 0 emails
[2019-04-21 22:40:06,176]INFO:0 appointment(s) scraped from 0 email(s) in this period
[2019-04-21 22:40:06,177]INFO:--------Creating Events--------
[2019-04-21 22:40:06,178]INFO:No events to create in this period
[2019-04-21 22:40:06,178]INFO:########Scanning Period Ends########
[2019-04-21 22:50:05,532]INFO:########Scanning Period Starts########
[2019-04-21 22:50:05,533]INFO:--------Reading Emails--------
[2019-04-21 22:50:06,640]INFO:Successfully fetched 0 emails
[2019-04-21 22:50:06,643]INFO:0 appointment(s) scraped from 0 email(s) in this period
[2019-04-21 22:50:06,644]INFO:--------Creating Events--------
[2019-04-21 22:50:06,645]INFO:No events to create in this period
[2019-04-21 22:50:06,645]INFO:########Scanning Period Ends########
[2019-04-21 23:00:04,969]INFO:########Scanning Period Starts########
[2019-04-21 23:00:04,969]INFO:--------Reading Emails--------
[2019-04-21 23:00:06,325]INFO:Successfully fetched 0 emails
[2019-04-21 23:00:06,339]INFO:0 appointment(s) scraped from 0 email(s) in this period
[2019-04-21 23:00:06,340]INFO:--------Creating Events--------
[2019-04-21 23:00:06,341]INFO:No events to create in this period
[2019-04-21 23:00:06,341]INFO:########Scanning Period Ends########
[2019-04-21 23:10:05,650]INFO:########Scanning Period Starts########
[2019-04-21 23:10:05,650]INFO:--------Reading Emails--------
[2019-04-21 23:10:06,574]INFO:Successfully fetched 0 emails
[2019-04-21 23:10:06,578]INFO:0 appointment(s) scraped from 0 email(s) in this period
[2019-04-21 23:10:06,579]INFO:--------Creating Events--------
[2019-04-21 23:10:06,579]INFO:No events to create in this period
[2019-04-21 23:10:06,580]INFO:########Scanning Period Ends########
[2019-04-21 23:20:05,014]INFO:########Scanning Period Starts########
[2019-04-21 23:20:05,015]INFO:--------Reading Emails--------
[2019-04-21 23:20:05,866]INFO:Successfully fetched 0 emails
[2019-04-21 23:20:05,869]INFO:0 appointment(s) scraped from 0 email(s) in this period
[2019-04-21 23:20:05,870]INFO:--------Creating Events--------
[2019-04-21 23:20:05,870]INFO:No events to create in this period
[2019-04-21 23:20:05,871]INFO:########Scanning Period Ends########
[2019-04-21 23:30:05,215]INFO:########Scanning Period Starts########
[2019-04-21 23:30:05,216]INFO:--------Reading Emails--------
[2019-04-21 23:30:06,461]INFO:Successfully fetched 0 emails
[2019-04-21 23:30:06,464]INFO:0 appointment(s) scraped from 0 email(s) in this period
[2019-04-21 23:30:06,470]INFO:--------Creating Events--------
[2019-04-21 23:30:06,470]INFO:No events to create in this period
[2019-04-21 23:30:06,471]INFO:########Scanning Period Ends########
[2019-04-21 23:40:04,879]INFO:########Scanning Period Starts########
[2019-04-21 23:40:04,880]INFO:--------Reading Emails--------
[2019-04-21 23:40:06,097]INFO:Successfully fetched 0 emails
[2019-04-21 23:40:06,111]INFO:0 appointment(s) scraped from 0 email(s) in this period
[2019-04-21 23:40:06,112]INFO:--------Creating Events--------
[2019-04-21 23:40:06,113]INFO:No events to create in this period
[2019-04-21 23:40:06,113]INFO:########Scanning Period Ends########
[2019-04-21 23:50:05,446]INFO:########Scanning Period Starts########
[2019-04-21 23:50:05,447]INFO:--------Reading Emails--------
[2019-04-21 23:50:06,693]INFO:Successfully fetched 0 emails
[2019-04-21 23:50:06,696]INFO:0 appointment(s) scraped from 0 email(s) in this period
[2019-04-21 23:50:06,706]INFO:--------Creating Events--------
[2019-04-21 23:50:06,707]INFO:No events to create in this period
[2019-04-21 23:50:06,707]INFO:########Scanning Period Ends########
